{"/Users/matthill8286/WebstormProjects/Mind-Matter-App-main/app/_layout.tsx": {"path":"/Users/matthill8286/WebstormProjects/Mind-Matter-App-main/app/_layout.tsx","statementMap":{"0":{"start":{"line":8,"column":2},"end":{"line":27,"column":4}}},"fnMap":{"0":{"name":"RootLayout","decl":{"start":{"line":7,"column":24},"end":{"line":7,"column":34}},"loc":{"start":{"line":7,"column":37},"end":{"line":28,"column":1}},"line":7}},"branchMap":{},"s":{"0":0},"f":{"0":0},"b":{}}
,"/Users/matthill8286/WebstormProjects/Mind-Matter-App-main/app/index.tsx": {"path":"/Users/matthill8286/WebstormProjects/Mind-Matter-App-main/app/index.tsx","statementMap":{"0":{"start":{"line":9,"column":2},"end":{"line":40,"column":9}},"1":{"start":{"line":10,"column":4},"end":{"line":39,"column":9}},"2":{"start":{"line":11,"column":6},"end":{"line":38,"column":7}},"3":{"start":{"line":12,"column":31},"end":{"line":12,"column":79}},"4":{"start":{"line":13,"column":8},"end":{"line":13,"column":83}},"5":{"start":{"line":13,"column":29},"end":{"line":13,"column":83}},"6":{"start":{"line":15,"column":23},"end":{"line":15,"column":68}},"7":{"start":{"line":16,"column":8},"end":{"line":16,"column":62}},"8":{"start":{"line":16,"column":21},"end":{"line":16,"column":62}},"9":{"start":{"line":18,"column":23},"end":{"line":18,"column":73}},"10":{"start":{"line":19,"column":29},"end":{"line":19,"column":63}},"11":{"start":{"line":21,"column":8},"end":{"line":23,"column":9}},"12":{"start":{"line":22,"column":10},"end":{"line":22,"column":57}},"13":{"start":{"line":25,"column":27},"end":{"line":25,"column":70}},"14":{"start":{"line":26,"column":24},"end":{"line":26,"column":64}},"15":{"start":{"line":27,"column":31},"end":{"line":27,"column":78}},"16":{"start":{"line":29,"column":8},"end":{"line":29,"column":75}},"17":{"start":{"line":29,"column":25},"end":{"line":29,"column":75}},"18":{"start":{"line":30,"column":8},"end":{"line":30,"column":75}},"19":{"start":{"line":30,"column":22},"end":{"line":30,"column":75}},"20":{"start":{"line":31,"column":8},"end":{"line":31,"column":89}},"21":{"start":{"line":31,"column":29},"end":{"line":31,"column":89}},"22":{"start":{"line":33,"column":8},"end":{"line":33,"column":46}},"23":{"start":{"line":35,"column":8},"end":{"line":35,"column":43}},"24":{"start":{"line":37,"column":8},"end":{"line":37,"column":42}},"25":{"start":{"line":42,"column":2},"end":{"line":48,"column":9}},"26":{"start":{"line":43,"column":4},"end":{"line":47,"column":7}},"27":{"start":{"line":45,"column":34},"end":{"line":45,"column":57}},"28":{"start":{"line":50,"column":2},"end":{"line":54,"column":4}}},"fnMap":{"0":{"name":"Index","decl":{"start":{"line":8,"column":24},"end":{"line":8,"column":29}},"loc":{"start":{"line":8,"column":32},"end":{"line":55,"column":1}},"line":8},"1":{"name":"(anonymous_1)","decl":{"start":{"line":9,"column":12},"end":{"line":9,"column":13}},"loc":{"start":{"line":9,"column":18},"end":{"line":40,"column":3}},"line":9},"2":{"name":"(anonymous_2)","decl":{"start":{"line":10,"column":5},"end":{"line":10,"column":6}},"loc":{"start":{"line":10,"column":17},"end":{"line":39,"column":5}},"line":10},"3":{"name":"(anonymous_3)","decl":{"start":{"line":42,"column":12},"end":{"line":42,"column":13}},"loc":{"start":{"line":42,"column":18},"end":{"line":48,"column":3}},"line":42},"4":{"name":"(anonymous_4)","decl":{"start":{"line":45,"column":27},"end":{"line":45,"column":28}},"loc":{"start":{"line":45,"column":34},"end":{"line":45,"column":57}},"line":45}},"branchMap":{"0":{"loc":{"start":{"line":13,"column":8},"end":{"line":13,"column":83}},"type":"if","locations":[{"start":{"line":13,"column":8},"end":{"line":13,"column":83}},{"start":{},"end":{}}],"line":13},"1":{"loc":{"start":{"line":16,"column":8},"end":{"line":16,"column":62}},"type":"if","locations":[{"start":{"line":16,"column":8},"end":{"line":16,"column":62}},{"start":{},"end":{}}],"line":16},"2":{"loc":{"start":{"line":19,"column":29},"end":{"line":19,"column":63}},"type":"cond-expr","locations":[{"start":{"line":19,"column":38},"end":{"line":19,"column":56}},{"start":{"line":19,"column":59},"end":{"line":19,"column":63}}],"line":19},"3":{"loc":{"start":{"line":21,"column":8},"end":{"line":23,"column":9}},"type":"if","locations":[{"start":{"line":21,"column":8},"end":{"line":23,"column":9}},{"start":{},"end":{}}],"line":21},"4":{"loc":{"start":{"line":29,"column":8},"end":{"line":29,"column":75}},"type":"if","locations":[{"start":{"line":29,"column":8},"end":{"line":29,"column":75}},{"start":{},"end":{}}],"line":29},"5":{"loc":{"start":{"line":30,"column":8},"end":{"line":30,"column":75}},"type":"if","locations":[{"start":{"line":30,"column":8},"end":{"line":30,"column":75}},{"start":{},"end":{}}],"line":30},"6":{"loc":{"start":{"line":31,"column":8},"end":{"line":31,"column":89}},"type":"if","locations":[{"start":{"line":31,"column":8},"end":{"line":31,"column":89}},{"start":{},"end":{}}],"line":31}},"s":{"0":0,"1":0,"2":0,"3":0,"4":0,"5":0,"6":0,"7":0,"8":0,"9":0,"10":0,"11":0,"12":0,"13":0,"14":0,"15":0,"16":0,"17":0,"18":0,"19":0,"20":0,"21":0,"22":0,"23":0,"24":0,"25":0,"26":0,"27":0,"28":0},"f":{"0":0,"1":0,"2":0,"3":0,"4":0},"b":{"0":[0,0],"1":[0,0],"2":[0,0],"3":[0,0],"4":[0,0],"5":[0,0],"6":[0,0]}}
,"/Users/matthill8286/WebstormProjects/Mind-Matter-App-main/app/menu.tsx": {"path":"/Users/matthill8286/WebstormProjects/Mind-Matter-App-main/app/menu.tsx","statementMap":{"0":{"start":{"line":11,"column":26},"end":{"line":99,"column":1}},"1":{"start":{"line":102,"column":19},"end":{"line":102,"column":45}},"2":{"start":{"line":103,"column":20},"end":{"line":103,"column":32}},"3":{"start":{"line":104,"column":28},"end":{"line":104,"column":45}},"4":{"start":{"line":106,"column":19},"end":{"line":110,"column":9}},"5":{"start":{"line":107,"column":14},"end":{"line":107,"column":36}},"6":{"start":{"line":108,"column":4},"end":{"line":108,"column":25}},"7":{"start":{"line":108,"column":12},"end":{"line":108,"column":25}},"8":{"start":{"line":109,"column":4},"end":{"line":109,"column":87}},"9":{"start":{"line":109,"column":31},"end":{"line":109,"column":85}},"10":{"start":{"line":112,"column":2},"end":{"line":180,"column":4}},"11":{"start":{"line":117,"column":25},"end":{"line":117,"column":38}},"12":{"start":{"line":134,"column":29},"end":{"line":134,"column":34}},"13":{"start":{"line":137,"column":10},"end":{"line":176,"column":22}},"14":{"start":{"line":139,"column":14},"end":{"line":151,"column":15}},"15":{"start":{"line":140,"column":16},"end":{"line":149,"column":18}},"16":{"start":{"line":146,"column":56},"end":{"line":146,"column":92}},"17":{"start":{"line":150,"column":16},"end":{"line":150,"column":23}},"18":{"start":{"line":152,"column":14},"end":{"line":152,"column":28}},"19":{"start":{"line":154,"column":14},"end":{"line":154,"column":67}},"20":{"start":{"line":154,"column":31},"end":{"line":154,"column":60}}},"fnMap":{"0":{"name":"MenuModal","decl":{"start":{"line":101,"column":24},"end":{"line":101,"column":33}},"loc":{"start":{"line":101,"column":36},"end":{"line":181,"column":1}},"line":101},"1":{"name":"(anonymous_1)","decl":{"start":{"line":106,"column":27},"end":{"line":106,"column":28}},"loc":{"start":{"line":106,"column":33},"end":{"line":110,"column":3}},"line":106},"2":{"name":"(anonymous_2)","decl":{"start":{"line":109,"column":24},"end":{"line":109,"column":25}},"loc":{"start":{"line":109,"column":31},"end":{"line":109,"column":85}},"line":109},"3":{"name":"(anonymous_3)","decl":{"start":{"line":117,"column":19},"end":{"line":117,"column":20}},"loc":{"start":{"line":117,"column":25},"end":{"line":117,"column":38}},"line":117},"4":{"name":"(anonymous_4)","decl":{"start":{"line":134,"column":22},"end":{"line":134,"column":23}},"loc":{"start":{"line":134,"column":29},"end":{"line":134,"column":34}},"line":134},"5":{"name":"(anonymous_5)","decl":{"start":{"line":136,"column":20},"end":{"line":136,"column":21}},"loc":{"start":{"line":137,"column":10},"end":{"line":176,"column":22}},"line":137},"6":{"name":"(anonymous_6)","decl":{"start":{"line":138,"column":21},"end":{"line":138,"column":22}},"loc":{"start":{"line":138,"column":27},"end":{"line":155,"column":13}},"line":138},"7":{"name":"(anonymous_7)","decl":{"start":{"line":146,"column":50},"end":{"line":146,"column":51}},"loc":{"start":{"line":146,"column":56},"end":{"line":146,"column":92}},"line":146},"8":{"name":"(anonymous_8)","decl":{"start":{"line":154,"column":25},"end":{"line":154,"column":26}},"loc":{"start":{"line":154,"column":31},"end":{"line":154,"column":60}},"line":154}},"branchMap":{"0":{"loc":{"start":{"line":108,"column":4},"end":{"line":108,"column":25}},"type":"if","locations":[{"start":{"line":108,"column":4},"end":{"line":108,"column":25}},{"start":{},"end":{}}],"line":108},"1":{"loc":{"start":{"line":139,"column":14},"end":{"line":151,"column":15}},"type":"if","locations":[{"start":{"line":139,"column":14},"end":{"line":151,"column":15}},{"start":{},"end":{}}],"line":139},"2":{"loc":{"start":{"line":139,"column":18},"end":{"line":139,"column":50}},"type":"binary-expr","locations":[{"start":{"line":139,"column":18},"end":{"line":139,"column":32}},{"start":{"line":139,"column":36},"end":{"line":139,"column":50}}],"line":139},"3":{"loc":{"start":{"line":160,"column":23},"end":{"line":160,"column":65}},"type":"cond-expr","locations":[{"start":{"line":160,"column":58},"end":{"line":160,"column":61}},{"start":{"line":160,"column":64},"end":{"line":160,"column":65}}],"line":160},"4":{"loc":{"start":{"line":160,"column":23},"end":{"line":160,"column":55}},"type":"binary-expr","locations":[{"start":{"line":160,"column":23},"end":{"line":160,"column":37}},{"start":{"line":160,"column":41},"end":{"line":160,"column":55}}],"line":160},"5":{"loc":{"start":{"line":171,"column":15},"end":{"line":173,"column":15}},"type":"binary-expr","locations":[{"start":{"line":171,"column":15},"end":{"line":171,"column":29}},{"start":{"line":171,"column":33},"end":{"line":171,"column":47}},{"start":{"line":172,"column":16},"end":{"line":172,"column":73}}],"line":171}},"s":{"0":0,"1":0,"2":0,"3":0,"4":0,"5":0,"6":0,"7":0,"8":0,"9":0,"10":0,"11":0,"12":0,"13":0,"14":0,"15":0,"16":0,"17":0,"18":0,"19":0,"20":0},"f":{"0":0,"1":0,"2":0,"3":0,"4":0,"5":0,"6":0,"7":0,"8":0},"b":{"0":[0,0],"1":[0,0],"2":[0,0],"3":[0,0],"4":[0,0],"5":[0,0,0]}}
,"/Users/matthill8286/WebstormProjects/Mind-Matter-App-main/app/resources.tsx": {"path":"/Users/matthill8286/WebstormProjects/Mind-Matter-App-main/app/resources.tsx","statementMap":{"0":{"start":{"line":7,"column":2},"end":{"line":50,"column":4}},"1":{"start":{"line":19,"column":25},"end":{"line":19,"column":38}},"2":{"start":{"line":32,"column":10},"end":{"line":34,"column":11}},"3":{"start":{"line":43,"column":23},"end":{"line":43,"column":67}}},"fnMap":{"0":{"name":"Resources","decl":{"start":{"line":6,"column":24},"end":{"line":6,"column":33}},"loc":{"start":{"line":6,"column":36},"end":{"line":51,"column":1}},"line":6},"1":{"name":"(anonymous_1)","decl":{"start":{"line":19,"column":19},"end":{"line":19,"column":20}},"loc":{"start":{"line":19,"column":25},"end":{"line":19,"column":38}},"line":19},"2":{"name":"(anonymous_2)","decl":{"start":{"line":31,"column":17},"end":{"line":31,"column":18}},"loc":{"start":{"line":32,"column":10},"end":{"line":34,"column":11}},"line":32},"3":{"name":"(anonymous_3)","decl":{"start":{"line":43,"column":17},"end":{"line":43,"column":18}},"loc":{"start":{"line":43,"column":23},"end":{"line":43,"column":67}},"line":43}},"branchMap":{},"s":{"0":0,"1":0,"2":0,"3":0},"f":{"0":0,"1":0,"2":0,"3":0},"b":{}}
,"/Users/matthill8286/WebstormProjects/Mind-Matter-App-main/app/search.tsx": {"path":"/Users/matthill8286/WebstormProjects/Mind-Matter-App-main/app/search.tsx","statementMap":{"0":{"start":{"line":7,"column":20},"end":{"line":7,"column":32}},"1":{"start":{"line":9,"column":18},"end":{"line":13,"column":9}},"2":{"start":{"line":10,"column":14},"end":{"line":10,"column":36}},"3":{"start":{"line":11,"column":4},"end":{"line":11,"column":26}},"4":{"start":{"line":11,"column":12},"end":{"line":11,"column":26}},"5":{"start":{"line":12,"column":4},"end":{"line":12,"column":91}},"6":{"start":{"line":12,"column":32},"end":{"line":12,"column":89}},"7":{"start":{"line":15,"column":2},"end":{"line":55,"column":4}},"8":{"start":{"line":20,"column":25},"end":{"line":20,"column":38}},"9":{"start":{"line":37,"column":29},"end":{"line":37,"column":34}},"10":{"start":{"line":40,"column":10},"end":{"line":51,"column":22}},"11":{"start":{"line":42,"column":14},"end":{"line":45,"column":16}}},"fnMap":{"0":{"name":"Search","decl":{"start":{"line":6,"column":24},"end":{"line":6,"column":30}},"loc":{"start":{"line":6,"column":33},"end":{"line":56,"column":1}},"line":6},"1":{"name":"(anonymous_1)","decl":{"start":{"line":9,"column":26},"end":{"line":9,"column":27}},"loc":{"start":{"line":9,"column":32},"end":{"line":13,"column":3}},"line":9},"2":{"name":"(anonymous_2)","decl":{"start":{"line":12,"column":25},"end":{"line":12,"column":26}},"loc":{"start":{"line":12,"column":32},"end":{"line":12,"column":89}},"line":12},"3":{"name":"(anonymous_3)","decl":{"start":{"line":20,"column":19},"end":{"line":20,"column":20}},"loc":{"start":{"line":20,"column":25},"end":{"line":20,"column":38}},"line":20},"4":{"name":"(anonymous_4)","decl":{"start":{"line":37,"column":22},"end":{"line":37,"column":23}},"loc":{"start":{"line":37,"column":29},"end":{"line":37,"column":34}},"line":37},"5":{"name":"(anonymous_5)","decl":{"start":{"line":39,"column":20},"end":{"line":39,"column":21}},"loc":{"start":{"line":40,"column":10},"end":{"line":51,"column":22}},"line":40},"6":{"name":"(anonymous_6)","decl":{"start":{"line":41,"column":21},"end":{"line":41,"column":22}},"loc":{"start":{"line":42,"column":14},"end":{"line":45,"column":16}},"line":42}},"branchMap":{"0":{"loc":{"start":{"line":11,"column":4},"end":{"line":11,"column":26}},"type":"if","locations":[{"start":{"line":11,"column":4},"end":{"line":11,"column":26}},{"start":{},"end":{}}],"line":11}},"s":{"0":0,"1":0,"2":0,"3":0,"4":0,"5":0,"6":0,"7":0,"8":0,"9":0,"10":0,"11":0},"f":{"0":0,"1":0,"2":0,"3":0,"4":0,"5":0,"6":0},"b":{"0":[0,0]}}
,"/Users/matthill8286/WebstormProjects/Mind-Matter-App-main/app/(auth)/_layout.tsx": {"path":"/Users/matthill8286/WebstormProjects/Mind-Matter-App-main/app/(auth)/_layout.tsx","statementMap":{"0":{"start":{"line":3,"column":2},"end":{"line":3,"column":58}}},"fnMap":{"0":{"name":"AuthLayout","decl":{"start":{"line":2,"column":24},"end":{"line":2,"column":34}},"loc":{"start":{"line":2,"column":37},"end":{"line":4,"column":1}},"line":2}},"branchMap":{},"s":{"0":0},"f":{"0":0},"b":{}}
,"/Users/matthill8286/WebstormProjects/Mind-Matter-App-main/app/(auth)/sign-in.tsx": {"path":"/Users/matthill8286/WebstormProjects/Mind-Matter-App-main/app/(auth)/sign-in.tsx","statementMap":{"0":{"start":{"line":7,"column":28},"end":{"line":7,"column":40}},"1":{"start":{"line":8,"column":26},"end":{"line":8,"column":38}},"2":{"start":{"line":11,"column":4},"end":{"line":11,"column":32}},"3":{"start":{"line":11,"column":25},"end":{"line":11,"column":32}},"4":{"start":{"line":12,"column":4},"end":{"line":15,"column":6}},"5":{"start":{"line":16,"column":4},"end":{"line":16,"column":36}},"6":{"start":{"line":19,"column":2},"end":{"line":54,"column":4}},"7":{"start":{"line":47,"column":34},"end":{"line":47,"column":64}},"8":{"start":{"line":57,"column":14},"end":{"line":57,"column":89}},"9":{"start":{"line":58,"column":19},"end":{"line":63,"column":1}},"10":{"start":{"line":64,"column":23},"end":{"line":64,"column":41}}},"fnMap":{"0":{"name":"SignIn","decl":{"start":{"line":6,"column":24},"end":{"line":6,"column":30}},"loc":{"start":{"line":6,"column":33},"end":{"line":55,"column":1}},"line":6},"1":{"name":"onSignIn","decl":{"start":{"line":10,"column":17},"end":{"line":10,"column":25}},"loc":{"start":{"line":10,"column":28},"end":{"line":17,"column":3}},"line":10},"2":{"name":"(anonymous_2)","decl":{"start":{"line":47,"column":28},"end":{"line":47,"column":29}},"loc":{"start":{"line":47,"column":34},"end":{"line":47,"column":64}},"line":47}},"branchMap":{"0":{"loc":{"start":{"line":11,"column":4},"end":{"line":11,"column":32}},"type":"if","locations":[{"start":{"line":11,"column":4},"end":{"line":11,"column":32}},{"start":{},"end":{}}],"line":11},"1":{"loc":{"start":{"line":11,"column":8},"end":{"line":11,"column":23}},"type":"binary-expr","locations":[{"start":{"line":11,"column":8},"end":{"line":11,"column":14}},{"start":{"line":11,"column":18},"end":{"line":11,"column":23}}],"line":11}},"s":{"0":5,"1":5,"2":2,"3":1,"4":1,"5":1,"6":5,"7":0,"8":1,"9":1,"10":1},"f":{"0":5,"1":2,"2":0},"b":{"0":[1,1],"1":[2,1]},"_coverageSchema":"1a1c01bbd47fc00a2c39e90264f33305004495a9","hash":"e0cde3f83c193abe7e65c6ac7946e2dc4ef52d56"}
,"/Users/matthill8286/WebstormProjects/Mind-Matter-App-main/app/(auth)/sign-up.tsx": {"path":"/Users/matthill8286/WebstormProjects/Mind-Matter-App-main/app/(auth)/sign-up.tsx","statementMap":{"0":{"start":{"line":7,"column":28},"end":{"line":7,"column":40}},"1":{"start":{"line":8,"column":26},"end":{"line":8,"column":38}},"2":{"start":{"line":11,"column":4},"end":{"line":11,"column":32}},"3":{"start":{"line":11,"column":25},"end":{"line":11,"column":32}},"4":{"start":{"line":12,"column":4},"end":{"line":15,"column":6}},"5":{"start":{"line":16,"column":4},"end":{"line":16,"column":44}},"6":{"start":{"line":19,"column":2},"end":{"line":52,"column":4}},"7":{"start":{"line":45,"column":34},"end":{"line":45,"column":47}},"8":{"start":{"line":55,"column":14},"end":{"line":55,"column":89}},"9":{"start":{"line":56,"column":19},"end":{"line":62,"column":1}},"10":{"start":{"line":63,"column":23},"end":{"line":63,"column":60}}},"fnMap":{"0":{"name":"SignUp","decl":{"start":{"line":6,"column":24},"end":{"line":6,"column":30}},"loc":{"start":{"line":6,"column":33},"end":{"line":53,"column":1}},"line":6},"1":{"name":"onCreate","decl":{"start":{"line":10,"column":17},"end":{"line":10,"column":25}},"loc":{"start":{"line":10,"column":28},"end":{"line":17,"column":3}},"line":10},"2":{"name":"(anonymous_2)","decl":{"start":{"line":45,"column":28},"end":{"line":45,"column":29}},"loc":{"start":{"line":45,"column":34},"end":{"line":45,"column":47}},"line":45}},"branchMap":{"0":{"loc":{"start":{"line":11,"column":4},"end":{"line":11,"column":32}},"type":"if","locations":[{"start":{"line":11,"column":4},"end":{"line":11,"column":32}},{"start":{},"end":{}}],"line":11},"1":{"loc":{"start":{"line":11,"column":8},"end":{"line":11,"column":23}},"type":"binary-expr","locations":[{"start":{"line":11,"column":8},"end":{"line":11,"column":14}},{"start":{"line":11,"column":18},"end":{"line":11,"column":23}}],"line":11}},"s":{"0":0,"1":0,"2":0,"3":0,"4":0,"5":0,"6":0,"7":0,"8":0,"9":0,"10":0},"f":{"0":0,"1":0,"2":0},"b":{"0":[0,0],"1":[0,0]}}
,"/Users/matthill8286/WebstormProjects/Mind-Matter-App-main/app/(auth)/trial-upgrade.tsx": {"path":"/Users/matthill8286/WebstormProjects/Mind-Matter-App-main/app/(auth)/trial-upgrade.tsx","statementMap":{"0":{"start":{"line":10,"column":19},"end":{"line":10,"column":45}},"1":{"start":{"line":11,"column":36},"end":{"line":11,"column":50}},"2":{"start":{"line":12,"column":32},"end":{"line":12,"column":47}},"3":{"start":{"line":14,"column":52},"end":{"line":14,"column":69}},"4":{"start":{"line":16,"column":2},"end":{"line":23,"column":9}},"5":{"start":{"line":17,"column":4},"end":{"line":22,"column":9}},"6":{"start":{"line":18,"column":25},"end":{"line":18,"column":68}},"7":{"start":{"line":19,"column":6},"end":{"line":21,"column":7}},"8":{"start":{"line":20,"column":8},"end":{"line":20,"column":28}},"9":{"start":{"line":25,"column":23},"end":{"line":31,"column":3}},"10":{"start":{"line":26,"column":4},"end":{"line":30,"column":5}},"11":{"start":{"line":27,"column":6},"end":{"line":27,"column":49}},"12":{"start":{"line":29,"column":6},"end":{"line":29,"column":37}},"13":{"start":{"line":34,"column":23},"end":{"line":34,"column":33}},"14":{"start":{"line":35,"column":4},"end":{"line":35,"column":49}},"15":{"start":{"line":36,"column":4},"end":{"line":41,"column":6}},"16":{"start":{"line":42,"column":4},"end":{"line":42,"column":19}},"17":{"start":{"line":46,"column":34},"end":{"line":57,"column":3}},"18":{"start":{"line":52,"column":4},"end":{"line":56,"column":6}},"19":{"start":{"line":59,"column":33},"end":{"line":84,"column":3}},"20":{"start":{"line":60,"column":4},"end":{"line":60,"column":21}},"21":{"start":{"line":61,"column":54},"end":{"line":64,"column":5}},"22":{"start":{"line":66,"column":22},"end":{"line":75,"column":6}},"23":{"start":{"line":77,"column":4},"end":{"line":77,"column":22}},"24":{"start":{"line":79,"column":4},"end":{"line":82,"column":5}},"25":{"start":{"line":80,"column":6},"end":{"line":80,"column":70}},"26":{"start":{"line":81,"column":6},"end":{"line":81,"column":19}},"27":{"start":{"line":83,"column":4},"end":{"line":83,"column":16}},"28":{"start":{"line":87,"column":19},"end":{"line":87,"column":51}},"29":{"start":{"line":88,"column":21},"end":{"line":88,"column":26}},"30":{"start":{"line":99,"column":4},"end":{"line":99,"column":21}},"31":{"start":{"line":100,"column":4},"end":{"line":116,"column":13}},"32":{"start":{"line":101,"column":6},"end":{"line":101,"column":24}},"33":{"start":{"line":102,"column":25},"end":{"line":102,"column":35}},"34":{"start":{"line":103,"column":6},"end":{"line":105,"column":7}},"35":{"start":{"line":104,"column":8},"end":{"line":104,"column":55}},"36":{"start":{"line":107,"column":6},"end":{"line":112,"column":8}},"37":{"start":{"line":114,"column":6},"end":{"line":114,"column":89}},"38":{"start":{"line":115,"column":6},"end":{"line":115,"column":21}},"39":{"start":{"line":119,"column":2},"end":{"line":272,"column":4}},"40":{"start":{"line":137,"column":27},"end":{"line":137,"column":40}},"41":{"start":{"line":189,"column":27},"end":{"line":189,"column":45}},"42":{"start":{"line":230,"column":27},"end":{"line":230,"column":46}},"43":{"start":{"line":275,"column":11},"end":{"line":283,"column":1}}},"fnMap":{"0":{"name":"TrialUpgrade","decl":{"start":{"line":9,"column":24},"end":{"line":9,"column":36}},"loc":{"start":{"line":9,"column":39},"end":{"line":273,"column":1}},"line":9},"1":{"name":"(anonymous_1)","decl":{"start":{"line":16,"column":12},"end":{"line":16,"column":13}},"loc":{"start":{"line":16,"column":18},"end":{"line":23,"column":3}},"line":16},"2":{"name":"(anonymous_2)","decl":{"start":{"line":17,"column":5},"end":{"line":17,"column":6}},"loc":{"start":{"line":17,"column":17},"end":{"line":22,"column":5}},"line":17},"3":{"name":"(anonymous_3)","decl":{"start":{"line":25,"column":23},"end":{"line":25,"column":24}},"loc":{"start":{"line":25,"column":29},"end":{"line":31,"column":3}},"line":25},"4":{"name":"selectTrial","decl":{"start":{"line":33,"column":17},"end":{"line":33,"column":28}},"loc":{"start":{"line":33,"column":31},"end":{"line":43,"column":3}},"line":33},"5":{"name":"(anonymous_5)","decl":{"start":{"line":46,"column":34},"end":{"line":46,"column":35}},"loc":{"start":{"line":46,"column":78},"end":{"line":57,"column":3}},"line":46},"6":{"name":"(anonymous_6)","decl":{"start":{"line":59,"column":33},"end":{"line":59,"column":34}},"loc":{"start":{"line":59,"column":77},"end":{"line":84,"column":3}},"line":59},"7":{"name":"buyPlan","decl":{"start":{"line":86,"column":17},"end":{"line":86,"column":24}},"loc":{"start":{"line":86,"column":55},"end":{"line":117,"column":3}},"line":86},"8":{"name":"(anonymous_8)","decl":{"start":{"line":100,"column":15},"end":{"line":100,"column":16}},"loc":{"start":{"line":100,"column":27},"end":{"line":116,"column":5}},"line":100},"9":{"name":"(anonymous_9)","decl":{"start":{"line":137,"column":21},"end":{"line":137,"column":22}},"loc":{"start":{"line":137,"column":27},"end":{"line":137,"column":40}},"line":137},"10":{"name":"(anonymous_10)","decl":{"start":{"line":189,"column":21},"end":{"line":189,"column":22}},"loc":{"start":{"line":189,"column":27},"end":{"line":189,"column":45}},"line":189},"11":{"name":"(anonymous_11)","decl":{"start":{"line":230,"column":21},"end":{"line":230,"column":22}},"loc":{"start":{"line":230,"column":27},"end":{"line":230,"column":46}},"line":230}},"branchMap":{"0":{"loc":{"start":{"line":19,"column":6},"end":{"line":21,"column":7}},"type":"if","locations":[{"start":{"line":19,"column":6},"end":{"line":21,"column":7}},{"start":{},"end":{}}],"line":19},"1":{"loc":{"start":{"line":26,"column":4},"end":{"line":30,"column":5}},"type":"if","locations":[{"start":{"line":26,"column":4},"end":{"line":30,"column":5}},{"start":{"line":28,"column":11},"end":{"line":30,"column":5}}],"line":26},"2":{"loc":{"start":{"line":79,"column":4},"end":{"line":82,"column":5}},"type":"if","locations":[{"start":{"line":79,"column":4},"end":{"line":82,"column":5}},{"start":{},"end":{}}],"line":79},"3":{"loc":{"start":{"line":87,"column":19},"end":{"line":87,"column":51}},"type":"cond-expr","locations":[{"start":{"line":87,"column":40},"end":{"line":87,"column":44}},{"start":{"line":87,"column":47},"end":{"line":87,"column":51}}],"line":87},"4":{"loc":{"start":{"line":103,"column":6},"end":{"line":105,"column":7}},"type":"if","locations":[{"start":{"line":103,"column":6},"end":{"line":105,"column":7}},{"start":{},"end":{}}],"line":103},"5":{"loc":{"start":{"line":110,"column":22},"end":{"line":110,"column":74}},"type":"cond-expr","locations":[{"start":{"line":110,"column":43},"end":{"line":110,"column":67}},{"start":{"line":110,"column":70},"end":{"line":110,"column":74}}],"line":110},"6":{"loc":{"start":{"line":121,"column":7},"end":{"line":133,"column":7}},"type":"binary-expr","locations":[{"start":{"line":121,"column":7},"end":{"line":121,"column":14}},{"start":{"line":122,"column":8},"end":{"line":132,"column":15}}],"line":121},"7":{"loc":{"start":{"line":135,"column":9},"end":{"line":150,"column":9}},"type":"binary-expr","locations":[{"start":{"line":135,"column":9},"end":{"line":135,"column":19}},{"start":{"line":136,"column":10},"end":{"line":149,"column":22}}],"line":135}},"s":{"0":8,"1":8,"2":8,"3":8,"4":8,"5":4,"6":4,"7":4,"8":0,"9":8,"10":3,"11":3,"12":0,"13":1,"14":1,"15":1,"16":1,"17":8,"18":0,"19":8,"20":0,"21":0,"22":0,"23":0,"24":0,"25":0,"26":0,"27":0,"28":2,"29":2,"30":2,"31":2,"32":2,"33":2,"34":2,"35":1,"36":2,"37":2,"38":2,"39":8,"40":0,"41":1,"42":1,"43":1},"f":{"0":8,"1":4,"2":4,"3":3,"4":1,"5":0,"6":0,"7":2,"8":2,"9":0,"10":1,"11":1},"b":{"0":[0,4],"1":[3,0],"2":[0,0],"3":[1,1],"4":[1,1],"5":[1,1],"6":[8,2],"7":[8,0]},"_coverageSchema":"1a1c01bbd47fc00a2c39e90264f33305004495a9","hash":"9e917339379522cf50870f61dec813fc01e39709"}
,"/Users/matthill8286/WebstormProjects/Mind-Matter-App-main/app/(auth)/upgrade-required.tsx": {"path":"/Users/matthill8286/WebstormProjects/Mind-Matter-App-main/app/(auth)/upgrade-required.tsx","statementMap":{"0":{"start":{"line":8,"column":4},"end":{"line":8,"column":53}},"1":{"start":{"line":9,"column":4},"end":{"line":9,"column":38}},"2":{"start":{"line":12,"column":2},"end":{"line":51,"column":4}},"3":{"start":{"line":26,"column":25},"end":{"line":26,"column":64}},"4":{"start":{"line":40,"column":34},"end":{"line":40,"column":64}}},"fnMap":{"0":{"name":"UpgradeRequired","decl":{"start":{"line":6,"column":24},"end":{"line":6,"column":39}},"loc":{"start":{"line":6,"column":42},"end":{"line":52,"column":1}},"line":6},"1":{"name":"signOut","decl":{"start":{"line":7,"column":17},"end":{"line":7,"column":24}},"loc":{"start":{"line":7,"column":27},"end":{"line":10,"column":3}},"line":7},"2":{"name":"(anonymous_2)","decl":{"start":{"line":26,"column":19},"end":{"line":26,"column":20}},"loc":{"start":{"line":26,"column":25},"end":{"line":26,"column":64}},"line":26},"3":{"name":"(anonymous_3)","decl":{"start":{"line":40,"column":28},"end":{"line":40,"column":29}},"loc":{"start":{"line":40,"column":34},"end":{"line":40,"column":64}},"line":40}},"branchMap":{},"s":{"0":0,"1":0,"2":0,"3":0,"4":0},"f":{"0":0,"1":0,"2":0,"3":0},"b":{}}
,"/Users/matthill8286/WebstormProjects/Mind-Matter-App-main/app/(onboarding)/_layout.tsx": {"path":"/Users/matthill8286/WebstormProjects/Mind-Matter-App-main/app/(onboarding)/_layout.tsx","statementMap":{"0":{"start":{"line":4,"column":2},"end":{"line":4,"column":58}}},"fnMap":{"0":{"name":"OnboardingLayout","decl":{"start":{"line":3,"column":24},"end":{"line":3,"column":40}},"loc":{"start":{"line":3,"column":43},"end":{"line":5,"column":1}},"line":3}},"branchMap":{},"s":{"0":0},"f":{"0":0},"b":{}}
,"/Users/matthill8286/WebstormProjects/Mind-Matter-App-main/app/(onboarding)/assessment-summary.tsx": {"path":"/Users/matthill8286/WebstormProjects/Mind-Matter-App-main/app/(onboarding)/assessment-summary.tsx","statementMap":{"0":{"start":{"line":8,"column":20},"end":{"line":8,"column":39}},"1":{"start":{"line":10,"column":2},"end":{"line":15,"column":9}},"2":{"start":{"line":11,"column":4},"end":{"line":14,"column":9}},"3":{"start":{"line":12,"column":18},"end":{"line":12,"column":61}},"4":{"start":{"line":13,"column":6},"end":{"line":13,"column":41}},"5":{"start":{"line":17,"column":16},"end":{"line":17,"column":75}},"6":{"start":{"line":18,"column":17},"end":{"line":18,"column":74}},"7":{"start":{"line":20,"column":2},"end":{"line":147,"column":4}},"8":{"start":{"line":31,"column":25},"end":{"line":31,"column":38}},"9":{"start":{"line":125,"column":27},"end":{"line":125,"column":72}}},"fnMap":{"0":{"name":"AssessmentSummary","decl":{"start":{"line":7,"column":24},"end":{"line":7,"column":41}},"loc":{"start":{"line":7,"column":44},"end":{"line":148,"column":1}},"line":7},"1":{"name":"(anonymous_1)","decl":{"start":{"line":10,"column":12},"end":{"line":10,"column":13}},"loc":{"start":{"line":10,"column":18},"end":{"line":15,"column":3}},"line":10},"2":{"name":"(anonymous_2)","decl":{"start":{"line":11,"column":5},"end":{"line":11,"column":6}},"loc":{"start":{"line":11,"column":17},"end":{"line":14,"column":5}},"line":11},"3":{"name":"(anonymous_3)","decl":{"start":{"line":31,"column":19},"end":{"line":31,"column":20}},"loc":{"start":{"line":31,"column":25},"end":{"line":31,"column":38}},"line":31},"4":{"name":"(anonymous_4)","decl":{"start":{"line":125,"column":21},"end":{"line":125,"column":22}},"loc":{"start":{"line":125,"column":27},"end":{"line":125,"column":72}},"line":125}},"branchMap":{"0":{"loc":{"start":{"line":13,"column":11},"end":{"line":13,"column":39}},"type":"cond-expr","locations":[{"start":{"line":13,"column":17},"end":{"line":13,"column":32}},{"start":{"line":13,"column":35},"end":{"line":13,"column":39}}],"line":13},"1":{"loc":{"start":{"line":17,"column":16},"end":{"line":17,"column":75}},"type":"cond-expr","locations":[{"start":{"line":17,"column":54},"end":{"line":17,"column":68}},{"start":{"line":17,"column":71},"end":{"line":17,"column":75}}],"line":17},"2":{"loc":{"start":{"line":18,"column":17},"end":{"line":18,"column":74}},"type":"cond-expr","locations":[{"start":{"line":18,"column":54},"end":{"line":18,"column":67}},{"start":{"line":18,"column":70},"end":{"line":18,"column":74}}],"line":18},"3":{"loc":{"start":{"line":70,"column":17},"end":{"line":70,"column":31}},"type":"binary-expr","locations":[{"start":{"line":70,"column":17},"end":{"line":70,"column":24}},{"start":{"line":70,"column":28},"end":{"line":70,"column":31}}],"line":70},"4":{"loc":{"start":{"line":83,"column":17},"end":{"line":83,"column":31}},"type":"binary-expr","locations":[{"start":{"line":83,"column":17},"end":{"line":83,"column":24}},{"start":{"line":83,"column":28},"end":{"line":83,"column":31}}],"line":83},"5":{"loc":{"start":{"line":87,"column":13},"end":{"line":94,"column":13}},"type":"binary-expr","locations":[{"start":{"line":87,"column":13},"end":{"line":87,"column":27}},{"start":{"line":88,"column":14},"end":{"line":93,"column":16}}],"line":87},"6":{"loc":{"start":{"line":96,"column":13},"end":{"line":103,"column":13}},"type":"binary-expr","locations":[{"start":{"line":96,"column":13},"end":{"line":96,"column":28}},{"start":{"line":97,"column":14},"end":{"line":102,"column":16}}],"line":96},"7":{"loc":{"start":{"line":105,"column":13},"end":{"line":119,"column":20}},"type":"cond-expr","locations":[{"start":{"line":106,"column":14},"end":{"line":118,"column":21}},{"start":{"line":119,"column":16},"end":{"line":119,"column":20}}],"line":105}},"s":{"0":0,"1":0,"2":0,"3":0,"4":0,"5":0,"6":0,"7":0,"8":0,"9":0},"f":{"0":0,"1":0,"2":0,"3":0,"4":0},"b":{"0":[0,0],"1":[0,0],"2":[0,0],"3":[0,0],"4":[0,0],"5":[0,0],"6":[0,0],"7":[0,0]}}
,"/Users/matthill8286/WebstormProjects/Mind-Matter-App-main/app/(onboarding)/assessment.tsx": {"path":"/Users/matthill8286/WebstormProjects/Mind-Matter-App-main/app/(onboarding)/assessment.tsx","statementMap":{"0":{"start":{"line":22,"column":21},"end":{"line":22,"column":23}},"1":{"start":{"line":31,"column":2},"end":{"line":68,"column":4}},"2":{"start":{"line":44,"column":23},"end":{"line":44,"column":37}},"3":{"start":{"line":56,"column":23},"end":{"line":56,"column":38}},"4":{"start":{"line":86,"column":22},"end":{"line":86,"column":50}},"5":{"start":{"line":87,"column":18},"end":{"line":87,"column":61}},"6":{"start":{"line":88,"column":28},"end":{"line":88,"column":39}},"7":{"start":{"line":90,"column":15},"end":{"line":96,"column":22}},"8":{"start":{"line":91,"column":28},"end":{"line":91,"column":30}},"9":{"start":{"line":92,"column":4},"end":{"line":94,"column":5}},"10":{"start":{"line":92,"column":17},"end":{"line":92,"column":20}},"11":{"start":{"line":93,"column":6},"end":{"line":93,"column":20}},"12":{"start":{"line":95,"column":4},"end":{"line":95,"column":34}},"13":{"start":{"line":98,"column":19},"end":{"line":108,"column":3}},"14":{"start":{"line":99,"column":14},"end":{"line":99,"column":47}},"15":{"start":{"line":100,"column":18},"end":{"line":100,"column":46}},"16":{"start":{"line":101,"column":24},"end":{"line":101,"column":33}},"17":{"start":{"line":102,"column":4},"end":{"line":107,"column":5}},"18":{"start":{"line":103,"column":23},"end":{"line":103,"column":40}},"19":{"start":{"line":104,"column":6},"end":{"line":106,"column":7}},"20":{"start":{"line":105,"column":8},"end":{"line":105,"column":27}},"21":{"start":{"line":110,"column":2},"end":{"line":115,"column":30}},"22":{"start":{"line":111,"column":4},"end":{"line":114,"column":5}},"23":{"start":{"line":112,"column":20},"end":{"line":112,"column":53}},"24":{"start":{"line":113,"column":6},"end":{"line":113,"column":92}},"25":{"start":{"line":117,"column":2},"end":{"line":220,"column":4}},"26":{"start":{"line":120,"column":23},"end":{"line":120,"column":59}},"27":{"start":{"line":153,"column":14},"end":{"line":153,"column":62}},"28":{"start":{"line":154,"column":14},"end":{"line":154,"column":26}},"29":{"start":{"line":157,"column":36},"end":{"line":157,"column":48}},"30":{"start":{"line":159,"column":35},"end":{"line":159,"column":63}},"31":{"start":{"line":160,"column":27},"end":{"line":160,"column":28}},"32":{"start":{"line":161,"column":27},"end":{"line":161,"column":39}},"33":{"start":{"line":163,"column":14},"end":{"line":172,"column":15}},"34":{"start":{"line":164,"column":16},"end":{"line":164,"column":38}},"35":{"start":{"line":165,"column":16},"end":{"line":165,"column":27}},"36":{"start":{"line":166,"column":21},"end":{"line":172,"column":15}},"37":{"start":{"line":167,"column":16},"end":{"line":167,"column":38}},"38":{"start":{"line":168,"column":16},"end":{"line":168,"column":73}},"39":{"start":{"line":170,"column":16},"end":{"line":170,"column":38}},"40":{"start":{"line":171,"column":16},"end":{"line":171,"column":67}},"41":{"start":{"line":174,"column":14},"end":{"line":174,"column":47}},"42":{"start":{"line":178,"column":14},"end":{"line":180,"column":15}},"43":{"start":{"line":179,"column":16},"end":{"line":179,"column":80}},"44":{"start":{"line":181,"column":30},"end":{"line":181,"column":44}},"45":{"start":{"line":182,"column":14},"end":{"line":214,"column":16}},"46":{"start":{"line":224,"column":2},"end":{"line":231,"column":4}},"47":{"start":{"line":229,"column":23},"end":{"line":229,"column":42}},"48":{"start":{"line":265,"column":14},"end":{"line":269,"column":1}},"49":{"start":{"line":271,"column":15},"end":{"line":276,"column":1}},"50":{"start":{"line":278,"column":12},"end":{"line":281,"column":2}},"51":{"start":{"line":279,"column":12},"end":{"line":279,"column":18}},"52":{"start":{"line":280,"column":2},"end":{"line":280,"column":48}},"53":{"start":{"line":283,"column":15},"end":{"line":286,"column":2}},"54":{"start":{"line":284,"column":13},"end":{"line":284,"column":23}},"55":{"start":{"line":285,"column":2},"end":{"line":285,"column":47}},"56":{"start":{"line":288,"column":22},"end":{"line":288,"column":64}},"57":{"start":{"line":290,"column":26},"end":{"line":290,"column":66}},"58":{"start":{"line":308,"column":25},"end":{"line":323,"column":1}},"59":{"start":{"line":334,"column":2},"end":{"line":387,"column":4}},"60":{"start":{"line":391,"column":37},"end":{"line":391,"column":51}},"61":{"start":{"line":392,"column":2},"end":{"line":410,"column":4}},"62":{"start":{"line":394,"column":22},"end":{"line":394,"column":50}},"63":{"start":{"line":414,"column":19},"end":{"line":414,"column":45}},"64":{"start":{"line":415,"column":26},"end":{"line":415,"column":37}},"65":{"start":{"line":416,"column":20},"end":{"line":420,"column":4}},"66":{"start":{"line":422,"column":57},"end":{"line":422,"column":70}},"67":{"start":{"line":423,"column":42},"end":{"line":423,"column":87}},"68":{"start":{"line":424,"column":48},"end":{"line":424,"column":60}},"69":{"start":{"line":425,"column":58},"end":{"line":425,"column":70}},"70":{"start":{"line":427,"column":2},"end":{"line":452,"column":34}},"71":{"start":{"line":429,"column":4},"end":{"line":450,"column":5}},"72":{"start":{"line":430,"column":20},"end":{"line":430,"column":49}},"73":{"start":{"line":431,"column":29},"end":{"line":431,"column":30}},"74":{"start":{"line":432,"column":6},"end":{"line":432,"column":33}},"75":{"start":{"line":437,"column":6},"end":{"line":447,"column":14}},"76":{"start":{"line":438,"column":8},"end":{"line":438,"column":27}},"77":{"start":{"line":439,"column":8},"end":{"line":446,"column":9}},"78":{"start":{"line":440,"column":10},"end":{"line":440,"column":52}},"79":{"start":{"line":444,"column":10},"end":{"line":444,"column":52}},"80":{"start":{"line":445,"column":10},"end":{"line":445,"column":34}},"81":{"start":{"line":449,"column":6},"end":{"line":449,"column":34}},"82":{"start":{"line":451,"column":4},"end":{"line":451,"column":41}},"83":{"start":{"line":451,"column":17},"end":{"line":451,"column":40}},"84":{"start":{"line":454,"column":14},"end":{"line":454,"column":25}},"85":{"start":{"line":455,"column":19},"end":{"line":455,"column":64}},"86":{"start":{"line":457,"column":22},"end":{"line":464,"column":14}},"87":{"start":{"line":458,"column":4},"end":{"line":458,"column":55}},"88":{"start":{"line":458,"column":24},"end":{"line":458,"column":55}},"89":{"start":{"line":459,"column":4},"end":{"line":459,"column":55}},"90":{"start":{"line":459,"column":24},"end":{"line":459,"column":55}},"91":{"start":{"line":460,"column":4},"end":{"line":460,"column":88}},"92":{"start":{"line":460,"column":31},"end":{"line":460,"column":88}},"93":{"start":{"line":461,"column":4},"end":{"line":461,"column":54}},"94":{"start":{"line":461,"column":25},"end":{"line":461,"column":54}},"95":{"start":{"line":462,"column":4},"end":{"line":462,"column":64}},"96":{"start":{"line":462,"column":30},"end":{"line":462,"column":64}},"97":{"start":{"line":463,"column":4},"end":{"line":463,"column":16}},"98":{"start":{"line":467,"column":4},"end":{"line":475,"column":5}},"99":{"start":{"line":468,"column":6},"end":{"line":473,"column":8}},"100":{"start":{"line":474,"column":6},"end":{"line":474,"column":13}},"101":{"start":{"line":476,"column":4},"end":{"line":480,"column":5}},"102":{"start":{"line":477,"column":6},"end":{"line":477,"column":39}},"103":{"start":{"line":478,"column":6},"end":{"line":478,"column":57}},"104":{"start":{"line":479,"column":6},"end":{"line":479,"column":13}},"105":{"start":{"line":481,"column":4},"end":{"line":481,"column":54}},"106":{"start":{"line":481,"column":19},"end":{"line":481,"column":52}},"107":{"start":{"line":482,"column":4},"end":{"line":482,"column":27}},"108":{"start":{"line":486,"column":4},"end":{"line":486,"column":39}},"109":{"start":{"line":486,"column":19},"end":{"line":486,"column":37}},"110":{"start":{"line":487,"column":4},"end":{"line":487,"column":27}},"111":{"start":{"line":491,"column":4},"end":{"line":505,"column":5}},"112":{"start":{"line":492,"column":6},"end":{"line":492,"column":28}},"113":{"start":{"line":493,"column":6},"end":{"line":493,"column":29}},"114":{"start":{"line":497,"column":6},"end":{"line":497,"column":28}},"115":{"start":{"line":498,"column":6},"end":{"line":503,"column":8}},"116":{"start":{"line":504,"column":6},"end":{"line":504,"column":49}},"117":{"start":{"line":509,"column":4},"end":{"line":509,"column":29}},"118":{"start":{"line":509,"column":22},"end":{"line":509,"column":29}},"119":{"start":{"line":510,"column":4},"end":{"line":543,"column":5}},"120":{"start":{"line":511,"column":34},"end":{"line":511,"column":55}},"121":{"start":{"line":512,"column":6},"end":{"line":512,"column":57}},"122":{"start":{"line":513,"column":25},"end":{"line":513,"column":84}},"123":{"start":{"line":514,"column":22},"end":{"line":514,"column":65}},"124":{"start":{"line":515,"column":6},"end":{"line":531,"column":7}},"125":{"start":{"line":516,"column":8},"end":{"line":516,"column":92}},"126":{"start":{"line":516,"column":24},"end":{"line":516,"column":89}},"127":{"start":{"line":518,"column":23},"end":{"line":518,"column":82}},"128":{"start":{"line":519,"column":21},"end":{"line":519,"column":73}},"129":{"start":{"line":520,"column":28},"end":{"line":520,"column":72}},"130":{"start":{"line":521,"column":26},"end":{"line":521,"column":68}},"131":{"start":{"line":522,"column":18},"end":{"line":522,"column":19}},"132":{"start":{"line":523,"column":8},"end":{"line":525,"column":11}},"133":{"start":{"line":524,"column":10},"end":{"line":524,"column":41}},"134":{"start":{"line":524,"column":32},"end":{"line":524,"column":41}},"135":{"start":{"line":526,"column":27},"end":{"line":526,"column":92}},"136":{"start":{"line":527,"column":8},"end":{"line":530,"column":12}},"137":{"start":{"line":527,"column":24},"end":{"line":530,"column":9}},"138":{"start":{"line":532,"column":6},"end":{"line":532,"column":28}},"139":{"start":{"line":533,"column":6},"end":{"line":533,"column":29}},"140":{"start":{"line":535,"column":6},"end":{"line":535,"column":28}},"141":{"start":{"line":536,"column":6},"end":{"line":541,"column":8}},"142":{"start":{"line":542,"column":6},"end":{"line":542,"column":48}},"143":{"start":{"line":547,"column":4},"end":{"line":901,"column":5}},"144":{"start":{"line":549,"column":8},"end":{"line":585,"column":10}},"145":{"start":{"line":560,"column":16},"end":{"line":565,"column":18}},"146":{"start":{"line":564,"column":33},"end":{"line":564,"column":67}},"147":{"start":{"line":564,"column":46},"end":{"line":564,"column":65}},"148":{"start":{"line":580,"column":35},"end":{"line":580,"column":67}},"149":{"start":{"line":580,"column":48},"end":{"line":580,"column":65}},"150":{"start":{"line":587,"column":8},"end":{"line":601,"column":10}},"151":{"start":{"line":592,"column":16},"end":{"line":597,"column":18}},"152":{"start":{"line":596,"column":33},"end":{"line":596,"column":75}},"153":{"start":{"line":596,"column":46},"end":{"line":596,"column":73}},"154":{"start":{"line":603,"column":8},"end":{"line":610,"column":10}},"155":{"start":{"line":607,"column":64},"end":{"line":607,"column":95}},"156":{"start":{"line":607,"column":77},"end":{"line":607,"column":93}},"157":{"start":{"line":612,"column":8},"end":{"line":629,"column":10}},"158":{"start":{"line":618,"column":33},"end":{"line":618,"column":71}},"159":{"start":{"line":618,"column":46},"end":{"line":618,"column":69}},"160":{"start":{"line":625,"column":33},"end":{"line":625,"column":67}},"161":{"start":{"line":625,"column":46},"end":{"line":625,"column":65}},"162":{"start":{"line":631,"column":8},"end":{"line":653,"column":10}},"163":{"start":{"line":637,"column":35},"end":{"line":637,"column":67}},"164":{"start":{"line":637,"column":48},"end":{"line":637,"column":65}},"165":{"start":{"line":646,"column":16},"end":{"line":649,"column":19}},"166":{"start":{"line":646,"column":29},"end":{"line":649,"column":17}},"167":{"start":{"line":655,"column":8},"end":{"line":669,"column":10}},"168":{"start":{"line":660,"column":16},"end":{"line":665,"column":18}},"169":{"start":{"line":664,"column":33},"end":{"line":664,"column":85}},"170":{"start":{"line":664,"column":46},"end":{"line":664,"column":83}},"171":{"start":{"line":671,"column":8},"end":{"line":691,"column":10}},"172":{"start":{"line":676,"column":16},"end":{"line":681,"column":18}},"173":{"start":{"line":680,"column":33},"end":{"line":680,"column":85}},"174":{"start":{"line":680,"column":46},"end":{"line":680,"column":83}},"175":{"start":{"line":686,"column":35},"end":{"line":686,"column":84}},"176":{"start":{"line":686,"column":48},"end":{"line":686,"column":82}},"177":{"start":{"line":693,"column":8},"end":{"line":707,"column":10}},"178":{"start":{"line":702,"column":33},"end":{"line":702,"column":94}},"179":{"start":{"line":702,"column":46},"end":{"line":702,"column":92}},"180":{"start":{"line":709,"column":8},"end":{"line":729,"column":10}},"181":{"start":{"line":714,"column":16},"end":{"line":725,"column":18}},"182":{"start":{"line":719,"column":20},"end":{"line":723,"column":23}},"183":{"start":{"line":719,"column":33},"end":{"line":723,"column":21}},"184":{"start":{"line":731,"column":8},"end":{"line":742,"column":10}},"185":{"start":{"line":737,"column":35},"end":{"line":737,"column":67}},"186":{"start":{"line":737,"column":48},"end":{"line":737,"column":65}},"187":{"start":{"line":744,"column":8},"end":{"line":756,"column":10}},"188":{"start":{"line":750,"column":35},"end":{"line":750,"column":76}},"189":{"start":{"line":750,"column":48},"end":{"line":750,"column":74}},"190":{"start":{"line":758,"column":8},"end":{"line":772,"column":10}},"191":{"start":{"line":767,"column":33},"end":{"line":767,"column":97}},"192":{"start":{"line":767,"column":46},"end":{"line":767,"column":95}},"193":{"start":{"line":774,"column":8},"end":{"line":842,"column":10}},"194":{"start":{"line":783,"column":16},"end":{"line":783,"column":87}},"195":{"start":{"line":817,"column":38},"end":{"line":817,"column":64}},"196":{"start":{"line":818,"column":16},"end":{"line":838,"column":18}},"197":{"start":{"line":844,"column":8},"end":{"line":898,"column":10}},"198":{"start":{"line":853,"column":16},"end":{"line":853,"column":97}},"199":{"start":{"line":900,"column":8},"end":{"line":900,"column":20}},"200":{"start":{"line":904,"column":2},"end":{"line":1002,"column":4}},"201":{"start":{"line":990,"column":27},"end":{"line":990,"column":77}},"202":{"start":{"line":1005,"column":20},"end":{"line":1019,"column":1}}},"fnMap":{"0":{"name":"UnitToggle","decl":{"start":{"line":24,"column":9},"end":{"line":24,"column":19}},"loc":{"start":{"line":30,"column":3},"end":{"line":69,"column":1}},"line":30},"1":{"name":"(anonymous_1)","decl":{"start":{"line":44,"column":17},"end":{"line":44,"column":18}},"loc":{"start":{"line":44,"column":23},"end":{"line":44,"column":37}},"line":44},"2":{"name":"(anonymous_2)","decl":{"start":{"line":56,"column":17},"end":{"line":56,"column":18}},"loc":{"start":{"line":56,"column":23},"end":{"line":56,"column":38}},"line":56},"3":{"name":"HorizontalRuler","decl":{"start":{"line":71,"column":9},"end":{"line":71,"column":24}},"loc":{"start":{"line":85,"column":3},"end":{"line":221,"column":1}},"line":85},"4":{"name":"(anonymous_4)","decl":{"start":{"line":90,"column":23},"end":{"line":90,"column":24}},"loc":{"start":{"line":90,"column":29},"end":{"line":96,"column":3}},"line":90},"5":{"name":"(anonymous_5)","decl":{"start":{"line":98,"column":19},"end":{"line":98,"column":20}},"loc":{"start":{"line":98,"column":71},"end":{"line":108,"column":3}},"line":98},"6":{"name":"(anonymous_6)","decl":{"start":{"line":110,"column":18},"end":{"line":110,"column":19}},"loc":{"start":{"line":110,"column":24},"end":{"line":115,"column":3}},"line":110},"7":{"name":"(anonymous_7)","decl":{"start":{"line":120,"column":16},"end":{"line":120,"column":17}},"loc":{"start":{"line":120,"column":23},"end":{"line":120,"column":59}},"line":120},"8":{"name":"(anonymous_8)","decl":{"start":{"line":152,"column":22},"end":{"line":152,"column":23}},"loc":{"start":{"line":152,"column":29},"end":{"line":155,"column":13}},"line":152},"9":{"name":"(anonymous_9)","decl":{"start":{"line":157,"column":26},"end":{"line":157,"column":27}},"loc":{"start":{"line":157,"column":36},"end":{"line":157,"column":48}},"line":157},"10":{"name":"(anonymous_10)","decl":{"start":{"line":158,"column":27},"end":{"line":158,"column":28}},"loc":{"start":{"line":158,"column":41},"end":{"line":175,"column":13}},"line":158},"11":{"name":"(anonymous_11)","decl":{"start":{"line":177,"column":24},"end":{"line":177,"column":25}},"loc":{"start":{"line":177,"column":38},"end":{"line":215,"column":13}},"line":177},"12":{"name":"AgePicker","decl":{"start":{"line":223,"column":9},"end":{"line":223,"column":18}},"loc":{"start":{"line":223,"column":99},"end":{"line":232,"column":1}},"line":223},"13":{"name":"(anonymous_13)","decl":{"start":{"line":229,"column":16},"end":{"line":229,"column":17}},"loc":{"start":{"line":229,"column":23},"end":{"line":229,"column":42}},"line":229},"14":{"name":"(anonymous_14)","decl":{"start":{"line":278,"column":43},"end":{"line":278,"column":44}},"loc":{"start":{"line":278,"column":53},"end":{"line":281,"column":1}},"line":278},"15":{"name":"(anonymous_15)","decl":{"start":{"line":283,"column":46},"end":{"line":283,"column":47}},"loc":{"start":{"line":283,"column":56},"end":{"line":286,"column":1}},"line":283},"16":{"name":"RadioOption","decl":{"start":{"line":325,"column":9},"end":{"line":325,"column":20}},"loc":{"start":{"line":333,"column":3},"end":{"line":388,"column":1}},"line":333},"17":{"name":"PlaybackButton","decl":{"start":{"line":390,"column":9},"end":{"line":390,"column":23}},"loc":{"start":{"line":390,"column":50},"end":{"line":411,"column":1}},"line":390},"18":{"name":"(anonymous_18)","decl":{"start":{"line":394,"column":15},"end":{"line":394,"column":16}},"loc":{"start":{"line":394,"column":22},"end":{"line":394,"column":50}},"line":394},"19":{"name":"AssessmentScreen","decl":{"start":{"line":413,"column":24},"end":{"line":413,"column":40}},"loc":{"start":{"line":413,"column":43},"end":{"line":1003,"column":1}},"line":413},"20":{"name":"(anonymous_20)","decl":{"start":{"line":427,"column":12},"end":{"line":427,"column":13}},"loc":{"start":{"line":427,"column":18},"end":{"line":452,"column":3}},"line":427},"21":{"name":"(anonymous_21)","decl":{"start":{"line":437,"column":29},"end":{"line":437,"column":30}},"loc":{"start":{"line":437,"column":35},"end":{"line":447,"column":7}},"line":437},"22":{"name":"(anonymous_22)","decl":{"start":{"line":451,"column":11},"end":{"line":451,"column":12}},"loc":{"start":{"line":451,"column":17},"end":{"line":451,"column":40}},"line":451},"23":{"name":"(anonymous_23)","decl":{"start":{"line":457,"column":30},"end":{"line":457,"column":31}},"loc":{"start":{"line":457,"column":36},"end":{"line":464,"column":3}},"line":457},"24":{"name":"next","decl":{"start":{"line":466,"column":17},"end":{"line":466,"column":21}},"loc":{"start":{"line":466,"column":24},"end":{"line":483,"column":3}},"line":466},"25":{"name":"(anonymous_25)","decl":{"start":{"line":481,"column":12},"end":{"line":481,"column":13}},"loc":{"start":{"line":481,"column":19},"end":{"line":481,"column":52}},"line":481},"26":{"name":"back","decl":{"start":{"line":485,"column":11},"end":{"line":485,"column":15}},"loc":{"start":{"line":485,"column":18},"end":{"line":488,"column":3}},"line":485},"27":{"name":"(anonymous_27)","decl":{"start":{"line":486,"column":12},"end":{"line":486,"column":13}},"loc":{"start":{"line":486,"column":19},"end":{"line":486,"column":37}},"line":486},"28":{"name":"startRec","decl":{"start":{"line":490,"column":17},"end":{"line":490,"column":25}},"loc":{"start":{"line":490,"column":56},"end":{"line":506,"column":3}},"line":490},"29":{"name":"stopRec","decl":{"start":{"line":508,"column":17},"end":{"line":508,"column":24}},"loc":{"start":{"line":508,"column":27},"end":{"line":544,"column":3}},"line":508},"30":{"name":"(anonymous_30)","decl":{"start":{"line":516,"column":13},"end":{"line":516,"column":14}},"loc":{"start":{"line":516,"column":24},"end":{"line":516,"column":89}},"line":516},"31":{"name":"(anonymous_31)","decl":{"start":{"line":523,"column":28},"end":{"line":523,"column":29}},"loc":{"start":{"line":523,"column":35},"end":{"line":525,"column":9}},"line":523},"32":{"name":"(anonymous_32)","decl":{"start":{"line":527,"column":13},"end":{"line":527,"column":14}},"loc":{"start":{"line":527,"column":24},"end":{"line":530,"column":9}},"line":527},"33":{"name":"renderStep","decl":{"start":{"line":546,"column":11},"end":{"line":546,"column":21}},"loc":{"start":{"line":546,"column":24},"end":{"line":902,"column":3}},"line":546},"34":{"name":"(anonymous_34)","decl":{"start":{"line":559,"column":20},"end":{"line":559,"column":21}},"loc":{"start":{"line":560,"column":16},"end":{"line":565,"column":18}},"line":560},"35":{"name":"(anonymous_35)","decl":{"start":{"line":564,"column":27},"end":{"line":564,"column":28}},"loc":{"start":{"line":564,"column":33},"end":{"line":564,"column":67}},"line":564},"36":{"name":"(anonymous_36)","decl":{"start":{"line":564,"column":38},"end":{"line":564,"column":39}},"loc":{"start":{"line":564,"column":46},"end":{"line":564,"column":65}},"line":564},"37":{"name":"(anonymous_37)","decl":{"start":{"line":580,"column":28},"end":{"line":580,"column":29}},"loc":{"start":{"line":580,"column":35},"end":{"line":580,"column":67}},"line":580},"38":{"name":"(anonymous_38)","decl":{"start":{"line":580,"column":40},"end":{"line":580,"column":41}},"loc":{"start":{"line":580,"column":48},"end":{"line":580,"column":65}},"line":580},"39":{"name":"(anonymous_39)","decl":{"start":{"line":591,"column":26},"end":{"line":591,"column":27}},"loc":{"start":{"line":592,"column":16},"end":{"line":597,"column":18}},"line":592},"40":{"name":"(anonymous_40)","decl":{"start":{"line":596,"column":27},"end":{"line":596,"column":28}},"loc":{"start":{"line":596,"column":33},"end":{"line":596,"column":75}},"line":596},"41":{"name":"(anonymous_41)","decl":{"start":{"line":596,"column":38},"end":{"line":596,"column":39}},"loc":{"start":{"line":596,"column":46},"end":{"line":596,"column":73}},"line":596},"42":{"name":"(anonymous_42)","decl":{"start":{"line":607,"column":57},"end":{"line":607,"column":58}},"loc":{"start":{"line":607,"column":64},"end":{"line":607,"column":95}},"line":607},"43":{"name":"(anonymous_43)","decl":{"start":{"line":607,"column":69},"end":{"line":607,"column":70}},"loc":{"start":{"line":607,"column":77},"end":{"line":607,"column":93}},"line":607},"44":{"name":"(anonymous_44)","decl":{"start":{"line":618,"column":26},"end":{"line":618,"column":27}},"loc":{"start":{"line":618,"column":33},"end":{"line":618,"column":71}},"line":618},"45":{"name":"(anonymous_45)","decl":{"start":{"line":618,"column":38},"end":{"line":618,"column":39}},"loc":{"start":{"line":618,"column":46},"end":{"line":618,"column":69}},"line":618},"46":{"name":"(anonymous_46)","decl":{"start":{"line":625,"column":26},"end":{"line":625,"column":27}},"loc":{"start":{"line":625,"column":33},"end":{"line":625,"column":67}},"line":625},"47":{"name":"(anonymous_47)","decl":{"start":{"line":625,"column":38},"end":{"line":625,"column":39}},"loc":{"start":{"line":625,"column":46},"end":{"line":625,"column":65}},"line":625},"48":{"name":"(anonymous_48)","decl":{"start":{"line":637,"column":28},"end":{"line":637,"column":29}},"loc":{"start":{"line":637,"column":35},"end":{"line":637,"column":67}},"line":637},"49":{"name":"(anonymous_49)","decl":{"start":{"line":637,"column":40},"end":{"line":637,"column":41}},"loc":{"start":{"line":637,"column":48},"end":{"line":637,"column":65}},"line":637},"50":{"name":"(anonymous_50)","decl":{"start":{"line":645,"column":24},"end":{"line":645,"column":25}},"loc":{"start":{"line":646,"column":16},"end":{"line":649,"column":19}},"line":646},"51":{"name":"(anonymous_51)","decl":{"start":{"line":646,"column":21},"end":{"line":646,"column":22}},"loc":{"start":{"line":646,"column":29},"end":{"line":649,"column":17}},"line":646},"52":{"name":"(anonymous_52)","decl":{"start":{"line":659,"column":25},"end":{"line":659,"column":26}},"loc":{"start":{"line":660,"column":16},"end":{"line":665,"column":18}},"line":660},"53":{"name":"(anonymous_53)","decl":{"start":{"line":664,"column":27},"end":{"line":664,"column":28}},"loc":{"start":{"line":664,"column":33},"end":{"line":664,"column":85}},"line":664},"54":{"name":"(anonymous_54)","decl":{"start":{"line":664,"column":38},"end":{"line":664,"column":39}},"loc":{"start":{"line":664,"column":46},"end":{"line":664,"column":83}},"line":664},"55":{"name":"(anonymous_55)","decl":{"start":{"line":675,"column":25},"end":{"line":675,"column":26}},"loc":{"start":{"line":676,"column":16},"end":{"line":681,"column":18}},"line":676},"56":{"name":"(anonymous_56)","decl":{"start":{"line":680,"column":27},"end":{"line":680,"column":28}},"loc":{"start":{"line":680,"column":33},"end":{"line":680,"column":85}},"line":680},"57":{"name":"(anonymous_57)","decl":{"start":{"line":680,"column":38},"end":{"line":680,"column":39}},"loc":{"start":{"line":680,"column":46},"end":{"line":680,"column":83}},"line":680},"58":{"name":"(anonymous_58)","decl":{"start":{"line":686,"column":28},"end":{"line":686,"column":29}},"loc":{"start":{"line":686,"column":35},"end":{"line":686,"column":84}},"line":686},"59":{"name":"(anonymous_59)","decl":{"start":{"line":686,"column":40},"end":{"line":686,"column":41}},"loc":{"start":{"line":686,"column":48},"end":{"line":686,"column":82}},"line":686},"60":{"name":"(anonymous_60)","decl":{"start":{"line":702,"column":26},"end":{"line":702,"column":27}},"loc":{"start":{"line":702,"column":33},"end":{"line":702,"column":94}},"line":702},"61":{"name":"(anonymous_61)","decl":{"start":{"line":702,"column":38},"end":{"line":702,"column":39}},"loc":{"start":{"line":702,"column":46},"end":{"line":702,"column":92}},"line":702},"62":{"name":"(anonymous_62)","decl":{"start":{"line":713,"column":25},"end":{"line":713,"column":26}},"loc":{"start":{"line":714,"column":16},"end":{"line":725,"column":18}},"line":714},"63":{"name":"(anonymous_63)","decl":{"start":{"line":718,"column":27},"end":{"line":718,"column":28}},"loc":{"start":{"line":719,"column":20},"end":{"line":723,"column":23}},"line":719},"64":{"name":"(anonymous_64)","decl":{"start":{"line":719,"column":25},"end":{"line":719,"column":26}},"loc":{"start":{"line":719,"column":33},"end":{"line":723,"column":21}},"line":719},"65":{"name":"(anonymous_65)","decl":{"start":{"line":737,"column":28},"end":{"line":737,"column":29}},"loc":{"start":{"line":737,"column":35},"end":{"line":737,"column":67}},"line":737},"66":{"name":"(anonymous_66)","decl":{"start":{"line":737,"column":40},"end":{"line":737,"column":41}},"loc":{"start":{"line":737,"column":48},"end":{"line":737,"column":65}},"line":737},"67":{"name":"(anonymous_67)","decl":{"start":{"line":750,"column":28},"end":{"line":750,"column":29}},"loc":{"start":{"line":750,"column":35},"end":{"line":750,"column":76}},"line":750},"68":{"name":"(anonymous_68)","decl":{"start":{"line":750,"column":40},"end":{"line":750,"column":41}},"loc":{"start":{"line":750,"column":48},"end":{"line":750,"column":74}},"line":750},"69":{"name":"(anonymous_69)","decl":{"start":{"line":767,"column":26},"end":{"line":767,"column":27}},"loc":{"start":{"line":767,"column":33},"end":{"line":767,"column":97}},"line":767},"70":{"name":"(anonymous_70)","decl":{"start":{"line":767,"column":38},"end":{"line":767,"column":39}},"loc":{"start":{"line":767,"column":46},"end":{"line":767,"column":95}},"line":767},"71":{"name":"(anonymous_71)","decl":{"start":{"line":782,"column":23},"end":{"line":782,"column":24}},"loc":{"start":{"line":783,"column":16},"end":{"line":783,"column":87}},"line":783},"72":{"name":"(anonymous_72)","decl":{"start":{"line":816,"column":49},"end":{"line":816,"column":50}},"loc":{"start":{"line":816,"column":62},"end":{"line":839,"column":15}},"line":816},"73":{"name":"(anonymous_73)","decl":{"start":{"line":852,"column":23},"end":{"line":852,"column":24}},"loc":{"start":{"line":853,"column":16},"end":{"line":853,"column":97}},"line":853},"74":{"name":"(anonymous_74)","decl":{"start":{"line":990,"column":21},"end":{"line":990,"column":22}},"loc":{"start":{"line":990,"column":27},"end":{"line":990,"column":77}},"line":990}},"branchMap":{"0":{"loc":{"start":{"line":49,"column":27},"end":{"line":49,"column":69}},"type":"cond-expr","locations":[{"start":{"line":49,"column":44},"end":{"line":49,"column":53}},{"start":{"line":49,"column":56},"end":{"line":49,"column":69}}],"line":49},"1":{"loc":{"start":{"line":53,"column":30},"end":{"line":53,"column":66}},"type":"cond-expr","locations":[{"start":{"line":53,"column":47},"end":{"line":53,"column":54}},{"start":{"line":53,"column":57},"end":{"line":53,"column":66}}],"line":53},"2":{"loc":{"start":{"line":61,"column":27},"end":{"line":61,"column":70}},"type":"cond-expr","locations":[{"start":{"line":61,"column":45},"end":{"line":61,"column":54}},{"start":{"line":61,"column":57},"end":{"line":61,"column":70}}],"line":61},"3":{"loc":{"start":{"line":65,"column":30},"end":{"line":65,"column":67}},"type":"cond-expr","locations":[{"start":{"line":65,"column":48},"end":{"line":65,"column":55}},{"start":{"line":65,"column":58},"end":{"line":65,"column":67}}],"line":65},"4":{"loc":{"start":{"line":76,"column":2},"end":{"line":76,"column":10}},"type":"default-arg","locations":[{"start":{"line":76,"column":9},"end":{"line":76,"column":10}}],"line":76},"5":{"loc":{"start":{"line":77,"column":2},"end":{"line":77,"column":11}},"type":"default-arg","locations":[{"start":{"line":77,"column":9},"end":{"line":77,"column":11}}],"line":77},"6":{"loc":{"start":{"line":102,"column":4},"end":{"line":107,"column":5}},"type":"if","locations":[{"start":{"line":102,"column":4},"end":{"line":107,"column":5}},{"start":{},"end":{}}],"line":102},"7":{"loc":{"start":{"line":102,"column":8},"end":{"line":102,"column":57}},"type":"binary-expr","locations":[{"start":{"line":102,"column":8},"end":{"line":102,"column":24}},{"start":{"line":102,"column":28},"end":{"line":102,"column":57}}],"line":102},"8":{"loc":{"start":{"line":104,"column":6},"end":{"line":106,"column":7}},"type":"if","locations":[{"start":{"line":104,"column":6},"end":{"line":106,"column":7}},{"start":{},"end":{}}],"line":104},"9":{"loc":{"start":{"line":104,"column":10},"end":{"line":104,"column":49}},"type":"binary-expr","locations":[{"start":{"line":104,"column":10},"end":{"line":104,"column":27}},{"start":{"line":104,"column":31},"end":{"line":104,"column":49}}],"line":104},"10":{"loc":{"start":{"line":111,"column":4},"end":{"line":114,"column":5}},"type":"if","locations":[{"start":{"line":111,"column":4},"end":{"line":114,"column":5}},{"start":{},"end":{}}],"line":111},"11":{"loc":{"start":{"line":111,"column":8},"end":{"line":111,"column":40}},"type":"binary-expr","locations":[{"start":{"line":111,"column":8},"end":{"line":111,"column":17}},{"start":{"line":111,"column":21},"end":{"line":111,"column":40}}],"line":111},"12":{"loc":{"start":{"line":144,"column":9},"end":{"line":217,"column":9}},"type":"binary-expr","locations":[{"start":{"line":144,"column":9},"end":{"line":144,"column":18}},{"start":{"line":145,"column":10},"end":{"line":216,"column":12}}],"line":144},"13":{"loc":{"start":{"line":163,"column":14},"end":{"line":172,"column":15}},"type":"if","locations":[{"start":{"line":163,"column":14},"end":{"line":172,"column":15}},{"start":{"line":166,"column":21},"end":{"line":172,"column":15}}],"line":163},"14":{"loc":{"start":{"line":166,"column":21},"end":{"line":172,"column":15}},"type":"if","locations":[{"start":{"line":166,"column":21},"end":{"line":172,"column":15}},{"start":{"line":169,"column":21},"end":{"line":172,"column":15}}],"line":166},"15":{"loc":{"start":{"line":178,"column":14},"end":{"line":180,"column":15}},"type":"if","locations":[{"start":{"line":178,"column":14},"end":{"line":180,"column":15}},{"start":{},"end":{}}],"line":178},"16":{"loc":{"start":{"line":192,"column":29},"end":{"line":192,"column":44}},"type":"cond-expr","locations":[{"start":{"line":192,"column":39},"end":{"line":192,"column":40}},{"start":{"line":192,"column":43},"end":{"line":192,"column":44}}],"line":192},"17":{"loc":{"start":{"line":193,"column":30},"end":{"line":193,"column":47}},"type":"cond-expr","locations":[{"start":{"line":193,"column":40},"end":{"line":193,"column":42}},{"start":{"line":193,"column":45},"end":{"line":193,"column":47}}],"line":193},"18":{"loc":{"start":{"line":198,"column":19},"end":{"line":212,"column":19}},"type":"binary-expr","locations":[{"start":{"line":198,"column":19},"end":{"line":198,"column":26}},{"start":{"line":199,"column":20},"end":{"line":211,"column":27}}],"line":198},"19":{"loc":{"start":{"line":228,"column":22},"end":{"line":228,"column":35}},"type":"binary-expr","locations":[{"start":{"line":228,"column":22},"end":{"line":228,"column":27}},{"start":{"line":228,"column":31},"end":{"line":228,"column":35}}],"line":228},"20":{"loc":{"start":{"line":341,"column":25},"end":{"line":341,"column":55}},"type":"cond-expr","locations":[{"start":{"line":341,"column":36},"end":{"line":341,"column":45}},{"start":{"line":341,"column":48},"end":{"line":341,"column":55}}],"line":341},"21":{"loc":{"start":{"line":357,"column":17},"end":{"line":357,"column":47}},"type":"cond-expr","locations":[{"start":{"line":357,"column":28},"end":{"line":357,"column":35}},{"start":{"line":357,"column":38},"end":{"line":357,"column":47}}],"line":357},"22":{"loc":{"start":{"line":369,"column":23},"end":{"line":369,"column":53}},"type":"cond-expr","locations":[{"start":{"line":369,"column":34},"end":{"line":369,"column":41}},{"start":{"line":369,"column":44},"end":{"line":369,"column":53}}],"line":369},"23":{"loc":{"start":{"line":372,"column":19},"end":{"line":372,"column":37}},"type":"cond-expr","locations":[{"start":{"line":372,"column":30},"end":{"line":372,"column":31}},{"start":{"line":372,"column":34},"end":{"line":372,"column":37}}],"line":372},"24":{"loc":{"start":{"line":375,"column":9},"end":{"line":384,"column":9}},"type":"binary-expr","locations":[{"start":{"line":375,"column":9},"end":{"line":375,"column":17}},{"start":{"line":376,"column":10},"end":{"line":383,"column":12}}],"line":375},"25":{"loc":{"start":{"line":394,"column":22},"end":{"line":394,"column":50}},"type":"cond-expr","locations":[{"start":{"line":394,"column":34},"end":{"line":394,"column":41}},{"start":{"line":394,"column":44},"end":{"line":394,"column":50}}],"line":394},"26":{"loc":{"start":{"line":407,"column":9},"end":{"line":407,"column":47}},"type":"cond-expr","locations":[{"start":{"line":407,"column":21},"end":{"line":407,"column":28}},{"start":{"line":407,"column":31},"end":{"line":407,"column":47}}],"line":407},"27":{"loc":{"start":{"line":429,"column":4},"end":{"line":450,"column":5}},"type":"if","locations":[{"start":{"line":429,"column":4},"end":{"line":450,"column":5}},{"start":{"line":448,"column":11},"end":{"line":450,"column":5}}],"line":429},"28":{"loc":{"start":{"line":429,"column":8},"end":{"line":429,"column":47}},"type":"binary-expr","locations":[{"start":{"line":429,"column":8},"end":{"line":429,"column":19}},{"start":{"line":429,"column":23},"end":{"line":429,"column":47}}],"line":429},"29":{"loc":{"start":{"line":439,"column":8},"end":{"line":446,"column":9}},"type":"if","locations":[{"start":{"line":439,"column":8},"end":{"line":446,"column":9}},{"start":{"line":441,"column":15},"end":{"line":446,"column":9}}],"line":439},"30":{"loc":{"start":{"line":458,"column":4},"end":{"line":458,"column":55}},"type":"if","locations":[{"start":{"line":458,"column":4},"end":{"line":458,"column":55}},{"start":{},"end":{}}],"line":458},"31":{"loc":{"start":{"line":459,"column":4},"end":{"line":459,"column":55}},"type":"if","locations":[{"start":{"line":459,"column":4},"end":{"line":459,"column":55}},{"start":{},"end":{}}],"line":459},"32":{"loc":{"start":{"line":460,"column":4},"end":{"line":460,"column":88}},"type":"if","locations":[{"start":{"line":460,"column":4},"end":{"line":460,"column":88}},{"start":{},"end":{}}],"line":460},"33":{"loc":{"start":{"line":460,"column":38},"end":{"line":460,"column":87}},"type":"binary-expr","locations":[{"start":{"line":460,"column":38},"end":{"line":460,"column":60}},{"start":{"line":460,"column":64},"end":{"line":460,"column":87}}],"line":460},"34":{"loc":{"start":{"line":461,"column":4},"end":{"line":461,"column":54}},"type":"if","locations":[{"start":{"line":461,"column":4},"end":{"line":461,"column":54}},{"start":{},"end":{}}],"line":461},"35":{"loc":{"start":{"line":462,"column":4},"end":{"line":462,"column":64}},"type":"if","locations":[{"start":{"line":462,"column":4},"end":{"line":462,"column":64}},{"start":{},"end":{}}],"line":462},"36":{"loc":{"start":{"line":467,"column":4},"end":{"line":475,"column":5}},"type":"if","locations":[{"start":{"line":467,"column":4},"end":{"line":475,"column":5}},{"start":{},"end":{}}],"line":467},"37":{"loc":{"start":{"line":476,"column":4},"end":{"line":480,"column":5}},"type":"if","locations":[{"start":{"line":476,"column":4},"end":{"line":480,"column":5}},{"start":{},"end":{}}],"line":476},"38":{"loc":{"start":{"line":509,"column":4},"end":{"line":509,"column":29}},"type":"if","locations":[{"start":{"line":509,"column":4},"end":{"line":509,"column":29}},{"start":{},"end":{}}],"line":509},"39":{"loc":{"start":{"line":513,"column":25},"end":{"line":513,"column":84}},"type":"binary-expr","locations":[{"start":{"line":513,"column":25},"end":{"line":513,"column":47}},{"start":{"line":513,"column":51},"end":{"line":513,"column":84}}],"line":513},"40":{"loc":{"start":{"line":515,"column":6},"end":{"line":531,"column":7}},"type":"if","locations":[{"start":{"line":515,"column":6},"end":{"line":531,"column":7}},{"start":{"line":517,"column":13},"end":{"line":531,"column":7}}],"line":515},"41":{"loc":{"start":{"line":524,"column":10},"end":{"line":524,"column":41}},"type":"if","locations":[{"start":{"line":524,"column":10},"end":{"line":524,"column":41}},{"start":{},"end":{}}],"line":524},"42":{"loc":{"start":{"line":526,"column":27},"end":{"line":526,"column":92}},"type":"cond-expr","locations":[{"start":{"line":526,"column":46},"end":{"line":526,"column":88}},{"start":{"line":526,"column":91},"end":{"line":526,"column":92}}],"line":526},"43":{"loc":{"start":{"line":547,"column":4},"end":{"line":901,"column":5}},"type":"switch","locations":[{"start":{"line":548,"column":6},"end":{"line":585,"column":10}},{"start":{"line":586,"column":6},"end":{"line":601,"column":10}},{"start":{"line":602,"column":6},"end":{"line":610,"column":10}},{"start":{"line":611,"column":6},"end":{"line":629,"column":10}},{"start":{"line":630,"column":6},"end":{"line":653,"column":10}},{"start":{"line":654,"column":6},"end":{"line":669,"column":10}},{"start":{"line":670,"column":6},"end":{"line":691,"column":10}},{"start":{"line":692,"column":6},"end":{"line":707,"column":10}},{"start":{"line":708,"column":6},"end":{"line":729,"column":10}},{"start":{"line":730,"column":6},"end":{"line":742,"column":10}},{"start":{"line":743,"column":6},"end":{"line":756,"column":10}},{"start":{"line":757,"column":6},"end":{"line":772,"column":10}},{"start":{"line":773,"column":6},"end":{"line":842,"column":10}},{"start":{"line":843,"column":6},"end":{"line":898,"column":10}},{"start":{"line":899,"column":6},"end":{"line":900,"column":20}}],"line":547},"44":{"loc":{"start":{"line":570,"column":16},"end":{"line":578,"column":34}},"type":"cond-expr","locations":[{"start":{"line":577,"column":20},"end":{"line":577,"column":22}},{"start":{"line":578,"column":21},"end":{"line":578,"column":33}}],"line":570},"45":{"loc":{"start":{"line":576,"column":27},"end":{"line":576,"column":39}},"type":"binary-expr","locations":[{"start":{"line":576,"column":27},"end":{"line":576,"column":33}},{"start":{"line":576,"column":37},"end":{"line":576,"column":39}}],"line":576},"46":{"loc":{"start":{"line":578,"column":21},"end":{"line":578,"column":33}},"type":"binary-expr","locations":[{"start":{"line":578,"column":21},"end":{"line":578,"column":27}},{"start":{"line":578,"column":31},"end":{"line":578,"column":33}}],"line":578},"47":{"loc":{"start":{"line":607,"column":32},"end":{"line":607,"column":45}},"type":"binary-expr","locations":[{"start":{"line":607,"column":32},"end":{"line":607,"column":37}},{"start":{"line":607,"column":41},"end":{"line":607,"column":45}}],"line":607},"48":{"loc":{"start":{"line":617,"column":23},"end":{"line":617,"column":43}},"type":"binary-expr","locations":[{"start":{"line":617,"column":23},"end":{"line":617,"column":35}},{"start":{"line":617,"column":39},"end":{"line":617,"column":43}}],"line":617},"49":{"loc":{"start":{"line":621,"column":21},"end":{"line":621,"column":53}},"type":"cond-expr","locations":[{"start":{"line":621,"column":46},"end":{"line":621,"column":48}},{"start":{"line":621,"column":51},"end":{"line":621,"column":53}}],"line":621},"50":{"loc":{"start":{"line":622,"column":21},"end":{"line":622,"column":55}},"type":"cond-expr","locations":[{"start":{"line":622,"column":46},"end":{"line":622,"column":49}},{"start":{"line":622,"column":52},"end":{"line":622,"column":55}}],"line":622},"51":{"loc":{"start":{"line":623,"column":23},"end":{"line":623,"column":37}},"type":"binary-expr","locations":[{"start":{"line":623,"column":23},"end":{"line":623,"column":31}},{"start":{"line":623,"column":35},"end":{"line":623,"column":37}}],"line":623},"52":{"loc":{"start":{"line":624,"column":22},"end":{"line":624,"column":42}},"type":"binary-expr","locations":[{"start":{"line":624,"column":22},"end":{"line":624,"column":34}},{"start":{"line":624,"column":38},"end":{"line":624,"column":42}}],"line":624},"53":{"loc":{"start":{"line":636,"column":21},"end":{"line":636,"column":33}},"type":"binary-expr","locations":[{"start":{"line":636,"column":21},"end":{"line":636,"column":27}},{"start":{"line":636,"column":31},"end":{"line":636,"column":33}}],"line":636},"54":{"loc":{"start":{"line":648,"column":26},"end":{"line":648,"column":38}},"type":"binary-expr","locations":[{"start":{"line":648,"column":26},"end":{"line":648,"column":32}},{"start":{"line":648,"column":36},"end":{"line":648,"column":38}}],"line":648},"55":{"loc":{"start":{"line":685,"column":21},"end":{"line":685,"column":50}},"type":"binary-expr","locations":[{"start":{"line":685,"column":21},"end":{"line":685,"column":44}},{"start":{"line":685,"column":48},"end":{"line":685,"column":50}}],"line":685},"56":{"loc":{"start":{"line":701,"column":23},"end":{"line":701,"column":42}},"type":"binary-expr","locations":[{"start":{"line":701,"column":23},"end":{"line":701,"column":37}},{"start":{"line":701,"column":41},"end":{"line":701,"column":42}}],"line":701},"57":{"loc":{"start":{"line":722,"column":28},"end":{"line":722,"column":71}},"type":"cond-expr","locations":[{"start":{"line":722,"column":51},"end":{"line":722,"column":63}},{"start":{"line":722,"column":67},"end":{"line":722,"column":71}}],"line":722},"58":{"loc":{"start":{"line":722,"column":51},"end":{"line":722,"column":63}},"type":"binary-expr","locations":[{"start":{"line":722,"column":51},"end":{"line":722,"column":57}},{"start":{"line":722,"column":61},"end":{"line":722,"column":63}}],"line":722},"59":{"loc":{"start":{"line":736,"column":21},"end":{"line":736,"column":33}},"type":"binary-expr","locations":[{"start":{"line":736,"column":21},"end":{"line":736,"column":27}},{"start":{"line":736,"column":31},"end":{"line":736,"column":33}}],"line":736},"60":{"loc":{"start":{"line":749,"column":21},"end":{"line":749,"column":42}},"type":"binary-expr","locations":[{"start":{"line":749,"column":21},"end":{"line":749,"column":36}},{"start":{"line":749,"column":40},"end":{"line":749,"column":42}}],"line":749},"61":{"loc":{"start":{"line":766,"column":23},"end":{"line":766,"column":41}},"type":"binary-expr","locations":[{"start":{"line":766,"column":23},"end":{"line":766,"column":36}},{"start":{"line":766,"column":40},"end":{"line":766,"column":41}}],"line":766},"62":{"loc":{"start":{"line":783,"column":16},"end":{"line":783,"column":87}},"type":"cond-expr","locations":[{"start":{"line":783,"column":58},"end":{"line":783,"column":67}},{"start":{"line":783,"column":70},"end":{"line":783,"column":87}}],"line":783},"63":{"loc":{"start":{"line":783,"column":16},"end":{"line":783,"column":55}},"type":"binary-expr","locations":[{"start":{"line":783,"column":16},"end":{"line":783,"column":40}},{"start":{"line":783,"column":44},"end":{"line":783,"column":55}}],"line":783},"64":{"loc":{"start":{"line":786,"column":34},"end":{"line":786,"column":73}},"type":"binary-expr","locations":[{"start":{"line":786,"column":34},"end":{"line":786,"column":58}},{"start":{"line":786,"column":62},"end":{"line":786,"column":73}}],"line":786},"65":{"loc":{"start":{"line":787,"column":15},"end":{"line":801,"column":15}},"type":"binary-expr","locations":[{"start":{"line":787,"column":15},"end":{"line":787,"column":27}},{"start":{"line":787,"column":31},"end":{"line":787,"column":44}},{"start":{"line":788,"column":16},"end":{"line":800,"column":23}}],"line":787},"66":{"loc":{"start":{"line":804,"column":13},"end":{"line":804,"column":86}},"type":"binary-expr","locations":[{"start":{"line":804,"column":13},"end":{"line":804,"column":25}},{"start":{"line":804,"column":29},"end":{"line":804,"column":41}},{"start":{"line":804,"column":45},"end":{"line":804,"column":86}}],"line":804},"67":{"loc":{"start":{"line":822,"column":39},"end":{"line":822,"column":80}},"type":"cond-expr","locations":[{"start":{"line":822,"column":55},"end":{"line":822,"column":64}},{"start":{"line":822,"column":67},"end":{"line":822,"column":80}}],"line":822},"68":{"loc":{"start":{"line":832,"column":31},"end":{"line":832,"column":66}},"type":"cond-expr","locations":[{"start":{"line":832,"column":47},"end":{"line":832,"column":54}},{"start":{"line":832,"column":57},"end":{"line":832,"column":66}}],"line":832},"69":{"loc":{"start":{"line":853,"column":16},"end":{"line":853,"column":97}},"type":"cond-expr","locations":[{"start":{"line":853,"column":63},"end":{"line":853,"column":72}},{"start":{"line":853,"column":75},"end":{"line":853,"column":97}}],"line":853},"70":{"loc":{"start":{"line":853,"column":16},"end":{"line":853,"column":60}},"type":"binary-expr","locations":[{"start":{"line":853,"column":16},"end":{"line":853,"column":45}},{"start":{"line":853,"column":49},"end":{"line":853,"column":60}}],"line":853},"71":{"loc":{"start":{"line":856,"column":34},"end":{"line":856,"column":78}},"type":"binary-expr","locations":[{"start":{"line":856,"column":34},"end":{"line":856,"column":63}},{"start":{"line":856,"column":67},"end":{"line":856,"column":78}}],"line":856},"72":{"loc":{"start":{"line":857,"column":15},"end":{"line":871,"column":15}},"type":"binary-expr","locations":[{"start":{"line":857,"column":15},"end":{"line":857,"column":27}},{"start":{"line":857,"column":31},"end":{"line":857,"column":49}},{"start":{"line":858,"column":16},"end":{"line":870,"column":23}}],"line":857},"73":{"loc":{"start":{"line":874,"column":13},"end":{"line":874,"column":96}},"type":"binary-expr","locations":[{"start":{"line":874,"column":13},"end":{"line":8
[...]
"start":{"line":5,"column":27},"end":{"line":5,"column":38}},"2":{"start":{"line":6,"column":32},"end":{"line":6,"column":49}},"3":{"start":{"line":7,"column":29},"end":{"line":7,"column":42}},"4":{"start":{"line":9,"column":16},"end":{"line":9,"column":54}},"5":{"start":{"line":12,"column":18},"end":{"line":12,"column":20}},"6":{"start":{"line":13,"column":2},"end":{"line":26,"column":3}},"7":{"start":{"line":14,"column":23},"end":{"line":14,"column":38}},"8":{"start":{"line":15,"column":20},"end":{"line":15,"column":72}},"9":{"start":{"line":16,"column":4},"end":{"line":16,"column":47}},"10":{"start":{"line":17,"column":9},"end":{"line":26,"column":3}},"11":{"start":{"line":18,"column":44},"end":{"line":24,"column":5}},"12":{"start":{"line":25,"column":4},"end":{"line":25,"column":58}},"13":{"start":{"line":29,"column":19},"end":{"line":29,"column":21}},"14":{"start":{"line":30,"column":2},"end":{"line":35,"column":3}},"15":{"start":{"line":31,"column":24},"end":{"line":31,"column":39}},"16":{"start":{"line":32,"column":4},"end":{"line":32,"column":49}},"17":{"start":{"line":33,"column":9},"end":{"line":35,"column":3}},"18":{"start":{"line":34,"column":4},"end":{"line":34,"column":57}},"19":{"start":{"line":38,"column":20},"end":{"line":38,"column":22}},"20":{"start":{"line":39,"column":2},"end":{"line":47,"column":3}},"21":{"start":{"line":40,"column":25},"end":{"line":40,"column":47}},"22":{"start":{"line":41,"column":4},"end":{"line":41,"column":42}},"23":{"start":{"line":42,"column":9},"end":{"line":47,"column":3}},"24":{"start":{"line":46,"column":4},"end":{"line":46,"column":63}},"25":{"start":{"line":50,"column":27},"end":{"line":50,"column":72}},"26":{"start":{"line":53,"column":23},"end":{"line":53,"column":78}},"27":{"start":{"line":53,"column":48},"end":{"line":53,"column":77}},"28":{"start":{"line":54,"column":26},"end":{"line":54,"column":83}},"29":{"start":{"line":54,"column":53},"end":{"line":54,"column":82}},"30":{"start":{"line":55,"column":27},"end":{"line":55,"column":68}},"31":{"start":{"line":58,"column":21},"end":{"line":64,"column":3}},"32":{"start":{"line":66,"column":2},"end":{"line":75,"column":4}}},"fnMap":{"0":{"name":"selectMindMateWellnessScore","decl":{"start":{"line":3,"column":16},"end":{"line":3,"column":43}},"loc":{"start":{"line":3,"column":62},"end":{"line":76,"column":1}},"line":3},"1":{"name":"(anonymous_1)","decl":{"start":{"line":53,"column":41},"end":{"line":53,"column":42}},"loc":{"start":{"line":53,"column":48},"end":{"line":53,"column":77}},"line":53},"2":{"name":"(anonymous_2)","decl":{"start":{"line":54,"column":46},"end":{"line":54,"column":47}},"loc":{"start":{"line":54,"column":53},"end":{"line":54,"column":82}},"line":54}},"branchMap":{"0":{"loc":{"start":{"line":13,"column":2},"end":{"line":26,"column":3}},"type":"if","locations":[{"start":{"line":13,"column":2},"end":{"line":26,"column":3}},{"start":{"line":17,"column":9},"end":{"line":26,"column":3}}],"line":13},"1":{"loc":{"start":{"line":16,"column":16},"end":{"line":16,"column":46}},"type":"binary-expr","locations":[{"start":{"line":16,"column":16},"end":{"line":16,"column":40}},{"start":{"line":16,"column":44},"end":{"line":16,"column":46}}],"line":16},"2":{"loc":{"start":{"line":17,"column":9},"end":{"line":26,"column":3}},"type":"if","locations":[{"start":{"line":17,"column":9},"end":{"line":26,"column":3}},{"start":{},"end":{}}],"line":17},"3":{"loc":{"start":{"line":25,"column":16},"end":{"line":25,"column":57}},"type":"binary-expr","locations":[{"start":{"line":25,"column":16},"end":{"line":25,"column":51}},{"start":{"line":25,"column":55},"end":{"line":25,"column":57}}],"line":25},"4":{"loc":{"start":{"line":30,"column":2},"end":{"line":35,"column":3}},"type":"if","locations":[{"start":{"line":30,"column":2},"end":{"line":35,"column":3}},{"start":{"line":33,"column":9},"end":{"line":35,"column":3}}],"line":30},"5":{"loc":{"start":{"line":32,"column":18},"end":{"line":32,"column":42}},"type":"binary-expr","locations":[{"start":{"line":32,"column":18},"end":{"line":32,"column":37}},{"start":{"line":32,"column":41},"end":{"line":32,"column":42}}],"line":32},"6":{"loc":{"start":{"line":33,"column":9},"end":{"line":35,"column":3}},"type":"if","locations":[{"start":{"line":33,"column":9},"end":{"line":35,"column":3}},{"start":{},"end":{}}],"line":33},"7":{"loc":{"start":{"line":39,"column":2},"end":{"line":47,"column":3}},"type":"if","locations":[{"start":{"line":39,"column":2},"end":{"line":47,"column":3}},{"start":{"line":42,"column":9},"end":{"line":47,"column":3}}],"line":39},"8":{"loc":{"start":{"line":42,"column":9},"end":{"line":47,"column":3}},"type":"if","locations":[{"start":{"line":42,"column":9},"end":{"line":47,"column":3}},{"start":{},"end":{}}],"line":42},"9":{"loc":{"start":{"line":43,"column":4},"end":{"line":44,"column":47}},"type":"binary-expr","locations":[{"start":{"line":43,"column":4},"end":{"line":43,"column":52}},{"start":{"line":44,"column":4},"end":{"line":44,"column":47}}],"line":43},"10":{"loc":{"start":{"line":55,"column":27},"end":{"line":55,"column":68}},"type":"cond-expr","locations":[{"start":{"line":55,"column":61},"end":{"line":55,"column":64}},{"start":{"line":55,"column":67},"end":{"line":55,"column":68}}],"line":55},"11":{"loc":{"start":{"line":55,"column":27},"end":{"line":55,"column":58}},"type":"binary-expr","locations":[{"start":{"line":55,"column":27},"end":{"line":55,"column":39}},{"start":{"line":55,"column":43},"end":{"line":55,"column":58}}],"line":55}},"s":{"0":0,"1":0,"2":0,"3":0,"4":0,"5":0,"6":0,"7":0,"8":0,"9":0,"10":0,"11":0,"12":0,"13":0,"14":0,"15":0,"16":0,"17":0,"18":0,"19":0,"20":0,"21":0,"22":0,"23":0,"24":0,"25":0,"26":0,"27":0,"28":0,"29":0,"30":0,"31":0,"32":0},"f":{"0":0,"1":0,"2":0},"b":{"0":[0,0],"1":[0,0],"2":[0,0],"3":[0,0],"4":[0,0],"5":[0,0],"6":[0,0],"7":[0,0],"8":[0,0],"9":[0,0],"10":[0,0],"11":[0,0]}}
,"/Users/matthill8286/WebstormProjects/Mind-Matter-App-main/store/sleep.ts": {"path":"/Users/matthill8286/WebstormProjects/Mind-Matter-App-main/store/sleep.ts","statementMap":{"0":{"start":{"line":10,"column":33},"end":{"line":14,"column":1}},"1":{"start":{"line":16,"column":33},"end":{"line":18,"column":2}},"2":{"start":{"line":17,"column":2},"end":{"line":17,"column":34}},"3":{"start":{"line":20,"column":29},"end":{"line":28,"column":1}},"4":{"start":{"line":23,"column":18},"end":{"line":23,"column":53}},"5":{"start":{"line":24,"column":17},"end":{"line":24,"column":100}},"6":{"start":{"line":24,"column":70},"end":{"line":24,"column":98}},"7":{"start":{"line":25,"column":4},"end":{"line":25,"column":33}},"8":{"start":{"line":26,"column":4},"end":{"line":26,"column":34}},"9":{"start":{"line":30,"column":19},"end":{"line":54,"column":2}},"10":{"start":{"line":35,"column":6},"end":{"line":35,"column":84}},"11":{"start":{"line":36,"column":6},"end":{"line":36,"column":36}},"12":{"start":{"line":39,"column":6},"end":{"line":39,"column":54}},"13":{"start":{"line":42,"column":6},"end":{"line":42,"column":36}},"14":{"start":{"line":45,"column":6},"end":{"line":45,"column":37}},"15":{"start":{"line":46,"column":6},"end":{"line":46,"column":36}},"16":{"start":{"line":50,"column":4},"end":{"line":52,"column":7}},"17":{"start":{"line":51,"column":6},"end":{"line":51,"column":42}},"18":{"start":{"line":61,"column":4},"end":{"line":61,"column":22}}},"fnMap":{"0":{"name":"(anonymous_0)","decl":{"start":{"line":16,"column":77},"end":{"line":16,"column":78}},"loc":{"start":{"line":16,"column":89},"end":{"line":18,"column":1}},"line":16},"1":{"name":"(anonymous_1)","decl":{"start":{"line":22,"column":2},"end":{"line":22,"column":3}},"loc":{"start":{"line":22,"column":55},"end":{"line":27,"column":3}},"line":22},"2":{"name":"(anonymous_2)","decl":{"start":{"line":24,"column":59},"end":{"line":24,"column":60}},"loc":{"start":{"line":24,"column":70},"end":{"line":24,"column":98}},"line":24},"3":{"name":"(anonymous_3)","decl":{"start":{"line":34,"column":20},"end":{"line":34,"column":21}},"loc":{"start":{"line":34,"column":77},"end":{"line":37,"column":5}},"line":34},"4":{"name":"(anonymous_4)","decl":{"start":{"line":38,"column":22},"end":{"line":38,"column":23}},"loc":{"start":{"line":38,"column":77},"end":{"line":40,"column":5}},"line":38},"5":{"name":"(anonymous_5)","decl":{"start":{"line":41,"column":24},"end":{"line":41,"column":25}},"loc":{"start":{"line":41,"column":35},"end":{"line":43,"column":5}},"line":41},"6":{"name":"(anonymous_6)","decl":{"start":{"line":44,"column":18},"end":{"line":44,"column":19}},"loc":{"start":{"line":44,"column":29},"end":{"line":47,"column":5}},"line":44},"7":{"name":"(anonymous_7)","decl":{"start":{"line":49,"column":17},"end":{"line":49,"column":18}},"loc":{"start":{"line":49,"column":30},"end":{"line":53,"column":3}},"line":49},"8":{"name":"(anonymous_8)","decl":{"start":{"line":50,"column":49},"end":{"line":50,"column":50}},"loc":{"start":{"line":50,"column":68},"end":{"line":52,"column":5}},"line":50}},"branchMap":{"0":{"loc":{"start":{"line":24,"column":70},"end":{"line":24,"column":98}},"type":"cond-expr","locations":[{"start":{"line":24,"column":92},"end":{"line":24,"column":93}},{"start":{"line":24,"column":96},"end":{"line":24,"column":98}}],"line":24},"1":{"loc":{"start":{"line":35,"column":32},"end":{"line":35,"column":83}},"type":"binary-expr","locations":[{"start":{"line":35,"column":32},"end":{"line":35,"column":55}},{"start":{"line":35,"column":59},"end":{"line":35,"column":83}}],"line":35}},"s":{"0":2,"1":2,"2":3,"3":2,"4":0,"5":0,"6":0,"7":0,"8":0,"9":2,"10":0,"11":0,"12":0,"13":0,"14":0,"15":0,"16":2,"17":0,"18":2},"f":{"0":3,"1":0,"2":0,"3":0,"4":0,"5":0,"6":0,"7":2,"8":0},"b":{"0":[0,0],"1":[0,0]},"_coverageSchema":"1a1c01bbd47fc00a2c39e90264f33305004495a9","hash":"d6ade6de11cc2bc493c1d8990a56cf50910459ff"}
,"/Users/matthill8286/WebstormProjects/Mind-Matter-App-main/store/stress.ts": {"path":"/Users/matthill8286/WebstormProjects/Mind-Matter-App-main/store/stress.ts","statementMap":{"0":{"start":{"line":8,"column":34},"end":{"line":10,"column":1}},"1":{"start":{"line":12,"column":30},"end":{"line":14,"column":2}},"2":{"start":{"line":13,"column":2},"end":{"line":13,"column":30}},"3":{"start":{"line":16,"column":31},"end":{"line":19,"column":2}},"4":{"start":{"line":17,"column":2},"end":{"line":17,"column":27}},"5":{"start":{"line":18,"column":2},"end":{"line":18,"column":13}},"6":{"start":{"line":21,"column":20},"end":{"line":34,"column":2}},"7":{"start":{"line":26,"column":4},"end":{"line":32,"column":9}},"8":{"start":{"line":28,"column":8},"end":{"line":28,"column":41}},"9":{"start":{"line":31,"column":8},"end":{"line":31,"column":41}}},"fnMap":{"0":{"name":"(anonymous_0)","decl":{"start":{"line":12,"column":72},"end":{"line":12,"column":73}},"loc":{"start":{"line":12,"column":84},"end":{"line":14,"column":1}},"line":12},"1":{"name":"(anonymous_1)","decl":{"start":{"line":16,"column":74},"end":{"line":16,"column":75}},"loc":{"start":{"line":16,"column":100},"end":{"line":19,"column":1}},"line":16},"2":{"name":"(anonymous_2)","decl":{"start":{"line":25,"column":17},"end":{"line":25,"column":18}},"loc":{"start":{"line":25,"column":30},"end":{"line":33,"column":3}},"line":25},"3":{"name":"(anonymous_3)","decl":{"start":{"line":27,"column":41},"end":{"line":27,"column":42}},"loc":{"start":{"line":27,"column":60},"end":{"line":29,"column":7}},"line":27},"4":{"name":"(anonymous_4)","decl":{"start":{"line":30,"column":42},"end":{"line":30,"column":43}},"loc":{"start":{"line":30,"column":61},"end":{"line":32,"column":7}},"line":30}},"branchMap":{},"s":{"0":2,"1":2,"2":3,"3":2,"4":0,"5":0,"6":2,"7":2,"8":0,"9":0},"f":{"0":3,"1":0,"2":2,"3":0,"4":0},"b":{},"_coverageSchema":"1a1c01bbd47fc00a2c39e90264f33305004495a9","hash":"1a336fd27ae445ce8120cf54cb4fd1df036409da"}
,"/Users/matthill8286/WebstormProjects/Mind-Matter-App-main/store/ui.ts": {"path":"/Users/matthill8286/WebstormProjects/Mind-Matter-App-main/store/ui.ts","statementMap":{"0":{"start":{"line":26,"column":30},"end":{"line":34,"column":1}},"1":{"start":{"line":36,"column":24},"end":{"line":45,"column":2}},"2":{"start":{"line":37,"column":2},"end":{"line":44,"column":5}},"3":{"start":{"line":47,"column":16},"end":{"line":78,"column":2}},"4":{"start":{"line":55,"column":6},"end":{"line":60,"column":8}},"5":{"start":{"line":63,"column":6},"end":{"line":63,"column":34}},"6":{"start":{"line":67,"column":4},"end":{"line":76,"column":9}},"7":{"start":{"line":69,"column":8},"end":{"line":69,"column":31}},"8":{"start":{"line":72,"column":8},"end":{"line":72,"column":32}},"9":{"start":{"line":75,"column":8},"end":{"line":75,"column":32}},"10":{"start":{"line":80,"column":40},"end":{"line":80,"column":55}}},"fnMap":{"0":{"name":"(anonymous_0)","decl":{"start":{"line":36,"column":56},"end":{"line":36,"column":57}},"loc":{"start":{"line":36,"column":83},"end":{"line":45,"column":1}},"line":36},"1":{"name":"(anonymous_1)","decl":{"start":{"line":51,"column":15},"end":{"line":51,"column":16}},"loc":{"start":{"line":54,"column":9},"end":{"line":61,"column":5}},"line":54},"2":{"name":"(anonymous_2)","decl":{"start":{"line":62,"column":15},"end":{"line":62,"column":16}},"loc":{"start":{"line":62,"column":26},"end":{"line":64,"column":5}},"line":62},"3":{"name":"(anonymous_3)","decl":{"start":{"line":66,"column":17},"end":{"line":66,"column":18}},"loc":{"start":{"line":66,"column":30},"end":{"line":77,"column":3}},"line":66},"4":{"name":"(anonymous_4)","decl":{"start":{"line":68,"column":33},"end":{"line":68,"column":34}},"loc":{"start":{"line":68,"column":44},"end":{"line":70,"column":7}},"line":68},"5":{"name":"(anonymous_5)","decl":{"start":{"line":71,"column":35},"end":{"line":71,"column":36}},"loc":{"start":{"line":71,"column":46},"end":{"line":73,"column":7}},"line":71},"6":{"name":"(anonymous_6)","decl":{"start":{"line":74,"column":34},"end":{"line":74,"column":35}},"loc":{"start":{"line":74,"column":45},"end":{"line":76,"column":7}},"line":74}},"branchMap":{"0":{"loc":{"start":{"line":59,"column":17},"end":{"line":59,"column":59}},"type":"binary-expr","locations":[{"start":{"line":59,"column":17},"end":{"line":59,"column":39}},{"start":{"line":59,"column":43},"end":{"line":59,"column":59}}],"line":59}},"s":{"0":2,"1":2,"2":3,"3":2,"4":0,"5":0,"6":2,"7":0,"8":0,"9":0,"10":2},"f":{"0":3,"1":0,"2":0,"3":2,"4":0,"5":0,"6":0},"b":{"0":[0,0]},"_coverageSchema":"1a1c01bbd47fc00a2c39e90264f33305004495a9","hash":"f164edfcf5a0fd4aa7896bcf621e40f7147faa6e"}
,"/Users/matthill8286/WebstormProjects/Mind-Matter-App-main/store/user.ts": {"path":"/Users/matthill8286/WebstormProjects/Mind-Matter-App-main/store/user.ts","statementMap":{"0":{"start":{"line":13,"column":32},"end":{"line":17,"column":1}},"1":{"start":{"line":19,"column":33},"end":{"line":22,"column":2}},"2":{"start":{"line":20,"column":14},"end":{"line":20,"column":64}},"3":{"start":{"line":21,"column":2},"end":{"line":21,"column":38}},"4":{"start":{"line":24,"column":31},"end":{"line":30,"column":1}},"5":{"start":{"line":27,"column":4},"end":{"line":27,"column":76}},"6":{"start":{"line":28,"column":4},"end":{"line":28,"column":15}},"7":{"start":{"line":32,"column":31},"end":{"line":35,"column":2}},"8":{"start":{"line":33,"column":14},"end":{"line":33,"column":57}},"9":{"start":{"line":34,"column":2},"end":{"line":34,"column":38}},"10":{"start":{"line":37,"column":28},"end":{"line":40,"column":2}},"11":{"start":{"line":38,"column":14},"end":{"line":38,"column":54}},"12":{"start":{"line":39,"column":2},"end":{"line":39,"column":38}},"13":{"start":{"line":42,"column":29},"end":{"line":45,"column":2}},"14":{"start":{"line":43,"column":2},"end":{"line":43,"column":74}},"15":{"start":{"line":44,"column":2},"end":{"line":44,"column":20}},"16":{"start":{"line":47,"column":26},"end":{"line":50,"column":2}},"17":{"start":{"line":48,"column":2},"end":{"line":48,"column":68}},"18":{"start":{"line":49,"column":2},"end":{"line":49,"column":17}},"19":{"start":{"line":52,"column":18},"end":{"line":77,"column":2}},"20":{"start":{"line":57,"column":4},"end":{"line":75,"column":9}},"21":{"start":{"line":59,"column":8},"end":{"line":59,"column":42}},"22":{"start":{"line":62,"column":8},"end":{"line":62,"column":42}},"23":{"start":{"line":65,"column":8},"end":{"line":65,"column":39}},"24":{"start":{"line":68,"column":8},"end":{"line":68,"column":39}},"25":{"start":{"line":71,"column":8},"end":{"line":71,"column":44}},"26":{"start":{"line":74,"column":8},"end":{"line":74,"column":44}}},"fnMap":{"0":{"name":"(anonymous_0)","decl":{"start":{"line":19,"column":76},"end":{"line":19,"column":77}},"loc":{"start":{"line":19,"column":88},"end":{"line":22,"column":1}},"line":19},"1":{"name":"(anonymous_1)","decl":{"start":{"line":26,"column":2},"end":{"line":26,"column":3}},"loc":{"start":{"line":26,"column":44},"end":{"line":29,"column":3}},"line":26},"2":{"name":"(anonymous_2)","decl":{"start":{"line":32,"column":72},"end":{"line":32,"column":73}},"loc":{"start":{"line":32,"column":84},"end":{"line":35,"column":1}},"line":32},"3":{"name":"(anonymous_3)","decl":{"start":{"line":37,"column":66},"end":{"line":37,"column":67}},"loc":{"start":{"line":37,"column":78},"end":{"line":40,"column":1}},"line":37},"4":{"name":"(anonymous_4)","decl":{"start":{"line":42,"column":68},"end":{"line":42,"column":69}},"loc":{"start":{"line":42,"column":95},"end":{"line":45,"column":1}},"line":42},"5":{"name":"(anonymous_5)","decl":{"start":{"line":47,"column":62},"end":{"line":47,"column":63}},"loc":{"start":{"line":47,"column":86},"end":{"line":50,"column":1}},"line":47},"6":{"name":"(anonymous_6)","decl":{"start":{"line":56,"column":17},"end":{"line":56,"column":18}},"loc":{"start":{"line":56,"column":30},"end":{"line":76,"column":3}},"line":56},"7":{"name":"(anonymous_7)","decl":{"start":{"line":58,"column":42},"end":{"line":58,"column":43}},"loc":{"start":{"line":58,"column":61},"end":{"line":60,"column":7}},"line":58},"8":{"name":"(anonymous_8)","decl":{"start":{"line":61,"column":40},"end":{"line":61,"column":41}},"loc":{"start":{"line":61,"column":59},"end":{"line":63,"column":7}},"line":61},"9":{"name":"(anonymous_9)","decl":{"start":{"line":64,"column":39},"end":{"line":64,"column":40}},"loc":{"start":{"line":64,"column":58},"end":{"line":66,"column":7}},"line":64},"10":{"name":"(anonymous_10)","decl":{"start":{"line":67,"column":37},"end":{"line":67,"column":38}},"loc":{"start":{"line":67,"column":56},"end":{"line":69,"column":7}},"line":67},"11":{"name":"(anonymous_11)","decl":{"start":{"line":70,"column":44},"end":{"line":70,"column":45}},"loc":{"start":{"line":70,"column":63},"end":{"line":72,"column":7}},"line":70},"12":{"name":"(anonymous_12)","decl":{"start":{"line":73,"column":42},"end":{"line":73,"column":43}},"loc":{"start":{"line":73,"column":61},"end":{"line":75,"column":7}},"line":73}},"branchMap":{"0":{"loc":{"start":{"line":21,"column":9},"end":{"line":21,"column":37}},"type":"cond-expr","locations":[{"start":{"line":21,"column":15},"end":{"line":21,"column":30}},{"start":{"line":21,"column":33},"end":{"line":21,"column":37}}],"line":21},"1":{"loc":{"start":{"line":34,"column":9},"end":{"line":34,"column":37}},"type":"cond-expr","locations":[{"start":{"line":34,"column":15},"end":{"line":34,"column":30}},{"start":{"line":34,"column":33},"end":{"line":34,"column":37}}],"line":34},"2":{"loc":{"start":{"line":39,"column":9},"end":{"line":39,"column":37}},"type":"cond-expr","locations":[{"start":{"line":39,"column":15},"end":{"line":39,"column":30}},{"start":{"line":39,"column":33},"end":{"line":39,"column":37}}],"line":39}},"s":{"0":2,"1":2,"2":0,"3":0,"4":2,"5":3,"6":3,"7":2,"8":3,"9":3,"10":2,"11":3,"12":3,"13":2,"14":0,"15":0,"16":2,"17":0,"18":0,"19":2,"20":2,"21":0,"22":0,"23":0,"24":0,"25":0,"26":3},"f":{"0":0,"1":3,"2":3,"3":3,"4":0,"5":0,"6":2,"7":0,"8":0,"9":0,"10":0,"11":0,"12":3},"b":{"0":[0,0],"1":[0,3],"2":[0,3]},"_coverageSchema":"1a1c01bbd47fc00a2c39e90264f33305004495a9","hash":"8f49293884f690173e72bc8192daadd92b9a9e75"}
}
