{"/Users/matthill8286/WebstormProjects/Mind-Matter-App-main/app/_layout.tsx": {"path":"/Users/matthill8286/WebstormProjects/Mind-Matter-App-main/app/_layout.tsx","statementMap":{"0":{"start":{"line":8,"column":2},"end":{"line":23,"column":4}}},"fnMap":{"0":{"name":"RootLayout","decl":{"start":{"line":7,"column":24},"end":{"line":7,"column":34}},"loc":{"start":{"line":7,"column":37},"end":{"line":24,"column":1}},"line":7}},"branchMap":{},"s":{"0":0},"f":{"0":0},"b":{}}
,"/Users/matthill8286/WebstormProjects/Mind-Matter-App-main/app/index.tsx": {"path":"/Users/matthill8286/WebstormProjects/Mind-Matter-App-main/app/index.tsx","statementMap":{"0":{"start":{"line":9,"column":2},"end":{"line":40,"column":9}},"1":{"start":{"line":10,"column":4},"end":{"line":39,"column":9}},"2":{"start":{"line":11,"column":6},"end":{"line":38,"column":7}},"3":{"start":{"line":12,"column":31},"end":{"line":12,"column":79}},"4":{"start":{"line":13,"column":8},"end":{"line":13,"column":83}},"5":{"start":{"line":13,"column":29},"end":{"line":13,"column":83}},"6":{"start":{"line":15,"column":23},"end":{"line":15,"column":68}},"7":{"start":{"line":16,"column":8},"end":{"line":16,"column":62}},"8":{"start":{"line":16,"column":21},"end":{"line":16,"column":62}},"9":{"start":{"line":18,"column":23},"end":{"line":18,"column":73}},"10":{"start":{"line":19,"column":29},"end":{"line":19,"column":63}},"11":{"start":{"line":21,"column":8},"end":{"line":23,"column":9}},"12":{"start":{"line":22,"column":10},"end":{"line":22,"column":57}},"13":{"start":{"line":25,"column":27},"end":{"line":25,"column":70}},"14":{"start":{"line":26,"column":24},"end":{"line":26,"column":64}},"15":{"start":{"line":27,"column":31},"end":{"line":27,"column":78}},"16":{"start":{"line":29,"column":8},"end":{"line":29,"column":75}},"17":{"start":{"line":29,"column":25},"end":{"line":29,"column":75}},"18":{"start":{"line":30,"column":8},"end":{"line":30,"column":75}},"19":{"start":{"line":30,"column":22},"end":{"line":30,"column":75}},"20":{"start":{"line":31,"column":8},"end":{"line":31,"column":89}},"21":{"start":{"line":31,"column":29},"end":{"line":31,"column":89}},"22":{"start":{"line":33,"column":8},"end":{"line":33,"column":46}},"23":{"start":{"line":35,"column":8},"end":{"line":35,"column":43}},"24":{"start":{"line":37,"column":8},"end":{"line":37,"column":42}},"25":{"start":{"line":42,"column":2},"end":{"line":47,"column":9}},"26":{"start":{"line":43,"column":4},"end":{"line":46,"column":7}},"27":{"start":{"line":44,"column":30},"end":{"line":44,"column":62}},"28":{"start":{"line":49,"column":2},"end":{"line":53,"column":4}}},"fnMap":{"0":{"name":"Index","decl":{"start":{"line":8,"column":24},"end":{"line":8,"column":29}},"loc":{"start":{"line":8,"column":32},"end":{"line":54,"column":1}},"line":8},"1":{"name":"(anonymous_1)","decl":{"start":{"line":9,"column":12},"end":{"line":9,"column":13}},"loc":{"start":{"line":9,"column":18},"end":{"line":40,"column":3}},"line":9},"2":{"name":"(anonymous_2)","decl":{"start":{"line":10,"column":5},"end":{"line":10,"column":6}},"loc":{"start":{"line":10,"column":17},"end":{"line":39,"column":5}},"line":10},"3":{"name":"(anonymous_3)","decl":{"start":{"line":42,"column":12},"end":{"line":42,"column":13}},"loc":{"start":{"line":42,"column":18},"end":{"line":47,"column":3}},"line":42},"4":{"name":"(anonymous_4)","decl":{"start":{"line":44,"column":24},"end":{"line":44,"column":25}},"loc":{"start":{"line":44,"column":30},"end":{"line":44,"column":62}},"line":44}},"branchMap":{"0":{"loc":{"start":{"line":13,"column":8},"end":{"line":13,"column":83}},"type":"if","locations":[{"start":{"line":13,"column":8},"end":{"line":13,"column":83}},{"start":{},"end":{}}],"line":13},"1":{"loc":{"start":{"line":16,"column":8},"end":{"line":16,"column":62}},"type":"if","locations":[{"start":{"line":16,"column":8},"end":{"line":16,"column":62}},{"start":{},"end":{}}],"line":16},"2":{"loc":{"start":{"line":19,"column":29},"end":{"line":19,"column":63}},"type":"cond-expr","locations":[{"start":{"line":19,"column":38},"end":{"line":19,"column":56}},{"start":{"line":19,"column":59},"end":{"line":19,"column":63}}],"line":19},"3":{"loc":{"start":{"line":21,"column":8},"end":{"line":23,"column":9}},"type":"if","locations":[{"start":{"line":21,"column":8},"end":{"line":23,"column":9}},{"start":{},"end":{}}],"line":21},"4":{"loc":{"start":{"line":29,"column":8},"end":{"line":29,"column":75}},"type":"if","locations":[{"start":{"line":29,"column":8},"end":{"line":29,"column":75}},{"start":{},"end":{}}],"line":29},"5":{"loc":{"start":{"line":30,"column":8},"end":{"line":30,"column":75}},"type":"if","locations":[{"start":{"line":30,"column":8},"end":{"line":30,"column":75}},{"start":{},"end":{}}],"line":30},"6":{"loc":{"start":{"line":31,"column":8},"end":{"line":31,"column":89}},"type":"if","locations":[{"start":{"line":31,"column":8},"end":{"line":31,"column":89}},{"start":{},"end":{}}],"line":31}},"s":{"0":0,"1":0,"2":0,"3":0,"4":0,"5":0,"6":0,"7":0,"8":0,"9":0,"10":0,"11":0,"12":0,"13":0,"14":0,"15":0,"16":0,"17":0,"18":0,"19":0,"20":0,"21":0,"22":0,"23":0,"24":0,"25":0,"26":0,"27":0,"28":0},"f":{"0":0,"1":0,"2":0,"3":0,"4":0},"b":{"0":[0,0],"1":[0,0],"2":[0,0],"3":[0,0],"4":[0,0],"5":[0,0],"6":[0,0]}}
,"/Users/matthill8286/WebstormProjects/Mind-Matter-App-main/app/menu.tsx": {"path":"/Users/matthill8286/WebstormProjects/Mind-Matter-App-main/app/menu.tsx","statementMap":{"0":{"start":{"line":10,"column":26},"end":{"line":98,"column":1}},"1":{"start":{"line":101,"column":20},"end":{"line":101,"column":32}},"2":{"start":{"line":102,"column":28},"end":{"line":102,"column":45}},"3":{"start":{"line":104,"column":19},"end":{"line":108,"column":9}},"4":{"start":{"line":105,"column":14},"end":{"line":105,"column":36}},"5":{"start":{"line":106,"column":4},"end":{"line":106,"column":25}},"6":{"start":{"line":106,"column":12},"end":{"line":106,"column":25}},"7":{"start":{"line":107,"column":4},"end":{"line":107,"column":87}},"8":{"start":{"line":107,"column":31},"end":{"line":107,"column":85}},"9":{"start":{"line":110,"column":2},"end":{"line":172,"column":4}},"10":{"start":{"line":115,"column":25},"end":{"line":115,"column":38}},"11":{"start":{"line":132,"column":29},"end":{"line":132,"column":34}},"12":{"start":{"line":135,"column":10},"end":{"line":168,"column":22}},"13":{"start":{"line":137,"column":14},"end":{"line":143,"column":15}},"14":{"start":{"line":138,"column":16},"end":{"line":141,"column":19}},"15":{"start":{"line":140,"column":52},"end":{"line":140,"column":88}},"16":{"start":{"line":142,"column":16},"end":{"line":142,"column":23}},"17":{"start":{"line":144,"column":14},"end":{"line":144,"column":28}},"18":{"start":{"line":146,"column":14},"end":{"line":146,"column":67}},"19":{"start":{"line":146,"column":31},"end":{"line":146,"column":60}}},"fnMap":{"0":{"name":"MenuModal","decl":{"start":{"line":100,"column":24},"end":{"line":100,"column":33}},"loc":{"start":{"line":100,"column":36},"end":{"line":173,"column":1}},"line":100},"1":{"name":"(anonymous_1)","decl":{"start":{"line":104,"column":27},"end":{"line":104,"column":28}},"loc":{"start":{"line":104,"column":33},"end":{"line":108,"column":3}},"line":104},"2":{"name":"(anonymous_2)","decl":{"start":{"line":107,"column":24},"end":{"line":107,"column":25}},"loc":{"start":{"line":107,"column":31},"end":{"line":107,"column":85}},"line":107},"3":{"name":"(anonymous_3)","decl":{"start":{"line":115,"column":19},"end":{"line":115,"column":20}},"loc":{"start":{"line":115,"column":25},"end":{"line":115,"column":38}},"line":115},"4":{"name":"(anonymous_4)","decl":{"start":{"line":132,"column":22},"end":{"line":132,"column":23}},"loc":{"start":{"line":132,"column":29},"end":{"line":132,"column":34}},"line":132},"5":{"name":"(anonymous_5)","decl":{"start":{"line":134,"column":20},"end":{"line":134,"column":21}},"loc":{"start":{"line":135,"column":10},"end":{"line":168,"column":22}},"line":135},"6":{"name":"(anonymous_6)","decl":{"start":{"line":136,"column":21},"end":{"line":136,"column":22}},"loc":{"start":{"line":136,"column":27},"end":{"line":147,"column":13}},"line":136},"7":{"name":"(anonymous_7)","decl":{"start":{"line":140,"column":46},"end":{"line":140,"column":47}},"loc":{"start":{"line":140,"column":52},"end":{"line":140,"column":88}},"line":140},"8":{"name":"(anonymous_8)","decl":{"start":{"line":146,"column":25},"end":{"line":146,"column":26}},"loc":{"start":{"line":146,"column":31},"end":{"line":146,"column":60}},"line":146}},"branchMap":{"0":{"loc":{"start":{"line":106,"column":4},"end":{"line":106,"column":25}},"type":"if","locations":[{"start":{"line":106,"column":4},"end":{"line":106,"column":25}},{"start":{},"end":{}}],"line":106},"1":{"loc":{"start":{"line":137,"column":14},"end":{"line":143,"column":15}},"type":"if","locations":[{"start":{"line":137,"column":14},"end":{"line":143,"column":15}},{"start":{},"end":{}}],"line":137},"2":{"loc":{"start":{"line":137,"column":18},"end":{"line":137,"column":50}},"type":"binary-expr","locations":[{"start":{"line":137,"column":18},"end":{"line":137,"column":32}},{"start":{"line":137,"column":36},"end":{"line":137,"column":50}}],"line":137},"3":{"loc":{"start":{"line":152,"column":23},"end":{"line":152,"column":65}},"type":"cond-expr","locations":[{"start":{"line":152,"column":58},"end":{"line":152,"column":61}},{"start":{"line":152,"column":64},"end":{"line":152,"column":65}}],"line":152},"4":{"loc":{"start":{"line":152,"column":23},"end":{"line":152,"column":55}},"type":"binary-expr","locations":[{"start":{"line":152,"column":23},"end":{"line":152,"column":37}},{"start":{"line":152,"column":41},"end":{"line":152,"column":55}}],"line":152},"5":{"loc":{"start":{"line":163,"column":15},"end":{"line":165,"column":15}},"type":"binary-expr","locations":[{"start":{"line":163,"column":15},"end":{"line":163,"column":29}},{"start":{"line":163,"column":33},"end":{"line":163,"column":47}},{"start":{"line":164,"column":16},"end":{"line":164,"column":73}}],"line":163}},"s":{"0":0,"1":0,"2":0,"3":0,"4":0,"5":0,"6":0,"7":0,"8":0,"9":0,"10":0,"11":0,"12":0,"13":0,"14":0,"15":0,"16":0,"17":0,"18":0,"19":0},"f":{"0":0,"1":0,"2":0,"3":0,"4":0,"5":0,"6":0,"7":0,"8":0},"b":{"0":[0,0],"1":[0,0],"2":[0,0],"3":[0,0],"4":[0,0],"5":[0,0,0]}}
,"/Users/matthill8286/WebstormProjects/Mind-Matter-App-main/app/resources.tsx": {"path":"/Users/matthill8286/WebstormProjects/Mind-Matter-App-main/app/resources.tsx","statementMap":{"0":{"start":{"line":7,"column":2},"end":{"line":50,"column":4}},"1":{"start":{"line":19,"column":25},"end":{"line":19,"column":38}},"2":{"start":{"line":32,"column":10},"end":{"line":34,"column":11}},"3":{"start":{"line":43,"column":23},"end":{"line":43,"column":67}}},"fnMap":{"0":{"name":"Resources","decl":{"start":{"line":6,"column":24},"end":{"line":6,"column":33}},"loc":{"start":{"line":6,"column":36},"end":{"line":51,"column":1}},"line":6},"1":{"name":"(anonymous_1)","decl":{"start":{"line":19,"column":19},"end":{"line":19,"column":20}},"loc":{"start":{"line":19,"column":25},"end":{"line":19,"column":38}},"line":19},"2":{"name":"(anonymous_2)","decl":{"start":{"line":31,"column":17},"end":{"line":31,"column":18}},"loc":{"start":{"line":32,"column":10},"end":{"line":34,"column":11}},"line":32},"3":{"name":"(anonymous_3)","decl":{"start":{"line":43,"column":17},"end":{"line":43,"column":18}},"loc":{"start":{"line":43,"column":23},"end":{"line":43,"column":67}},"line":43}},"branchMap":{},"s":{"0":0,"1":0,"2":0,"3":0},"f":{"0":0,"1":0,"2":0,"3":0},"b":{}}
,"/Users/matthill8286/WebstormProjects/Mind-Matter-App-main/app/search.tsx": {"path":"/Users/matthill8286/WebstormProjects/Mind-Matter-App-main/app/search.tsx","statementMap":{"0":{"start":{"line":7,"column":20},"end":{"line":7,"column":32}},"1":{"start":{"line":9,"column":18},"end":{"line":13,"column":9}},"2":{"start":{"line":10,"column":14},"end":{"line":10,"column":36}},"3":{"start":{"line":11,"column":4},"end":{"line":11,"column":26}},"4":{"start":{"line":11,"column":12},"end":{"line":11,"column":26}},"5":{"start":{"line":12,"column":4},"end":{"line":12,"column":91}},"6":{"start":{"line":12,"column":32},"end":{"line":12,"column":89}},"7":{"start":{"line":15,"column":2},"end":{"line":55,"column":4}},"8":{"start":{"line":20,"column":25},"end":{"line":20,"column":38}},"9":{"start":{"line":37,"column":29},"end":{"line":37,"column":34}},"10":{"start":{"line":40,"column":10},"end":{"line":51,"column":22}},"11":{"start":{"line":42,"column":14},"end":{"line":45,"column":16}}},"fnMap":{"0":{"name":"Search","decl":{"start":{"line":6,"column":24},"end":{"line":6,"column":30}},"loc":{"start":{"line":6,"column":33},"end":{"line":56,"column":1}},"line":6},"1":{"name":"(anonymous_1)","decl":{"start":{"line":9,"column":26},"end":{"line":9,"column":27}},"loc":{"start":{"line":9,"column":32},"end":{"line":13,"column":3}},"line":9},"2":{"name":"(anonymous_2)","decl":{"start":{"line":12,"column":25},"end":{"line":12,"column":26}},"loc":{"start":{"line":12,"column":32},"end":{"line":12,"column":89}},"line":12},"3":{"name":"(anonymous_3)","decl":{"start":{"line":20,"column":19},"end":{"line":20,"column":20}},"loc":{"start":{"line":20,"column":25},"end":{"line":20,"column":38}},"line":20},"4":{"name":"(anonymous_4)","decl":{"start":{"line":37,"column":22},"end":{"line":37,"column":23}},"loc":{"start":{"line":37,"column":29},"end":{"line":37,"column":34}},"line":37},"5":{"name":"(anonymous_5)","decl":{"start":{"line":39,"column":20},"end":{"line":39,"column":21}},"loc":{"start":{"line":40,"column":10},"end":{"line":51,"column":22}},"line":40},"6":{"name":"(anonymous_6)","decl":{"start":{"line":41,"column":21},"end":{"line":41,"column":22}},"loc":{"start":{"line":42,"column":14},"end":{"line":45,"column":16}},"line":42}},"branchMap":{"0":{"loc":{"start":{"line":11,"column":4},"end":{"line":11,"column":26}},"type":"if","locations":[{"start":{"line":11,"column":4},"end":{"line":11,"column":26}},{"start":{},"end":{}}],"line":11}},"s":{"0":0,"1":0,"2":0,"3":0,"4":0,"5":0,"6":0,"7":0,"8":0,"9":0,"10":0,"11":0},"f":{"0":0,"1":0,"2":0,"3":0,"4":0,"5":0,"6":0},"b":{"0":[0,0]}}
,"/Users/matthill8286/WebstormProjects/Mind-Matter-App-main/app/(auth)/_layout.tsx": {"path":"/Users/matthill8286/WebstormProjects/Mind-Matter-App-main/app/(auth)/_layout.tsx","statementMap":{"0":{"start":{"line":3,"column":2},"end":{"line":3,"column":58}}},"fnMap":{"0":{"name":"AuthLayout","decl":{"start":{"line":2,"column":24},"end":{"line":2,"column":34}},"loc":{"start":{"line":2,"column":37},"end":{"line":4,"column":1}},"line":2}},"branchMap":{},"s":{"0":0},"f":{"0":0},"b":{}}
,"/Users/matthill8286/WebstormProjects/Mind-Matter-App-main/app/(auth)/payment-failure.tsx": {"path":"/Users/matthill8286/WebstormProjects/Mind-Matter-App-main/app/(auth)/payment-failure.tsx","statementMap":{"0":{"start":{"line":7,"column":22},"end":{"line":9,"column":3}},"1":{"start":{"line":8,"column":4},"end":{"line":8,"column":18}},"2":{"start":{"line":11,"column":23},"end":{"line":13,"column":3}},"3":{"start":{"line":12,"column":4},"end":{"line":12,"column":35}},"4":{"start":{"line":15,"column":2},"end":{"line":37,"column":4}},"5":{"start":{"line":40,"column":15},"end":{"line":112,"column":2}}},"fnMap":{"0":{"name":"PaymentFailure","decl":{"start":{"line":6,"column":24},"end":{"line":6,"column":38}},"loc":{"start":{"line":6,"column":41},"end":{"line":38,"column":1}},"line":6},"1":{"name":"(anonymous_1)","decl":{"start":{"line":7,"column":22},"end":{"line":7,"column":23}},"loc":{"start":{"line":7,"column":28},"end":{"line":9,"column":3}},"line":7},"2":{"name":"(anonymous_2)","decl":{"start":{"line":11,"column":23},"end":{"line":11,"column":24}},"loc":{"start":{"line":11,"column":29},"end":{"line":13,"column":3}},"line":11}},"branchMap":{},"s":{"0":0,"1":0,"2":0,"3":0,"4":0,"5":0},"f":{"0":0,"1":0,"2":0},"b":{}}
,"/Users/matthill8286/WebstormProjects/Mind-Matter-App-main/app/(auth)/payment-success.tsx": {"path":"/Users/matthill8286/WebstormProjects/Mind-Matter-App-main/app/(auth)/payment-success.tsx","statementMap":{"0":{"start":{"line":7,"column":25},"end":{"line":9,"column":3}},"1":{"start":{"line":8,"column":4},"end":{"line":8,"column":35}},"2":{"start":{"line":11,"column":2},"end":{"line":27,"column":4}},"3":{"start":{"line":30,"column":15},"end":{"line":90,"column":2}}},"fnMap":{"0":{"name":"PaymentSuccess","decl":{"start":{"line":6,"column":24},"end":{"line":6,"column":38}},"loc":{"start":{"line":6,"column":41},"end":{"line":28,"column":1}},"line":6},"1":{"name":"(anonymous_1)","decl":{"start":{"line":7,"column":25},"end":{"line":7,"column":26}},"loc":{"start":{"line":7,"column":31},"end":{"line":9,"column":3}},"line":7}},"branchMap":{},"s":{"0":0,"1":0,"2":0,"3":0},"f":{"0":0,"1":0},"b":{}}
,"/Users/matthill8286/WebstormProjects/Mind-Matter-App-main/app/(auth)/sign-in.tsx": {"path":"/Users/matthill8286/WebstormProjects/Mind-Matter-App-main/app/(auth)/sign-in.tsx","statementMap":{"0":{"start":{"line":7,"column":28},"end":{"line":7,"column":40}},"1":{"start":{"line":8,"column":26},"end":{"line":8,"column":38}},"2":{"start":{"line":11,"column":4},"end":{"line":11,"column":32}},"3":{"start":{"line":11,"column":25},"end":{"line":11,"column":32}},"4":{"start":{"line":12,"column":4},"end":{"line":15,"column":6}},"5":{"start":{"line":16,"column":4},"end":{"line":16,"column":36}},"6":{"start":{"line":19,"column":2},"end":{"line":54,"column":4}},"7":{"start":{"line":47,"column":34},"end":{"line":47,"column":64}},"8":{"start":{"line":57,"column":14},"end":{"line":57,"column":89}},"9":{"start":{"line":58,"column":19},"end":{"line":63,"column":1}},"10":{"start":{"line":64,"column":23},"end":{"line":64,"column":41}}},"fnMap":{"0":{"name":"SignIn","decl":{"start":{"line":6,"column":24},"end":{"line":6,"column":30}},"loc":{"start":{"line":6,"column":33},"end":{"line":55,"column":1}},"line":6},"1":{"name":"onSignIn","decl":{"start":{"line":10,"column":17},"end":{"line":10,"column":25}},"loc":{"start":{"line":10,"column":28},"end":{"line":17,"column":3}},"line":10},"2":{"name":"(anonymous_2)","decl":{"start":{"line":47,"column":28},"end":{"line":47,"column":29}},"loc":{"start":{"line":47,"column":34},"end":{"line":47,"column":64}},"line":47}},"branchMap":{"0":{"loc":{"start":{"line":11,"column":4},"end":{"line":11,"column":32}},"type":"if","locations":[{"start":{"line":11,"column":4},"end":{"line":11,"column":32}},{"start":{},"end":{}}],"line":11},"1":{"loc":{"start":{"line":11,"column":8},"end":{"line":11,"column":23}},"type":"binary-expr","locations":[{"start":{"line":11,"column":8},"end":{"line":11,"column":14}},{"start":{"line":11,"column":18},"end":{"line":11,"column":23}}],"line":11}},"s":{"0":0,"1":0,"2":0,"3":0,"4":0,"5":0,"6":0,"7":0,"8":0,"9":0,"10":0},"f":{"0":0,"1":0,"2":0},"b":{"0":[0,0],"1":[0,0]}}
,"/Users/matthill8286/WebstormProjects/Mind-Matter-App-main/app/(auth)/sign-up.tsx": {"path":"/Users/matthill8286/WebstormProjects/Mind-Matter-App-main/app/(auth)/sign-up.tsx","statementMap":{"0":{"start":{"line":7,"column":28},"end":{"line":7,"column":40}},"1":{"start":{"line":8,"column":26},"end":{"line":8,"column":38}},"2":{"start":{"line":11,"column":4},"end":{"line":11,"column":32}},"3":{"start":{"line":11,"column":25},"end":{"line":11,"column":32}},"4":{"start":{"line":12,"column":4},"end":{"line":15,"column":6}},"5":{"start":{"line":16,"column":4},"end":{"line":16,"column":44}},"6":{"start":{"line":19,"column":2},"end":{"line":52,"column":4}},"7":{"start":{"line":45,"column":34},"end":{"line":45,"column":47}},"8":{"start":{"line":55,"column":14},"end":{"line":55,"column":89}},"9":{"start":{"line":56,"column":19},"end":{"line":62,"column":1}},"10":{"start":{"line":63,"column":23},"end":{"line":63,"column":60}}},"fnMap":{"0":{"name":"SignUp","decl":{"start":{"line":6,"column":24},"end":{"line":6,"column":30}},"loc":{"start":{"line":6,"column":33},"end":{"line":53,"column":1}},"line":6},"1":{"name":"onCreate","decl":{"start":{"line":10,"column":17},"end":{"line":10,"column":25}},"loc":{"start":{"line":10,"column":28},"end":{"line":17,"column":3}},"line":10},"2":{"name":"(anonymous_2)","decl":{"start":{"line":45,"column":28},"end":{"line":45,"column":29}},"loc":{"start":{"line":45,"column":34},"end":{"line":45,"column":47}},"line":45}},"branchMap":{"0":{"loc":{"start":{"line":11,"column":4},"end":{"line":11,"column":32}},"type":"if","locations":[{"start":{"line":11,"column":4},"end":{"line":11,"column":32}},{"start":{},"end":{}}],"line":11},"1":{"loc":{"start":{"line":11,"column":8},"end":{"line":11,"column":23}},"type":"binary-expr","locations":[{"start":{"line":11,"column":8},"end":{"line":11,"column":14}},{"start":{"line":11,"column":18},"end":{"line":11,"column":23}}],"line":11}},"s":{"0":0,"1":0,"2":0,"3":0,"4":0,"5":0,"6":0,"7":0,"8":0,"9":0,"10":0},"f":{"0":0,"1":0,"2":0},"b":{"0":[0,0],"1":[0,0]}}
,"/Users/matthill8286/WebstormProjects/Mind-Matter-App-main/app/(auth)/trial-upgrade.tsx": {"path":"/Users/matthill8286/WebstormProjects/Mind-Matter-App-main/app/(auth)/trial-upgrade.tsx","statementMap":{"0":{"start":{"line":11,"column":31},"end":{"line":11,"column":59}},"1":{"start":{"line":12,"column":36},"end":{"line":12,"column":50}},"2":{"start":{"line":13,"column":32},"end":{"line":13,"column":47}},"3":{"start":{"line":15,"column":2},"end":{"line":22,"column":9}},"4":{"start":{"line":16,"column":4},"end":{"line":21,"column":9}},"5":{"start":{"line":17,"column":25},"end":{"line":17,"column":68}},"6":{"start":{"line":18,"column":6},"end":{"line":20,"column":7}},"7":{"start":{"line":19,"column":8},"end":{"line":19,"column":28}},"8":{"start":{"line":24,"column":23},"end":{"line":30,"column":3}},"9":{"start":{"line":25,"column":4},"end":{"line":29,"column":5}},"10":{"start":{"line":26,"column":6},"end":{"line":26,"column":49}},"11":{"start":{"line":28,"column":6},"end":{"line":28,"column":37}},"12":{"start":{"line":34,"column":4},"end":{"line":34,"column":21}},"13":{"start":{"line":35,"column":4},"end":{"line":48,"column":13}},"14":{"start":{"line":36,"column":6},"end":{"line":36,"column":24}},"15":{"start":{"line":37,"column":25},"end":{"line":37,"column":35}},"16":{"start":{"line":38,"column":6},"end":{"line":38,"column":51}},"17":{"start":{"line":39,"column":6},"end":{"line":46,"column":9}},"18":{"start":{"line":47,"column":6},"end":{"line":47,"column":45}},"19":{"start":{"line":52,"column":32},"end":{"line":92,"column":3}},"20":{"start":{"line":58,"column":4},"end":{"line":91,"column":5}},"21":{"start":{"line":60,"column":22},"end":{"line":60,"column":45}},"22":{"start":{"line":61,"column":25},"end":{"line":61,"column":69}},"23":{"start":{"line":62,"column":24},"end":{"line":62,"column":68}},"24":{"start":{"line":64,"column":23},"end":{"line":79,"column":8}},"25":{"start":{"line":81,"column":19},"end":{"line":81,"column":40}},"26":{"start":{"line":82,"column":6},"end":{"line":86,"column":7}},"27":{"start":{"line":83,"column":8},"end":{"line":83,"column":24}},"28":{"start":{"line":85,"column":8},"end":{"line":85,"column":75}},"29":{"start":{"line":88,"column":6},"end":{"line":88,"column":63}},"30":{"start":{"line":89,"column":6},"end":{"line":89,"column":40}},"31":{"start":{"line":90,"column":6},"end":{"line":90,"column":18}},"32":{"start":{"line":95,"column":19},"end":{"line":95,"column":51}},"33":{"start":{"line":96,"column":21},"end":{"line":96,"column":26}},"34":{"start":{"line":97,"column":17},"end":{"line":97,"column":74}},"35":{"start":{"line":98,"column":17},"end":{"line":98,"column":64}},"36":{"start":{"line":100,"column":4},"end":{"line":100,"column":21}},"37":{"start":{"line":102,"column":24},"end":{"line":102,"column":81}},"38":{"start":{"line":104,"column":4},"end":{"line":104,"column":22}},"39":{"start":{"line":106,"column":4},"end":{"line":109,"column":5}},"40":{"start":{"line":108,"column":6},"end":{"line":108,"column":53}},"41":{"start":{"line":112,"column":2},"end":{"line":265,"column":4}},"42":{"start":{"line":130,"column":27},"end":{"line":130,"column":40}},"43":{"start":{"line":182,"column":27},"end":{"line":182,"column":45}},"44":{"start":{"line":223,"column":27},"end":{"line":223,"column":46}},"45":{"start":{"line":268,"column":11},"end":{"line":276,"column":1}}},"fnMap":{"0":{"name":"TrialUpgrade","decl":{"start":{"line":10,"column":24},"end":{"line":10,"column":36}},"loc":{"start":{"line":10,"column":39},"end":{"line":266,"column":1}},"line":10},"1":{"name":"(anonymous_1)","decl":{"start":{"line":15,"column":12},"end":{"line":15,"column":13}},"loc":{"start":{"line":15,"column":18},"end":{"line":22,"column":3}},"line":15},"2":{"name":"(anonymous_2)","decl":{"start":{"line":16,"column":5},"end":{"line":16,"column":6}},"loc":{"start":{"line":16,"column":17},"end":{"line":21,"column":5}},"line":16},"3":{"name":"(anonymous_3)","decl":{"start":{"line":24,"column":23},"end":{"line":24,"column":24}},"loc":{"start":{"line":24,"column":29},"end":{"line":30,"column":3}},"line":24},"4":{"name":"selectTrial","decl":{"start":{"line":32,"column":17},"end":{"line":32,"column":28}},"loc":{"start":{"line":32,"column":31},"end":{"line":49,"column":3}},"line":32},"5":{"name":"(anonymous_5)","decl":{"start":{"line":35,"column":15},"end":{"line":35,"column":16}},"loc":{"start":{"line":35,"column":27},"end":{"line":48,"column":5}},"line":35},"6":{"name":"(anonymous_6)","decl":{"start":{"line":52,"column":32},"end":{"line":52,"column":33}},"loc":{"start":{"line":57,"column":7},"end":{"line":92,"column":3}},"line":57},"7":{"name":"buyPlan","decl":{"start":{"line":94,"column":17},"end":{"line":94,"column":24}},"loc":{"start":{"line":94,"column":55},"end":{"line":110,"column":3}},"line":94},"8":{"name":"(anonymous_8)","decl":{"start":{"line":130,"column":21},"end":{"line":130,"column":22}},"loc":{"start":{"line":130,"column":27},"end":{"line":130,"column":40}},"line":130},"9":{"name":"(anonymous_9)","decl":{"start":{"line":182,"column":21},"end":{"line":182,"column":22}},"loc":{"start":{"line":182,"column":27},"end":{"line":182,"column":45}},"line":182},"10":{"name":"(anonymous_10)","decl":{"start":{"line":223,"column":21},"end":{"line":223,"column":22}},"loc":{"start":{"line":223,"column":27},"end":{"line":223,"column":46}},"line":223}},"branchMap":{"0":{"loc":{"start":{"line":18,"column":6},"end":{"line":20,"column":7}},"type":"if","locations":[{"start":{"line":18,"column":6},"end":{"line":20,"column":7}},{"start":{},"end":{}}],"line":18},"1":{"loc":{"start":{"line":25,"column":4},"end":{"line":29,"column":5}},"type":"if","locations":[{"start":{"line":25,"column":4},"end":{"line":29,"column":5}},{"start":{"line":27,"column":11},"end":{"line":29,"column":5}}],"line":25},"2":{"loc":{"start":{"line":82,"column":6},"end":{"line":86,"column":7}},"type":"if","locations":[{"start":{"line":82,"column":6},"end":{"line":86,"column":7}},{"start":{"line":84,"column":13},"end":{"line":86,"column":7}}],"line":82},"3":{"loc":{"start":{"line":85,"column":24},"end":{"line":85,"column":73}},"type":"binary-expr","locations":[{"start":{"line":85,"column":24},"end":{"line":85,"column":34}},{"start":{"line":85,"column":38},"end":{"line":85,"column":73}}],"line":85},"4":{"loc":{"start":{"line":95,"column":19},"end":{"line":95,"column":51}},"type":"cond-expr","locations":[{"start":{"line":95,"column":40},"end":{"line":95,"column":44}},{"start":{"line":95,"column":47},"end":{"line":95,"column":51}}],"line":95},"5":{"loc":{"start":{"line":97,"column":17},"end":{"line":97,"column":74}},"type":"cond-expr","locations":[{"start":{"line":97,"column":38},"end":{"line":97,"column":54}},{"start":{"line":97,"column":57},"end":{"line":97,"column":74}}],"line":97},"6":{"loc":{"start":{"line":98,"column":17},"end":{"line":98,"column":64}},"type":"cond-expr","locations":[{"start":{"line":98,"column":38},"end":{"line":98,"column":52}},{"start":{"line":98,"column":55},"end":{"line":98,"column":64}}],"line":98},"7":{"loc":{"start":{"line":106,"column":4},"end":{"line":109,"column":5}},"type":"if","locations":[{"start":{"line":106,"column":4},"end":{"line":109,"column":5}},{"start":{},"end":{}}],"line":106},"8":{"loc":{"start":{"line":114,"column":7},"end":{"line":126,"column":7}},"type":"binary-expr","locations":[{"start":{"line":114,"column":7},"end":{"line":114,"column":14}},{"start":{"line":115,"column":8},"end":{"line":125,"column":15}}],"line":114},"9":{"loc":{"start":{"line":128,"column":9},"end":{"line":143,"column":9}},"type":"binary-expr","locations":[{"start":{"line":128,"column":9},"end":{"line":128,"column":19}},{"start":{"line":129,"column":10},"end":{"line":142,"column":22}}],"line":128}},"s":{"0":0,"1":0,"2":0,"3":0,"4":0,"5":0,"6":0,"7":0,"8":0,"9":0,"10":0,"11":0,"12":0,"13":0,"14":0,"15":0,"16":0,"17":0,"18":0,"19":0,"20":0,"21":0,"22":0,"23":0,"24":0,"25":0,"26":0,"27":0,"28":0,"29":0,"30":0,"31":0,"32":0,"33":0,"34":0,"35":0,"36":0,"37":0,"38":0,"39":0,"40":0,"41":0,"42":0,"43":0,"44":0,"45":0},"f":{"0":0,"1":0,"2":0,"3":0,"4":0,"5":0,"6":0,"7":0,"8":0,"9":0,"10":0},"b":{"0":[0,0],"1":[0,0],"2":[0,0],"3":[0,0],"4":[0,0],"5":[0,0],"6":[0,0],"7":[0,0],"8":[0,0],"9":[0,0]}}
,"/Users/matthill8286/WebstormProjects/Mind-Matter-App-main/app/(auth)/upgrade-required.tsx": {"path":"/Users/matthill8286/WebstormProjects/Mind-Matter-App-main/app/(auth)/upgrade-required.tsx","statementMap":{"0":{"start":{"line":8,"column":4},"end":{"line":8,"column":53}},"1":{"start":{"line":9,"column":4},"end":{"line":9,"column":38}},"2":{"start":{"line":12,"column":2},"end":{"line":51,"column":4}},"3":{"start":{"line":26,"column":25},"end":{"line":26,"column":64}},"4":{"start":{"line":40,"column":34},"end":{"line":40,"column":64}}},"fnMap":{"0":{"name":"UpgradeRequired","decl":{"start":{"line":6,"column":24},"end":{"line":6,"column":39}},"loc":{"start":{"line":6,"column":42},"end":{"line":52,"column":1}},"line":6},"1":{"name":"signOut","decl":{"start":{"line":7,"column":17},"end":{"line":7,"column":24}},"loc":{"start":{"line":7,"column":27},"end":{"line":10,"column":3}},"line":7},"2":{"name":"(anonymous_2)","decl":{"start":{"line":26,"column":19},"end":{"line":26,"column":20}},"loc":{"start":{"line":26,"column":25},"end":{"line":26,"column":64}},"line":26},"3":{"name":"(anonymous_3)","decl":{"start":{"line":40,"column":28},"end":{"line":40,"column":29}},"loc":{"start":{"line":40,"column":34},"end":{"line":40,"column":64}},"line":40}},"branchMap":{},"s":{"0":0,"1":0,"2":0,"3":0,"4":0},"f":{"0":0,"1":0,"2":0,"3":0},"b":{}}
,"/Users/matthill8286/WebstormProjects/Mind-Matter-App-main/app/(onboarding)/_layout.tsx": {"path":"/Users/matthill8286/WebstormProjects/Mind-Matter-App-main/app/(onboarding)/_layout.tsx","statementMap":{"0":{"start":{"line":4,"column":2},"end":{"line":4,"column":58}}},"fnMap":{"0":{"name":"OnboardingLayout","decl":{"start":{"line":3,"column":24},"end":{"line":3,"column":40}},"loc":{"start":{"line":3,"column":43},"end":{"line":5,"column":1}},"line":3}},"branchMap":{},"s":{"0":0},"f":{"0":0},"b":{}}
,"/Users/matthill8286/WebstormProjects/Mind-Matter-App-main/app/(onboarding)/assessment-summary.tsx": {"path":"/Users/matthill8286/WebstormProjects/Mind-Matter-App-main/app/(onboarding)/assessment-summary.tsx","statementMap":{"0":{"start":{"line":8,"column":20},"end":{"line":8,"column":39}},"1":{"start":{"line":10,"column":2},"end":{"line":15,"column":9}},"2":{"start":{"line":11,"column":4},"end":{"line":14,"column":9}},"3":{"start":{"line":12,"column":18},"end":{"line":12,"column":61}},"4":{"start":{"line":13,"column":6},"end":{"line":13,"column":41}},"5":{"start":{"line":17,"column":16},"end":{"line":17,"column":75}},"6":{"start":{"line":18,"column":17},"end":{"line":18,"column":74}},"7":{"start":{"line":20,"column":2},"end":{"line":147,"column":4}},"8":{"start":{"line":31,"column":25},"end":{"line":31,"column":38}},"9":{"start":{"line":125,"column":27},"end":{"line":125,"column":72}}},"fnMap":{"0":{"name":"AssessmentSummary","decl":{"start":{"line":7,"column":24},"end":{"line":7,"column":41}},"loc":{"start":{"line":7,"column":44},"end":{"line":148,"column":1}},"line":7},"1":{"name":"(anonymous_1)","decl":{"start":{"line":10,"column":12},"end":{"line":10,"column":13}},"loc":{"start":{"line":10,"column":18},"end":{"line":15,"column":3}},"line":10},"2":{"name":"(anonymous_2)","decl":{"start":{"line":11,"column":5},"end":{"line":11,"column":6}},"loc":{"start":{"line":11,"column":17},"end":{"line":14,"column":5}},"line":11},"3":{"name":"(anonymous_3)","decl":{"start":{"line":31,"column":19},"end":{"line":31,"column":20}},"loc":{"start":{"line":31,"column":25},"end":{"line":31,"column":38}},"line":31},"4":{"name":"(anonymous_4)","decl":{"start":{"line":125,"column":21},"end":{"line":125,"column":22}},"loc":{"start":{"line":125,"column":27},"end":{"line":125,"column":72}},"line":125}},"branchMap":{"0":{"loc":{"start":{"line":13,"column":11},"end":{"line":13,"column":39}},"type":"cond-expr","locations":[{"start":{"line":13,"column":17},"end":{"line":13,"column":32}},{"start":{"line":13,"column":35},"end":{"line":13,"column":39}}],"line":13},"1":{"loc":{"start":{"line":17,"column":16},"end":{"line":17,"column":75}},"type":"cond-expr","locations":[{"start":{"line":17,"column":54},"end":{"line":17,"column":68}},{"start":{"line":17,"column":71},"end":{"line":17,"column":75}}],"line":17},"2":{"loc":{"start":{"line":18,"column":17},"end":{"line":18,"column":74}},"type":"cond-expr","locations":[{"start":{"line":18,"column":54},"end":{"line":18,"column":67}},{"start":{"line":18,"column":70},"end":{"line":18,"column":74}}],"line":18},"3":{"loc":{"start":{"line":70,"column":17},"end":{"line":70,"column":31}},"type":"binary-expr","locations":[{"start":{"line":70,"column":17},"end":{"line":70,"column":24}},{"start":{"line":70,"column":28},"end":{"line":70,"column":31}}],"line":70},"4":{"loc":{"start":{"line":83,"column":17},"end":{"line":83,"column":31}},"type":"binary-expr","locations":[{"start":{"line":83,"column":17},"end":{"line":83,"column":24}},{"start":{"line":83,"column":28},"end":{"line":83,"column":31}}],"line":83},"5":{"loc":{"start":{"line":87,"column":13},"end":{"line":94,"column":13}},"type":"binary-expr","locations":[{"start":{"line":87,"column":13},"end":{"line":87,"column":27}},{"start":{"line":88,"column":14},"end":{"line":93,"column":16}}],"line":87},"6":{"loc":{"start":{"line":96,"column":13},"end":{"line":103,"column":13}},"type":"binary-expr","locations":[{"start":{"line":96,"column":13},"end":{"line":96,"column":28}},{"start":{"line":97,"column":14},"end":{"line":102,"column":16}}],"line":96},"7":{"loc":{"start":{"line":105,"column":13},"end":{"line":119,"column":20}},"type":"cond-expr","locations":[{"start":{"line":106,"column":14},"end":{"line":118,"column":21}},{"start":{"line":119,"column":16},"end":{"line":119,"column":20}}],"line":105}},"s":{"0":0,"1":0,"2":0,"3":0,"4":0,"5":0,"6":0,"7":0,"8":0,"9":0},"f":{"0":0,"1":0,"2":0,"3":0,"4":0},"b":{"0":[0,0],"1":[0,0],"2":[0,0],"3":[0,0],"4":[0,0],"5":[0,0],"6":[0,0],"7":[0,0]}}
,"/Users/matthill8286/WebstormProjects/Mind-Matter-App-main/app/(onboarding)/assessment.tsx": {"path":"/Users/matthill8286/WebstormProjects/Mind-Matter-App-main/app/(onboarding)/assessment.tsx","statementMap":{"0":{"start":{"line":22,"column":21},"end":{"line":22,"column":23}},"1":{"start":{"line":31,"column":2},"end":{"line":68,"column":4}},"2":{"start":{"line":44,"column":23},"end":{"line":44,"column":37}},"3":{"start":{"line":56,"column":23},"end":{"line":56,"column":38}},"4":{"start":{"line":86,"column":22},"end":{"line":86,"column":50}},"5":{"start":{"line":87,"column":18},"end":{"line":87,"column":61}},"6":{"start":{"line":88,"column":28},"end":{"line":88,"column":39}},"7":{"start":{"line":90,"column":15},"end":{"line":96,"column":22}},"8":{"start":{"line":91,"column":28},"end":{"line":91,"column":30}},"9":{"start":{"line":92,"column":4},"end":{"line":94,"column":5}},"10":{"start":{"line":92,"column":17},"end":{"line":92,"column":20}},"11":{"start":{"line":93,"column":6},"end":{"line":93,"column":20}},"12":{"start":{"line":95,"column":4},"end":{"line":95,"column":34}},"13":{"start":{"line":98,"column":19},"end":{"line":108,"column":3}},"14":{"start":{"line":99,"column":14},"end":{"line":99,"column":47}},"15":{"start":{"line":100,"column":18},"end":{"line":100,"column":46}},"16":{"start":{"line":101,"column":24},"end":{"line":101,"column":33}},"17":{"start":{"line":102,"column":4},"end":{"line":107,"column":5}},"18":{"start":{"line":103,"column":23},"end":{"line":103,"column":40}},"19":{"start":{"line":104,"column":6},"end":{"line":106,"column":7}},"20":{"start":{"line":105,"column":8},"end":{"line":105,"column":27}},"21":{"start":{"line":110,"column":2},"end":{"line":115,"column":30}},"22":{"start":{"line":111,"column":4},"end":{"line":114,"column":5}},"23":{"start":{"line":112,"column":20},"end":{"line":112,"column":53}},"24":{"start":{"line":113,"column":6},"end":{"line":113,"column":92}},"25":{"start":{"line":117,"column":2},"end":{"line":220,"column":4}},"26":{"start":{"line":120,"column":23},"end":{"line":120,"column":59}},"27":{"start":{"line":153,"column":14},"end":{"line":153,"column":62}},"28":{"start":{"line":154,"column":14},"end":{"line":154,"column":26}},"29":{"start":{"line":157,"column":36},"end":{"line":157,"column":48}},"30":{"start":{"line":159,"column":35},"end":{"line":159,"column":63}},"31":{"start":{"line":160,"column":27},"end":{"line":160,"column":28}},"32":{"start":{"line":161,"column":27},"end":{"line":161,"column":39}},"33":{"start":{"line":163,"column":14},"end":{"line":172,"column":15}},"34":{"start":{"line":164,"column":16},"end":{"line":164,"column":38}},"35":{"start":{"line":165,"column":16},"end":{"line":165,"column":27}},"36":{"start":{"line":166,"column":21},"end":{"line":172,"column":15}},"37":{"start":{"line":167,"column":16},"end":{"line":167,"column":38}},"38":{"start":{"line":168,"column":16},"end":{"line":168,"column":73}},"39":{"start":{"line":170,"column":16},"end":{"line":170,"column":38}},"40":{"start":{"line":171,"column":16},"end":{"line":171,"column":67}},"41":{"start":{"line":174,"column":14},"end":{"line":174,"column":47}},"42":{"start":{"line":178,"column":14},"end":{"line":180,"column":15}},"43":{"start":{"line":179,"column":16},"end":{"line":179,"column":80}},"44":{"start":{"line":181,"column":30},"end":{"line":181,"column":44}},"45":{"start":{"line":182,"column":14},"end":{"line":214,"column":16}},"46":{"start":{"line":224,"column":2},"end":{"line":231,"column":4}},"47":{"start":{"line":229,"column":23},"end":{"line":229,"column":42}},"48":{"start":{"line":265,"column":14},"end":{"line":269,"column":1}},"49":{"start":{"line":271,"column":15},"end":{"line":276,"column":1}},"50":{"start":{"line":278,"column":12},"end":{"line":281,"column":2}},"51":{"start":{"line":279,"column":12},"end":{"line":279,"column":18}},"52":{"start":{"line":280,"column":2},"end":{"line":280,"column":48}},"53":{"start":{"line":283,"column":15},"end":{"line":286,"column":2}},"54":{"start":{"line":284,"column":13},"end":{"line":284,"column":23}},"55":{"start":{"line":285,"column":2},"end":{"line":285,"column":47}},"56":{"start":{"line":288,"column":22},"end":{"line":288,"column":64}},"57":{"start":{"line":290,"column":26},"end":{"line":290,"column":66}},"58":{"start":{"line":308,"column":25},"end":{"line":323,"column":1}},"59":{"start":{"line":334,"column":2},"end":{"line":387,"column":4}},"60":{"start":{"line":391,"column":37},"end":{"line":391,"column":51}},"61":{"start":{"line":392,"column":2},"end":{"line":410,"column":4}},"62":{"start":{"line":394,"column":22},"end":{"line":394,"column":50}},"63":{"start":{"line":414,"column":27},"end":{"line":414,"column":53}},"64":{"start":{"line":415,"column":26},"end":{"line":415,"column":37}},"65":{"start":{"line":416,"column":20},"end":{"line":420,"column":4}},"66":{"start":{"line":422,"column":57},"end":{"line":422,"column":70}},"67":{"start":{"line":423,"column":42},"end":{"line":423,"column":87}},"68":{"start":{"line":424,"column":48},"end":{"line":424,"column":60}},"69":{"start":{"line":425,"column":58},"end":{"line":425,"column":70}},"70":{"start":{"line":427,"column":2},"end":{"line":452,"column":34}},"71":{"start":{"line":429,"column":4},"end":{"line":450,"column":5}},"72":{"start":{"line":430,"column":20},"end":{"line":430,"column":49}},"73":{"start":{"line":431,"column":29},"end":{"line":431,"column":30}},"74":{"start":{"line":432,"column":6},"end":{"line":432,"column":33}},"75":{"start":{"line":437,"column":6},"end":{"line":447,"column":14}},"76":{"start":{"line":438,"column":8},"end":{"line":438,"column":27}},"77":{"start":{"line":439,"column":8},"end":{"line":446,"column":9}},"78":{"start":{"line":440,"column":10},"end":{"line":440,"column":52}},"79":{"start":{"line":444,"column":10},"end":{"line":444,"column":52}},"80":{"start":{"line":445,"column":10},"end":{"line":445,"column":34}},"81":{"start":{"line":449,"column":6},"end":{"line":449,"column":34}},"82":{"start":{"line":451,"column":4},"end":{"line":451,"column":41}},"83":{"start":{"line":451,"column":17},"end":{"line":451,"column":40}},"84":{"start":{"line":454,"column":14},"end":{"line":454,"column":25}},"85":{"start":{"line":455,"column":19},"end":{"line":455,"column":64}},"86":{"start":{"line":457,"column":22},"end":{"line":464,"column":14}},"87":{"start":{"line":458,"column":4},"end":{"line":458,"column":55}},"88":{"start":{"line":458,"column":24},"end":{"line":458,"column":55}},"89":{"start":{"line":459,"column":4},"end":{"line":459,"column":55}},"90":{"start":{"line":459,"column":24},"end":{"line":459,"column":55}},"91":{"start":{"line":460,"column":4},"end":{"line":460,"column":88}},"92":{"start":{"line":460,"column":31},"end":{"line":460,"column":88}},"93":{"start":{"line":461,"column":4},"end":{"line":461,"column":54}},"94":{"start":{"line":461,"column":25},"end":{"line":461,"column":54}},"95":{"start":{"line":462,"column":4},"end":{"line":462,"column":64}},"96":{"start":{"line":462,"column":30},"end":{"line":462,"column":64}},"97":{"start":{"line":463,"column":4},"end":{"line":463,"column":16}},"98":{"start":{"line":467,"column":4},"end":{"line":470,"column":5}},"99":{"start":{"line":468,"column":6},"end":{"line":468,"column":80}},"100":{"start":{"line":469,"column":6},"end":{"line":469,"column":13}},"101":{"start":{"line":471,"column":4},"end":{"line":475,"column":5}},"102":{"start":{"line":472,"column":6},"end":{"line":472,"column":56}},"103":{"start":{"line":473,"column":6},"end":{"line":473,"column":57}},"104":{"start":{"line":474,"column":6},"end":{"line":474,"column":13}},"105":{"start":{"line":476,"column":4},"end":{"line":476,"column":54}},"106":{"start":{"line":476,"column":19},"end":{"line":476,"column":52}},"107":{"start":{"line":477,"column":4},"end":{"line":477,"column":27}},"108":{"start":{"line":481,"column":4},"end":{"line":481,"column":39}},"109":{"start":{"line":481,"column":19},"end":{"line":481,"column":37}},"110":{"start":{"line":482,"column":4},"end":{"line":482,"column":27}},"111":{"start":{"line":486,"column":4},"end":{"line":495,"column":5}},"112":{"start":{"line":487,"column":6},"end":{"line":487,"column":28}},"113":{"start":{"line":488,"column":6},"end":{"line":488,"column":29}},"114":{"start":{"line":492,"column":6},"end":{"line":492,"column":28}},"115":{"start":{"line":493,"column":6},"end":{"line":493,"column":82}},"116":{"start":{"line":494,"column":6},"end":{"line":494,"column":49}},"117":{"start":{"line":499,"column":4},"end":{"line":499,"column":29}},"118":{"start":{"line":499,"column":22},"end":{"line":499,"column":29}},"119":{"start":{"line":500,"column":4},"end":{"line":528,"column":5}},"120":{"start":{"line":501,"column":34},"end":{"line":501,"column":55}},"121":{"start":{"line":502,"column":6},"end":{"line":502,"column":57}},"122":{"start":{"line":503,"column":25},"end":{"line":503,"column":84}},"123":{"start":{"line":504,"column":22},"end":{"line":504,"column":65}},"124":{"start":{"line":505,"column":6},"end":{"line":521,"column":7}},"125":{"start":{"line":506,"column":8},"end":{"line":506,"column":92}},"126":{"start":{"line":506,"column":24},"end":{"line":506,"column":89}},"127":{"start":{"line":508,"column":23},"end":{"line":508,"column":82}},"128":{"start":{"line":509,"column":21},"end":{"line":509,"column":73}},"129":{"start":{"line":510,"column":28},"end":{"line":510,"column":72}},"130":{"start":{"line":511,"column":26},"end":{"line":511,"column":68}},"131":{"start":{"line":512,"column":18},"end":{"line":512,"column":19}},"132":{"start":{"line":513,"column":8},"end":{"line":515,"column":11}},"133":{"start":{"line":514,"column":10},"end":{"line":514,"column":41}},"134":{"start":{"line":514,"column":32},"end":{"line":514,"column":41}},"135":{"start":{"line":516,"column":27},"end":{"line":516,"column":92}},"136":{"start":{"line":517,"column":8},"end":{"line":520,"column":12}},"137":{"start":{"line":517,"column":24},"end":{"line":520,"column":9}},"138":{"start":{"line":522,"column":6},"end":{"line":522,"column":28}},"139":{"start":{"line":523,"column":6},"end":{"line":523,"column":29}},"140":{"start":{"line":525,"column":6},"end":{"line":525,"column":28}},"141":{"start":{"line":526,"column":6},"end":{"line":526,"column":86}},"142":{"start":{"line":527,"column":6},"end":{"line":527,"column":48}},"143":{"start":{"line":532,"column":4},"end":{"line":886,"column":5}},"144":{"start":{"line":534,"column":8},"end":{"line":570,"column":10}},"145":{"start":{"line":545,"column":16},"end":{"line":550,"column":18}},"146":{"start":{"line":549,"column":33},"end":{"line":549,"column":67}},"147":{"start":{"line":549,"column":46},"end":{"line":549,"column":65}},"148":{"start":{"line":565,"column":35},"end":{"line":565,"column":67}},"149":{"start":{"line":565,"column":48},"end":{"line":565,"column":65}},"150":{"start":{"line":572,"column":8},"end":{"line":586,"column":10}},"151":{"start":{"line":577,"column":16},"end":{"line":582,"column":18}},"152":{"start":{"line":581,"column":33},"end":{"line":581,"column":75}},"153":{"start":{"line":581,"column":46},"end":{"line":581,"column":73}},"154":{"start":{"line":588,"column":8},"end":{"line":595,"column":10}},"155":{"start":{"line":592,"column":64},"end":{"line":592,"column":95}},"156":{"start":{"line":592,"column":77},"end":{"line":592,"column":93}},"157":{"start":{"line":597,"column":8},"end":{"line":614,"column":10}},"158":{"start":{"line":603,"column":33},"end":{"line":603,"column":71}},"159":{"start":{"line":603,"column":46},"end":{"line":603,"column":69}},"160":{"start":{"line":610,"column":33},"end":{"line":610,"column":67}},"161":{"start":{"line":610,"column":46},"end":{"line":610,"column":65}},"162":{"start":{"line":616,"column":8},"end":{"line":638,"column":10}},"163":{"start":{"line":622,"column":35},"end":{"line":622,"column":67}},"164":{"start":{"line":622,"column":48},"end":{"line":622,"column":65}},"165":{"start":{"line":631,"column":16},"end":{"line":634,"column":19}},"166":{"start":{"line":631,"column":29},"end":{"line":634,"column":17}},"167":{"start":{"line":640,"column":8},"end":{"line":654,"column":10}},"168":{"start":{"line":645,"column":16},"end":{"line":650,"column":18}},"169":{"start":{"line":649,"column":33},"end":{"line":649,"column":85}},"170":{"start":{"line":649,"column":46},"end":{"line":649,"column":83}},"171":{"start":{"line":656,"column":8},"end":{"line":676,"column":10}},"172":{"start":{"line":661,"column":16},"end":{"line":666,"column":18}},"173":{"start":{"line":665,"column":33},"end":{"line":665,"column":85}},"174":{"start":{"line":665,"column":46},"end":{"line":665,"column":83}},"175":{"start":{"line":671,"column":35},"end":{"line":671,"column":84}},"176":{"start":{"line":671,"column":48},"end":{"line":671,"column":82}},"177":{"start":{"line":678,"column":8},"end":{"line":692,"column":10}},"178":{"start":{"line":687,"column":33},"end":{"line":687,"column":94}},"179":{"start":{"line":687,"column":46},"end":{"line":687,"column":92}},"180":{"start":{"line":694,"column":8},"end":{"line":714,"column":10}},"181":{"start":{"line":699,"column":16},"end":{"line":710,"column":18}},"182":{"start":{"line":704,"column":20},"end":{"line":708,"column":23}},"183":{"start":{"line":704,"column":33},"end":{"line":708,"column":21}},"184":{"start":{"line":716,"column":8},"end":{"line":727,"column":10}},"185":{"start":{"line":722,"column":35},"end":{"line":722,"column":67}},"186":{"start":{"line":722,"column":48},"end":{"line":722,"column":65}},"187":{"start":{"line":729,"column":8},"end":{"line":741,"column":10}},"188":{"start":{"line":735,"column":35},"end":{"line":735,"column":76}},"189":{"start":{"line":735,"column":48},"end":{"line":735,"column":74}},"190":{"start":{"line":743,"column":8},"end":{"line":757,"column":10}},"191":{"start":{"line":752,"column":33},"end":{"line":752,"column":97}},"192":{"start":{"line":752,"column":46},"end":{"line":752,"column":95}},"193":{"start":{"line":759,"column":8},"end":{"line":827,"column":10}},"194":{"start":{"line":768,"column":16},"end":{"line":768,"column":87}},"195":{"start":{"line":802,"column":38},"end":{"line":802,"column":64}},"196":{"start":{"line":803,"column":16},"end":{"line":823,"column":18}},"197":{"start":{"line":829,"column":8},"end":{"line":883,"column":10}},"198":{"start":{"line":838,"column":16},"end":{"line":838,"column":97}},"199":{"start":{"line":885,"column":8},"end":{"line":885,"column":20}},"200":{"start":{"line":889,"column":2},"end":{"line":987,"column":4}},"201":{"start":{"line":975,"column":27},"end":{"line":975,"column":77}},"202":{"start":{"line":990,"column":20},"end":{"line":1004,"column":1}}},"fnMap":{"0":{"name":"UnitToggle","decl":{"start":{"line":24,"column":9},"end":{"line":24,"column":19}},"loc":{"start":{"line":30,"column":3},"end":{"line":69,"column":1}},"line":30},"1":{"name":"(anonymous_1)","decl":{"start":{"line":44,"column":17},"end":{"line":44,"column":18}},"loc":{"start":{"line":44,"column":23},"end":{"line":44,"column":37}},"line":44},"2":{"name":"(anonymous_2)","decl":{"start":{"line":56,"column":17},"end":{"line":56,"column":18}},"loc":{"start":{"line":56,"column":23},"end":{"line":56,"column":38}},"line":56},"3":{"name":"HorizontalRuler","decl":{"start":{"line":71,"column":9},"end":{"line":71,"column":24}},"loc":{"start":{"line":85,"column":3},"end":{"line":221,"column":1}},"line":85},"4":{"name":"(anonymous_4)","decl":{"start":{"line":90,"column":23},"end":{"line":90,"column":24}},"loc":{"start":{"line":90,"column":29},"end":{"line":96,"column":3}},"line":90},"5":{"name":"(anonymous_5)","decl":{"start":{"line":98,"column":19},"end":{"line":98,"column":20}},"loc":{"start":{"line":98,"column":71},"end":{"line":108,"column":3}},"line":98},"6":{"name":"(anonymous_6)","decl":{"start":{"line":110,"column":18},"end":{"line":110,"column":19}},"loc":{"start":{"line":110,"column":24},"end":{"line":115,"column":3}},"line":110},"7":{"name":"(anonymous_7)","decl":{"start":{"line":120,"column":16},"end":{"line":120,"column":17}},"loc":{"start":{"line":120,"column":23},"end":{"line":120,"column":59}},"line":120},"8":{"name":"(anonymous_8)","decl":{"start":{"line":152,"column":22},"end":{"line":152,"column":23}},"loc":{"start":{"line":152,"column":29},"end":{"line":155,"column":13}},"line":152},"9":{"name":"(anonymous_9)","decl":{"start":{"line":157,"column":26},"end":{"line":157,"column":27}},"loc":{"start":{"line":157,"column":36},"end":{"line":157,"column":48}},"line":157},"10":{"name":"(anonymous_10)","decl":{"start":{"line":158,"column":27},"end":{"line":158,"column":28}},"loc":{"start":{"line":158,"column":41},"end":{"line":175,"column":13}},"line":158},"11":{"name":"(anonymous_11)","decl":{"start":{"line":177,"column":24},"end":{"line":177,"column":25}},"loc":{"start":{"line":177,"column":38},"end":{"line":215,"column":13}},"line":177},"12":{"name":"AgePicker","decl":{"start":{"line":223,"column":9},"end":{"line":223,"column":18}},"loc":{"start":{"line":223,"column":99},"end":{"line":232,"column":1}},"line":223},"13":{"name":"(anonymous_13)","decl":{"start":{"line":229,"column":16},"end":{"line":229,"column":17}},"loc":{"start":{"line":229,"column":23},"end":{"line":229,"column":42}},"line":229},"14":{"name":"(anonymous_14)","decl":{"start":{"line":278,"column":43},"end":{"line":278,"column":44}},"loc":{"start":{"line":278,"column":53},"end":{"line":281,"column":1}},"line":278},"15":{"name":"(anonymous_15)","decl":{"start":{"line":283,"column":46},"end":{"line":283,"column":47}},"loc":{"start":{"line":283,"column":56},"end":{"line":286,"column":1}},"line":283},"16":{"name":"RadioOption","decl":{"start":{"line":325,"column":9},"end":{"line":325,"column":20}},"loc":{"start":{"line":333,"column":3},"end":{"line":388,"column":1}},"line":333},"17":{"name":"PlaybackButton","decl":{"start":{"line":390,"column":9},"end":{"line":390,"column":23}},"loc":{"start":{"line":390,"column":50},"end":{"line":411,"column":1}},"line":390},"18":{"name":"(anonymous_18)","decl":{"start":{"line":394,"column":15},"end":{"line":394,"column":16}},"loc":{"start":{"line":394,"column":22},"end":{"line":394,"column":50}},"line":394},"19":{"name":"AssessmentScreen","decl":{"start":{"line":413,"column":24},"end":{"line":413,"column":40}},"loc":{"start":{"line":413,"column":43},"end":{"line":988,"column":1}},"line":413},"20":{"name":"(anonymous_20)","decl":{"start":{"line":427,"column":12},"end":{"line":427,"column":13}},"loc":{"start":{"line":427,"column":18},"end":{"line":452,"column":3}},"line":427},"21":{"name":"(anonymous_21)","decl":{"start":{"line":437,"column":29},"end":{"line":437,"column":30}},"loc":{"start":{"line":437,"column":35},"end":{"line":447,"column":7}},"line":437},"22":{"name":"(anonymous_22)","decl":{"start":{"line":451,"column":11},"end":{"line":451,"column":12}},"loc":{"start":{"line":451,"column":17},"end":{"line":451,"column":40}},"line":451},"23":{"name":"(anonymous_23)","decl":{"start":{"line":457,"column":30},"end":{"line":457,"column":31}},"loc":{"start":{"line":457,"column":36},"end":{"line":464,"column":3}},"line":457},"24":{"name":"next","decl":{"start":{"line":466,"column":17},"end":{"line":466,"column":21}},"loc":{"start":{"line":466,"column":24},"end":{"line":478,"column":3}},"line":466},"25":{"name":"(anonymous_25)","decl":{"start":{"line":476,"column":12},"end":{"line":476,"column":13}},"loc":{"start":{"line":476,"column":19},"end":{"line":476,"column":52}},"line":476},"26":{"name":"back","decl":{"start":{"line":480,"column":11},"end":{"line":480,"column":15}},"loc":{"start":{"line":480,"column":18},"end":{"line":483,"column":3}},"line":480},"27":{"name":"(anonymous_27)","decl":{"start":{"line":481,"column":12},"end":{"line":481,"column":13}},"loc":{"start":{"line":481,"column":19},"end":{"line":481,"column":37}},"line":481},"28":{"name":"startRec","decl":{"start":{"line":485,"column":17},"end":{"line":485,"column":25}},"loc":{"start":{"line":485,"column":56},"end":{"line":496,"column":3}},"line":485},"29":{"name":"stopRec","decl":{"start":{"line":498,"column":17},"end":{"line":498,"column":24}},"loc":{"start":{"line":498,"column":27},"end":{"line":529,"column":3}},"line":498},"30":{"name":"(anonymous_30)","decl":{"start":{"line":506,"column":13},"end":{"line":506,"column":14}},"loc":{"start":{"line":506,"column":24},"end":{"line":506,"column":89}},"line":506},"31":{"name":"(anonymous_31)","decl":{"start":{"line":513,"column":28},"end":{"line":513,"column":29}},"loc":{"start":{"line":513,"column":35},"end":{"line":515,"column":9}},"line":513},"32":{"name":"(anonymous_32)","decl":{"start":{"line":517,"column":13},"end":{"line":517,"column":14}},"loc":{"start":{"line":517,"column":24},"end":{"line":520,"column":9}},"line":517},"33":{"name":"renderStep","decl":{"start":{"line":531,"column":11},"end":{"line":531,"column":21}},"loc":{"start":{"line":531,"column":24},"end":{"line":887,"column":3}},"line":531},"34":{"name":"(anonymous_34)","decl":{"start":{"line":544,"column":20},"end":{"line":544,"column":21}},"loc":{"start":{"line":545,"column":16},"end":{"line":550,"column":18}},"line":545},"35":{"name":"(anonymous_35)","decl":{"start":{"line":549,"column":27},"end":{"line":549,"column":28}},"loc":{"start":{"line":549,"column":33},"end":{"line":549,"column":67}},"line":549},"36":{"name":"(anonymous_36)","decl":{"start":{"line":549,"column":38},"end":{"line":549,"column":39}},"loc":{"start":{"line":549,"column":46},"end":{"line":549,"column":65}},"line":549},"37":{"name":"(anonymous_37)","decl":{"start":{"line":565,"column":28},"end":{"line":565,"column":29}},"loc":{"start":{"line":565,"column":35},"end":{"line":565,"column":67}},"line":565},"38":{"name":"(anonymous_38)","decl":{"start":{"line":565,"column":40},"end":{"line":565,"column":41}},"loc":{"start":{"line":565,"column":48},"end":{"line":565,"column":65}},"line":565},"39":{"name":"(anonymous_39)","decl":{"start":{"line":576,"column":26},"end":{"line":576,"column":27}},"loc":{"start":{"line":577,"column":16},"end":{"line":582,"column":18}},"line":577},"40":{"name":"(anonymous_40)","decl":{"start":{"line":581,"column":27},"end":{"line":581,"column":28}},"loc":{"start":{"line":581,"column":33},"end":{"line":581,"column":75}},"line":581},"41":{"name":"(anonymous_41)","decl":{"start":{"line":581,"column":38},"end":{"line":581,"column":39}},"loc":{"start":{"line":581,"column":46},"end":{"line":581,"column":73}},"line":581},"42":{"name":"(anonymous_42)","decl":{"start":{"line":592,"column":57},"end":{"line":592,"column":58}},"loc":{"start":{"line":592,"column":64},"end":{"line":592,"column":95}},"line":592},"43":{"name":"(anonymous_43)","decl":{"start":{"line":592,"column":69},"end":{"line":592,"column":70}},"loc":{"start":{"line":592,"column":77},"end":{"line":592,"column":93}},"line":592},"44":{"name":"(anonymous_44)","decl":{"start":{"line":603,"column":26},"end":{"line":603,"column":27}},"loc":{"start":{"line":603,"column":33},"end":{"line":603,"column":71}},"line":603},"45":{"name":"(anonymous_45)","decl":{"start":{"line":603,"column":38},"end":{"line":603,"column":39}},"loc":{"start":{"line":603,"column":46},"end":{"line":603,"column":69}},"line":603},"46":{"name":"(anonymous_46)","decl":{"start":{"line":610,"column":26},"end":{"line":610,"column":27}},"loc":{"start":{"line":610,"column":33},"end":{"line":610,"column":67}},"line":610},"47":{"name":"(anonymous_47)","decl":{"start":{"line":610,"column":38},"end":{"line":610,"column":39}},"loc":{"start":{"line":610,"column":46},"end":{"line":610,"column":65}},"line":610},"48":{"name":"(anonymous_48)","decl":{"start":{"line":622,"column":28},"end":{"line":622,"column":29}},"loc":{"start":{"line":622,"column":35},"end":{"line":622,"column":67}},"line":622},"49":{"name":"(anonymous_49)","decl":{"start":{"line":622,"column":40},"end":{"line":622,"column":41}},"loc":{"start":{"line":622,"column":48},"end":{"line":622,"column":65}},"line":622},"50":{"name":"(anonymous_50)","decl":{"start":{"line":630,"column":24},"end":{"line":630,"column":25}},"loc":{"start":{"line":631,"column":16},"end":{"line":634,"column":19}},"line":631},"51":{"name":"(anonymous_51)","decl":{"start":{"line":631,"column":21},"end":{"line":631,"column":22}},"loc":{"start":{"line":631,"column":29},"end":{"line":634,"column":17}},"line":631},"52":{"name":"(anonymous_52)","decl":{"start":{"line":644,"column":25},"end":{"line":644,"column":26}},"loc":{"start":{"line":645,"column":16},"end":{"line":650,"column":18}},"line":645},"53":{"name":"(anonymous_53)","decl":{"start":{"line":649,"column":27},"end":{"line":649,"column":28}},"loc":{"start":{"line":649,"column":33},"end":{"line":649,"column":85}},"line":649},"54":{"name":"(anonymous_54)","decl":{"start":{"line":649,"column":38},"end":{"line":649,"column":39}},"loc":{"start":{"line":649,"column":46},"end":{"line":649,"column":83}},"line":649},"55":{"name":"(anonymous_55)","decl":{"start":{"line":660,"column":25},"end":{"line":660,"column":26}},"loc":{"start":{"line":661,"column":16},"end":{"line":666,"column":18}},"line":661},"56":{"name":"(anonymous_56)","decl":{"start":{"line":665,"column":27},"end":{"line":665,"column":28}},"loc":{"start":{"line":665,"column":33},"end":{"line":665,"column":85}},"line":665},"57":{"name":"(anonymous_57)","decl":{"start":{"line":665,"column":38},"end":{"line":665,"column":39}},"loc":{"start":{"line":665,"column":46},"end":{"line":665,"column":83}},"line":665},"58":{"name":"(anonymous_58)","decl":{"start":{"line":671,"column":28},"end":{"line":671,"column":29}},"loc":{"start":{"line":671,"column":35},"end":{"line":671,"column":84}},"line":671},"59":{"name":"(anonymous_59)","decl":{"start":{"line":671,"column":40},"end":{"line":671,"column":41}},"loc":{"start":{"line":671,"column":48},"end":{"line":671,"column":82}},"line":671},"60":{"name":"(anonymous_60)","decl":{"start":{"line":687,"column":26},"end":{"line":687,"column":27}},"loc":{"start":{"line":687,"column":33},"end":{"line":687,"column":94}},"line":687},"61":{"name":"(anonymous_61)","decl":{"start":{"line":687,"column":38},"end":{"line":687,"column":39}},"loc":{"start":{"line":687,"column":46},"end":{"line":687,"column":92}},"line":687},"62":{"name":"(anonymous_62)","decl":{"start":{"line":698,"column":25},"end":{"line":698,"column":26}},"loc":{"start":{"line":699,"column":16},"end":{"line":710,"column":18}},"line":699},"63":{"name":"(anonymous_63)","decl":{"start":{"line":703,"column":27},"end":{"line":703,"column":28}},"loc":{"start":{"line":704,"column":20},"end":{"line":708,"column":23}},"line":704},"64":{"name":"(anonymous_64)","decl":{"start":{"line":704,"column":25},"end":{"line":704,"column":26}},"loc":{"start":{"line":704,"column":33},"end":{"line":708,"column":21}},"line":704},"65":{"name":"(anonymous_65)","decl":{"start":{"line":722,"column":28},"end":{"line":722,"column":29}},"loc":{"start":{"line":722,"column":35},"end":{"line":722,"column":67}},"line":722},"66":{"name":"(anonymous_66)","decl":{"start":{"line":722,"column":40},"end":{"line":722,"column":41}},"loc":{"start":{"line":722,"column":48},"end":{"line":722,"column":65}},"line":722},"67":{"name":"(anonymous_67)","decl":{"start":{"line":735,"column":28},"end":{"line":735,"column":29}},"loc":{"start":{"line":735,"column":35},"end":{"line":735,"column":76}},"line":735},"68":{"name":"(anonymous_68)","decl":{"start":{"line":735,"column":40},"end":{"line":735,"column":41}},"loc":{"start":{"line":735,"column":48},"end":{"line":735,"column":74}},"line":735},"69":{"name":"(anonymous_69)","decl":{"start":{"line":752,"column":26},"end":{"line":752,"column":27}},"loc":{"start":{"line":752,"column":33},"end":{"line":752,"column":97}},"line":752},"70":{"name":"(anonymous_70)","decl":{"start":{"line":752,"column":38},"end":{"line":752,"column":39}},"loc":{"start":{"line":752,"column":46},"end":{"line":752,"column":95}},"line":752},"71":{"name":"(anonymous_71)","decl":{"start":{"line":767,"column":23},"end":{"line":767,"column":24}},"loc":{"start":{"line":768,"column":16},"end":{"line":768,"column":87}},"line":768},"72":{"name":"(anonymous_72)","decl":{"start":{"line":801,"column":49},"end":{"line":801,"column":50}},"loc":{"start":{"line":801,"column":62},"end":{"line":824,"column":15}},"line":801},"73":{"name":"(anonymous_73)","decl":{"start":{"line":837,"column":23},"end":{"line":837,"column":24}},"loc":{"start":{"line":838,"column":16},"end":{"line":838,"column":97}},"line":838},"74":{"name":"(anonymous_74)","decl":{"start":{"line":975,"column":21},"end":{"line":975,"column":22}},"loc":{"start":{"line":975,"column":27},"end":{"line":975,"column":77}},"line":975}},"branchMap":{"0":{"loc":{"start":{"line":49,"column":27},"end":{"line":49,"column":69}},"type":"cond-expr","locations":[{"start":{"line":49,"column":44},"end":{"line":49,"column":53}},{"start":{"line":49,"column":56},"end":{"line":49,"column":69}}],"line":49},"1":{"loc":{"start":{"line":53,"column":30},"end":{"line":53,"column":66}},"type":"cond-expr","locations":[{"start":{"line":53,"column":47},"end":{"line":53,"column":54}},{"start":{"line":53,"column":57},"end":{"line":53,"column":66}}],"line":53},"2":{"loc":{"start":{"line":61,"column":27},"end":{"line":61,"column":70}},"type":"cond-expr","locations":[{"start":{"line":61,"column":45},"end":{"line":61,"column":54}},{"start":{"line":61,"column":57},"end":{"line":61,"column":70}}],"line":61},"3":{"loc":{"start":{"line":65,"column":30},"end":{"line":65,"column":67}},"type":"cond-expr","locations":[{"start":{"line":65,"column":48},"end":{"line":65,"column":55}},{"start":{"line":65,"column":58},"end":{"line":65,"column":67}}],"line":65},"4":{"loc":{"start":{"line":76,"column":2},"end":{"line":76,"column":10}},"type":"default-arg","locations":[{"start":{"line":76,"column":9},"end":{"line":76,"column":10}}],"line":76},"5":{"loc":{"start":{"line":77,"column":2},"end":{"line":77,"column":11}},"type":"default-arg","locations":[{"start":{"line":77,"column":9},"end":{"line":77,"column":11}}],"line":77},"6":{"loc":{"start":{"line":102,"column":4},"end":{"line":107,"column":5}},"type":"if","locations":[{"start":{"line":102,"column":4},"end":{"line":107,"column":5}},{"start":{},"end":{}}],"line":102},"7":{"loc":{"start":{"line":102,"column":8},"end":{"line":102,"column":57}},"type":"binary-expr","locations":[{"start":{"line":102,"column":8},"end":{"line":102,"column":24}},{"start":{"line":102,"column":28},"end":{"line":102,"column":57}}],"line":102},"8":{"loc":{"start":{"line":104,"column":6},"end":{"line":106,"column":7}},"type":"if","locations":[{"start":{"line":104,"column":6},"end":{"line":106,"column":7}},{"start":{},"end":{}}],"line":104},"9":{"loc":{"start":{"line":104,"column":10},"end":{"line":104,"column":49}},"type":"binary-expr","locations":[{"start":{"line":104,"column":10},"end":{"line":104,"column":27}},{"start":{"line":104,"column":31},"end":{"line":104,"column":49}}],"line":104},"10":{"loc":{"start":{"line":111,"column":4},"end":{"line":114,"column":5}},"type":"if","locations":[{"start":{"line":111,"column":4},"end":{"line":114,"column":5}},{"start":{},"end":{}}],"line":111},"11":{"loc":{"start":{"line":111,"column":8},"end":{"line":111,"column":40}},"type":"binary-expr","locations":[{"start":{"line":111,"column":8},"end":{"line":111,"column":17}},{"start":{"line":111,"column":21},"end":{"line":111,"column":40}}],"line":111},"12":{"loc":{"start":{"line":144,"column":9},"end":{"line":217,"column":9}},"type":"binary-expr","locations":[{"start":{"line":144,"column":9},"end":{"line":144,"column":18}},{"start":{"line":145,"column":10},"end":{"line":216,"column":12}}],"line":144},"13":{"loc":{"start":{"line":163,"column":14},"end":{"line":172,"column":15}},"type":"if","locations":[{"start":{"line":163,"column":14},"end":{"line":172,"column":15}},{"start":{"line":166,"column":21},"end":{"line":172,"column":15}}],"line":163},"14":{"loc":{"start":{"line":166,"column":21},"end":{"line":172,"column":15}},"type":"if","locations":[{"start":{"line":166,"column":21},"end":{"line":172,"column":15}},{"start":{"line":169,"column":21},"end":{"line":172,"column":15}}],"line":166},"15":{"loc":{"start":{"line":178,"column":14},"end":{"line":180,"column":15}},"type":"if","locations":[{"start":{"line":178,"column":14},"end":{"line":180,"column":15}},{"start":{},"end":{}}],"line":178},"16":{"loc":{"start":{"line":192,"column":29},"end":{"line":192,"column":44}},"type":"cond-expr","locations":[{"start":{"line":192,"column":39},"end":{"line":192,"column":40}},{"start":{"line":192,"column":43},"end":{"line":192,"column":44}}],"line":192},"17":{"loc":{"start":{"line":193,"column":30},"end":{"line":193,"column":47}},"type":"cond-expr","locations":[{"start":{"line":193,"column":40},"end":{"line":193,"column":42}},{"start":{"line":193,"column":45},"end":{"line":193,"column":47}}],"line":193},"18":{"loc":{"start":{"line":198,"column":19},"end":{"line":212,"column":19}},"type":"binary-expr","locations":[{"start":{"line":198,"column":19},"end":{"line":198,"column":26}},{"start":{"line":199,"column":20},"end":{"line":211,"column":27}}],"line":198},"19":{"loc":{"start":{"line":228,"column":22},"end":{"line":228,"column":35}},"type":"binary-expr","locations":[{"start":{"line":228,"column":22},"end":{"line":228,"column":27}},{"start":{"line":228,"column":31},"end":{"line":228,"column":35}}],"line":228},"20":{"loc":{"start":{"line":341,"column":25},"end":{"line":341,"column":55}},"type":"cond-expr","locations":[{"start":{"line":341,"column":36},"end":{"line":341,"column":45}},{"start":{"line":341,"column":48},"end":{"line":341,"column":55}}],"line":341},"21":{"loc":{"start":{"line":357,"column":17},"end":{"line":357,"column":47}},"type":"cond-expr","locations":[{"start":{"line":357,"column":28},"end":{"line":357,"column":35}},{"start":{"line":357,"column":38},"end":{"line":357,"column":47}}],"line":357},"22":{"loc":{"start":{"line":369,"column":23},"end":{"line":369,"column":53}},"type":"cond-expr","locations":[{"start":{"line":369,"column":34},"end":{"line":369,"column":41}},{"start":{"line":369,"column":44},"end":{"line":369,"column":53}}],"line":369},"23":{"loc":{"start":{"line":372,"column":19},"end":{"line":372,"column":37}},"type":"cond-expr","locations":[{"start":{"line":372,"column":30},"end":{"line":372,"column":31}},{"start":{"line":372,"column":34},"end":{"line":372,"column":37}}],"line":372},"24":{"loc":{"start":{"line":375,"column":9},"end":{"line":384,"column":9}},"type":"binary-expr","locations":[{"start":{"line":375,"column":9},"end":{"line":375,"column":17}},{"start":{"line":376,"column":10},"end":{"line":383,"column":12}}],"line":375},"25":{"loc":{"start":{"line":394,"column":22},"end":{"line":394,"column":50}},"type":"cond-expr","locations":[{"start":{"line":394,"column":34},"end":{"line":394,"column":41}},{"start":{"line":394,"column":44},"end":{"line":394,"column":50}}],"line":394},"26":{"loc":{"start":{"line":407,"column":9},"end":{"line":407,"column":47}},"type":"cond-expr","locations":[{"start":{"line":407,"column":21},"end":{"line":407,"column":28}},{"start":{"line":407,"column":31},"end":{"line":407,"column":47}}],"line":407},"27":{"loc":{"start":{"line":429,"column":4},"end":{"line":450,"column":5}},"type":"if","locations":[{"start":{"line":429,"column":4},"end":{"line":450,"column":5}},{"start":{"line":448,"column":11},"end":{"line":450,"column":5}}],"line":429},"28":{"loc":{"start":{"line":429,"column":8},"end":{"line":429,"column":47}},"type":"binary-expr","locations":[{"start":{"line":429,"column":8},"end":{"line":429,"column":19}},{"start":{"line":429,"column":23},"end":{"line":429,"column":47}}],"line":429},"29":{"loc":{"start":{"line":439,"column":8},"end":{"line":446,"column":9}},"type":"if","locations":[{"start":{"line":439,"column":8},"end":{"line":446,"column":9}},{"start":{"line":441,"column":15},"end":{"line":446,"column":9}}],"line":439},"30":{"loc":{"start":{"line":458,"column":4},"end":{"line":458,"column":55}},"type":"if","locations":[{"start":{"line":458,"column":4},"end":{"line":458,"column":55}},{"start":{},"end":{}}],"line":458},"31":{"loc":{"start":{"line":459,"column":4},"end":{"line":459,"column":55}},"type":"if","locations":[{"start":{"line":459,"column":4},"end":{"line":459,"column":55}},{"start":{},"end":{}}],"line":459},"32":{"loc":{"start":{"line":460,"column":4},"end":{"line":460,"column":88}},"type":"if","locations":[{"start":{"line":460,"column":4},"end":{"line":460,"column":88}},{"start":{},"end":{}}],"line":460},"33":{"loc":{"start":{"line":460,"column":38},"end":{"line":460,"column":87}},"type":"binary-expr","locations":[{"start":{"line":460,"column":38},"end":{"line":460,"column":60}},{"start":{"line":460,"column":64},"end":{"line":460,"column":87}}],"line":460},"34":{"loc":{"start":{"line":461,"column":4},"end":{"line":461,"column":54}},"type":"if","locations":[{"start":{"line":461,"column":4},"end":{"line":461,"column":54}},{"start":{},"end":{}}],"line":461},"35":{"loc":{"start":{"line":462,"column":4},"end":{"line":462,"column":64}},"type":"if","locations":[{"start":{"line":462,"column":4},"end":{"line":462,"column":64}},{"start":{},"end":{}}],"line":462},"36":{"loc":{"start":{"line":467,"column":4},"end":{"line":470,"column":5}},"type":"if","locations":[{"start":{"line":467,"column":4},"end":{"line":470,"column":5}},{"start":{},"end":{}}],"line":467},"37":{"loc":{"start":{"line":471,"column":4},"end":{"line":475,"column":5}},"type":"if","locations":[{"start":{"line":471,"column":4},"end":{"line":475,"column":5}},{"start":{},"end":{}}],"line":471},"38":{"loc":{"start":{"line":499,"column":4},"end":{"line":499,"column":29}},"type":"if","locations":[{"start":{"line":499,"column":4},"end":{"line":499,"column":29}},{"start":{},"end":{}}],"line":499},"39":{"loc":{"start":{"line":503,"column":25},"end":{"line":503,"column":84}},"type":"binary-expr","locations":[{"start":{"line":503,"column":25},"end":{"line":503,"column":47}},{"start":{"line":503,"column":51},"end":{"line":503,"column":84}}],"line":503},"40":{"loc":{"start":{"line":505,"column":6},"end":{"line":521,"column":7}},"type":"if","locations":[{"start":{"line":505,"column":6},"end":{"line":521,"column":7}},{"start":{"line":507,"column":13},"end":{"line":521,"column":7}}],"line":505},"41":{"loc":{"start":{"line":514,"column":10},"end":{"line":514,"column":41}},"type":"if","locations":[{"start":{"line":514,"column":10},"end":{"line":514,"column":41}},{"start":{},"end":{}}],"line":514},"42":{"loc":{"start":{"line":516,"column":27},"end":{"line":516,"column":92}},"type":"cond-expr","locations":[{"start":{"line":516,"column":46},"end":{"line":516,"column":88}},{"start":{"line":516,"column":91},"end":{"line":516,"column":92}}],"line":516},"43":{"loc":{"start":{"line":532,"column":4},"end":{"line":886,"column":5}},"type":"switch","locations":[{"start":{"line":533,"column":6},"end":{"line":570,"column":10}},{"start":{"line":571,"column":6},"end":{"line":586,"column":10}},{"start":{"line":587,"column":6},"end":{"line":595,"column":10}},{"start":{"line":596,"column":6},"end":{"line":614,"column":10}},{"start":{"line":615,"column":6},"end":{"line":638,"column":10}},{"start":{"line":639,"column":6},"end":{"line":654,"column":10}},{"start":{"line":655,"column":6},"end":{"line":676,"column":10}},{"start":{"line":677,"column":6},"end":{"line":692,"column":10}},{"start":{"line":693,"column":6},"end":{"line":714,"column":10}},{"start":{"line":715,"column":6},"end":{"line":727,"column":10}},{"start":{"line":728,"column":6},"end":{"line":741,"column":10}},{"start":{"line":742,"column":6},"end":{"line":757,"column":10}},{"start":{"line":758,"column":6},"end":{"line":827,"column":10}},{"start":{"line":828,"column":6},"end":{"line":883,"column":10}},{"start":{"line":884,"column":6},"end":{"line":885,"column":20}}],"line":532},"44":{"loc":{"start":{"line":555,"column":16},"end":{"line":563,"column":34}},"type":"cond-expr","locations":[{"start":{"line":562,"column":20},"end":{"line":562,"column":22}},{"start":{"line":563,"column":21},"end":{"line":563,"column":33}}],"line":555},"45":{"loc":{"start":{"line":561,"column":27},"end":{"line":561,"column":39}},"type":"binary-expr","locations":[{"start":{"line":561,"column":27},"end":{"line":561,"column":33}},{"start":{"line":561,"column":37},"end":{"line":561,"column":39}}],"line":561},"46":{"loc":{"start":{"line":563,"column":21},"end":{"line":563,"column":33}},"type":"binary-expr","locations":[{"start":{"line":563,"column":21},"end":{"line":563,"column":27}},{"start":{"line":563,"column":31},"end":{"line":563,"column":33}}],"line":563},"47":{"loc":{"start":{"line":592,"column":32},"end":{"line":592,"column":45}},"type":"binary-expr","locations":[{"start":{"line":592,"column":32},"end":{"line":592,"column":37}},{"start":{"line":592,"column":41},"end":{"line":592,"column":45}}],"line":592},"48":{"loc":{"start":{"line":602,"column":23},"end":{"line":602,"column":43}},"type":"binary-expr","locations":[{"start":{"line":602,"column":23},"end":{"line":602,"column":35}},{"start":{"line":602,"column":39},"end":{"line":602,"column":43}}],"line":602},"49":{"loc":{"start":{"line":606,"column":21},"end":{"line":606,"column":53}},"type":"cond-expr","locations":[{"start":{"line":606,"column":46},"end":{"line":606,"column":48}},{"start":{"line":606,"column":51},"end":{"line":606,"column":53}}],"line":606},"50":{"loc":{"start":{"line":607,"column":21},"end":{"line":607,"column":55}},"type":"cond-expr","locations":[{"start":{"line":607,"column":46},"end":{"line":607,"column":49}},{"start":{"line":607,"column":52},"end":{"line":607,"column":55}}],"line":607},"51":{"loc":{"start":{"line":608,"column":23},"end":{"line":608,"column":37}},"type":"binary-expr","locations":[{"start":{"line":608,"column":23},"end":{"line":608,"column":31}},{"start":{"line":608,"column":35},"end":{"line":608,"column":37}}],"line":608},"52":{"loc":{"start":{"line":609,"column":22},"end":{"line":609,"column":42}},"type":"binary-expr","locations":[{"start":{"line":609,"column":22},"end":{"line":609,"column":34}},{"start":{"line":609,"column":38},"end":{"line":609,"column":42}}],"line":609},"53":{"loc":{"start":{"line":621,"column":21},"end":{"line":621,"column":33}},"type":"binary-expr","locations":[{"start":{"line":621,"column":21},"end":{"line":621,"column":27}},{"start":{"line":621,"column":31},"end":{"line":621,"column":33}}],"line":621},"54":{"loc":{"start":{"line":633,"column":26},"end":{"line":633,"column":38}},"type":"binary-expr","locations":[{"start":{"line":633,"column":26},"end":{"line":633,"column":32}},{"start":{"line":633,"column":36},"end":{"line":633,"column":38}}],"line":633},"55":{"loc":{"start":{"line":670,"column":21},"end":{"line":670,"column":50}},"type":"binary-expr","locations":[{"start":{"line":670,"column":21},"end":{"line":670,"column":44}},{"start":{"line":670,"column":48},"end":{"line":670,"column":50}}],"line":670},"56":{"loc":{"start":{"line":686,"column":23},"end":{"line":686,"column":42}},"type":"binary-expr","locations":[{"start":{"line":686,"column":23},"end":{"line":686,"column":37}},{"start":{"line":686,"column":41},"end":{"line":686,"column":42}}],"line":686},"57":{"loc":{"start":{"line":707,"column":28},"end":{"line":707,"column":71}},"type":"cond-expr","locations":[{"start":{"line":707,"column":51},"end":{"line":707,"column":63}},{"start":{"line":707,"column":67},"end":{"line":707,"column":71}}],"line":707},"58":{"loc":{"start":{"line":707,"column":51},"end":{"line":707,"column":63}},"type":"binary-expr","locations":[{"start":{"line":707,"column":51},"end":{"line":707,"column":57}},{"start":{"line":707,"column":61},"end":{"line":707,"column":63}}],"line":707},"59":{"loc":{"start":{"line":721,"column":21},"end":{"line":721,"column":33}},"type":"binary-expr","locations":[{"start":{"line":721,"column":21},"end":{"line":721,"column":27}},{"start":{"line":721,"column":31},"end":{"line":721,"column":33}}],"line":721},"60":{"loc":{"start":{"line":734,"column":21},"end":{"line":734,"column":42}},"type":"binary-expr","locations":[{"start":{"line":734,"column":21},"end":{"line":734,"column":36}},{"start":{"line":734,"column":40},"end":{"line":734,"column":42}}],"line":734},"61":{"loc":{"start":{"line":751,"column":23},"end":{"line":751,"column":41}},"type":"binary-expr","locations":[{"start":{"line":751,"column":23},"end":{"line":751,"column":36}},{"start":{"line":751,"column":40},"end":{"line":751,"column":41}}],"line":751},"62":{"loc":{"start":{"line":768,"column":16},"end":{"line":768,"column":87}},"type":"cond-expr","locations":[{"start":{"line":768,"column":58},"end":{"line":768,"column":67}},{"start":{"line":768,"column":70},"end":{"line":768,"column":87}}],"line":768},"63":{"loc":{"start":{"line":768,"column":16},"end":{"line":768,"column":55}},"type":"binary-expr","locations":[{"start":{"line":768,"column":16},"end":{"line":768,"column":40}},{"start":{"line":768,"column":44},"end":{"line":768,"column":55}}],"line":768},"64":{"loc":{"start":{"line":771,"column":34},"end":{"line":771,"column":73}},"type":"binary-expr","locations":[{"start":{"line":771,"column":34},"end":{"line":771,"column":58}},{"start":{"line":771,"column":62},"end":{"line":771,"column":73}}],"line":771},"65":{"loc":{"start":{"line":772,"column":15},"end":{"line":7
[...]
tart":{"line":44,"column":28},"end":{"line":49,"column":1}},"12":{"start":{"line":45,"column":2},"end":{"line":47,"column":3}},"13":{"start":{"line":46,"column":4},"end":{"line":46,"column":47}},"14":{"start":{"line":48,"column":2},"end":{"line":48,"column":58}},"15":{"start":{"line":51,"column":28},"end":{"line":58,"column":1}},"16":{"start":{"line":52,"column":19},"end":{"line":56,"column":4}},"17":{"start":{"line":57,"column":2},"end":{"line":57,"column":14}},"18":{"start":{"line":60,"column":25},"end":{"line":67,"column":1}},"19":{"start":{"line":61,"column":2},"end":{"line":66,"column":5}},"20":{"start":{"line":69,"column":25},"end":{"line":74,"column":1}},"21":{"start":{"line":70,"column":2},"end":{"line":73,"column":5}},"22":{"start":{"line":81,"column":46},"end":{"line":84,"column":1}},"23":{"start":{"line":86,"column":28},"end":{"line":91,"column":1}},"24":{"start":{"line":87,"column":2},"end":{"line":89,"column":3}},"25":{"start":{"line":88,"column":4},"end":{"line":88,"column":50}},"26":{"start":{"line":90,"column":2},"end":{"line":90,"column":91}},"27":{"start":{"line":93,"column":28},"end":{"line":100,"column":1}},"28":{"start":{"line":94,"column":19},"end":{"line":98,"column":4}},"29":{"start":{"line":99,"column":2},"end":{"line":99,"column":14}},"30":{"start":{"line":102,"column":32},"end":{"line":107,"column":1}},"31":{"start":{"line":103,"column":2},"end":{"line":106,"column":5}}},"fnMap":{"0":{"name":"(anonymous_0)","decl":{"start":{"line":28,"column":24},"end":{"line":28,"column":25}},"loc":{"start":{"line":28,"column":46},"end":{"line":33,"column":1}},"line":28},"1":{"name":"(anonymous_1)","decl":{"start":{"line":35,"column":24},"end":{"line":35,"column":25}},"loc":{"start":{"line":35,"column":30},"end":{"line":42,"column":1}},"line":35},"2":{"name":"(anonymous_2)","decl":{"start":{"line":44,"column":28},"end":{"line":44,"column":29}},"loc":{"start":{"line":44,"column":47},"end":{"line":49,"column":1}},"line":44},"3":{"name":"(anonymous_3)","decl":{"start":{"line":51,"column":28},"end":{"line":51,"column":29}},"loc":{"start":{"line":51,"column":34},"end":{"line":58,"column":1}},"line":51},"4":{"name":"(anonymous_4)","decl":{"start":{"line":60,"column":25},"end":{"line":60,"column":26}},"loc":{"start":{"line":60,"column":86},"end":{"line":67,"column":1}},"line":60},"5":{"name":"(anonymous_5)","decl":{"start":{"line":69,"column":25},"end":{"line":69,"column":26}},"loc":{"start":{"line":69,"column":31},"end":{"line":74,"column":1}},"line":69},"6":{"name":"(anonymous_6)","decl":{"start":{"line":86,"column":28},"end":{"line":86,"column":29}},"loc":{"start":{"line":86,"column":54},"end":{"line":91,"column":1}},"line":86},"7":{"name":"(anonymous_7)","decl":{"start":{"line":93,"column":28},"end":{"line":93,"column":29}},"loc":{"start":{"line":93,"column":34},"end":{"line":100,"column":1}},"line":93},"8":{"name":"(anonymous_8)","decl":{"start":{"line":102,"column":32},"end":{"line":102,"column":33}},"loc":{"start":{"line":102,"column":53},"end":{"line":107,"column":1}},"line":102}},"branchMap":{"0":{"loc":{"start":{"line":29,"column":2},"end":{"line":31,"column":3}},"type":"if","locations":[{"start":{"line":29,"column":2},"end":{"line":31,"column":3}},{"start":{},"end":{}}],"line":29},"1":{"loc":{"start":{"line":32,"column":9},"end":{"line":32,"column":77}},"type":"binary-expr","locations":[{"start":{"line":32,"column":9},"end":{"line":32,"column":56}},{"start":{"line":32,"column":60},"end":{"line":32,"column":77}}],"line":32},"2":{"loc":{"start":{"line":45,"column":2},"end":{"line":47,"column":3}},"type":"if","locations":[{"start":{"line":45,"column":2},"end":{"line":47,"column":3}},{"start":{},"end":{}}],"line":45},"3":{"loc":{"start":{"line":65,"column":13},"end":{"line":65,"column":40}},"type":"binary-expr","locations":[{"start":{"line":65,"column":13},"end":{"line":65,"column":20}},{"start":{"line":65,"column":24},"end":{"line":65,"column":40}}],"line":65},"4":{"loc":{"start":{"line":87,"column":2},"end":{"line":89,"column":3}},"type":"if","locations":[{"start":{"line":87,"column":2},"end":{"line":89,"column":3}},{"start":{},"end":{}}],"line":87},"5":{"loc":{"start":{"line":90,"column":9},"end":{"line":90,"column":90}},"type":"binary-expr","locations":[{"start":{"line":90,"column":9},"end":{"line":90,"column":65}},{"start":{"line":90,"column":69},"end":{"line":90,"column":90}}],"line":90}},"s":{"0":0,"1":0,"2":0,"3":0,"4":0,"5":0,"6":0,"7":0,"8":0,"9":0,"10":0,"11":0,"12":0,"13":0,"14":0,"15":0,"16":0,"17":0,"18":0,"19":0,"20":0,"21":0,"22":0,"23":0,"24":0,"25":0,"26":0,"27":0,"28":0,"29":0,"30":0,"31":0},"f":{"0":0,"1":0,"2":0,"3":0,"4":0,"5":0,"6":0,"7":0,"8":0},"b":{"0":[0,0],"1":[0,0],"2":[0,0],"3":[0,0],"4":[0,0],"5":[0,0]}}
,"/Users/matthill8286/WebstormProjects/Mind-Matter-App-main/lib/stress.ts": {"path":"/Users/matthill8286/WebstormProjects/Mind-Matter-App-main/lib/stress.ts","statementMap":{"0":{"start":{"line":3,"column":27},"end":{"line":3,"column":42}},"1":{"start":{"line":13,"column":38},"end":{"line":19,"column":1}},"2":{"start":{"line":22,"column":14},"end":{"line":22,"column":53}},"3":{"start":{"line":23,"column":2},"end":{"line":23,"column":45}},"4":{"start":{"line":27,"column":2},"end":{"line":27,"column":63}}},"fnMap":{"0":{"name":"getStressKit","decl":{"start":{"line":21,"column":22},"end":{"line":21,"column":34}},"loc":{"start":{"line":21,"column":57},"end":{"line":24,"column":1}},"line":21},"1":{"name":"saveStressKit","decl":{"start":{"line":26,"column":22},"end":{"line":26,"column":35}},"loc":{"start":{"line":26,"column":67},"end":{"line":28,"column":1}},"line":26}},"branchMap":{"0":{"loc":{"start":{"line":23,"column":9},"end":{"line":23,"column":44}},"type":"cond-expr","locations":[{"start":{"line":23,"column":15},"end":{"line":23,"column":30}},{"start":{"line":23,"column":33},"end":{"line":23,"column":44}}],"line":23}},"s":{"0":0,"1":0,"2":0,"3":0,"4":0},"f":{"0":0,"1":0},"b":{"0":[0,0]}}
,"/Users/matthill8286/WebstormProjects/Mind-Matter-App-main/lib/suggestCategories.ts": {"path":"/Users/matthill8286/WebstormProjects/Mind-Matter-App-main/lib/suggestCategories.ts","statementMap":{"0":{"start":{"line":6,"column":17},"end":{"line":6,"column":74}},"1":{"start":{"line":9,"column":16},"end":{"line":9,"column":60}},"2":{"start":{"line":10,"column":4},"end":{"line":10,"column":24}},"3":{"start":{"line":11,"column":4},"end":{"line":11,"column":29}},"4":{"start":{"line":12,"column":4},"end":{"line":12,"column":25}},"5":{"start":{"line":15,"column":15},"end":{"line":15,"column":59}},"6":{"start":{"line":16,"column":17},"end":{"line":16,"column":57}},"7":{"start":{"line":17,"column":16},"end":{"line":17,"column":55}},"8":{"start":{"line":19,"column":2},"end":{"line":22,"column":3}},"9":{"start":{"line":20,"column":4},"end":{"line":21,"column":72}},"10":{"start":{"line":20,"column":21},"end":{"line":20,"column":67}},"11":{"start":{"line":21,"column":9},"end":{"line":21,"column":72}},"12":{"start":{"line":21,"column":26},"end":{"line":21,"column":72}},"13":{"start":{"line":24,"column":2},"end":{"line":27,"column":3}},"14":{"start":{"line":25,"column":4},"end":{"line":26,"column":76}},"15":{"start":{"line":25,"column":20},"end":{"line":25,"column":70}},"16":{"start":{"line":26,"column":9},"end":{"line":26,"column":76}},"17":{"start":{"line":26,"column":26},"end":{"line":26,"column":76}},"18":{"start":{"line":29,"column":2},"end":{"line":29,"column":87}},"19":{"start":{"line":29,"column":42},"end":{"line":29,"column":87}},"20":{"start":{"line":30,"column":2},"end":{"line":30,"column":63}},"21":{"start":{"line":30,"column":28},"end":{"line":30,"column":63}},"22":{"start":{"line":31,"column":2},"end":{"line":31,"column":89}},"23":{"start":{"line":31,"column":46},"end":{"line":31,"column":89}},"24":{"start":{"line":32,"column":2},"end":{"line":32,"column":88}},"25":{"start":{"line":32,"column":38},"end":{"line":32,"column":88}},"26":{"start":{"line":33,"column":2},"end":{"line":34,"column":61}},"27":{"start":{"line":34,"column":4},"end":{"line":34,"column":61}},"28":{"start":{"line":35,"column":2},"end":{"line":35,"column":73}},"29":{"start":{"line":35,"column":33},"end":{"line":35,"column":73}},"30":{"start":{"line":37,"column":2},"end":{"line":37,"column":70}},"31":{"start":{"line":37,"column":25},"end":{"line":37,"column":70}},"32":{"start":{"line":39,"column":2},"end":{"line":41,"column":39}},"33":{"start":{"line":40,"column":24},"end":{"line":40,"column":67}},"34":{"start":{"line":41,"column":20},"end":{"line":41,"column":37}}},"fnMap":{"0":{"name":"suggestWithReasons","decl":{"start":{"line":3,"column":16},"end":{"line":3,"column":34}},"loc":{"start":{"line":5,"column":57},"end":{"line":42,"column":1}},"line":5},"1":{"name":"add","decl":{"start":{"line":8,"column":11},"end":{"line":8,"column":14}},"loc":{"start":{"line":8,"column":62},"end":{"line":13,"column":3}},"line":8},"2":{"name":"(anonymous_2)","decl":{"start":{"line":40,"column":9},"end":{"line":40,"column":10}},"loc":{"start":{"line":40,"column":24},"end":{"line":40,"column":67}},"line":40},"3":{"name":"(anonymous_3)","decl":{"start":{"line":41,"column":10},"end":{"line":41,"column":11}},"loc":{"start":{"line":41,"column":20},"end":{"line":41,"column":37}},"line":41}},"branchMap":{"0":{"loc":{"start":{"line":9,"column":16},"end":{"line":9,"column":60}},"type":"binary-expr","locations":[{"start":{"line":9,"column":16},"end":{"line":9,"column":31}},{"start":{"line":9,"column":35},"end":{"line":9,"column":60}}],"line":9},"1":{"loc":{"start":{"line":15,"column":22},"end":{"line":15,"column":44}},"type":"binary-expr","locations":[{"start":{"line":15,"column":22},"end":{"line":15,"column":38}},{"start":{"line":15,"column":42},"end":{"line":15,"column":44}}],"line":15},"2":{"loc":{"start":{"line":16,"column":24},"end":{"line":16,"column":56}},"type":"binary-expr","locations":[{"start":{"line":16,"column":24},"end":{"line":16,"column":42}},{"start":{"line":16,"column":46},"end":{"line":16,"column":56}}],"line":16},"3":{"loc":{"start":{"line":17,"column":23},"end":{"line":17,"column":54}},"type":"binary-expr","locations":[{"start":{"line":17,"column":23},"end":{"line":17,"column":40}},{"start":{"line":17,"column":44},"end":{"line":17,"column":54}}],"line":17},"4":{"loc":{"start":{"line":19,"column":2},"end":{"line":22,"column":3}},"type":"if","locations":[{"start":{"line":19,"column":2},"end":{"line":22,"column":3}},{"start":{},"end":{}}],"line":19},"5":{"loc":{"start":{"line":20,"column":4},"end":{"line":21,"column":72}},"type":"if","locations":[{"start":{"line":20,"column":4},"end":{"line":21,"column":72}},{"start":{"line":21,"column":9},"end":{"line":21,"column":72}}],"line":20},"6":{"loc":{"start":{"line":21,"column":9},"end":{"line":21,"column":72}},"type":"if","locations":[{"start":{"line":21,"column":9},"end":{"line":21,"column":72}},{"start":{},"end":{}}],"line":21},"7":{"loc":{"start":{"line":24,"column":2},"end":{"line":27,"column":3}},"type":"if","locations":[{"start":{"line":24,"column":2},"end":{"line":27,"column":3}},{"start":{},"end":{}}],"line":24},"8":{"loc":{"start":{"line":25,"column":4},"end":{"line":26,"column":76}},"type":"if","locations":[{"start":{"line":25,"column":4},"end":{"line":26,"column":76}},{"start":{"line":26,"column":9},"end":{"line":26,"column":76}}],"line":25},"9":{"loc":{"start":{"line":26,"column":9},"end":{"line":26,"column":76}},"type":"if","locations":[{"start":{"line":26,"column":9},"end":{"line":26,"column":76}},{"start":{},"end":{}}],"line":26},"10":{"loc":{"start":{"line":29,"column":2},"end":{"line":29,"column":87}},"type":"if","locations":[{"start":{"line":29,"column":2},"end":{"line":29,"column":87}},{"start":{},"end":{}}],"line":29},"11":{"loc":{"start":{"line":30,"column":2},"end":{"line":30,"column":63}},"type":"if","locations":[{"start":{"line":30,"column":2},"end":{"line":30,"column":63}},{"start":{},"end":{}}],"line":30},"12":{"loc":{"start":{"line":31,"column":2},"end":{"line":31,"column":89}},"type":"if","locations":[{"start":{"line":31,"column":2},"end":{"line":31,"column":89}},{"start":{},"end":{}}],"line":31},"13":{"loc":{"start":{"line":32,"column":2},"end":{"line":32,"column":88}},"type":"if","locations":[{"start":{"line":32,"column":2},"end":{"line":32,"column":88}},{"start":{},"end":{}}],"line":32},"14":{"loc":{"start":{"line":33,"column":2},"end":{"line":34,"column":61}},"type":"if","locations":[{"start":{"line":33,"column":2},"end":{"line":34,"column":61}},{"start":{},"end":{}}],"line":33},"15":{"loc":{"start":{"line":35,"column":2},"end":{"line":35,"column":73}},"type":"if","locations":[{"start":{"line":35,"column":2},"end":{"line":35,"column":73}},{"start":{},"end":{}}],"line":35},"16":{"loc":{"start":{"line":37,"column":2},"end":{"line":37,"column":70}},"type":"if","locations":[{"start":{"line":37,"column":2},"end":{"line":37,"column":70}},{"start":{},"end":{}}],"line":37}},"s":{"0":0,"1":0,"2":0,"3":0,"4":0,"5":0,"6":0,"7":0,"8":0,"9":0,"10":0,"11":0,"12":0,"13":0,"14":0,"15":0,"16":0,"17":0,"18":0,"19":0,"20":0,"21":0,"22":0,"23":0,"24":0,"25":0,"26":0,"27":0,"28":0,"29":0,"30":0,"31":0,"32":0,"33":0,"34":0},"f":{"0":0,"1":0,"2":0,"3":0},"b":{"0":[0,0],"1":[0,0],"2":[0,0],"3":[0,0],"4":[0,0],"5":[0,0],"6":[0,0],"7":[0,0],"8":[0,0],"9":[0,0],"10":[0,0],"11":[0,0],"12":[0,0],"13":[0,0],"14":[0,0],"15":[0,0],"16":[0,0]}}
,"/Users/matthill8286/WebstormProjects/Mind-Matter-App-main/lib/wakeDetection.ts": {"path":"/Users/matthill8286/WebstormProjects/Mind-Matter-App-main/lib/wakeDetection.ts","statementMap":{"0":{"start":{"line":17,"column":78},"end":{"line":17,"column":84}},"1":{"start":{"line":19,"column":32},"end":{"line":19,"column":53}},"2":{"start":{"line":21,"column":14},"end":{"line":37,"column":4}},"3":{"start":{"line":22,"column":25},"end":{"line":22,"column":82}},"4":{"start":{"line":23,"column":4},"end":{"line":23,"column":19}},"5":{"start":{"line":25,"column":4},"end":{"line":25,"column":30}},"6":{"start":{"line":25,"column":23},"end":{"line":25,"column":30}},"7":{"start":{"line":27,"column":21},"end":{"line":27,"column":39}},"8":{"start":{"line":28,"column":4},"end":{"line":28,"column":26}},"9":{"start":{"line":28,"column":19},"end":{"line":28,"column":26}},"10":{"start":{"line":30,"column":20},"end":{"line":30,"column":48}},"11":{"start":{"line":31,"column":18},"end":{"line":31,"column":28}},"12":{"start":{"line":32,"column":18},"end":{"line":32,"column":54}},"13":{"start":{"line":34,"column":4},"end":{"line":36,"column":5}},"14":{"start":{"line":35,"column":6},"end":{"line":35,"column":54}},"15":{"start":{"line":39,"column":2},"end":{"line":39,"column":28}},"16":{"start":{"line":39,"column":15},"end":{"line":39,"column":27}}},"fnMap":{"0":{"name":"setupWakeDetection","decl":{"start":{"line":10,"column":16},"end":{"line":10,"column":34}},"loc":{"start":{"line":16,"column":3},"end":{"line":40,"column":1}},"line":16},"1":{"name":"(anonymous_1)","decl":{"start":{"line":21,"column":50},"end":{"line":21,"column":51}},"loc":{"start":{"line":21,"column":60},"end":{"line":37,"column":3}},"line":21},"2":{"name":"(anonymous_2)","decl":{"start":{"line":39,"column":9},"end":{"line":39,"column":10}},"loc":{"start":{"line":39,"column":15},"end":{"line":39,"column":27}},"line":39}},"branchMap":{"0":{"loc":{"start":{"line":17,"column":46},"end":{"line":17,"column":58}},"type":"default-arg","locations":[{"start":{"line":17,"column":57},"end":{"line":17,"column":58}}],"line":17},"1":{"loc":{"start":{"line":17,"column":60},"end":{"line":17,"column":73}},"type":"default-arg","locations":[{"start":{"line":17,"column":71},"end":{"line":17,"column":73}}],"line":17},"2":{"loc":{"start":{"line":22,"column":25},"end":{"line":22,"column":82}},"type":"binary-expr","locations":[{"start":{"line":22,"column":25},"end":{"line":22,"column":61}},{"start":{"line":22,"column":65},"end":{"line":22,"column":82}}],"line":22},"3":{"loc":{"start":{"line":25,"column":4},"end":{"line":25,"column":30}},"type":"if","locations":[{"start":{"line":25,"column":4},"end":{"line":25,"column":30}},{"start":{},"end":{}}],"line":25},"4":{"loc":{"start":{"line":28,"column":4},"end":{"line":28,"column":26}},"type":"if","locations":[{"start":{"line":28,"column":4},"end":{"line":28,"column":26}},{"start":{},"end":{}}],"line":28},"5":{"loc":{"start":{"line":34,"column":4},"end":{"line":36,"column":5}},"type":"if","locations":[{"start":{"line":34,"column":4},"end":{"line":36,"column":5}},{"start":{},"end":{}}],"line":34},"6":{"loc":{"start":{"line":34,"column":8},"end":{"line":34,"column":46}},"type":"binary-expr","locations":[{"start":{"line":34,"column":8},"end":{"line":34,"column":25}},{"start":{"line":34,"column":29},"end":{"line":34,"column":46}}],"line":34}},"s":{"0":0,"1":0,"2":0,"3":0,"4":0,"5":0,"6":0,"7":0,"8":0,"9":0,"10":0,"11":0,"12":0,"13":0,"14":0,"15":0,"16":0},"f":{"0":0,"1":0,"2":0},"b":{"0":[0],"1":[0],"2":[0,0],"3":[0,0],"4":[0,0],"5":[0,0],"6":[0,0]}}
,"/Users/matthill8286/WebstormProjects/Mind-Matter-App-main/lib/wellness.ts": {"path":"/Users/matthill8286/WebstormProjects/Mind-Matter-App-main/lib/wellness.ts","statementMap":{"0":{"start":{"line":2,"column":2},"end":{"line":6,"column":6}},"1":{"start":{"line":3,"column":4},"end":{"line":6,"column":6}},"2":{"start":{"line":8,"column":23},"end":{"line":8,"column":46}},"3":{"start":{"line":9,"column":25},"end":{"line":9,"column":50}},"4":{"start":{"line":10,"column":29},"end":{"line":10,"column":58}},"5":{"start":{"line":11,"column":24},"end":{"line":11,"column":48}},"6":{"start":{"line":13,"column":20},"end":{"line":13,"column":52}},"7":{"start":{"line":14,"column":21},"end":{"line":14,"column":23}},"8":{"start":{"line":15,"column":22},"end":{"line":15,"column":24}},"9":{"start":{"line":16,"column":27},"end":{"line":16,"column":65}},"10":{"start":{"line":17,"column":27},"end":{"line":17,"column":77}},"11":{"start":{"line":19,"column":16},"end":{"line":22,"column":3}},"12":{"start":{"line":24,"column":2},"end":{"line":33,"column":4}}},"fnMap":{"0":{"name":"calculateWellnessScore","decl":{"start":{"line":1,"column":16},"end":{"line":1,"column":38}},"loc":{"start":{"line":1,"column":50},"end":{"line":34,"column":1}},"line":1}},"branchMap":{"0":{"loc":{"start":{"line":2,"column":2},"end":{"line":6,"column":6}},"type":"if","locations":[{"start":{"line":2,"column":2},"end":{"line":6,"column":6}},{"start":{},"end":{}}],"line":2},"1":{"loc":{"start":{"line":8,"column":23},"end":{"line":8,"column":46}},"type":"binary-expr","locations":[{"start":{"line":8,"column":23},"end":{"line":8,"column":40}},{"start":{"line":8,"column":44},"end":{"line":8,"column":46}}],"line":8},"2":{"loc":{"start":{"line":9,"column":25},"end":{"line":9,"column":50}},"type":"binary-expr","locations":[{"start":{"line":9,"column":25},"end":{"line":9,"column":44}},{"start":{"line":9,"column":48},"end":{"line":9,"column":50}}],"line":9},"3":{"loc":{"start":{"line":10,"column":29},"end":{"line":10,"column":58}},"type":"binary-expr","locations":[{"start":{"line":10,"column":29},"end":{"line":10,"column":52}},{"start":{"line":10,"column":56},"end":{"line":10,"column":58}}],"line":10},"4":{"loc":{"start":{"line":11,"column":24},"end":{"line":11,"column":48}},"type":"binary-expr","locations":[{"start":{"line":11,"column":24},"end":{"line":11,"column":42}},{"start":{"line":11,"column":46},"end":{"line":11,"column":48}}],"line":11},"5":{"loc":{"start":{"line":13,"column":20},"end":{"line":13,"column":52}},"type":"cond-expr","locations":[{"start":{"line":13,"column":46},"end":{"line":13,"column":48}},{"start":{"line":13,"column":51},"end":{"line":13,"column":52}}],"line":13},"6":{"loc":{"start":{"line":16,"column":27},"end":{"line":16,"column":65}},"type":"cond-expr","locations":[{"start":{"line":16,"column":59},"end":{"line":16,"column":61}},{"start":{"line":16,"column":64},"end":{"line":16,"column":65}}],"line":16}},"s":{"0":0,"1":0,"2":0,"3":0,"4":0,"5":0,"6":0,"7":0,"8":0,"9":0,"10":0,"11":0,"12":0},"f":{"0":0},"b":{"0":[0,0],"1":[0,0],"2":[0,0],"3":[0,0],"4":[0,0],"5":[0,0],"6":[0,0]}}
}
