TN:
SF:app/_layout.tsx
FN:7,RootLayout
FNF:1
FNH:0
FNDA:0,RootLayout
DA:8,0
LF:1
LH:0
BRF:0
BRH:0
end_of_record
TN:
SF:app/index.tsx
FN:8,Index
FN:9,(anonymous_1)
FN:10,(anonymous_2)
FN:42,(anonymous_3)
FN:44,(anonymous_4)
FNF:5
FNH:0
FNDA:0,Index
FNDA:0,(anonymous_1)
FNDA:0,(anonymous_2)
FNDA:0,(anonymous_3)
FNDA:0,(anonymous_4)
DA:9,0
DA:10,0
DA:11,0
DA:12,0
DA:13,0
DA:15,0
DA:16,0
DA:18,0
DA:19,0
DA:21,0
DA:22,0
DA:25,0
DA:26,0
DA:27,0
DA:29,0
DA:30,0
DA:31,0
DA:33,0
DA:35,0
DA:37,0
DA:42,0
DA:43,0
DA:44,0
DA:49,0
LF:24
LH:0
BRDA:13,0,0,0
BRDA:13,0,1,0
BRDA:16,1,0,0
BRDA:16,1,1,0
BRDA:19,2,0,0
BRDA:19,2,1,0
BRDA:21,3,0,0
BRDA:21,3,1,0
BRDA:29,4,0,0
BRDA:29,4,1,0
BRDA:30,5,0,0
BRDA:30,5,1,0
BRDA:31,6,0,0
BRDA:31,6,1,0
BRF:14
BRH:0
end_of_record
TN:
SF:app/menu.tsx
FN:100,MenuModal
FN:104,(anonymous_1)
FN:107,(anonymous_2)
FN:115,(anonymous_3)
FN:132,(anonymous_4)
FN:134,(anonymous_5)
FN:136,(anonymous_6)
FN:140,(anonymous_7)
FN:146,(anonymous_8)
FNF:9
FNH:0
FNDA:0,MenuModal
FNDA:0,(anonymous_1)
FNDA:0,(anonymous_2)
FNDA:0,(anonymous_3)
FNDA:0,(anonymous_4)
FNDA:0,(anonymous_5)
FNDA:0,(anonymous_6)
FNDA:0,(anonymous_7)
FNDA:0,(anonymous_8)
DA:10,0
DA:101,0
DA:102,0
DA:104,0
DA:105,0
DA:106,0
DA:107,0
DA:110,0
DA:115,0
DA:132,0
DA:135,0
DA:137,0
DA:138,0
DA:140,0
DA:142,0
DA:144,0
DA:146,0
LF:17
LH:0
BRDA:106,0,0,0
BRDA:106,0,1,0
BRDA:137,1,0,0
BRDA:137,1,1,0
BRDA:137,2,0,0
BRDA:137,2,1,0
BRDA:152,3,0,0
BRDA:152,3,1,0
BRDA:152,4,0,0
BRDA:152,4,1,0
BRDA:163,5,0,0
BRDA:163,5,1,0
BRDA:163,5,2,0
BRF:13
BRH:0
end_of_record
TN:
SF:app/resources.tsx
FN:6,Resources
FN:19,(anonymous_1)
FN:31,(anonymous_2)
FN:43,(anonymous_3)
FNF:4
FNH:0
FNDA:0,Resources
FNDA:0,(anonymous_1)
FNDA:0,(anonymous_2)
FNDA:0,(anonymous_3)
DA:7,0
DA:19,0
DA:32,0
DA:43,0
LF:4
LH:0
BRF:0
BRH:0
end_of_record
TN:
SF:app/search.tsx
FN:6,Search
FN:9,(anonymous_1)
FN:12,(anonymous_2)
FN:20,(anonymous_3)
FN:37,(anonymous_4)
FN:39,(anonymous_5)
FN:41,(anonymous_6)
FNF:7
FNH:0
FNDA:0,Search
FNDA:0,(anonymous_1)
FNDA:0,(anonymous_2)
FNDA:0,(anonymous_3)
FNDA:0,(anonymous_4)
FNDA:0,(anonymous_5)
FNDA:0,(anonymous_6)
DA:7,0
DA:9,0
DA:10,0
DA:11,0
DA:12,0
DA:15,0
DA:20,0
DA:37,0
DA:40,0
DA:42,0
LF:10
LH:0
BRDA:11,0,0,0
BRDA:11,0,1,0
BRF:2
BRH:0
end_of_record
TN:
SF:app/(auth)/_layout.tsx
FN:2,AuthLayout
FNF:1
FNH:0
FNDA:0,AuthLayout
DA:3,0
LF:1
LH:0
BRF:0
BRH:0
end_of_record
TN:
SF:app/(auth)/payment-failure.tsx
FN:6,PaymentFailure
FN:7,(anonymous_1)
FN:11,(anonymous_2)
FNF:3
FNH:0
FNDA:0,PaymentFailure
FNDA:0,(anonymous_1)
FNDA:0,(anonymous_2)
DA:7,0
DA:8,0
DA:11,0
DA:12,0
DA:15,0
DA:40,0
LF:6
LH:0
BRF:0
BRH:0
end_of_record
TN:
SF:app/(auth)/payment-success.tsx
FN:6,PaymentSuccess
FN:7,(anonymous_1)
FNF:2
FNH:0
FNDA:0,PaymentSuccess
FNDA:0,(anonymous_1)
DA:7,0
DA:8,0
DA:11,0
DA:30,0
LF:4
LH:0
BRF:0
BRH:0
end_of_record
TN:
SF:app/(auth)/sign-in.tsx
FN:6,SignIn
FN:10,onSignIn
FN:47,(anonymous_2)
FNF:3
FNH:0
FNDA:0,SignIn
FNDA:0,onSignIn
FNDA:0,(anonymous_2)
DA:7,0
DA:8,0
DA:11,0
DA:12,0
DA:16,0
DA:19,0
DA:47,0
DA:57,0
DA:58,0
DA:64,0
LF:10
LH:0
BRDA:11,0,0,0
BRDA:11,0,1,0
BRDA:11,1,0,0
BRDA:11,1,1,0
BRF:4
BRH:0
end_of_record
TN:
SF:app/(auth)/sign-up.tsx
FN:6,SignUp
FN:10,onCreate
FN:45,(anonymous_2)
FNF:3
FNH:0
FNDA:0,SignUp
FNDA:0,onCreate
FNDA:0,(anonymous_2)
DA:7,0
DA:8,0
DA:11,0
DA:12,0
DA:16,0
DA:19,0
DA:45,0
DA:55,0
DA:56,0
DA:63,0
LF:10
LH:0
BRDA:11,0,0,0
BRDA:11,0,1,0
BRDA:11,1,0,0
BRDA:11,1,1,0
BRF:4
BRH:0
end_of_record
TN:
SF:app/(auth)/trial-upgrade.tsx
FN:10,TrialUpgrade
FN:15,(anonymous_1)
FN:16,(anonymous_2)
FN:24,(anonymous_3)
FN:32,selectTrial
FN:35,(anonymous_5)
FN:52,(anonymous_6)
FN:94,buyPlan
FN:130,(anonymous_8)
FN:182,(anonymous_9)
FN:223,(anonymous_10)
FNF:11
FNH:0
FNDA:0,TrialUpgrade
FNDA:0,(anonymous_1)
FNDA:0,(anonymous_2)
FNDA:0,(anonymous_3)
FNDA:0,selectTrial
FNDA:0,(anonymous_5)
FNDA:0,(anonymous_6)
FNDA:0,buyPlan
FNDA:0,(anonymous_8)
FNDA:0,(anonymous_9)
FNDA:0,(anonymous_10)
DA:11,0
DA:12,0
DA:13,0
DA:15,0
DA:16,0
DA:17,0
DA:18,0
DA:19,0
DA:24,0
DA:25,0
DA:26,0
DA:28,0
DA:34,0
DA:35,0
DA:36,0
DA:37,0
DA:38,0
DA:39,0
DA:47,0
DA:52,0
DA:58,0
DA:60,0
DA:61,0
DA:62,0
DA:64,0
DA:81,0
DA:82,0
DA:83,0
DA:85,0
DA:88,0
DA:89,0
DA:90,0
DA:95,0
DA:96,0
DA:97,0
DA:98,0
DA:100,0
DA:102,0
DA:104,0
DA:106,0
DA:108,0
DA:112,0
DA:130,0
DA:182,0
DA:223,0
DA:268,0
LF:46
LH:0
BRDA:18,0,0,0
BRDA:18,0,1,0
BRDA:25,1,0,0
BRDA:25,1,1,0
BRDA:82,2,0,0
BRDA:82,2,1,0
BRDA:85,3,0,0
BRDA:85,3,1,0
BRDA:95,4,0,0
BRDA:95,4,1,0
BRDA:97,5,0,0
BRDA:97,5,1,0
BRDA:98,6,0,0
BRDA:98,6,1,0
BRDA:106,7,0,0
BRDA:106,7,1,0
BRDA:114,8,0,0
BRDA:114,8,1,0
BRDA:128,9,0,0
BRDA:128,9,1,0
BRF:20
BRH:0
end_of_record
TN:
SF:app/(auth)/upgrade-required.tsx
FN:6,UpgradeRequired
FN:7,signOut
FN:26,(anonymous_2)
FN:40,(anonymous_3)
FNF:4
FNH:0
FNDA:0,UpgradeRequired
FNDA:0,signOut
FNDA:0,(anonymous_2)
FNDA:0,(anonymous_3)
DA:8,0
DA:9,0
DA:12,0
DA:26,0
DA:40,0
LF:5
LH:0
BRF:0
BRH:0
end_of_record
TN:
SF:app/(onboarding)/_layout.tsx
FN:3,OnboardingLayout
FNF:1
FNH:0
FNDA:0,OnboardingLayout
DA:4,0
LF:1
LH:0
BRF:0
BRH:0
end_of_record
TN:
SF:app/(onboarding)/assessment-summary.tsx
FN:7,AssessmentSummary
FN:10,(anonymous_1)
FN:11,(anonymous_2)
FN:31,(anonymous_3)
FN:125,(anonymous_4)
FNF:5
FNH:0
FNDA:0,AssessmentSummary
FNDA:0,(anonymous_1)
FNDA:0,(anonymous_2)
FNDA:0,(anonymous_3)
FNDA:0,(anonymous_4)
DA:8,0
DA:10,0
DA:11,0
DA:12,0
DA:13,0
DA:17,0
DA:18,0
DA:20,0
DA:31,0
DA:125,0
LF:10
LH:0
BRDA:13,0,0,0
BRDA:13,0,1,0
BRDA:17,1,0,0
BRDA:17,1,1,0
BRDA:18,2,0,0
BRDA:18,2,1,0
BRDA:70,3,0,0
BRDA:70,3,1,0
BRDA:83,4,0,0
BRDA:83,4,1,0
BRDA:87,5,0,0
BRDA:87,5,1,0
BRDA:96,6,0,0
BRDA:96,6,1,0
BRDA:105,7,0,0
BRDA:105,7,1,0
BRF:16
BRH:0
end_of_record
TN:
SF:app/(onboarding)/assessment.tsx
FN:24,UnitToggle
FN:44,(anonymous_1)
FN:56,(anonymous_2)
FN:71,HorizontalRuler
FN:90,(anonymous_4)
FN:98,(anonymous_5)
FN:110,(anonymous_6)
FN:120,(anonymous_7)
FN:152,(anonymous_8)
FN:157,(anonymous_9)
FN:158,(anonymous_10)
FN:177,(anonymous_11)
FN:223,AgePicker
FN:229,(anonymous_13)
FN:278,(anonymous_14)
FN:283,(anonymous_15)
FN:325,RadioOption
FN:390,PlaybackButton
FN:394,(anonymous_18)
FN:413,AssessmentScreen
FN:427,(anonymous_20)
FN:437,(anonymous_21)
FN:451,(anonymous_22)
FN:457,(anonymous_23)
FN:466,next
FN:476,(anonymous_25)
FN:480,back
FN:481,(anonymous_27)
FN:485,startRec
FN:498,stopRec
FN:506,(anonymous_30)
FN:513,(anonymous_31)
FN:517,(anonymous_32)
FN:531,renderStep
FN:544,(anonymous_34)
FN:549,(anonymous_35)
FN:549,(anonymous_36)
FN:565,(anonymous_37)
FN:565,(anonymous_38)
FN:576,(anonymous_39)
FN:581,(anonymous_40)
FN:581,(anonymous_41)
FN:592,(anonymous_42)
FN:592,(anonymous_43)
FN:603,(anonymous_44)
FN:603,(anonymous_45)
FN:610,(anonymous_46)
FN:610,(anonymous_47)
FN:622,(anonymous_48)
FN:622,(anonymous_49)
FN:630,(anonymous_50)
FN:631,(anonymous_51)
FN:644,(anonymous_52)
FN:649,(anonymous_53)
FN:649,(anonymous_54)
FN:660,(anonymous_55)
FN:665,(anonymous_56)
FN:665,(anonymous_57)
FN:671,(anonymous_58)
FN:671,(anonymous_59)
FN:687,(anonymous_60)
FN:687,(anonymous_61)
FN:698,(anonymous_62)
FN:703,(anonymous_63)
FN:704,(anonymous_64)
FN:722,(anonymous_65)
FN:722,(anonymous_66)
FN:735,(anonymous_67)
FN:735,(anonymous_68)
FN:752,(anonymous_69)
FN:752,(anonymous_70)
FN:767,(anonymous_71)
FN:801,(anonymous_72)
FN:837,(anonymous_73)
FN:975,(anonymous_74)
FNF:75
FNH:0
FNDA:0,UnitToggle
FNDA:0,(anonymous_1)
FNDA:0,(anonymous_2)
FNDA:0,HorizontalRuler
FNDA:0,(anonymous_4)
FNDA:0,(anonymous_5)
FNDA:0,(anonymous_6)
FNDA:0,(anonymous_7)
FNDA:0,(anonymous_8)
FNDA:0,(anonymous_9)
FNDA:0,(anonymous_10)
FNDA:0,(anonymous_11)
FNDA:0,AgePicker
FNDA:0,(anonymous_13)
FNDA:0,(anonymous_14)
FNDA:0,(anonymous_15)
FNDA:0,RadioOption
FNDA:0,PlaybackButton
FNDA:0,(anonymous_18)
FNDA:0,AssessmentScreen
FNDA:0,(anonymous_20)
FNDA:0,(anonymous_21)
FNDA:0,(anonymous_22)
FNDA:0,(anonymous_23)
FNDA:0,next
FNDA:0,(anonymous_25)
FNDA:0,back
FNDA:0,(anonymous_27)
FNDA:0,startRec
FNDA:0,stopRec
FNDA:0,(anonymous_30)
FNDA:0,(anonymous_31)
FNDA:0,(anonymous_32)
FNDA:0,renderStep
FNDA:0,(anonymous_34)
FNDA:0,(anonymous_35)
FNDA:0,(anonymous_36)
FNDA:0,(anonymous_37)
FNDA:0,(anonymous_38)
FNDA:0,(anonymous_39)
FNDA:0,(anonymous_40)
FNDA:0,(anonymous_41)
FNDA:0,(anonymous_42)
FNDA:0,(anonymous_43)
FNDA:0,(anonymous_44)
FNDA:0,(anonymous_45)
FNDA:0,(anonymous_46)
FNDA:0,(anonymous_47)
FNDA:0,(anonymous_48)
FNDA:0,(anonymous_49)
FNDA:0,(anonymous_50)
FNDA:0,(anonymous_51)
FNDA:0,(anonymous_52)
FNDA:0,(anonymous_53)
FNDA:0,(anonymous_54)
FNDA:0,(anonymous_55)
FNDA:0,(anonymous_56)
FNDA:0,(anonymous_57)
FNDA:0,(anonymous_58)
FNDA:0,(anonymous_59)
FNDA:0,(anonymous_60)
FNDA:0,(anonymous_61)
FNDA:0,(anonymous_62)
FNDA:0,(anonymous_63)
FNDA:0,(anonymous_64)
FNDA:0,(anonymous_65)
FNDA:0,(anonymous_66)
FNDA:0,(anonymous_67)
FNDA:0,(anonymous_68)
FNDA:0,(anonymous_69)
FNDA:0,(anonymous_70)
FNDA:0,(anonymous_71)
FNDA:0,(anonymous_72)
FNDA:0,(anonymous_73)
FNDA:0,(anonymous_74)
DA:22,0
DA:31,0
DA:44,0
DA:56,0
DA:86,0
DA:87,0
DA:88,0
DA:90,0
DA:91,0
DA:92,0
DA:93,0
DA:95,0
DA:98,0
DA:99,0
DA:100,0
DA:101,0
DA:102,0
DA:103,0
DA:104,0
DA:105,0
DA:110,0
DA:111,0
DA:112,0
DA:113,0
DA:117,0
DA:120,0
DA:153,0
DA:154,0
DA:157,0
DA:159,0
DA:160,0
DA:161,0
DA:163,0
DA:164,0
DA:165,0
DA:166,0
DA:167,0
DA:168,0
DA:170,0
DA:171,0
DA:174,0
DA:178,0
DA:179,0
DA:181,0
DA:182,0
DA:224,0
DA:229,0
DA:265,0
DA:271,0
DA:278,0
DA:279,0
DA:280,0
DA:283,0
DA:284,0
DA:285,0
DA:288,0
DA:290,0
DA:308,0
DA:334,0
DA:391,0
DA:392,0
DA:394,0
DA:414,0
DA:415,0
DA:416,0
DA:422,0
DA:423,0
DA:424,0
DA:425,0
DA:427,0
DA:429,0
DA:430,0
DA:431,0
DA:432,0
DA:437,0
DA:438,0
DA:439,0
DA:440,0
DA:444,0
DA:445,0
DA:449,0
DA:451,0
DA:454,0
DA:455,0
DA:457,0
DA:458,0
DA:459,0
DA:460,0
DA:461,0
DA:462,0
DA:463,0
DA:467,0
DA:468,0
DA:469,0
DA:471,0
DA:472,0
DA:473,0
DA:474,0
DA:476,0
DA:477,0
DA:481,0
DA:482,0
DA:486,0
DA:487,0
DA:488,0
DA:492,0
DA:493,0
DA:494,0
DA:499,0
DA:500,0
DA:501,0
DA:502,0
DA:503,0
DA:504,0
DA:505,0
DA:506,0
DA:508,0
DA:509,0
DA:510,0
DA:511,0
DA:512,0
DA:513,0
DA:514,0
DA:516,0
DA:517,0
DA:522,0
DA:523,0
DA:525,0
DA:526,0
DA:527,0
DA:532,0
DA:534,0
DA:545,0
DA:549,0
DA:565,0
DA:572,0
DA:577,0
DA:581,0
DA:588,0
DA:592,0
DA:597,0
DA:603,0
DA:610,0
DA:616,0
DA:622,0
DA:631,0
DA:640,0
DA:645,0
DA:649,0
DA:656,0
DA:661,0
DA:665,0
DA:671,0
DA:678,0
DA:687,0
DA:694,0
DA:699,0
DA:704,0
DA:716,0
DA:722,0
DA:729,0
DA:735,0
DA:743,0
DA:752,0
DA:759,0
DA:768,0
DA:802,0
DA:803,0
DA:829,0
DA:838,0
DA:885,0
DA:889,0
DA:975,0
DA:990,0
LF:174
LH:0
BRDA:49,0,0,0
BRDA:49,0,1,0
BRDA:53,1,0,0
BRDA:53,1,1,0
BRDA:61,2,0,0
BRDA:61,2,1,0
BRDA:65,3,0,0
BRDA:65,3,1,0
BRDA:76,4,0,0
BRDA:77,5,0,0
BRDA:102,6,0,0
BRDA:102,6,1,0
BRDA:102,7,0,0
BRDA:102,7,1,0
BRDA:104,8,0,0
BRDA:104,8,1,0
BRDA:104,9,0,0
BRDA:104,9,1,0
BRDA:111,10,0,0
BRDA:111,10,1,0
BRDA:111,11,0,0
BRDA:111,11,1,0
BRDA:144,12,0,0
BRDA:144,12,1,0
BRDA:163,13,0,0
BRDA:163,13,1,0
BRDA:166,14,0,0
BRDA:166,14,1,0
BRDA:178,15,0,0
BRDA:178,15,1,0
BRDA:192,16,0,0
BRDA:192,16,1,0
BRDA:193,17,0,0
BRDA:193,17,1,0
BRDA:198,18,0,0
BRDA:198,18,1,0
BRDA:228,19,0,0
BRDA:228,19,1,0
BRDA:341,20,0,0
BRDA:341,20,1,0
BRDA:357,21,0,0
BRDA:357,21,1,0
BRDA:369,22,0,0
BRDA:369,22,1,0
BRDA:372,23,0,0
BRDA:372,23,1,0
BRDA:375,24,0,0
BRDA:375,24,1,0
BRDA:394,25,0,0
BRDA:394,25,1,0
BRDA:407,26,0,0
BRDA:407,26,1,0
BRDA:429,27,0,0
BRDA:429,27,1,0
BRDA:429,28,0,0
BRDA:429,28,1,0
BRDA:439,29,0,0
BRDA:439,29,1,0
BRDA:458,30,0,0
BRDA:458,30,1,0
BRDA:459,31,0,0
BRDA:459,31,1,0
BRDA:460,32,0,0
BRDA:460,32,1,0
BRDA:460,33,0,0
BRDA:460,33,1,0
BRDA:461,34,0,0
BRDA:461,34,1,0
BRDA:462,35,0,0
BRDA:462,35,1,0
BRDA:467,36,0,0
BRDA:467,36,1,0
BRDA:471,37,0,0
BRDA:471,37,1,0
BRDA:499,38,0,0
BRDA:499,38,1,0
BRDA:503,39,0,0
BRDA:503,39,1,0
BRDA:505,40,0,0
BRDA:505,40,1,0
BRDA:514,41,0,0
BRDA:514,41,1,0
BRDA:516,42,0,0
BRDA:516,42,1,0
BRDA:532,43,0,0
BRDA:532,43,1,0
BRDA:532,43,2,0
BRDA:532,43,3,0
BRDA:532,43,4,0
BRDA:532,43,5,0
BRDA:532,43,6,0
BRDA:532,43,7,0
BRDA:532,43,8,0
BRDA:532,43,9,0
BRDA:532,43,10,0
BRDA:532,43,11,0
BRDA:532,43,12,0
BRDA:532,43,13,0
BRDA:532,43,14,0
BRDA:555,44,0,0
BRDA:555,44,1,0
BRDA:561,45,0,0
BRDA:561,45,1,0
BRDA:563,46,0,0
BRDA:563,46,1,0
BRDA:592,47,0,0
BRDA:592,47,1,0
BRDA:602,48,0,0
BRDA:602,48,1,0
BRDA:606,49,0,0
BRDA:606,49,1,0
BRDA:607,50,0,0
BRDA:607,50,1,0
BRDA:608,51,0,0
BRDA:608,51,1,0
BRDA:609,52,0,0
BRDA:609,52,1,0
BRDA:621,53,0,0
BRDA:621,53,1,0
BRDA:633,54,0,0
BRDA:633,54,1,0
BRDA:670,55,0,0
BRDA:670,55,1,0
BRDA:686,56,0,0
BRDA:686,56,1,0
BRDA:707,57,0,0
BRDA:707,57,1,0
BRDA:707,58,0,0
BRDA:707,58,1,0
BRDA:721,59,0,0
BRDA:721,59,1,0
BRDA:734,60,0,0
BRDA:734,60,1,0
BRDA:751,61,0,0
BRDA:751,61,1,0
BRDA:768,62,0,0
BRDA:768,62,1,0
BRDA:768,63,0,0
BRDA:768,63,1,0
BRDA:771,64,0,0
BRDA:771,64,1,0
BRDA:772,65,0,0
BRDA:772,65,1,0
BRDA:772,65,2,0
BRDA:789,66,0,0
BRDA:789,66,1,0
BRDA:789,66,2,0
BRDA:807,67,0,0
BRDA:807,67,1,0
BRDA:817,68,0,0
BRDA:817,68,1,0
BRDA:838,69,0,0
BRDA:838,69,1,0
BRDA:838,70,0,0
BRDA:838,70,1,0
BRDA:841,71,0,0
BRDA:841,71,1,0
BRDA:842,72,0,0
BRDA:842,72,1,0
BRDA:842,72,2,0
BRDA:859,73,0,0
BRDA:859,73,1,0
BRDA:859,73,2,0
BRDA:954,74,0,0
BRDA:954,74,1,0
BRDA:967,75,0,0
BRDA:967,75,1,0
BRDA:973,76,0,0
BRDA:973,76,1,0
BRF:169
BRH:0
end_of_record
TN:
SF:app/(onboarding)/profile-completion.tsx
FN:9,ProfileCompletion
FN:14,(anonymous_1)
FN:15,(anonymous_2)
FN:35,(anonymous_3)
FN:88,(anonymous_4)
FNF:5
FNH:0
FNDA:0,ProfileCompletion
FNDA:0,(anonymous_1)
FNDA:0,(anonymous_2)
FNDA:0,(anonymous_3)
FNDA:0,(anonymous_4)
DA:10,0
DA:11,0
DA:12,0
DA:14,0
DA:15,0
DA:16,0
DA:17,0
DA:18,0
DA:19,0
DA:24,0
DA:35,0
DA:88,0
LF:12
LH:0
BRDA:17,0,0,0
BRDA:17,0,1,0
BRDA:19,1,0,0
BRDA:19,1,1,0
BRDA:58,2,0,0
BRDA:58,2,1,0
BRF:6
BRH:0
end_of_record
TN:
SF:app/(onboarding)/profile-setup.tsx
FN:11,ProfileSetup
FN:17,(anonymous_1)
FN:20,next
FN:34,(anonymous_3)
FN:37,back
FN:42,(anonymous_5)
FN:134,(anonymous_6)
FN:148,(anonymous_7)
FN:209,(anonymous_8)
FNF:9
FNH:0
FNDA:0,ProfileSetup
FNDA:0,(anonymous_1)
FNDA:0,next
FNDA:0,(anonymous_3)
FNDA:0,back
FNDA:0,(anonymous_5)
FNDA:0,(anonymous_6)
FNDA:0,(anonymous_7)
FNDA:0,(anonymous_8)
DA:9,0
DA:12,0
DA:13,0
DA:14,0
DA:15,0
DA:17,0
DA:18,0
DA:21,0
DA:22,0
DA:31,0
DA:32,0
DA:34,0
DA:38,0
DA:39,0
DA:40,0
DA:42,0
DA:45,0
DA:134,0
DA:148,0
DA:209,0
LF:20
LH:0
BRDA:21,0,0,0
BRDA:21,0,1,0
BRDA:25,1,0,0
BRDA:25,1,1,0
BRDA:26,2,0,0
BRDA:26,2,1,0
BRDA:27,3,0,0
BRDA:27,3,1,0
BRDA:38,4,0,0
BRDA:38,4,1,0
BRDA:90,5,0,0
BRDA:90,5,1,0
BRDA:101,6,0,0
BRDA:101,6,1,0
BRDA:125,7,0,0
BRDA:125,7,1,0
BRDA:139,8,0,0
BRDA:139,8,1,0
BRDA:153,9,0,0
BRDA:153,9,1,0
BRDA:171,10,0,0
BRDA:171,10,1,0
BRDA:174,11,0,0
BRDA:174,11,1,0
BRDA:177,12,0,0
BRDA:177,12,1,0
BRDA:202,13,0,0
BRDA:202,13,1,0
BRF:28
BRH:0
end_of_record
TN:
SF:app/(onboarding)/splash-loading.tsx
FN:8,SplashLoading
FN:22,(anonymous_1)
FN:29,(anonymous_2)
FN:30,(anonymous_3)
FN:31,(anonymous_4)
FN:32,(anonymous_5)
FN:40,(anonymous_6)
FN:49,(anonymous_7)
FN:72,(anonymous_8)
FN:77,(anonymous_9)
FN:84,(anonymous_10)
FN:94,(anonymous_11)
FN:99,(anonymous_12)
FN:109,transitionTo
FN:110,(anonymous_14)
FN:130,SplashStage
FN:138,QuoteStage
FN:153,LoadingStage
FN:168,GrainOverlay
FNF:19
FNH:0
FNDA:0,SplashLoading
FNDA:0,(anonymous_1)
FNDA:0,(anonymous_2)
FNDA:0,(anonymous_3)
FNDA:0,(anonymous_4)
FNDA:0,(anonymous_5)
FNDA:0,(anonymous_6)
FNDA:0,(anonymous_7)
FNDA:0,(anonymous_8)
FNDA:0,(anonymous_9)
FNDA:0,(anonymous_10)
FNDA:0,(anonymous_11)
FNDA:0,(anonymous_12)
FNDA:0,transitionTo
FNDA:0,(anonymous_14)
FNDA:0,SplashStage
FNDA:0,QuoteStage
FNDA:0,LoadingStage
FNDA:0,GrainOverlay
DA:9,0
DA:11,0
DA:12,0
DA:14,0
DA:17,0
DA:20,0
DA:22,0
DA:23,0
DA:24,0
DA:25,0
DA:29,0
DA:30,0
DA:31,0
DA:32,0
DA:33,0
DA:34,0
DA:40,0
DA:41,0
DA:43,0
DA:44,0
DA:45,0
DA:46,0
DA:49,0
DA:51,0
DA:52,0
DA:56,0
DA:64,0
DA:72,0
DA:75,0
DA:77,0
DA:78,0
DA:79,0
DA:84,0
DA:85,0
DA:86,0
DA:89,0
DA:95,0
DA:96,0
DA:99,0
DA:100,0
DA:101,0
DA:103,0
DA:110,0
DA:111,0
DA:112,0
DA:116,0
DA:131,0
DA:139,0
DA:154,0
DA:169,0
DA:178,0
DA:184,0
DA:231,0
LF:53
LH:0
BRDA:23,0,0,0
BRDA:23,0,1,0
BRDA:24,1,0,0
BRDA:24,1,1,0
BRDA:41,2,0,0
BRDA:41,2,1,0
BRDA:85,3,0,0
BRDA:85,3,1,0
BRDA:86,4,0,0
BRDA:86,4,1,0
BRDA:95,5,0,0
BRDA:95,5,1,0
BRDA:100,6,0,0
BRDA:100,6,1,0
BRDA:122,7,0,0
BRDA:122,7,1,0
BRDA:123,8,0,0
BRDA:123,8,1,0
BRDA:124,9,0,0
BRDA:124,9,1,0
BRDA:173,10,0,0
BRDA:173,10,1,0
BRF:22
BRH:0
end_of_record
TN:
SF:app/(onboarding)/suggested-categories.tsx
FN:8,SuggestedCategories
FN:14,(anonymous_1)
FN:15,(anonymous_2)
FN:20,(anonymous_3)
FN:24,(anonymous_4)
FN:26,onContinue
FN:42,(anonymous_6)
FN:72,(anonymous_7)
FN:74,(anonymous_8)
FN:79,(anonymous_9)
FN:80,(anonymous_10)
FN:114,(anonymous_11)
FNF:12
FNH:0
FNDA:0,SuggestedCategories
FNDA:0,(anonymous_1)
FNDA:0,(anonymous_2)
FNDA:0,(anonymous_3)
FNDA:0,(anonymous_4)
FNDA:0,onContinue
FNDA:0,(anonymous_6)
FNDA:0,(anonymous_7)
FNDA:0,(anonymous_8)
FNDA:0,(anonymous_9)
FNDA:0,(anonymous_10)
FNDA:0,(anonymous_11)
DA:9,0
DA:12,0
DA:14,0
DA:15,0
DA:16,0
DA:17,0
DA:18,0
DA:19,0
DA:20,0
DA:24,0
DA:27,0
DA:28,0
DA:31,0
DA:42,0
DA:73,0
DA:74,0
DA:76,0
DA:80,0
DA:81,0
DA:82,0
DA:83,0
DA:84,0
DA:115,0
LF:23
LH:0
BRDA:17,0,0,0
BRDA:17,0,1,0
BRDA:82,1,0,0
BRDA:82,1,1,0
BRDA:90,2,0,0
BRDA:90,2,1,0
BRDA:93,3,0,0
BRDA:93,3,1,0
BRDA:102,4,0,0
BRDA:102,4,1,0
BRF:10
BRH:0
end_of_record
TN:
SF:app/(onboarding)/welcome.tsx
FN:48,Welcome
FN:52,(anonymous_1)
FN:61,(anonymous_2)
FNF:3
FNH:0
FNDA:0,Welcome
FNDA:0,(anonymous_1)
FNDA:0,(anonymous_2)
DA:6,0
DA:39,0
DA:49,0
DA:50,0
DA:52,0
DA:53,0
DA:54,0
DA:56,0
DA:57,0
DA:61,0
DA:62,0
DA:63,0
DA:67,0
LF:13
LH:0
BRDA:53,0,0,0
BRDA:53,0,1,0
BRDA:62,1,0,0
BRDA:62,1,1,0
BRDA:73,2,0,0
BRDA:73,2,1,0
BRF:6
BRH:0
end_of_record
TN:
SF:app/(tabs)/_layout.tsx
FN:6,TabsLayout
FNF:1
FNH:0
FNDA:0,TabsLayout
DA:7,0
DA:8,0
DA:10,0
LF:3
LH:0
BRDA:7,0,0,0
BRDA:7,0,1,0
BRF:2
BRH:0
end_of_record
TN:
SF:app/(tabs)/chat.tsx
FN:11,Chatbot
FN:30,(anonymous_1)
FN:32,(anonymous_2)
FN:34,(anonymous_3)
FN:41,(anonymous_4)
FNF:5
FNH:0
FNDA:0,Chatbot
FNDA:0,(anonymous_1)
FNDA:0,(anonymous_2)
FNDA:0,(anonymous_3)
FNDA:0,(anonymous_4)
DA:12,0
DA:13,0
DA:14,0
DA:16,0
DA:30,0
DA:33,0
DA:35,0
DA:36,0
DA:41,0
DA:44,0
DA:46,0
LF:11
LH:0
BRDA:12,0,0,0
BRDA:12,0,1,0
BRDA:22,1,0,0
BRDA:22,1,1,0
BRDA:35,2,0,0
BRDA:35,2,1,0
BRDA:55,3,0,0
BRDA:55,3,1,0
BRF:8
BRH:0
end_of_record
TN:
SF:app/(tabs)/home.tsx
FN:15,Home
FN:23,(anonymous_1)
FN:28,(anonymous_2)
FN:40,(anonymous_3)
FN:44,(anonymous_4)
FN:51,(anonymous_5)
FN:58,(anonymous_6)
FN:65,(anonymous_7)
FN:89,(anonymous_8)
FN:188,(anonymous_9)
FN:209,(anonymous_10)
FN:269,(anonymous_11)
FN:286,MiniStat
FNF:13
FNH:0
FNDA:0,Home
FNDA:0,(anonymous_1)
FNDA:0,(anonymous_2)
FNDA:0,(anonymous_3)
FNDA:0,(anonymous_4)
FNDA:0,(anonymous_5)
FNDA:0,(anonymous_6)
FNDA:0,(anonymous_7)
FNDA:0,(anonymous_8)
FNDA:0,(anonymous_9)
FNDA:0,(anonymous_10)
FNDA:0,(anonymous_11)
FNDA:0,MiniStat
DA:16,0
DA:17,0
DA:18,0
DA:19,0
DA:20,0
DA:21,0
DA:22,0
DA:23,0
DA:25,0
DA:26,0
DA:28,0
DA:29,0
DA:31,0
DA:32,0
DA:33,0
DA:35,0
DA:36,0
DA:39,0
DA:40,0
DA:44,0
DA:51,0
DA:58,0
DA:65,0
DA:73,0
DA:89,0
DA:188,0
DA:210,0
DA:269,0
DA:287,0
DA:288,0
DA:290,0
LF:31
LH:0
BRDA:16,0,0,0
BRDA:16,0,1,0
BRDA:20,1,0,0
BRDA:20,1,1,0
BRDA:21,2,0,0
BRDA:21,2,1,0
BRDA:79,3,0,0
BRDA:79,3,1,0
BRDA:87,4,0,0
BRDA:87,4,1,0
BRDA:186,5,0,0
BRDA:186,5,1,0
BRDA:287,6,0,0
BRDA:287,6,1,0
BRF:14
BRH:0
end_of_record
TN:
SF:app/(tabs)/journal.tsx
FN:12,formatDate
FN:20,Journal
FN:41,(anonymous_2)
FN:42,(anonymous_3)
FN:59,(anonymous_4)
FN:66,(anonymous_5)
FN:89,(anonymous_6)
FN:93,(anonymous_7)
FN:139,(anonymous_8)
FN:141,(anonymous_9)
FN:143,(anonymous_10)
FN:175,(anonymous_11)
FNF:12
FNH:0
FNDA:0,formatDate
FNDA:0,Journal
FNDA:0,(anonymous_2)
FNDA:0,(anonymous_3)
FNDA:0,(anonymous_4)
FNDA:0,(anonymous_5)
FNDA:0,(anonymous_6)
FNDA:0,(anonymous_7)
FNDA:0,(anonymous_8)
FNDA:0,(anonymous_9)
FNDA:0,(anonymous_10)
FNDA:0,(anonymous_11)
DA:13,0
DA:14,0
DA:16,0
DA:21,0
DA:22,0
DA:23,0
DA:24,0
DA:25,0
DA:27,0
DA:41,0
DA:42,0
DA:60,0
DA:61,0
DA:66,0
DA:69,0
DA:71,0
DA:90,0
DA:91,0
DA:93,0
DA:95,0
DA:97,0
DA:139,0
DA:142,0
DA:144,0
DA:175,0
LF:25
LH:0
BRDA:21,0,0,0
BRDA:21,0,1,0
BRDA:25,1,0,0
BRDA:25,1,1,0
BRDA:33,2,0,0
BRDA:33,2,1,0
BRDA:49,3,0,0
BRDA:49,3,1,0
BRDA:60,4,0,0
BRDA:60,4,1,0
BRDA:79,5,0,0
BRDA:79,5,1,0
BRDA:90,6,0,0
BRDA:90,6,1,0
BRDA:105,7,0,0
BRDA:105,7,1,0
BRDA:118,8,0,0
BRDA:118,8,1,0
BRDA:150,9,0,0
BRDA:150,9,1,0
BRDA:152,10,0,0
BRDA:152,10,1,0
BRDA:171,11,0,0
BRDA:171,11,1,0
BRDA:171,12,0,0
BRDA:171,12,1,0
BRDA:173,13,0,0
BRDA:173,13,1,0
BRDA:177,14,0,0
BRDA:177,14,1,0
BRDA:177,15,0,0
BRDA:177,15,1,0
BRF:32
BRH:0
end_of_record
TN:
SF:app/(tabs)/profile.tsx
FN:12,signOut
FN:17,Profile
FN:25,(anonymous_2)
FN:26,(anonymous_3)
FN:85,(anonymous_4)
FN:152,(anonymous_5)
FN:174,(anonymous_6)
FN:179,(anonymous_7)
FN:184,(anonymous_8)
FNF:9
FNH:0
FNDA:0,signOut
FNDA:0,Profile
FNDA:0,(anonymous_2)
FNDA:0,(anonymous_3)
FNDA:0,(anonymous_4)
FNDA:0,(anonymous_5)
FNDA:0,(anonymous_6)
FNDA:0,(anonymous_7)
FNDA:0,(anonymous_8)
DA:13,0
DA:14,0
DA:18,0
DA:19,0
DA:20,0
DA:21,0
DA:22,0
DA:23,0
DA:25,0
DA:26,0
DA:27,0
DA:28,0
DA:32,0
DA:44,0
DA:54,0
DA:62,0
DA:85,0
DA:152,0
DA:174,0
DA:179,0
DA:184,0
LF:21
LH:0
BRDA:19,0,0,0
BRDA:19,0,1,0
BRDA:28,1,0,0
BRDA:28,1,1,0
BRDA:28,2,0,0
BRDA:28,2,1,0
BRDA:54,3,0,0
BRDA:54,3,1,0
BRDA:56,4,0,0
BRDA:56,4,1,0
BRDA:58,5,0,0
BRDA:58,5,1,0
BRDA:68,6,0,0
BRDA:68,6,1,0
BRDA:74,7,0,0
BRDA:74,7,1,0
BRDA:82,8,0,0
BRDA:82,8,1,0
BRDA:110,9,0,0
BRDA:110,9,1,0
BRDA:125,10,0,0
BRDA:125,10,1,0
BRDA:143,11,0,0
BRDA:143,11,1,0
BRDA:143,11,2,0
BRDA:145,12,0,0
BRDA:145,12,1,0
BRDA:150,13,0,0
BRDA:150,13,1,0
BRDA:193,14,0,0
BRDA:193,14,1,0
BRDA:196,15,0,0
BRDA:196,15,1,0
BRF:33
BRH:0
end_of_record
TN:
SF:app/(tabs)/(app)/_layout.tsx
FN:3,AppStack
FNF:1
FNH:0
FNDA:0,AppStack
DA:4,0
LF:1
LH:0
BRF:0
BRH:0
end_of_record
TN:
SF:app/(tabs)/(app)/community.tsx
FN:9,Screen
FN:29,(anonymous_1)
FNF:2
FNH:0
FNDA:0,Screen
FNDA:0,(anonymous_1)
DA:10,0
DA:11,0
DA:13,0
DA:29,0
LF:4
LH:0
BRDA:10,0,0,0
BRDA:10,0,1,0
BRDA:19,1,0,0
BRDA:19,1,1,0
BRF:4
BRH:0
end_of_record
TN:
SF:app/(tabs)/(app)/mindful-hours.tsx
FN:31,MindfulHours
FN:64,(anonymous_1)
FN:83,(anonymous_2)
FN:112,TimerView
FN:122,(anonymous_4)
FN:124,(anonymous_5)
FN:125,(anonymous_6)
FN:160,(anonymous_7)
FN:165,(anonymous_8)
FN:171,(anonymous_9)
FN:173,(anonymous_10)
FN:218,(anonymous_11)
FN:221,(anonymous_12)
FN:270,(anonymous_13)
FN:284,(anonymous_14)
FN:304,HistoryView
FN:311,(anonymous_16)
FN:330,(anonymous_17)
FN:333,(anonymous_18)
FNF:19
FNH:0
FNDA:0,MindfulHours
FNDA:0,(anonymous_1)
FNDA:0,(anonymous_2)
FNDA:0,TimerView
FNDA:0,(anonymous_4)
FNDA:0,(anonymous_5)
FNDA:0,(anonymous_6)
FNDA:0,(anonymous_7)
FNDA:0,(anonymous_8)
FNDA:0,(anonymous_9)
FNDA:0,(anonymous_10)
FNDA:0,(anonymous_11)
FNDA:0,(anonymous_12)
FNDA:0,(anonymous_13)
FNDA:0,(anonymous_14)
FNDA:0,HistoryView
FNDA:0,(anonymous_16)
FNDA:0,(anonymous_17)
FNDA:0,(anonymous_18)
DA:24,0
DA:32,0
DA:33,0
DA:34,0
DA:36,0
DA:37,0
DA:39,0
DA:64,0
DA:83,0
DA:113,0
DA:116,0
DA:117,0
DA:118,0
DA:119,0
DA:120,0
DA:122,0
DA:123,0
DA:124,0
DA:125,0
DA:128,0
DA:145,0
DA:146,0
DA:147,0
DA:149,0
DA:150,0
DA:151,0
DA:152,0
DA:153,0
DA:160,0
DA:161,0
DA:165,0
DA:166,0
DA:167,0
DA:168,0
DA:171,0
DA:173,0
DA:174,0
DA:175,0
DA:176,0
DA:179,0
DA:219,0
DA:221,0
DA:270,0
DA:284,0
DA:311,0
DA:313,0
DA:314,0
DA:327,0
DA:330,0
DA:334,0
DA:335,0
DA:341,0
LF:52
LH:0
BRDA:32,0,0,0
BRDA:32,0,1,0
BRDA:37,1,0,0
BRDA:37,1,1,0
BRDA:45,2,0,0
BRDA:45,2,1,0
BRDA:69,3,0,0
BRDA:69,3,1,0
BRDA:76,4,0,0
BRDA:76,4,1,0
BRDA:88,5,0,0
BRDA:88,5,1,0
BRDA:95,6,0,0
BRDA:95,6,1,0
BRDA:103,7,0,0
BRDA:103,7,1,0
BRDA:123,8,0,0
BRDA:123,8,1,0
BRDA:123,9,0,0
BRDA:123,9,1,0
BRDA:145,10,0,0
BRDA:145,10,1,0
BRDA:149,11,0,0
BRDA:149,11,1,0
BRDA:149,12,0,0
BRDA:149,12,1,0
BRDA:155,13,0,0
BRDA:155,13,1,0
BRDA:161,14,0,0
BRDA:161,14,1,0
BRDA:168,15,0,0
BRDA:168,15,1,0
BRDA:205,16,0,0
BRDA:205,16,1,0
BRDA:227,17,0,0
BRDA:227,17,1,0
BRDA:238,18,0,0
BRDA:238,18,1,0
BRDA:252,19,0,0
BRDA:252,19,1,0
BRDA:260,20,0,0
BRDA:260,20,1,0
BRDA:265,21,0,0
BRDA:265,21,1,0
BRDA:313,22,0,0
BRDA:313,22,1,0
BRF:46
BRH:0
end_of_record
TN:
SF:app/(tabs)/(app)/notifications.tsx
FN:16,Notifications
FN:46,(anonymous_1)
FN:46,(anonymous_2)
FN:79,(anonymous_3)
FN:81,(anonymous_4)
FN:98,(anonymous_5)
FN:99,(anonymous_6)
FN:100,(anonymous_7)
FN:110,(anonymous_8)
FNF:9
FNH:0
FNDA:0,Notifications
FNDA:0,(anonymous_1)
FNDA:0,(anonymous_2)
FNDA:0,(anonymous_3)
FNDA:0,(anonymous_4)
FNDA:0,(anonymous_5)
FNDA:0,(anonymous_6)
FNDA:0,(anonymous_7)
FNDA:0,(anonymous_8)
DA:17,0
DA:18,0
DA:19,0
DA:46,0
DA:48,0
DA:79,0
DA:82,0
DA:99,0
DA:100,0
DA:110,0
LF:10
LH:0
BRDA:17,0,0,0
BRDA:17,0,1,0
BRDA:54,1,0,0
BRDA:54,1,1,0
BRDA:100,2,0,0
BRDA:100,2,1,0
BRF:6
BRH:0
end_of_record
TN:
SF:app/(tabs)/(app)/profile-edit.tsx
FN:10,RadioOption
FN:78,ProfileEdit
FN:91,(anonymous_2)
FN:99,handleSave
FN:139,(anonymous_4)
FN:144,(anonymous_5)
FN:153,(anonymous_6)
FN:158,(anonymous_7)
FNF:8
FNH:0
FNDA:0,RadioOption
FNDA:0,ProfileEdit
FNDA:0,(anonymous_2)
FNDA:0,handleSave
FNDA:0,(anonymous_4)
FNDA:0,(anonymous_5)
FNDA:0,(anonymous_6)
FNDA:0,(anonymous_7)
DA:19,0
DA:20,0
DA:22,0
DA:79,0
DA:80,0
DA:81,0
DA:82,0
DA:83,0
DA:87,0
DA:88,0
DA:89,0
DA:91,0
DA:92,0
DA:93,0
DA:94,0
DA:95,0
DA:100,0
DA:108,0
DA:109,0
DA:110,0
DA:113,0
DA:140,0
DA:144,0
DA:154,0
DA:158,0
DA:182,0
LF:26
LH:0
BRDA:19,0,0,0
BRDA:19,0,1,0
BRDA:29,1,0,0
BRDA:29,1,1,0
BRDA:45,2,0,0
BRDA:45,2,1,0
BRDA:57,3,0,0
BRDA:57,3,1,0
BRDA:60,4,0,0
BRDA:60,4,1,0
BRDA:63,5,0,0
BRDA:63,5,1,0
BRDA:79,6,0,0
BRDA:79,6,1,0
BRDA:87,7,0,0
BRDA:87,7,1,0
BRDA:88,8,0,0
BRDA:88,8,1,0
BRDA:89,9,0,0
BRDA:89,9,1,0
BRDA:92,10,0,0
BRDA:92,10,1,0
BRDA:93,11,0,0
BRDA:93,11,1,0
BRDA:94,12,0,0
BRDA:94,12,1,0
BRDA:95,13,0,0
BRDA:95,13,1,0
BRDA:102,14,0,0
BRDA:102,14,1,0
BRDA:103,15,0,0
BRDA:103,15,1,0
BRDA:104,16,0,0
BRDA:104,16,1,0
BRDA:119,17,0,0
BRDA:119,17,1,0
BRF:36
BRH:0
end_of_record
TN:
SF:app/(tabs)/(app)/profile-overview.tsx
FN:7,ProfileOverview
FN:10,(anonymous_1)
FN:11,(anonymous_2)
FN:49,(anonymous_3)
FNF:4
FNH:0
FNDA:0,ProfileOverview
FNDA:0,(anonymous_1)
FNDA:0,(anonymous_2)
FNDA:0,(anonymous_3)
DA:8,0
DA:10,0
DA:11,0
DA:12,0
DA:13,0
DA:14,0
DA:15,0
DA:20,0
DA:49,0
LF:9
LH:0
BRDA:13,0,0,0
BRDA:13,0,1,0
BRDA:15,1,0,0
BRDA:15,1,1,0
BRDA:24,2,0,0
BRDA:24,2,1,0
BRF:6
BRH:0
end_of_record
TN:
SF:app/(tabs)/(app)/settings.tsx
FN:12,Settings
FN:17,(anonymous_1)
FN:18,(anonymous_2)
FN:24,(anonymous_3)
FN:26,save
FN:58,(anonymous_5)
FN:60,(anonymous_6)
FN:64,(anonymous_7)
FN:65,(anonymous_8)
FNF:9
FNH:0
FNDA:0,Settings
FNDA:0,(anonymous_1)
FNDA:0,(anonymous_2)
FNDA:0,(anonymous_3)
FNDA:0,save
FNDA:0,(anonymous_5)
FNDA:0,(anonymous_6)
FNDA:0,(anonymous_7)
FNDA:0,(anonymous_8)
DA:13,0
DA:14,0
DA:15,0
DA:17,0
DA:18,0
DA:19,0
DA:20,0
DA:24,0
DA:27,0
DA:28,0
DA:29,0
DA:31,0
DA:32,0
DA:33,0
DA:36,0
DA:58,0
DA:61,0
DA:62,0
DA:65,0
DA:66,0
DA:67,0
DA:68,0
DA:69,0
LF:23
LH:0
BRDA:13,0,0,0
BRDA:13,0,1,0
BRDA:20,1,0,0
BRDA:20,1,1,0
BRDA:27,2,0,0
BRDA:27,2,1,0
BRDA:42,3,0,0
BRDA:42,3,1,0
BRDA:67,4,0,0
BRDA:67,4,1,0
BRDA:75,5,0,0
BRDA:75,5,1,0
BRDA:80,6,0,0
BRDA:80,6,1,0
BRF:14
BRH:0
end_of_record
TN:
SF:app/(tabs)/(app)/chat/[issueKey].tsx
FN:26,Chat
FN:28,(anonymous_1)
FN:28,(anonymous_2)
FN:56,(anonymous_3)
FN:62,handleSend
FN:89,(anonymous_5)
FN:98,(anonymous_6)
FN:104,(anonymous_7)
FN:123,(anonymous_8)
FN:126,(anonymous_9)
FN:161,(anonymous_10)
FN:261,(anonymous_11)
FNF:12
FNH:0
FNDA:0,Chat
FNDA:0,(anonymous_1)
FNDA:0,(anonymous_2)
FNDA:0,(anonymous_3)
FNDA:0,handleSend
FNDA:0,(anonymous_5)
FNDA:0,(anonymous_6)
FNDA:0,(anonymous_7)
FNDA:0,(anonymous_8)
FNDA:0,(anonymous_9)
FNDA:0,(anonymous_10)
FNDA:0,(anonymous_11)
DA:27,0
DA:28,0
DA:34,0
DA:37,0
DA:42,0
DA:48,0
DA:49,0
DA:51,0
DA:52,0
DA:53,0
DA:54,0
DA:56,0
DA:57,0
DA:58,0
DA:63,0
DA:65,0
DA:66,0
DA:68,0
DA:76,0
DA:90,0
DA:99,0
DA:104,0
DA:123,0
DA:126,0
DA:162,0
DA:163,0
DA:261,0
LF:27
LH:0
BRDA:35,0,0,0
BRDA:35,0,1,0
BRDA:39,1,0,0
BRDA:39,1,1,0
BRDA:44,2,0,0
BRDA:44,2,1,0
BRDA:48,3,0,0
BRDA:48,3,1,0
BRDA:49,4,0,0
BRDA:49,4,1,0
BRDA:53,5,0,0
BRDA:53,5,1,0
BRDA:57,6,0,0
BRDA:57,6,1,0
BRDA:63,7,0,0
BRDA:63,7,1,0
BRDA:63,8,0,0
BRDA:63,8,1,0
BRDA:70,9,0,0
BRDA:70,9,1,0
BRDA:78,10,0,0
BRDA:78,10,1,0
BRDA:81,11,0,0
BRDA:81,11,1,0
BRDA:83,12,0,0
BRDA:83,12,1,0
BRDA:87,13,0,0
BRDA:87,13,1,0
BRDA:99,14,0,0
BRDA:99,14,1,0
BRDA:108,15,0,0
BRDA:108,15,1,0
BRDA:111,16,0,0
BRDA:111,16,1,0
BRDA:114,17,0,0
BRDA:114,17,1,0
BRDA:156,18,0,0
BRDA:156,18,1,0
BRDA:166,19,0,0
BRDA:166,19,1,0
BRDA:168,20,0,0
BRDA:168,20,1,0
BRDA:172,21,0,0
BRDA:172,21,1,0
BRDA:173,22,0,0
BRDA:173,22,1,0
BRDA:183,23,0,0
BRDA:183,23,1,0
BRDA:195,24,0,0
BRDA:195,24,1,0
BRDA:199,25,0,0
BRDA:199,25,1,0
BRDA:206,26,0,0
BRDA:206,26,1,0
BRDA:216,27,0,0
BRDA:216,27,1,0
BRDA:236,28,0,0
BRDA:236,28,1,0
BRDA:260,29,0,0
BRDA:260,29,1,0
BRDA:265,30,0,0
BRDA:265,30,1,0
BRDA:265,31,0,0
BRDA:265,31,1,0
BRDA:268,32,0,0
BRDA:268,32,1,0
BRDA:274,33,0,0
BRDA:274,33,1,0
BRDA:274,34,0,0
BRDA:274,34,1,0
BRF:70
BRH:0
end_of_record
TN:
SF:app/(tabs)/(app)/journal/[id].tsx
FN:20,EditJournalEntry
FN:44,(anonymous_1)
FN:45,(anonymous_2)
FN:51,save
FN:60,remove
FN:66,(anonymous_5)
FN:74,addTag
FN:119,(anonymous_7)
FN:130,(anonymous_8)
FN:138,(anonymous_9)
FN:169,(anonymous_10)
FN:172,(anonymous_11)
FN:173,(anonymous_12)
FNF:13
FNH:0
FNDA:0,EditJournalEntry
FNDA:0,(anonymous_1)
FNDA:0,(anonymous_2)
FNDA:0,save
FNDA:0,remove
FNDA:0,(anonymous_5)
FNDA:0,addTag
FNDA:0,(anonymous_7)
FNDA:0,(anonymous_8)
FNDA:0,(anonymous_9)
FNDA:0,(anonymous_10)
FNDA:0,(anonymous_11)
FNDA:0,(anonymous_12)
DA:18,0
DA:21,0
DA:22,0
DA:23,0
DA:24,0
DA:27,0
DA:31,0
DA:32,0
DA:33,0
DA:34,0
DA:36,0
DA:44,0
DA:45,0
DA:46,0
DA:47,0
DA:52,0
DA:53,0
DA:54,0
DA:57,0
DA:61,0
DA:67,0
DA:68,0
DA:75,0
DA:76,0
DA:77,0
DA:78,0
DA:79,0
DA:80,0
DA:81,0
DA:84,0
DA:85,0
DA:99,0
DA:119,0
DA:130,0
DA:138,0
DA:170,0
DA:173,0
LF:37
LH:0
BRDA:21,0,0,0
BRDA:21,0,1,0
BRDA:31,1,0,0
BRDA:31,1,1,0
BRDA:46,2,0,0
BRDA:46,2,1,0
BRDA:52,3,0,0
BRDA:52,3,1,0
BRDA:75,4,0,0
BRDA:75,4,1,0
BRDA:77,5,0,0
BRDA:77,5,1,0
BRDA:78,6,0,0
BRDA:78,6,1,0
BRDA:79,7,0,0
BRDA:79,7,1,0
BRDA:84,8,0,0
BRDA:84,8,1,0
BRDA:91,9,0,0
BRDA:91,9,1,0
BRDA:105,10,0,0
BRDA:105,10,1,0
BRDA:129,11,0,0
BRDA:129,11,1,0
BRDA:169,12,0,0
BRDA:169,12,1,0
BRDA:173,13,0,0
BRDA:173,13,1,0
BRDA:185,14,0,0
BRDA:185,14,1,0
BRDA:185,15,0,0
BRDA:185,15,1,0
BRF:32
BRH:0
end_of_record
TN:
SF:app/(tabs)/(app)/journal/_layout.tsx
FN:2,JournalStack
FNF:1
FNH:0
FNDA:0,JournalStack
DA:3,0
LF:1
LH:0
BRF:0
BRH:0
end_of_record
TN:
SF:app/(tabs)/(app)/journal/history.tsx
FN:12,JournalHistory
FN:19,(anonymous_1)
FN:20,(anonymous_2)
FN:23,(anonymous_3)
FN:25,(anonymous_4)
FN:28,formatDate
FN:78,(anonymous_6)
FN:104,(anonymous_7)
FN:107,(anonymous_8)
FNF:9
FNH:0
FNDA:0,JournalHistory
FNDA:0,(anonymous_1)
FNDA:0,(anonymous_2)
FNDA:0,(anonymous_3)
FNDA:0,(anonymous_4)
FNDA:0,formatDate
FNDA:0,(anonymous_6)
FNDA:0,(anonymous_7)
FNDA:0,(anonymous_8)
DA:13,0
DA:14,0
DA:15,0
DA:16,0
DA:17,0
DA:19,0
DA:20,0
DA:23,0
DA:24,0
DA:25,0
DA:29,0
DA:30,0
DA:32,0
DA:36,0
DA:79,0
DA:105,0
DA:108,0
LF:17
LH:0
BRDA:13,0,0,0
BRDA:13,0,1,0
BRDA:16,1,0,0
BRDA:16,1,1,0
BRDA:42,2,0,0
BRDA:42,2,1,0
BRDA:73,3,0,0
BRDA:73,3,1,0
BRDA:97,4,0,0
BRDA:97,4,1,0
BRDA:102,5,0,0
BRDA:102,5,1,0
BRDA:125,6,0,0
BRDA:125,6,1,0
BRDA:127,7,0,0
BRDA:127,7,1,0
BRF:16
BRH:0
end_of_record
TN:
SF:app/(tabs)/(app)/journal/new.tsx
FN:15,NewJournalEntry
FN:22,(anonymous_1)
FN:22,(anonymous_2)
FN:38,save
FN:54,addTag
FN:58,(anonymous_5)
FN:97,(anonymous_6)
FN:136,(anonymous_7)
FN:139,(anonymous_8)
FN:139,(anonymous_9)
FN:139,(anonymous_10)
FNF:11
FNH:0
FNDA:0,NewJournalEntry
FNDA:0,(anonymous_1)
FNDA:0,(anonymous_2)
FNDA:0,save
FNDA:0,addTag
FNDA:0,(anonymous_5)
FNDA:0,(anonymous_6)
FNDA:0,(anonymous_7)
FNDA:0,(anonymous_8)
FNDA:0,(anonymous_9)
FNDA:0,(anonymous_10)
DA:13,0
DA:16,0
DA:17,0
DA:18,0
DA:21,0
DA:22,0
DA:24,0
DA:25,0
DA:26,0
DA:27,0
DA:28,0
DA:30,0
DA:39,0
DA:40,0
DA:41,0
DA:50,0
DA:51,0
DA:55,0
DA:56,0
DA:57,0
DA:58,0
DA:59,0
DA:62,0
DA:97,0
DA:137,0
DA:139,0
LF:26
LH:0
BRDA:16,0,0,0
BRDA:16,0,1,0
BRDA:24,1,0,0
BRDA:24,1,1,0
BRDA:25,2,0,0
BRDA:25,2,1,0
BRDA:39,3,0,0
BRDA:39,3,1,0
BRDA:45,4,0,0
BRDA:45,4,1,0
BRDA:56,5,0,0
BRDA:56,5,1,0
BRDA:57,6,0,0
BRDA:57,6,1,0
BRDA:68,7,0,0
BRDA:68,7,1,0
BRDA:74,8,0,0
BRDA:74,8,1,0
BRDA:76,9,0,0
BRDA:76,9,1,0
BRDA:97,10,0,0
BRDA:97,10,1,0
BRDA:150,11,0,0
BRDA:150,11,1,0
BRF:24
BRH:0
end_of_record
TN:
SF:app/(tabs)/(app)/journal/prompts.tsx
FN:10,JournalPrompts
FN:15,(anonymous_1)
FN:18,(anonymous_2)
FN:51,(anonymous_3)
FN:53,(anonymous_4)
FN:55,(anonymous_5)
FNF:6
FNH:0
FNDA:0,JournalPrompts
FNDA:0,(anonymous_1)
FNDA:0,(anonymous_2)
FNDA:0,(anonymous_3)
FNDA:0,(anonymous_4)
FNDA:0,(anonymous_5)
DA:11,0
DA:12,0
DA:13,0
DA:15,0
DA:16,0
DA:17,0
DA:18,0
DA:19,0
DA:23,0
DA:51,0
DA:54,0
DA:56,0
LF:12
LH:0
BRDA:11,0,0,0
BRDA:11,0,1,0
BRDA:17,1,0,0
BRDA:17,1,1,0
BRDA:29,2,0,0
BRDA:29,2,1,0
BRF:6
BRH:0
end_of_record
TN:
SF:app/(tabs)/(app)/mood/_layout.tsx
FN:2,MoodLayout
FNF:1
FNH:0
FNDA:0,MoodLayout
DA:3,0
LF:1
LH:0
BRF:0
BRH:0
end_of_record
TN:
SF:app/(tabs)/(app)/mood/history.tsx
FN:16,MoodHistory
FN:27,(anonymous_1)
FN:28,(anonymous_2)
FN:31,(anonymous_3)
FN:33,(anonymous_4)
FN:36,remove
FN:42,(anonymous_6)
FN:89,(anonymous_7)
FN:92,(anonymous_8)
FN:120,(anonymous_9)
FNF:10
FNH:0
FNDA:0,MoodHistory
FNDA:0,(anonymous_1)
FNDA:0,(anonymous_2)
FNDA:0,(anonymous_3)
FNDA:0,(anonymous_4)
FNDA:0,remove
FNDA:0,(anonymous_6)
FNDA:0,(anonymous_7)
FNDA:0,(anonymous_8)
FNDA:0,(anonymous_9)
DA:17,0
DA:18,0
DA:19,0
DA:20,0
DA:24,0
DA:25,0
DA:27,0
DA:28,0
DA:31,0
DA:32,0
DA:33,0
DA:37,0
DA:43,0
DA:49,0
DA:90,0
DA:92,0
DA:120,0
LF:17
LH:0
BRDA:17,0,0,0
BRDA:17,0,1,0
BRDA:24,1,0,0
BRDA:24,1,1,0
BRDA:55,2,0,0
BRDA:55,2,1,0
BRDA:79,3,0,0
BRDA:79,3,1,0
BRDA:84,4,0,0
BRDA:84,4,1,0
BRDA:87,5,0,0
BRDA:87,5,1,0
BRDA:111,6,0,0
BRDA:111,6,1,0
BRDA:116,7,0,0
BRDA:116,7,1,0
BRDA:116,8,0,0
BRDA:116,8,1,0
BRDA:118,9,0,0
BRDA:118,9,1,0
BRF:20
BRH:0
end_of_record
TN:
SF:app/(tabs)/(app)/mood/index.tsx
FN:22,(anonymous_0)
FN:24,moodToScore
FN:32,Mood
FN:58,(anonymous_3)
FN:61,(anonymous_4)
FN:62,(anonymous_5)
FN:63,(anonymous_6)
FN:67,addTag
FN:71,(anonymous_8)
FN:75,saveCheckIn
FN:79,(anonymous_10)
FN:115,(anonymous_11)
FN:116,(anonymous_12)
FN:165,(anonymous_13)
FN:172,(anonymous_14)
FN:179,(anonymous_15)
FN:219,(anonymous_16)
FN:222,(anonymous_17)
FN:222,(anonymous_18)
FN:222,(anonymous_19)
FNF:20
FNH:0
FNDA:0,(anonymous_0)
FNDA:0,moodToScore
FNDA:0,Mood
FNDA:0,(anonymous_3)
FNDA:0,(anonymous_4)
FNDA:0,(anonymous_5)
FNDA:0,(anonymous_6)
FNDA:0,addTag
FNDA:0,(anonymous_8)
FNDA:0,saveCheckIn
FNDA:0,(anonymous_10)
FNDA:0,(anonymous_11)
FNDA:0,(anonymous_12)
FNDA:0,(anonymous_13)
FNDA:0,(anonymous_14)
FNDA:0,(anonymous_15)
FNDA:0,(anonymous_16)
FNDA:0,(anonymous_17)
FNDA:0,(anonymous_18)
FNDA:0,(anonymous_19)
DA:20,0
DA:21,0
DA:22,0
DA:25,0
DA:26,0
DA:27,0
DA:28,0
DA:29,0
DA:33,0
DA:34,0
DA:35,0
DA:37,0
DA:38,0
DA:42,0
DA:44,0
DA:45,0
DA:46,0
DA:47,0
DA:48,0
DA:49,0
DA:51,0
DA:58,0
DA:59,0
DA:60,0
DA:61,0
DA:62,0
DA:63,0
DA:64,0
DA:68,0
DA:69,0
DA:70,0
DA:71,0
DA:72,0
DA:76,0
DA:77,0
DA:79,0
DA:81,0
DA:83,0
DA:85,0
DA:94,0
DA:95,0
DA:96,0
DA:97,0
DA:98,0
DA:101,0
DA:115,0
DA:116,0
DA:165,0
DA:172,0
DA:179,0
DA:220,0
DA:222,0
LF:52
LH:0
BRDA:25,0,0,0
BRDA:25,0,1,0
BRDA:26,1,0,0
BRDA:26,1,1,0
BRDA:27,2,0,0
BRDA:27,2,1,0
BRDA:28,3,0,0
BRDA:28,3,1,0
BRDA:33,4,0,0
BRDA:33,4,1,0
BRDA:42,5,0,0
BRDA:42,5,1,0
BRDA:59,6,0,0
BRDA:59,6,1,0
BRDA:69,7,0,0
BRDA:69,7,1,0
BRDA:70,8,0,0
BRDA:70,8,1,0
BRDA:76,9,0,0
BRDA:76,9,1,0
BRDA:91,10,0,0
BRDA:91,10,1,0
BRDA:92,11,0,0
BRDA:92,11,1,0
BRDA:107,12,0,0
BRDA:107,12,1,0
BRDA:123,13,0,0
BRDA:123,13,1,0
BRDA:138,14,0,0
BRDA:138,14,1,0
BRDA:233,15,0,0
BRDA:233,15,1,0
BRF:32
BRH:0
end_of_record
TN:
SF:app/(tabs)/(app)/sleep/_layout.tsx
FN:3,SleepLayout
FNF:1
FNH:0
FNDA:0,SleepLayout
DA:4,0
LF:1
LH:0
BRF:0
BRH:0
end_of_record
TN:
SF:app/(tabs)/(app)/sleep/history.tsx
FN:10,SleepHistoryScreen
FN:34,(anonymous_1)
FN:41,(anonymous_2)
FN:70,getQualityIcon
FN:87,getQualityLabel
FNF:5
FNH:0
FNDA:0,SleepHistoryScreen
FNDA:0,(anonymous_1)
FNDA:0,(anonymous_2)
FNDA:0,getQualityIcon
FNDA:0,getQualityLabel
DA:11,0
DA:12,0
DA:13,0
DA:15,0
DA:16,0
DA:18,0
DA:34,0
DA:42,0
DA:71,0
DA:73,0
DA:75,0
DA:77,0
DA:79,0
DA:81,0
DA:83,0
DA:88,0
DA:90,0
DA:92,0
DA:94,0
DA:96,0
DA:98,0
DA:100,0
DA:104,0
LF:23
LH:0
BRDA:12,0,0,0
BRDA:12,0,1,0
BRDA:16,1,0,0
BRDA:16,1,1,0
BRDA:23,2,0,0
BRDA:23,2,1,0
BRDA:27,3,0,0
BRDA:27,3,1,0
BRDA:59,4,0,0
BRDA:59,4,1,0
BRDA:71,5,0,0
BRDA:71,5,1,0
BRDA:71,5,2,0
BRDA:71,5,3,0
BRDA:71,5,4,0
BRDA:71,5,5,0
BRDA:88,6,0,0
BRDA:88,6,1,0
BRDA:88,6,2,0
BRDA:88,6,3,0
BRDA:88,6,4,0
BRDA:88,6,5,0
BRDA:108,7,0,0
BRDA:108,7,1,0
BRF:24
BRH:0
end_of_record
TN:
SF:app/(tabs)/(app)/sleep/index.tsx
FN:9,SleepScreen
FN:19,(anonymous_1)
FN:33,(anonymous_2)
FN:37,(anonymous_3)
FN:82,(anonymous_4)
FN:89,(anonymous_5)
FN:118,(anonymous_6)
FN:132,getQualityLabel
FNF:8
FNH:0
FNDA:0,SleepScreen
FNDA:0,(anonymous_1)
FNDA:0,(anonymous_2)
FNDA:0,(anonymous_3)
FNDA:0,(anonymous_4)
FNDA:0,(anonymous_5)
FNDA:0,(anonymous_6)
FNDA:0,getQualityLabel
DA:10,0
DA:11,0
DA:12,0
DA:13,0
DA:15,0
DA:16,0
DA:17,0
DA:19,0
DA:20,0
DA:21,0
DA:22,0
DA:23,0
DA:24,0
DA:26,0
DA:33,0
DA:38,0
DA:39,0
DA:48,0
DA:52,0
DA:82,0
DA:89,0
DA:118,0
DA:133,0
DA:135,0
DA:137,0
DA:139,0
DA:141,0
DA:143,0
DA:145,0
DA:149,0
LF:30
LH:0
BRDA:11,0,0,0
BRDA:11,0,1,0
BRDA:16,1,0,0
BRDA:16,1,1,0
BRDA:20,2,0,0
BRDA:20,2,1,0
BRDA:63,3,0,0
BRDA:63,3,1,0
BRDA:71,4,0,0
BRDA:71,4,1,0
BRDA:75,5,0,0
BRDA:75,5,1,0
BRDA:97,6,0,0
BRDA:97,6,1,0
BRDA:133,7,0,0
BRDA:133,7,1,0
BRDA:133,7,2,0
BRDA:133,7,3,0
BRDA:133,7,4,0
BRDA:133,7,5,0
BRDA:153,8,0,0
BRDA:153,8,1,0
BRF:22
BRH:0
end_of_record
TN:
SF:app/(tabs)/(app)/sleep/log.tsx
FN:12,LogSleepScreen
FN:25,(anonymous_1)
FN:31,(anonymous_2)
FN:35,(anonymous_3)
FN:59,(anonymous_4)
FN:62,(anonymous_5)
FN:141,getQualityIcon
FN:158,getQualityLabel
FNF:8
FNH:0
FNDA:0,LogSleepScreen
FNDA:0,(anonymous_1)
FNDA:0,(anonymous_2)
FNDA:0,(anonymous_3)
FNDA:0,(anonymous_4)
FNDA:0,(anonymous_5)
FNDA:0,getQualityIcon
FNDA:0,getQualityLabel
DA:13,0
DA:14,0
DA:15,0
DA:16,0
DA:17,0
DA:19,0
DA:20,0
DA:21,0
DA:23,0
DA:26,0
DA:27,0
DA:31,0
DA:32,0
DA:33,0
DA:35,0
DA:37,0
DA:39,0
DA:51,0
DA:60,0
DA:62,0
DA:142,0
DA:144,0
DA:146,0
DA:148,0
DA:150,0
DA:152,0
DA:154,0
DA:159,0
DA:161,0
DA:163,0
DA:165,0
DA:167,0
DA:169,0
DA:171,0
DA:175,0
LF:35
LH:0
BRDA:15,0,0,0
BRDA:15,0,1,0
BRDA:20,1,0,0
BRDA:20,1,1,0
BRDA:32,2,0,0
BRDA:32,2,1,0
BRDA:44,3,0,0
BRDA:44,3,1,0
BRDA:65,4,0,0
BRDA:65,4,1,0
BRDA:71,5,0,0
BRDA:71,5,1,0
BRDA:76,6,0,0
BRDA:76,6,1,0
BRDA:130,7,0,0
BRDA:130,7,1,0
BRDA:133,8,0,0
BRDA:133,8,1,0
BRDA:142,9,0,0
BRDA:142,9,1,0
BRDA:142,9,2,0
BRDA:142,9,3,0
BRDA:142,9,4,0
BRDA:142,9,5,0
BRDA:159,10,0,0
BRDA:159,10,1,0
BRDA:159,10,2,0
BRDA:159,10,3,0
BRDA:159,10,4,0
BRDA:159,10,5,0
BRDA:179,11,0,0
BRDA:179,11,1,0
BRF:32
BRH:0
end_of_record
TN:
SF:app/(tabs)/(app)/stress/_layout.tsx
FN:2,StressLayout
FNF:1
FNH:0
FNDA:0,StressLayout
DA:3,0
LF:1
LH:0
BRF:0
BRH:0
end_of_record
TN:
SF:app/(tabs)/(app)/stress/breathing.tsx
FN:9,Breathing
FN:23,(anonymous_1)
FN:29,(anonymous_2)
FN:57,(anonymous_3)
FN:58,(anonymous_4)
FN:61,(anonymous_5)
FN:63,(anonymous_6)
FN:65,(anonymous_7)
FN:77,(anonymous_8)
FN:83,stop
FN:161,(anonymous_10)
FN:175,(anonymous_11)
FNF:12
FNH:0
FNDA:0,Breathing
FNDA:0,(anonymous_1)
FNDA:0,(anonymous_2)
FNDA:0,(anonymous_3)
FNDA:0,(anonymous_4)
FNDA:0,(anonymous_5)
FNDA:0,(anonymous_6)
FNDA:0,(anonymous_7)
FNDA:0,(anonymous_8)
FNDA:0,stop
FNDA:0,(anonymous_10)
FNDA:0,(anonymous_11)
DA:10,0
DA:11,0
DA:14,0
DA:15,0
DA:16,0
DA:17,0
DA:18,0
DA:19,0
DA:21,0
DA:23,0
DA:24,0
DA:25,0
DA:26,0
DA:29,0
DA:30,0
DA:32,0
DA:34,0
DA:35,0
DA:41,0
DA:42,0
DA:49,0
DA:57,0
DA:58,0
DA:61,0
DA:62,0
DA:63,0
DA:64,0
DA:65,0
DA:66,0
DA:67,0
DA:68,0
DA:72,0
DA:77,0
DA:78,0
DA:79,0
DA:84,0
DA:85,0
DA:86,0
DA:87,0
DA:90,0
DA:161,0
DA:176,0
DA:177,0
LF:43
LH:0
BRDA:14,0,0,0
BRDA:14,0,1,0
BRDA:24,1,0,0
BRDA:24,1,1,0
BRDA:25,2,0,0
BRDA:25,2,1,0
BRDA:30,3,0,0
BRDA:30,3,1,0
BRDA:34,4,0,0
BRDA:34,4,1,0
BRDA:41,5,0,0
BRDA:41,5,1,0
BRDA:58,6,0,0
BRDA:58,6,1,0
BRDA:63,7,0,0
BRDA:63,7,1,0
BRDA:63,8,0,0
BRDA:63,8,1,0
BRDA:64,9,0,0
BRDA:64,9,1,0
BRDA:67,10,0,0
BRDA:67,10,1,0
BRDA:96,11,0,0
BRDA:96,11,1,0
BRDA:119,12,0,0
BRDA:119,12,1,0
BRDA:140,13,0,0
BRDA:140,13,1,0
BRDA:146,14,0,0
BRDA:146,14,1,0
BRF:30
BRH:0
end_of_record
TN:
SF:app/(tabs)/(app)/stress/grounding.tsx
FN:9,Grounding
FN:23,done
FN:61,(anonymous_2)
FN:65,(anonymous_3)
FN:65,(anonymous_4)
FN:65,(anonymous_5)
FN:74,(anonymous_6)
FN:78,(anonymous_7)
FN:78,(anonymous_8)
FN:78,(anonymous_9)
FN:87,(anonymous_10)
FN:91,(anonymous_11)
FN:91,(anonymous_12)
FN:91,(anonymous_13)
FN:100,(anonymous_14)
FN:104,(anonymous_15)
FN:104,(anonymous_16)
FN:104,(anonymous_17)
FN:141,Block
FNF:19
FNH:0
FNDA:0,Grounding
FNDA:0,done
FNDA:0,(anonymous_2)
FNDA:0,(anonymous_3)
FNDA:0,(anonymous_4)
FNDA:0,(anonymous_5)
FNDA:0,(anonymous_6)
FNDA:0,(anonymous_7)
FNDA:0,(anonymous_8)
FNDA:0,(anonymous_9)
FNDA:0,(anonymous_10)
FNDA:0,(anonymous_11)
FNDA:0,(anonymous_12)
FNDA:0,(anonymous_13)
FNDA:0,(anonymous_14)
FNDA:0,(anonymous_15)
FNDA:0,(anonymous_16)
FNDA:0,(anonymous_17)
FNDA:0,Block
DA:10,0
DA:11,0
DA:14,0
DA:15,0
DA:17,0
DA:18,0
DA:19,0
DA:20,0
DA:21,0
DA:24,0
DA:27,0
DA:28,0
DA:31,0
DA:38,0
DA:62,0
DA:65,0
DA:75,0
DA:78,0
DA:88,0
DA:91,0
DA:101,0
DA:104,0
DA:142,0
DA:143,0
DA:145,0
LF:25
LH:0
BRDA:14,0,0,0
BRDA:14,0,1,0
BRDA:44,1,0,0
BRDA:44,1,1,0
BRDA:65,2,0,0
BRDA:65,2,1,0
BRDA:78,3,0,0
BRDA:78,3,1,0
BRDA:91,4,0,0
BRDA:91,4,1,0
BRDA:104,5,0,0
BRDA:104,5,1,0
BRDA:142,6,0,0
BRDA:142,6,1,0
BRF:14
BRH:0
end_of_record
TN:
SF:app/(tabs)/(app)/stress/index.tsx
FN:12,StressHub
FN:38,(anonymous_1)
FN:45,(anonymous_2)
FN:54,(anonymous_3)
FN:63,(anonymous_4)
FN:71,(anonymous_5)
FN:124,Card
FN:145,(anonymous_7)
FN:149,(anonymous_8)
FNF:9
FNH:0
FNDA:0,StressHub
FNDA:0,(anonymous_1)
FNDA:0,(anonymous_2)
FNDA:0,(anonymous_3)
FNDA:0,(anonymous_4)
FNDA:0,(anonymous_5)
FNDA:0,Card
FNDA:0,(anonymous_7)
FNDA:0,(anonymous_8)
DA:13,0
DA:14,0
DA:15,0
DA:16,0
DA:17,0
DA:18,0
DA:20,0
DA:38,0
DA:46,0
DA:55,0
DA:63,0
DA:71,0
DA:139,0
DA:140,0
DA:141,0
DA:143,0
DA:146,0
DA:147,0
DA:149,0
DA:151,0
DA:153,0
LF:21
LH:0
BRDA:14,0,0,0
BRDA:14,0,1,0
BRDA:18,1,0,0
BRDA:18,1,1,0
BRDA:26,2,0,0
BRDA:26,2,1,0
BRDA:116,3,0,0
BRDA:116,3,1,0
BRDA:128,4,0,0
BRDA:140,5,0,0
BRDA:140,5,1,0
BRDA:146,6,0,0
BRDA:146,6,1,0
BRDA:159,7,0,0
BRDA:159,7,1,0
BRDA:182,8,0,0
BRDA:182,8,1,0
BRF:17
BRH:0
end_of_record
TN:
SF:app/(tabs)/(app)/stress/plan.tsx
FN:16,StressPlan
FN:34,(anonymous_1)
FN:40,(anonymous_2)
FN:43,(anonymous_3)
FN:50,(anonymous_4)
FN:51,(anonymous_5)
FN:53,(anonymous_6)
FN:61,save
FN:104,(anonymous_8)
FN:104,(anonymous_9)
FN:117,(anonymous_10)
FN:121,(anonymous_11)
FN:131,(anonymous_12)
FN:135,(anonymous_13)
FN:145,(anonymous_14)
FN:149,(anonymous_15)
FN:156,(anonymous_16)
FN:156,(anonymous_17)
FN:178,(anonymous_18)
FN:195,Block
FN:225,EditableList
FN:254,(anonymous_21)
FN:302,(anonymous_22)
FN:316,(anonymous_23)
FNF:24
FNH:0
FNDA:0,StressPlan
FNDA:0,(anonymous_1)
FNDA:0,(anonymous_2)
FNDA:0,(anonymous_3)
FNDA:0,(anonymous_4)
FNDA:0,(anonymous_5)
FNDA:0,(anonymous_6)
FNDA:0,save
FNDA:0,(anonymous_8)
FNDA:0,(anonymous_9)
FNDA:0,(anonymous_10)
FNDA:0,(anonymous_11)
FNDA:0,(anonymous_12)
FNDA:0,(anonymous_13)
FNDA:0,(anonymous_14)
FNDA:0,(anonymous_15)
FNDA:0,(anonymous_16)
FNDA:0,(anonymous_17)
FNDA:0,(anonymous_18)
FNDA:0,Block
FNDA:0,EditableList
FNDA:0,(anonymous_21)
FNDA:0,(anonymous_22)
FNDA:0,(anonymous_23)
DA:17,0
DA:18,0
DA:19,0
DA:20,0
DA:21,0
DA:22,0
DA:25,0
DA:27,0
DA:34,0
DA:35,0
DA:36,0
DA:40,0
DA:41,0
DA:42,0
DA:43,0
DA:44,0
DA:45,0
DA:46,0
DA:50,0
DA:51,0
DA:52,0
DA:53,0
DA:57,0
DA:58,0
DA:59,0
DA:62,0
DA:69,0
DA:70,0
DA:71,0
DA:74,0
DA:104,0
DA:118,0
DA:119,0
DA:121,0
DA:132,0
DA:133,0
DA:135,0
DA:146,0
DA:147,0
DA:149,0
DA:156,0
DA:178,0
DA:204,0
DA:205,0
DA:207,0
DA:244,0
DA:245,0
DA:247,0
DA:254,0
DA:255,0
DA:256,0
DA:260,0
DA:303,0
DA:316,0
LF:54
LH:0
BRDA:18,0,0,0
BRDA:18,0,1,0
BRDA:21,1,0,0
BRDA:21,1,1,0
BRDA:35,2,0,0
BRDA:35,2,1,0
BRDA:42,3,0,0
BRDA:42,3,1,0
BRDA:44,4,0,0
BRDA:44,4,1,0
BRDA:45,5,0,0
BRDA:45,5,1,0
BRDA:52,6,0,0
BRDA:52,6,1,0
BRDA:63,7,0,0
BRDA:63,7,1,0
BRDA:64,8,0,0
BRDA:64,8,1,0
BRDA:65,9,0,0
BRDA:65,9,1,0
BRDA:66,10,0,0
BRDA:66,10,1,0
BRDA:67,11,0,0
BRDA:67,11,1,0
BRDA:80,12,0,0
BRDA:80,12,1,0
BRDA:103,13,0,0
BRDA:103,13,1,0
BRDA:114,14,0,0
BRDA:114,14,1,0
BRDA:128,15,0,0
BRDA:128,15,1,0
BRDA:142,16,0,0
BRDA:142,16,1,0
BRDA:155,17,0,0
BRDA:155,17,1,0
BRDA:204,18,0,0
BRDA:204,18,1,0
BRDA:217,19,0,0
BRDA:217,19,1,0
BRDA:244,20,0,0
BRDA:244,20,1,0
BRDA:255,21,0,0
BRDA:255,21,1,0
BRDA:270,22,0,0
BRDA:270,22,1,0
BRDA:297,23,0,0
BRDA:297,23,1,0
BRF:48
BRH:0
end_of_record
TN:
SF:app/(tabs)/(app)/stress/videos.tsx
FN:11,StressVideosScreen
FN:16,(anonymous_1)
FN:37,(anonymous_2)
FN:39,(anonymous_3)
FN:46,VideoCard
FN:68,(anonymous_5)
FNF:6
FNH:0
FNDA:0,StressVideosScreen
FNDA:0,(anonymous_1)
FNDA:0,(anonymous_2)
FNDA:0,(anonymous_3)
FNDA:0,VideoCard
FNDA:0,(anonymous_5)
DA:12,0
DA:13,0
DA:14,0
DA:16,0
DA:17,0
DA:19,0
DA:23,0
DA:37,0
DA:39,0
DA:47,0
DA:48,0
DA:50,0
DA:69,0
LF:13
LH:0
BRDA:13,0,0,0
BRDA:13,0,1,0
BRDA:17,1,0,0
BRDA:17,1,1,0
BRDA:19,2,0,0
BRDA:19,2,1,0
BRDA:29,3,0,0
BRDA:29,3,1,0
BRDA:47,4,0,0
BRDA:47,4,1,0
BRF:10
BRH:0
end_of_record
TN:
SF:app/(tabs)/(app)/stress/watch.tsx
FN:24,WatchVideoScreen
FN:32,(anonymous_1)
FN:34,(anonymous_2)
FN:40,(anonymous_3)
FN:45,(anonymous_4)
FN:63,(anonymous_5)
FNF:6
FNH:0
FNDA:0,WatchVideoScreen
FNDA:0,(anonymous_1)
FNDA:0,(anonymous_2)
FNDA:0,(anonymous_3)
FNDA:0,(anonymous_4)
FNDA:0,(anonymous_5)
DA:11,0
DA:25,0
DA:26,0
DA:29,0
DA:30,0
DA:32,0
DA:34,0
DA:35,0
DA:36,0
DA:40,0
DA:41,0
DA:42,0
DA:45,0
DA:46,0
DA:49,0
DA:50,0
DA:63,0
DA:70,0
DA:97,0
LF:19
LH:0
BRDA:29,0,0,0
BRDA:29,0,1,0
BRDA:35,1,0,0
BRDA:35,1,1,0
BRDA:49,2,0,0
BRDA:49,2,1,0
BRDA:100,3,0,0
BRDA:100,3,1,0
BRF:8
BRH:0
end_of_record
TN:
SF:app/(utils)/_layout.tsx
FN:2,UtilsLayout
FNF:1
FNH:0
FNDA:0,UtilsLayout
DA:3,0
LF:1
LH:0
BRF:0
BRH:0
end_of_record
TN:
SF:app/(utils)/empty.tsx
FN:5,Screen
FN:12,(anonymous_1)
FNF:2
FNH:0
FNDA:0,Screen
FNDA:0,(anonymous_1)
DA:6,0
DA:12,0
DA:20,0
LF:3
LH:0
BRF:0
BRH:0
end_of_record
TN:
SF:app/(utils)/error.tsx
FN:5,Screen
FN:12,(anonymous_1)
FNF:2
FNH:0
FNDA:0,Screen
FNDA:0,(anonymous_1)
DA:6,0
DA:12,0
DA:20,0
LF:3
LH:0
BRF:0
BRH:0
end_of_record
TN:
SF:app/(utils)/help-center.tsx
FN:5,Screen
FN:12,(anonymous_1)
FN:15,(anonymous_2)
FNF:3
FNH:0
FNDA:0,Screen
FNDA:0,(anonymous_1)
FNDA:0,(anonymous_2)
DA:6,0
DA:12,0
DA:15,0
DA:23,0
LF:4
LH:0
BRF:0
BRH:0
end_of_record
TN:
SF:app/(utils)/offline.tsx
FN:5,Screen
FN:12,(anonymous_1)
FNF:2
FNH:0
FNDA:0,Screen
FNDA:0,(anonymous_1)
DA:6,0
DA:12,0
DA:20,0
LF:3
LH:0
BRF:0
BRH:0
end_of_record
TN:
SF:app/(utils)/utilities.tsx
FN:5,Screen
FN:14,(anonymous_1)
FN:17,(anonymous_2)
FN:20,(anonymous_3)
FNF:4
FNH:0
FNDA:0,Screen
FNDA:0,(anonymous_1)
FNDA:0,(anonymous_2)
FNDA:0,(anonymous_3)
DA:6,0
DA:14,0
DA:17,0
DA:20,0
DA:28,0
LF:5
LH:0
BRF:0
BRH:0
end_of_record
TN:
SF:components/AlertModal.tsx
FN:5,(anonymous_0)
FN:15,(anonymous_1)
FN:22,(anonymous_2)
FN:31,(anonymous_3)
FNF:4
FNH:0
FNDA:0,(anonymous_0)
FNDA:0,(anonymous_1)
FNDA:0,(anonymous_2)
FNDA:0,(anonymous_3)
DA:5,0
DA:6,0
DA:8,0
DA:10,0
DA:15,0
DA:23,0
DA:32,0
DA:33,0
DA:54,0
LF:9
LH:0
BRDA:8,0,0,0
BRDA:8,0,1,0
BRDA:27,1,0,0
BRDA:27,1,1,0
BRDA:28,2,0,0
BRDA:28,2,1,0
BRDA:29,3,0,0
BRDA:29,3,1,0
BRDA:39,4,0,0
BRDA:39,4,1,0
BRDA:40,5,0,0
BRDA:40,5,1,0
BRF:12
BRH:0
end_of_record
TN:
SF:components/Calendar.tsx
FN:12,Calendar
FN:16,(anonymous_1)
FN:39,(anonymous_2)
FN:45,(anonymous_3)
FN:50,(anonymous_4)
FN:59,(anonymous_5)
FN:71,(anonymous_6)
FN:77,(anonymous_7)
FN:83,(anonymous_8)
FN:91,(anonymous_9)
FN:101,(anonymous_10)
FNF:11
FNH:0
FNDA:0,Calendar
FNDA:0,(anonymous_1)
FNDA:0,(anonymous_2)
FNDA:0,(anonymous_3)
FNDA:0,(anonymous_4)
FNDA:0,(anonymous_5)
FNDA:0,(anonymous_6)
FNDA:0,(anonymous_7)
FNDA:0,(anonymous_8)
FNDA:0,(anonymous_9)
FNDA:0,(anonymous_10)
DA:13,0
DA:14,0
DA:16,0
DA:17,0
DA:18,0
DA:20,0
DA:21,0
DA:23,0
DA:25,0
DA:26,0
DA:29,0
DA:30,0
DA:33,0
DA:36,0
DA:37,0
DA:39,0
DA:40,0
DA:41,0
DA:42,0
DA:45,0
DA:46,0
DA:50,0
DA:51,0
DA:52,0
DA:59,0
DA:60,0
DA:61,0
DA:62,0
DA:64,0
DA:68,0
DA:71,0
DA:77,0
DA:84,0
DA:92,0
DA:94,0
DA:95,0
DA:96,0
DA:98,0
DA:101,0
DA:129,0
LF:40
LH:0
BRDA:12,0,0,0
BRDA:13,1,0,0
BRDA:13,1,1,0
BRDA:46,2,0,0
BRDA:46,2,1,0
BRDA:46,2,2,0
BRDA:53,3,0,0
BRDA:53,3,1,0
BRDA:53,3,2,0
BRDA:92,4,0,0
BRDA:92,4,1,0
BRDA:104,5,0,0
BRDA:104,5,1,0
BRDA:105,6,0,0
BRDA:105,6,1,0
BRDA:105,6,2,0
BRDA:112,7,0,0
BRDA:112,7,1,0
BRDA:113,8,0,0
BRDA:113,8,1,0
BRDA:118,9,0,0
BRDA:118,9,1,0
BRDA:118,9,2,0
BRF:23
BRH:0
end_of_record
TN:
SF:components/CarouselDots.tsx
FN:4,CarouselDots
FN:10,(anonymous_1)
FNF:2
FNH:0
FNDA:0,CarouselDots
FNDA:0,(anonymous_1)
DA:8,0
DA:11,0
LF:2
LH:0
BRDA:14,0,0,0
BRDA:14,0,1,0
BRDA:17,1,0,0
BRDA:17,1,1,0
BRF:4
BRH:0
end_of_record
TN:
SF:components/Chips.tsx
FN:13,Chips
FN:21,toggle
FN:23,(anonymous_2)
FN:32,(anonymous_3)
FN:35,(anonymous_4)
FN:42,Chip
FN:51,pressIn
FN:54,pressOut
FNF:8
FNH:0
FNDA:0,Chips
FNDA:0,toggle
FNDA:0,(anonymous_2)
FNDA:0,(anonymous_3)
FNDA:0,(anonymous_4)
FNDA:0,Chip
FNDA:0,pressIn
FNDA:0,pressOut
DA:19,0
DA:22,0
DA:23,0
DA:24,0
DA:26,0
DA:30,0
DA:33,0
DA:34,0
DA:35,0
DA:47,0
DA:48,0
DA:49,0
DA:52,0
DA:55,0
DA:58,0
DA:80,0
LF:16
LH:0
BRDA:17,0,0,0
BRDA:19,1,0,0
BRDA:19,1,1,0
BRDA:19,2,0,0
BRDA:19,2,1,0
BRDA:22,3,0,0
BRDA:22,3,1,0
BRDA:23,4,0,0
BRDA:23,4,1,0
BRDA:47,5,0,0
BRDA:47,5,1,0
BRDA:67,6,0,0
BRDA:67,6,1,0
BRDA:72,7,0,0
BRDA:72,7,1,0
BRF:15
BRH:0
end_of_record
TN:
SF:components/LoadingOverlay.tsx
FN:5,(anonymous_0)
FNF:1
FNH:0
FNDA:0,(anonymous_0)
DA:5,0
DA:6,0
DA:8,0
DA:10,0
DA:21,0
LF:5
LH:0
BRDA:8,0,0,0
BRDA:8,0,1,0
BRF:2
BRH:0
end_of_record
TN:
SF:components/MenuButton.tsx
FN:8,MenuButton
FN:14,(anonymous_1)
FN:15,(anonymous_2)
FNF:3
FNH:0
FNDA:0,MenuButton
FNDA:0,(anonymous_1)
FNDA:0,(anonymous_2)
DA:9,0
DA:10,0
DA:12,0
DA:14,0
DA:15,0
LF:5
LH:0
BRDA:9,0,0,0
BRDA:9,0,1,0
BRDA:19,1,0,0
BRDA:19,1,1,0
BRF:4
BRH:0
end_of_record
TN:
SF:components/MoodChart.tsx
FN:13,dayKey
FN:21,labelFromKey
FN:22,(anonymous_2)
FN:27,MoodChart
FN:28,(anonymous_4)
FN:43,(anonymous_5)
FN:53,(anonymous_6)
FN:54,(anonymous_7)
FN:68,(anonymous_8)
FNF:9
FNH:0
FNDA:0,dayKey
FNDA:0,labelFromKey
FNDA:0,(anonymous_2)
FNDA:0,MoodChart
FNDA:0,(anonymous_4)
FNDA:0,(anonymous_5)
FNDA:0,(anonymous_6)
FNDA:0,(anonymous_7)
FNDA:0,(anonymous_8)
DA:5,0
DA:14,0
DA:15,0
DA:16,0
DA:17,0
DA:18,0
DA:22,0
DA:23,0
DA:24,0
DA:28,0
DA:29,0
DA:30,0
DA:31,0
DA:32,0
DA:33,0
DA:34,0
DA:37,0
DA:38,0
DA:39,0
DA:40,0
DA:43,0
DA:44,0
DA:45,0
DA:46,0
DA:53,0
DA:54,0
DA:55,0
DA:59,0
DA:60,0
DA:62,0
DA:69,0
DA:71,0
DA:72,0
LF:33
LH:0
BRDA:40,0,0,0
BRDA:40,0,1,0
BRDA:44,1,0,0
BRDA:44,1,1,0
BRDA:45,2,0,0
BRDA:45,2,1,0
BRDA:69,3,0,0
BRDA:69,3,1,0
BRDA:71,4,0,0
BRDA:71,4,1,0
BRDA:75,5,0,0
BRDA:75,5,1,0
BRDA:94,6,0,0
BRDA:94,6,1,0
BRF:14
BRH:0
end_of_record
TN:
SF:components/ProfileProgressRing.tsx
FN:4,ProfileProgressRing
FNF:1
FNH:0
FNDA:0,ProfileProgressRing
DA:5,0
LF:1
LH:0
BRF:0
BRH:0
end_of_record
TN:
SF:components/ScoreCard.tsx
FN:4,ScoreCard
FNF:1
FNH:0
FNDA:0,ScoreCard
DA:15,0
LF:1
LH:0
BRF:0
BRH:0
end_of_record
TN:
SF:components/ScreenHeader.tsx
FN:9,ScreenHeader
FN:29,(anonymous_1)
FN:30,(anonymous_2)
FN:61,(anonymous_3)
FN:62,(anonymous_4)
FN:67,(anonymous_5)
FN:68,(anonymous_6)
FNF:7
FNH:0
FNDA:0,ScreenHeader
FNDA:0,(anonymous_1)
FNDA:0,(anonymous_2)
FNDA:0,(anonymous_3)
FNDA:0,(anonymous_4)
FNDA:0,(anonymous_5)
FNDA:0,(anonymous_6)
DA:20,0
DA:21,0
DA:23,0
DA:29,0
DA:30,0
DA:61,0
DA:62,0
DA:67,0
DA:68,0
LF:9
LH:0
BRDA:13,0,0,0
BRDA:20,1,0,0
BRDA:20,1,1,0
BRDA:24,2,0,0
BRDA:24,2,1,0
BRDA:27,3,0,0
BRDA:27,3,1,0
BRDA:32,4,0,0
BRDA:32,4,1,0
BRDA:36,5,0,0
BRDA:36,5,1,0
BRDA:46,6,0,0
BRDA:46,6,1,0
BRDA:47,7,0,0
BRDA:47,7,1,0
BRDA:58,8,0,0
BRDA:58,8,1,0
BRDA:58,8,2,0
BRDA:62,9,0,0
BRDA:62,9,1,0
BRDA:68,10,0,0
BRDA:68,10,1,0
BRDA:74,11,0,0
BRDA:74,11,1,0
BRDA:77,12,0,0
BRDA:77,12,1,0
BRF:26
BRH:0
end_of_record
TN:
SF:components/SelectField.tsx
FN:6,SelectField
FN:26,(anonymous_1)
FN:28,(anonymous_2)
FN:32,(anonymous_3)
FN:42,(anonymous_4)
FN:53,(anonymous_5)
FN:72,(anonymous_6)
FN:79,(anonymous_7)
FN:81,(anonymous_8)
FN:85,(anonymous_9)
FN:116,(anonymous_10)
FNF:11
FNH:0
FNDA:0,SelectField
FNDA:0,(anonymous_1)
FNDA:0,(anonymous_2)
FNDA:0,(anonymous_3)
FNDA:0,(anonymous_4)
FNDA:0,(anonymous_5)
FNDA:0,(anonymous_6)
FNDA:0,(anonymous_7)
FNDA:0,(anonymous_8)
FNDA:0,(anonymous_9)
FNDA:0,(anonymous_10)
DA:23,0
DA:24,0
DA:26,0
DA:27,0
DA:28,0
DA:29,0
DA:32,0
DA:33,0
DA:34,0
DA:35,0
DA:38,0
DA:42,0
DA:53,0
DA:72,0
DA:79,0
DA:82,0
DA:83,0
DA:86,0
DA:87,0
DA:117,0
DA:118,0
DA:119,0
DA:120,0
DA:121,0
LF:24
LH:0
BRDA:9,0,0,0
BRDA:11,1,0,0
BRDA:12,2,0,0
BRDA:27,3,0,0
BRDA:27,3,1,0
BRDA:29,4,0,0
BRDA:29,4,1,0
BRDA:34,5,0,0
BRDA:34,5,1,0
BRDA:50,6,0,0
BRDA:50,6,1,0
BRDA:82,7,0,0
BRDA:82,7,1,0
BRDA:92,8,0,0
BRDA:92,8,1,0
BRDA:100,9,0,0
BRDA:100,9,1,0
BRDA:118,10,0,0
BRDA:118,10,1,0
BRF:19
BRH:0
end_of_record
TN:
SF:components/SoundPulse.tsx
FN:4,SoundPulse
FN:9,loop
FN:19,(anonymous_2)
FN:35,(anonymous_3)
FN:42,(anonymous_4)
FNF:5
FNH:0
FNDA:0,SoundPulse
FNDA:0,loop
FNDA:0,(anonymous_2)
FNDA:0,(anonymous_3)
FNDA:0,(anonymous_4)
DA:5,0
DA:6,0
DA:7,0
DA:10,0
DA:11,0
DA:19,0
DA:20,0
DA:21,0
DA:22,0
DA:23,0
DA:24,0
DA:25,0
DA:26,0
DA:27,0
DA:29,0
DA:30,0
DA:31,0
DA:32,0
DA:33,0
DA:34,0
DA:35,0
DA:36,0
DA:37,0
DA:38,0
DA:42,0
DA:52,0
LF:26
LH:0
BRDA:20,0,0,0
BRDA:20,0,1,0
BRF:2
BRH:0
end_of_record
TN:
SF:components/TypingBubble.tsx
FN:4,TypingBubble
FN:6,(anonymous_1)
FN:7,(anonymous_2)
FN:7,(anonymous_3)
FN:8,(anonymous_4)
FN:13,(anonymous_5)
FNF:6
FNH:0
FNDA:0,TypingBubble
FNDA:0,(anonymous_1)
FNDA:0,(anonymous_2)
FNDA:0,(anonymous_3)
FNDA:0,(anonymous_4)
FNDA:0,(anonymous_5)
DA:5,0
DA:6,0
DA:7,0
DA:8,0
DA:11,0
DA:14,0
LF:6
LH:0
BRDA:21,0,0,0
BRDA:21,0,1,0
BRF:2
BRH:0
end_of_record
TN:
SF:components/Welcome.tsx
FN:26,WelcomeComp
FN:37,(anonymous_1)
FN:74,(anonymous_2)
FNF:3
FNH:0
FNDA:0,WelcomeComp
FNDA:0,(anonymous_1)
FNDA:0,(anonymous_2)
DA:33,0
DA:34,0
DA:35,0
DA:37,0
DA:39,0
DA:42,0
DA:74,0
DA:98,0
DA:99,0
DA:100,0
DA:101,0
DA:103,0
LF:12
LH:0
BRDA:33,0,0,0
BRDA:33,0,1,0
BRDA:46,1,0,0
BRDA:46,1,1,0
BRDA:58,2,0,0
BRDA:58,2,1,0
BRDA:68,3,0,0
BRDA:68,3,1,0
BRDA:69,4,0,0
BRDA:69,4,1,0
BRDA:74,5,0,0
BRDA:74,5,1,0
BRF:12
BRH:0
end_of_record
TN:
SF:components/collapsible.tsx
FN:10,Collapsible
FN:18,(anonymous_1)
FN:18,(anonymous_2)
FNF:3
FNH:0
FNDA:0,Collapsible
FNDA:0,(anonymous_1)
FNDA:0,(anonymous_2)
DA:11,0
DA:12,0
DA:14,0
DA:18,0
DA:36,0
LF:5
LH:0
BRDA:12,0,0,0
BRDA:12,0,1,0
BRDA:25,1,0,0
BRDA:25,1,1,0
BRDA:26,2,0,0
BRDA:26,2,1,0
BRDA:31,3,0,0
BRDA:31,3,1,0
BRF:8
BRH:0
end_of_record
TN:
SF:components/external-link.tsx
FN:7,ExternalLink
FN:13,(anonymous_1)
FNF:2
FNH:0
FNDA:0,ExternalLink
FNDA:0,(anonymous_1)
DA:8,0
DA:14,0
DA:16,0
DA:18,0
LF:4
LH:0
BRDA:14,0,0,0
BRDA:14,0,1,0
BRF:2
BRH:0
end_of_record
TN:
SF:components/haptic-tab.tsx
FN:5,HapticTab
FN:9,(anonymous_1)
FNF:2
FNH:0
FNDA:0,HapticTab
FNDA:0,(anonymous_1)
DA:6,0
DA:10,0
DA:12,0
DA:14,0
LF:4
LH:0
BRDA:10,0,0,0
BRDA:10,0,1,0
BRF:2
BRH:0
end_of_record
TN:
SF:components/hello-wave.tsx
FN:3,HelloWave
FNF:1
FNH:0
FNDA:0,HelloWave
DA:4,0
LF:1
LH:0
BRF:0
BRH:0
end_of_record
TN:
SF:components/icon-symbol.ios.tsx
FN:4,IconSymbol
FNF:1
FNH:0
FNDA:0,IconSymbol
DA:17,0
LF:1
LH:0
BRDA:6,0,0,0
BRDA:9,1,0,0
BRF:2
BRH:0
end_of_record
TN:
SF:components/icon-symbol.tsx
FN:37,IconSymbol
FNF:1
FNH:0
FNDA:0,IconSymbol
DA:15,0
DA:51,0
LF:2
LH:0
BRDA:39,0,0,0
BRF:1
BRH:0
end_of_record
TN:
SF:components/parallax-scroll-view.tsx
FN:21,ParallaxScrollView
FN:30,(anonymous_1)
FNF:2
FNH:0
FNDA:0,ParallaxScrollView
FNDA:0,(anonymous_1)
DA:14,0
DA:26,0
DA:27,0
DA:28,0
DA:29,0
DA:30,0
DA:31,0
DA:47,0
DA:67,0
LF:9
LH:0
BRDA:27,0,0,0
BRDA:27,0,1,0
BRF:2
BRH:0
end_of_record
TN:
SF:components/themed-text.tsx
FN:11,ThemedText
FNF:1
FNH:0
FNDA:0,ThemedText
DA:18,0
DA:20,0
DA:36,0
LF:3
LH:0
BRDA:15,0,0,0
BRDA:24,1,0,0
BRDA:24,1,1,0
BRDA:25,2,0,0
BRDA:25,2,1,0
BRDA:26,3,0,0
BRDA:26,3,1,0
BRDA:27,4,0,0
BRDA:27,4,1,0
BRDA:28,5,0,0
BRDA:28,5,1,0
BRF:11
BRH:0
end_of_record
TN:
SF:components/themed-view.tsx
FN:10,ThemedView
FNF:1
FNH:0
FNDA:0,ThemedView
DA:11,0
DA:13,0
LF:2
LH:0
BRF:0
BRH:0
end_of_record
TN:
SF:hooks/use-color-scheme.ts
FNF:0
FNH:0
LF:0
LH:0
BRF:0
BRH:0
end_of_record
TN:
SF:hooks/use-color-scheme.web.ts
FN:7,useColorScheme
FN:10,(anonymous_1)
FNF:2
FNH:0
FNDA:0,useColorScheme
FNDA:0,(anonymous_1)
DA:8,0
DA:10,0
DA:11,0
DA:14,0
DA:16,0
DA:17,0
DA:20,0
LF:7
LH:0
BRDA:16,0,0,0
BRDA:16,0,1,0
BRF:2
BRH:0
end_of_record
TN:
SF:hooks/use-theme-color.ts
FN:9,useThemeColor
FNF:1
FNH:0
FNDA:0,useThemeColor
DA:13,0
DA:14,0
DA:16,0
DA:17,0
DA:19,0
LF:5
LH:0
BRDA:13,0,0,0
BRDA:13,0,1,0
BRDA:16,1,0,0
BRDA:16,1,1,0
BRF:4
BRH:0
end_of_record
TN:
SF:hooks/useSubscription.ts
FN:3,useSubscription
FNF:1
FNH:0
FNDA:0,useSubscription
DA:4,0
DA:5,0
DA:8,0
DA:12,0
DA:15,0
DA:17,0
LF:6
LH:0
BRDA:8,0,0,0
BRDA:8,0,1,0
BRDA:8,0,2,0
BRDA:15,1,0,0
BRDA:15,1,1,0
BRDA:15,1,2,0
BRF:6
BRH:0
end_of_record
TN:
SF:lib/journal.ts
FN:16,listEntries
FN:19,(anonymous_1)
FN:22,getEntry
FN:25,(anonymous_3)
FN:28,upsertEntry
FN:31,(anonymous_5)
FN:37,deleteEntry
FN:40,(anonymous_7)
FNF:8
FNH:0
FNDA:0,listEntries
FNDA:0,(anonymous_1)
FNDA:0,getEntry
FNDA:0,(anonymous_3)
FNDA:0,upsertEntry
FNDA:0,(anonymous_5)
FNDA:0,deleteEntry
FNDA:0,(anonymous_7)
DA:14,0
DA:17,0
DA:18,0
DA:19,0
DA:23,0
DA:24,0
DA:25,0
DA:29,0
DA:30,0
DA:31,0
DA:32,0
DA:33,0
DA:34,0
DA:38,0
DA:39,0
DA:40,0
LF:16
LH:0
BRDA:18,0,0,0
BRDA:18,0,1,0
BRDA:19,1,0,0
BRDA:19,1,1,0
BRDA:24,2,0,0
BRDA:24,2,1,0
BRDA:25,3,0,0
BRDA:25,3,1,0
BRDA:30,4,0,0
BRDA:30,4,1,0
BRDA:32,5,0,0
BRDA:32,5,1,0
BRDA:39,6,0,0
BRDA:39,6,1,0
BRF:14
BRH:0
end_of_record
TN:
SF:lib/mood.ts
FN:15,listMoodCheckIns
FN:18,(anonymous_1)
FN:21,addMoodCheckIn
FN:28,deleteMoodCheckIn
FN:31,(anonymous_4)
FN:34,clearMoodCheckIns
FNF:6
FNH:0
FNDA:0,listMoodCheckIns
FNDA:0,(anonymous_1)
FNDA:0,addMoodCheckIn
FNDA:0,deleteMoodCheckIn
FNDA:0,(anonymous_4)
FNDA:0,clearMoodCheckIns
DA:13,0
DA:16,0
DA:17,0
DA:18,0
DA:22,0
DA:23,0
DA:24,0
DA:25,0
DA:29,0
DA:30,0
DA:31,0
DA:35,0
LF:12
LH:0
BRDA:17,0,0,0
BRDA:17,0,1,0
BRDA:18,1,0,0
BRDA:18,1,1,0
BRDA:23,2,0,0
BRDA:23,2,1,0
BRDA:30,3,0,0
BRDA:30,3,1,0
BRF:8
BRH:0
end_of_record
TN:
SF:lib/query-client.ts
FN:16,(anonymous_0)
FN:22,(anonymous_1)
FNF:2
FNH:0
FNDA:0,(anonymous_0)
FNDA:0,(anonymous_1)
DA:4,0
DA:16,0
DA:17,0
DA:18,0
DA:19,0
DA:22,0
DA:23,0
DA:24,0
DA:25,0
LF:9
LH:0
BRDA:19,0,0,0
BRDA:19,0,1,0
BRDA:25,1,0,0
BRDA:25,1,1,0
BRF:4
BRH:0
end_of_record
TN:
SF:lib/recorder.ts
FN:11,useRecorder
FN:15,(anonymous_1)
FN:16,(anonymous_2)
FN:27,startRecording
FN:32,stopRecording
FN:51,usePlayer
FN:55,(anonymous_6)
FN:56,(anonymous_7)
FN:59,(anonymous_8)
FN:63,(anonymous_9)
FN:64,(anonymous_10)
FN:70,computeVoiceMetrics
FNF:12
FNH:0
FNDA:0,useRecorder
FNDA:0,(anonymous_1)
FNDA:0,(anonymous_2)
FNDA:0,startRecording
FNDA:0,stopRecording
FNDA:0,usePlayer
FNDA:0,(anonymous_6)
FNDA:0,(anonymous_7)
FNDA:0,(anonymous_8)
FNDA:0,(anonymous_9)
FNDA:0,(anonymous_10)
FNDA:0,computeVoiceMetrics
DA:12,0
DA:13,0
DA:15,0
DA:16,0
DA:17,0
DA:18,0
DA:20,0
DA:28,0
DA:29,0
DA:33,0
DA:35,0
DA:36,0
DA:38,0
DA:39,0
DA:42,0
DA:52,0
DA:53,0
DA:55,0
DA:56,0
DA:57,0
DA:59,0
DA:62,0
DA:63,0
DA:64,0
DA:71,0
DA:72,0
DA:73,0
DA:74,0
DA:75,0
LF:29
LH:0
BRDA:11,0,0,0
BRDA:18,1,0,0
BRDA:18,1,1,0
BRDA:36,2,0,0
BRDA:36,2,1,0
BRDA:38,3,0,0
BRDA:38,3,1,0
BRDA:44,4,0,0
BRDA:44,4,1,0
BRDA:45,5,0,0
BRDA:45,5,1,0
BRDA:74,6,0,0
BRDA:74,6,1,0
BRF:13
BRH:0
end_of_record
TN:
SF:lib/sleep.ts
FN:15,listSleepEntries
FN:18,(anonymous_1)
FN:21,saveSleepEntries
FNF:3
FNH:0
FNDA:0,listSleepEntries
FNDA:0,(anonymous_1)
FNDA:0,saveSleepEntries
DA:13,0
DA:16,0
DA:17,0
DA:18,0
DA:22,0
LF:5
LH:0
BRDA:17,0,0,0
BRDA:17,0,1,0
BRDA:18,1,0,0
BRDA:18,1,1,0
BRF:4
BRH:0
end_of_record
TN:
SF:lib/state.ts
FN:28,(anonymous_0)
FN:38,(anonymous_1)
FN:47,(anonymous_2)
FN:57,(anonymous_3)
FN:66,(anonymous_4)
FN:75,(anonymous_5)
FN:92,(anonymous_6)
FN:102,(anonymous_7)
FN:111,(anonymous_8)
FNF:9
FNH:0
FNDA:0,(anonymous_0)
FNDA:0,(anonymous_1)
FNDA:0,(anonymous_2)
FNDA:0,(anonymous_3)
FNDA:0,(anonymous_4)
FNDA:0,(anonymous_5)
FNDA:0,(anonymous_6)
FNDA:0,(anonymous_7)
FNDA:0,(anonymous_8)
DA:17,0
DA:18,0
DA:19,0
DA:21,0
DA:28,0
DA:29,0
DA:30,0
DA:31,0
DA:32,0
DA:35,0
DA:38,0
DA:39,0
DA:44,0
DA:47,0
DA:48,0
DA:49,0
DA:50,0
DA:51,0
DA:54,0
DA:57,0
DA:58,0
DA:63,0
DA:66,0
DA:67,0
DA:75,0
DA:76,0
DA:87,0
DA:92,0
DA:93,0
DA:94,0
DA:95,0
DA:96,0
DA:99,0
DA:102,0
DA:103,0
DA:108,0
DA:111,0
DA:112,0
LF:38
LH:0
BRDA:29,0,0,0
BRDA:29,0,1,0
BRDA:31,1,0,0
BRDA:31,1,1,0
BRDA:35,2,0,0
BRDA:35,2,1,0
BRDA:48,3,0,0
BRDA:48,3,1,0
BRDA:50,4,0,0
BRDA:50,4,1,0
BRDA:71,5,0,0
BRDA:71,5,1,0
BRDA:93,6,0,0
BRDA:93,6,1,0
BRDA:95,7,0,0
BRDA:95,7,1,0
BRDA:99,8,0,0
BRDA:99,8,1,0
BRF:18
BRH:0
end_of_record
TN:
SF:lib/stress.ts
FN:21,getStressKit
FN:26,saveStressKit
FNF:2
FNH:0
FNDA:0,getStressKit
FNDA:0,saveStressKit
DA:3,0
DA:13,0
DA:22,0
DA:23,0
DA:27,0
LF:5
LH:0
BRDA:23,0,0,0
BRDA:23,0,1,0
BRF:2
BRH:0
end_of_record
TN:
SF:lib/suggestCategories.ts
FN:3,suggestWithReasons
FN:8,add
FN:40,(anonymous_2)
FN:41,(anonymous_3)
FNF:4
FNH:0
FNDA:0,suggestWithReasons
FNDA:0,add
FNDA:0,(anonymous_2)
FNDA:0,(anonymous_3)
DA:6,0
DA:9,0
DA:10,0
DA:11,0
DA:12,0
DA:15,0
DA:16,0
DA:17,0
DA:19,0
DA:20,0
DA:21,0
DA:24,0
DA:25,0
DA:26,0
DA:29,0
DA:30,0
DA:31,0
DA:32,0
DA:33,0
DA:34,0
DA:35,0
DA:37,0
DA:39,0
DA:40,0
DA:41,0
LF:25
LH:0
BRDA:9,0,0,0
BRDA:9,0,1,0
BRDA:15,1,0,0
BRDA:15,1,1,0
BRDA:16,2,0,0
BRDA:16,2,1,0
BRDA:17,3,0,0
BRDA:17,3,1,0
BRDA:19,4,0,0
BRDA:19,4,1,0
BRDA:20,5,0,0
BRDA:20,5,1,0
BRDA:21,6,0,0
BRDA:21,6,1,0
BRDA:24,7,0,0
BRDA:24,7,1,0
BRDA:25,8,0,0
BRDA:25,8,1,0
BRDA:26,9,0,0
BRDA:26,9,1,0
BRDA:29,10,0,0
BRDA:29,10,1,0
BRDA:30,11,0,0
BRDA:30,11,1,0
BRDA:31,12,0,0
BRDA:31,12,1,0
BRDA:32,13,0,0
BRDA:32,13,1,0
BRDA:33,14,0,0
BRDA:33,14,1,0
BRDA:35,15,0,0
BRDA:35,15,1,0
BRDA:37,16,0,0
BRDA:37,16,1,0
BRF:34
BRH:0
end_of_record
TN:
SF:lib/wakeDetection.ts
FN:10,setupWakeDetection
FN:21,(anonymous_1)
FN:39,(anonymous_2)
FNF:3
FNH:0
FNDA:0,setupWakeDetection
FNDA:0,(anonymous_1)
FNDA:0,(anonymous_2)
DA:17,0
DA:19,0
DA:21,0
DA:22,0
DA:23,0
DA:25,0
DA:27,0
DA:28,0
DA:30,0
DA:31,0
DA:32,0
DA:34,0
DA:35,0
DA:39,0
LF:14
LH:0
BRDA:17,0,0,0
BRDA:17,1,0,0
BRDA:22,2,0,0
BRDA:22,2,1,0
BRDA:25,3,0,0
BRDA:25,3,1,0
BRDA:28,4,0,0
BRDA:28,4,1,0
BRDA:34,5,0,0
BRDA:34,5,1,0
BRDA:34,6,0,0
BRDA:34,6,1,0
BRF:12
BRH:0
end_of_record
TN:
SF:lib/wellness.ts
FN:1,calculateWellnessScore
FNF:1
FNH:0
FNDA:0,calculateWellnessScore
DA:2,0
DA:3,0
DA:8,0
DA:9,0
DA:10,0
DA:11,0
DA:13,0
DA:14,0
DA:15,0
DA:16,0
DA:17,0
DA:19,0
DA:24,0
LF:13
LH:0
BRDA:2,0,0,0
BRDA:2,0,1,0
BRDA:8,1,0,0
BRDA:8,1,1,0
BRDA:9,2,0,0
BRDA:9,2,1,0
BRDA:10,3,0,0
BRDA:10,3,1,0
BRDA:11,4,0,0
BRDA:11,4,1,0
BRDA:13,5,0,0
BRDA:13,5,1,0
BRDA:16,6,0,0
BRDA:16,6,1,0
BRF:14
BRH:0
end_of_record
