TN:
SF:app/_layout.tsx
FN:7,RootLayout
FNF:1
FNH:0
FNDA:0,RootLayout
DA:8,0
LF:1
LH:0
BRF:0
BRH:0
end_of_record
TN:
SF:app/index.tsx
FN:8,Index
FN:9,(anonymous_1)
FN:10,(anonymous_2)
FN:42,(anonymous_3)
FN:45,(anonymous_4)
FNF:5
FNH:0
FNDA:0,Index
FNDA:0,(anonymous_1)
FNDA:0,(anonymous_2)
FNDA:0,(anonymous_3)
FNDA:0,(anonymous_4)
DA:9,0
DA:10,0
DA:11,0
DA:12,0
DA:13,0
DA:15,0
DA:16,0
DA:18,0
DA:19,0
DA:21,0
DA:22,0
DA:25,0
DA:26,0
DA:27,0
DA:29,0
DA:30,0
DA:31,0
DA:33,0
DA:35,0
DA:37,0
DA:42,0
DA:43,0
DA:45,0
DA:50,0
LF:24
LH:0
BRDA:13,0,0,0
BRDA:13,0,1,0
BRDA:16,1,0,0
BRDA:16,1,1,0
BRDA:19,2,0,0
BRDA:19,2,1,0
BRDA:21,3,0,0
BRDA:21,3,1,0
BRDA:29,4,0,0
BRDA:29,4,1,0
BRDA:30,5,0,0
BRDA:30,5,1,0
BRDA:31,6,0,0
BRDA:31,6,1,0
BRF:14
BRH:0
end_of_record
TN:
SF:app/menu.tsx
FN:101,MenuModal
FN:106,(anonymous_1)
FN:109,(anonymous_2)
FN:117,(anonymous_3)
FN:134,(anonymous_4)
FN:136,(anonymous_5)
FN:138,(anonymous_6)
FN:146,(anonymous_7)
FN:154,(anonymous_8)
FNF:9
FNH:0
FNDA:0,MenuModal
FNDA:0,(anonymous_1)
FNDA:0,(anonymous_2)
FNDA:0,(anonymous_3)
FNDA:0,(anonymous_4)
FNDA:0,(anonymous_5)
FNDA:0,(anonymous_6)
FNDA:0,(anonymous_7)
FNDA:0,(anonymous_8)
DA:11,0
DA:102,0
DA:103,0
DA:104,0
DA:106,0
DA:107,0
DA:108,0
DA:109,0
DA:112,0
DA:117,0
DA:134,0
DA:137,0
DA:139,0
DA:140,0
DA:146,0
DA:150,0
DA:152,0
DA:154,0
LF:18
LH:0
BRDA:108,0,0,0
BRDA:108,0,1,0
BRDA:139,1,0,0
BRDA:139,1,1,0
BRDA:139,2,0,0
BRDA:139,2,1,0
BRDA:160,3,0,0
BRDA:160,3,1,0
BRDA:160,4,0,0
BRDA:160,4,1,0
BRDA:171,5,0,0
BRDA:171,5,1,0
BRDA:171,5,2,0
BRF:13
BRH:0
end_of_record
TN:
SF:app/resources.tsx
FN:6,Resources
FN:19,(anonymous_1)
FN:31,(anonymous_2)
FN:43,(anonymous_3)
FNF:4
FNH:0
FNDA:0,Resources
FNDA:0,(anonymous_1)
FNDA:0,(anonymous_2)
FNDA:0,(anonymous_3)
DA:7,0
DA:19,0
DA:32,0
DA:43,0
LF:4
LH:0
BRF:0
BRH:0
end_of_record
TN:
SF:app/search.tsx
FN:6,Search
FN:9,(anonymous_1)
FN:12,(anonymous_2)
FN:20,(anonymous_3)
FN:37,(anonymous_4)
FN:39,(anonymous_5)
FN:41,(anonymous_6)
FNF:7
FNH:0
FNDA:0,Search
FNDA:0,(anonymous_1)
FNDA:0,(anonymous_2)
FNDA:0,(anonymous_3)
FNDA:0,(anonymous_4)
FNDA:0,(anonymous_5)
FNDA:0,(anonymous_6)
DA:7,0
DA:9,0
DA:10,0
DA:11,0
DA:12,0
DA:15,0
DA:20,0
DA:37,0
DA:40,0
DA:42,0
LF:10
LH:0
BRDA:11,0,0,0
BRDA:11,0,1,0
BRF:2
BRH:0
end_of_record
TN:
SF:app/(auth)/_layout.tsx
FN:2,AuthLayout
FNF:1
FNH:0
FNDA:0,AuthLayout
DA:3,0
LF:1
LH:0
BRF:0
BRH:0
end_of_record
TN:
SF:app/(auth)/sign-in.tsx
FN:6,SignIn
FN:10,onSignIn
FN:47,(anonymous_2)
FNF:3
FNH:2
FNDA:5,SignIn
FNDA:2,onSignIn
FNDA:0,(anonymous_2)
DA:7,5
DA:8,5
DA:11,2
DA:12,1
DA:16,1
DA:19,5
DA:47,0
DA:57,1
DA:58,1
DA:64,1
LF:10
LH:9
BRDA:11,0,0,1
BRDA:11,0,1,1
BRDA:11,1,0,2
BRDA:11,1,1,1
BRF:4
BRH:4
end_of_record
TN:
SF:app/(auth)/sign-up.tsx
FN:6,SignUp
FN:10,onCreate
FN:45,(anonymous_2)
FNF:3
FNH:0
FNDA:0,SignUp
FNDA:0,onCreate
FNDA:0,(anonymous_2)
DA:7,0
DA:8,0
DA:11,0
DA:12,0
DA:16,0
DA:19,0
DA:45,0
DA:55,0
DA:56,0
DA:63,0
LF:10
LH:0
BRDA:11,0,0,0
BRDA:11,0,1,0
BRDA:11,1,0,0
BRDA:11,1,1,0
BRF:4
BRH:0
end_of_record
TN:
SF:app/(auth)/trial-upgrade.tsx
FN:9,TrialUpgrade
FN:16,(anonymous_1)
FN:17,(anonymous_2)
FN:25,(anonymous_3)
FN:33,selectTrial
FN:46,(anonymous_5)
FN:59,(anonymous_6)
FN:86,buyPlan
FN:100,(anonymous_8)
FN:137,(anonymous_9)
FN:189,(anonymous_10)
FN:230,(anonymous_11)
FNF:12
FNH:9
FNDA:8,TrialUpgrade
FNDA:4,(anonymous_1)
FNDA:4,(anonymous_2)
FNDA:3,(anonymous_3)
FNDA:1,selectTrial
FNDA:0,(anonymous_5)
FNDA:0,(anonymous_6)
FNDA:2,buyPlan
FNDA:2,(anonymous_8)
FNDA:0,(anonymous_9)
FNDA:1,(anonymous_10)
FNDA:1,(anonymous_11)
DA:10,8
DA:11,8
DA:12,8
DA:14,8
DA:16,8
DA:17,4
DA:18,4
DA:19,4
DA:20,0
DA:25,8
DA:26,3
DA:27,3
DA:29,0
DA:34,1
DA:35,1
DA:36,1
DA:42,1
DA:46,8
DA:52,0
DA:59,8
DA:60,0
DA:61,0
DA:66,0
DA:77,0
DA:79,0
DA:80,0
DA:81,0
DA:83,0
DA:87,2
DA:88,2
DA:99,2
DA:100,2
DA:101,2
DA:102,2
DA:103,2
DA:104,1
DA:107,2
DA:114,2
DA:115,2
DA:119,8
DA:137,0
DA:189,1
DA:230,1
DA:275,1
LF:44
LH:32
BRDA:19,0,0,0
BRDA:19,0,1,4
BRDA:26,1,0,3
BRDA:26,1,1,0
BRDA:79,2,0,0
BRDA:79,2,1,0
BRDA:87,3,0,1
BRDA:87,3,1,1
BRDA:103,4,0,1
BRDA:103,4,1,1
BRDA:110,5,0,1
BRDA:110,5,1,1
BRDA:121,6,0,8
BRDA:121,6,1,2
BRDA:135,7,0,8
BRDA:135,7,1,0
BRF:16
BRH:11
end_of_record
TN:
SF:app/(auth)/upgrade-required.tsx
FN:6,UpgradeRequired
FN:7,signOut
FN:26,(anonymous_2)
FN:40,(anonymous_3)
FNF:4
FNH:0
FNDA:0,UpgradeRequired
FNDA:0,signOut
FNDA:0,(anonymous_2)
FNDA:0,(anonymous_3)
DA:8,0
DA:9,0
DA:12,0
DA:26,0
DA:40,0
LF:5
LH:0
BRF:0
BRH:0
end_of_record
TN:
SF:app/(onboarding)/_layout.tsx
FN:3,OnboardingLayout
FNF:1
FNH:0
FNDA:0,OnboardingLayout
DA:4,0
LF:1
LH:0
BRF:0
BRH:0
end_of_record
TN:
SF:app/(onboarding)/assessment-summary.tsx
FN:7,AssessmentSummary
FN:10,(anonymous_1)
FN:11,(anonymous_2)
FN:31,(anonymous_3)
FN:125,(anonymous_4)
FNF:5
FNH:0
FNDA:0,AssessmentSummary
FNDA:0,(anonymous_1)
FNDA:0,(anonymous_2)
FNDA:0,(anonymous_3)
FNDA:0,(anonymous_4)
DA:8,0
DA:10,0
DA:11,0
DA:12,0
DA:13,0
DA:17,0
DA:18,0
DA:20,0
DA:31,0
DA:125,0
LF:10
LH:0
BRDA:13,0,0,0
BRDA:13,0,1,0
BRDA:17,1,0,0
BRDA:17,1,1,0
BRDA:18,2,0,0
BRDA:18,2,1,0
BRDA:70,3,0,0
BRDA:70,3,1,0
BRDA:83,4,0,0
BRDA:83,4,1,0
BRDA:87,5,0,0
BRDA:87,5,1,0
BRDA:96,6,0,0
BRDA:96,6,1,0
BRDA:105,7,0,0
BRDA:105,7,1,0
BRF:16
BRH:0
end_of_record
TN:
SF:app/(onboarding)/assessment.tsx
FN:24,UnitToggle
FN:44,(anonymous_1)
FN:56,(anonymous_2)
FN:71,HorizontalRuler
FN:90,(anonymous_4)
FN:98,(anonymous_5)
FN:110,(anonymous_6)
FN:120,(anonymous_7)
FN:152,(anonymous_8)
FN:157,(anonymous_9)
FN:158,(anonymous_10)
FN:177,(anonymous_11)
FN:223,AgePicker
FN:229,(anonymous_13)
FN:278,(anonymous_14)
FN:283,(anonymous_15)
FN:325,RadioOption
FN:390,PlaybackButton
FN:394,(anonymous_18)
FN:413,AssessmentScreen
FN:427,(anonymous_20)
FN:437,(anonymous_21)
FN:451,(anonymous_22)
FN:457,(anonymous_23)
FN:466,next
FN:481,(anonymous_25)
FN:485,back
FN:486,(anonymous_27)
FN:490,startRec
FN:508,stopRec
FN:516,(anonymous_30)
FN:523,(anonymous_31)
FN:527,(anonymous_32)
FN:546,renderStep
FN:559,(anonymous_34)
FN:564,(anonymous_35)
FN:564,(anonymous_36)
FN:580,(anonymous_37)
FN:580,(anonymous_38)
FN:591,(anonymous_39)
FN:596,(anonymous_40)
FN:596,(anonymous_41)
FN:607,(anonymous_42)
FN:607,(anonymous_43)
FN:618,(anonymous_44)
FN:618,(anonymous_45)
FN:625,(anonymous_46)
FN:625,(anonymous_47)
FN:637,(anonymous_48)
FN:637,(anonymous_49)
FN:645,(anonymous_50)
FN:646,(anonymous_51)
FN:659,(anonymous_52)
FN:664,(anonymous_53)
FN:664,(anonymous_54)
FN:675,(anonymous_55)
FN:680,(anonymous_56)
FN:680,(anonymous_57)
FN:686,(anonymous_58)
FN:686,(anonymous_59)
FN:702,(anonymous_60)
FN:702,(anonymous_61)
FN:713,(anonymous_62)
FN:718,(anonymous_63)
FN:719,(anonymous_64)
FN:737,(anonymous_65)
FN:737,(anonymous_66)
FN:750,(anonymous_67)
FN:750,(anonymous_68)
FN:767,(anonymous_69)
FN:767,(anonymous_70)
FN:782,(anonymous_71)
FN:816,(anonymous_72)
FN:852,(anonymous_73)
FN:990,(anonymous_74)
FNF:75
FNH:0
FNDA:0,UnitToggle
FNDA:0,(anonymous_1)
FNDA:0,(anonymous_2)
FNDA:0,HorizontalRuler
FNDA:0,(anonymous_4)
FNDA:0,(anonymous_5)
FNDA:0,(anonymous_6)
FNDA:0,(anonymous_7)
FNDA:0,(anonymous_8)
FNDA:0,(anonymous_9)
FNDA:0,(anonymous_10)
FNDA:0,(anonymous_11)
FNDA:0,AgePicker
FNDA:0,(anonymous_13)
FNDA:0,(anonymous_14)
FNDA:0,(anonymous_15)
FNDA:0,RadioOption
FNDA:0,PlaybackButton
FNDA:0,(anonymous_18)
FNDA:0,AssessmentScreen
FNDA:0,(anonymous_20)
FNDA:0,(anonymous_21)
FNDA:0,(anonymous_22)
FNDA:0,(anonymous_23)
FNDA:0,next
FNDA:0,(anonymous_25)
FNDA:0,back
FNDA:0,(anonymous_27)
FNDA:0,startRec
FNDA:0,stopRec
FNDA:0,(anonymous_30)
FNDA:0,(anonymous_31)
FNDA:0,(anonymous_32)
FNDA:0,renderStep
FNDA:0,(anonymous_34)
FNDA:0,(anonymous_35)
FNDA:0,(anonymous_36)
FNDA:0,(anonymous_37)
FNDA:0,(anonymous_38)
FNDA:0,(anonymous_39)
FNDA:0,(anonymous_40)
FNDA:0,(anonymous_41)
FNDA:0,(anonymous_42)
FNDA:0,(anonymous_43)
FNDA:0,(anonymous_44)
FNDA:0,(anonymous_45)
FNDA:0,(anonymous_46)
FNDA:0,(anonymous_47)
FNDA:0,(anonymous_48)
FNDA:0,(anonymous_49)
FNDA:0,(anonymous_50)
FNDA:0,(anonymous_51)
FNDA:0,(anonymous_52)
FNDA:0,(anonymous_53)
FNDA:0,(anonymous_54)
FNDA:0,(anonymous_55)
FNDA:0,(anonymous_56)
FNDA:0,(anonymous_57)
FNDA:0,(anonymous_58)
FNDA:0,(anonymous_59)
FNDA:0,(anonymous_60)
FNDA:0,(anonymous_61)
FNDA:0,(anonymous_62)
FNDA:0,(anonymous_63)
FNDA:0,(anonymous_64)
FNDA:0,(anonymous_65)
FNDA:0,(anonymous_66)
FNDA:0,(anonymous_67)
FNDA:0,(anonymous_68)
FNDA:0,(anonymous_69)
FNDA:0,(anonymous_70)
FNDA:0,(anonymous_71)
FNDA:0,(anonymous_72)
FNDA:0,(anonymous_73)
FNDA:0,(anonymous_74)
DA:22,0
DA:31,0
DA:44,0
DA:56,0
DA:86,0
DA:87,0
DA:88,0
DA:90,0
DA:91,0
DA:92,0
DA:93,0
DA:95,0
DA:98,0
DA:99,0
DA:100,0
DA:101,0
DA:102,0
DA:103,0
DA:104,0
DA:105,0
DA:110,0
DA:111,0
DA:112,0
DA:113,0
DA:117,0
DA:120,0
DA:153,0
DA:154,0
DA:157,0
DA:159,0
DA:160,0
DA:161,0
DA:163,0
DA:164,0
DA:165,0
DA:166,0
DA:167,0
DA:168,0
DA:170,0
DA:171,0
DA:174,0
DA:178,0
DA:179,0
DA:181,0
DA:182,0
DA:224,0
DA:229,0
DA:265,0
DA:271,0
DA:278,0
DA:279,0
DA:280,0
DA:283,0
DA:284,0
DA:285,0
DA:288,0
DA:290,0
DA:308,0
DA:334,0
DA:391,0
DA:392,0
DA:394,0
DA:414,0
DA:415,0
DA:416,0
DA:422,0
DA:423,0
DA:424,0
DA:425,0
DA:427,0
DA:429,0
DA:430,0
DA:431,0
DA:432,0
DA:437,0
DA:438,0
DA:439,0
DA:440,0
DA:444,0
DA:445,0
DA:449,0
DA:451,0
DA:454,0
DA:455,0
DA:457,0
DA:458,0
DA:459,0
DA:460,0
DA:461,0
DA:462,0
DA:463,0
DA:467,0
DA:468,0
DA:474,0
DA:476,0
DA:477,0
DA:478,0
DA:479,0
DA:481,0
DA:482,0
DA:486,0
DA:487,0
DA:491,0
DA:492,0
DA:493,0
DA:497,0
DA:498,0
DA:504,0
DA:509,0
DA:510,0
DA:511,0
DA:512,0
DA:513,0
DA:514,0
DA:515,0
DA:516,0
DA:518,0
DA:519,0
DA:520,0
DA:521,0
DA:522,0
DA:523,0
DA:524,0
DA:526,0
DA:527,0
DA:532,0
DA:533,0
DA:535,0
DA:536,0
DA:542,0
DA:547,0
DA:549,0
DA:560,0
DA:564,0
DA:580,0
DA:587,0
DA:592,0
DA:596,0
DA:603,0
DA:607,0
DA:612,0
DA:618,0
DA:625,0
DA:631,0
DA:637,0
DA:646,0
DA:655,0
DA:660,0
DA:664,0
DA:671,0
DA:676,0
DA:680,0
DA:686,0
DA:693,0
DA:702,0
DA:709,0
DA:714,0
DA:719,0
DA:731,0
DA:737,0
DA:744,0
DA:750,0
DA:758,0
DA:767,0
DA:774,0
DA:783,0
DA:817,0
DA:818,0
DA:844,0
DA:853,0
DA:900,0
DA:904,0
DA:990,0
DA:1005,0
LF:174
LH:0
BRDA:49,0,0,0
BRDA:49,0,1,0
BRDA:53,1,0,0
BRDA:53,1,1,0
BRDA:61,2,0,0
BRDA:61,2,1,0
BRDA:65,3,0,0
BRDA:65,3,1,0
BRDA:76,4,0,0
BRDA:77,5,0,0
BRDA:102,6,0,0
BRDA:102,6,1,0
BRDA:102,7,0,0
BRDA:102,7,1,0
BRDA:104,8,0,0
BRDA:104,8,1,0
BRDA:104,9,0,0
BRDA:104,9,1,0
BRDA:111,10,0,0
BRDA:111,10,1,0
BRDA:111,11,0,0
BRDA:111,11,1,0
BRDA:144,12,0,0
BRDA:144,12,1,0
BRDA:163,13,0,0
BRDA:163,13,1,0
BRDA:166,14,0,0
BRDA:166,14,1,0
BRDA:178,15,0,0
BRDA:178,15,1,0
BRDA:192,16,0,0
BRDA:192,16,1,0
BRDA:193,17,0,0
BRDA:193,17,1,0
BRDA:198,18,0,0
BRDA:198,18,1,0
BRDA:228,19,0,0
BRDA:228,19,1,0
BRDA:341,20,0,0
BRDA:341,20,1,0
BRDA:357,21,0,0
BRDA:357,21,1,0
BRDA:369,22,0,0
BRDA:369,22,1,0
BRDA:372,23,0,0
BRDA:372,23,1,0
BRDA:375,24,0,0
BRDA:375,24,1,0
BRDA:394,25,0,0
BRDA:394,25,1,0
BRDA:407,26,0,0
BRDA:407,26,1,0
BRDA:429,27,0,0
BRDA:429,27,1,0
BRDA:429,28,0,0
BRDA:429,28,1,0
BRDA:439,29,0,0
BRDA:439,29,1,0
BRDA:458,30,0,0
BRDA:458,30,1,0
BRDA:459,31,0,0
BRDA:459,31,1,0
BRDA:460,32,0,0
BRDA:460,32,1,0
BRDA:460,33,0,0
BRDA:460,33,1,0
BRDA:461,34,0,0
BRDA:461,34,1,0
BRDA:462,35,0,0
BRDA:462,35,1,0
BRDA:467,36,0,0
BRDA:467,36,1,0
BRDA:476,37,0,0
BRDA:476,37,1,0
BRDA:509,38,0,0
BRDA:509,38,1,0
BRDA:513,39,0,0
BRDA:513,39,1,0
BRDA:515,40,0,0
BRDA:515,40,1,0
BRDA:524,41,0,0
BRDA:524,41,1,0
BRDA:526,42,0,0
BRDA:526,42,1,0
BRDA:547,43,0,0
BRDA:547,43,1,0
BRDA:547,43,2,0
BRDA:547,43,3,0
BRDA:547,43,4,0
BRDA:547,43,5,0
BRDA:547,43,6,0
BRDA:547,43,7,0
BRDA:547,43,8,0
BRDA:547,43,9,0
BRDA:547,43,10,0
BRDA:547,43,11,0
BRDA:547,43,12,0
BRDA:547,43,13,0
BRDA:547,43,14,0
BRDA:570,44,0,0
BRDA:570,44,1,0
BRDA:576,45,0,0
BRDA:576,45,1,0
BRDA:578,46,0,0
BRDA:578,46,1,0
BRDA:607,47,0,0
BRDA:607,47,1,0
BRDA:617,48,0,0
BRDA:617,48,1,0
BRDA:621,49,0,0
BRDA:621,49,1,0
BRDA:622,50,0,0
BRDA:622,50,1,0
BRDA:623,51,0,0
BRDA:623,51,1,0
BRDA:624,52,0,0
BRDA:624,52,1,0
BRDA:636,53,0,0
BRDA:636,53,1,0
BRDA:648,54,0,0
BRDA:648,54,1,0
BRDA:685,55,0,0
BRDA:685,55,1,0
BRDA:701,56,0,0
BRDA:701,56,1,0
BRDA:722,57,0,0
BRDA:722,57,1,0
BRDA:722,58,0,0
BRDA:722,58,1,0
BRDA:736,59,0,0
BRDA:736,59,1,0
BRDA:749,60,0,0
BRDA:749,60,1,0
BRDA:766,61,0,0
BRDA:766,61,1,0
BRDA:783,62,0,0
BRDA:783,62,1,0
BRDA:783,63,0,0
BRDA:783,63,1,0
BRDA:786,64,0,0
BRDA:786,64,1,0
BRDA:787,65,0,0
BRDA:787,65,1,0
BRDA:787,65,2,0
BRDA:804,66,0,0
BRDA:804,66,1,0
BRDA:804,66,2,0
BRDA:822,67,0,0
BRDA:822,67,1,0
BRDA:832,68,0,0
BRDA:832,68,1,0
BRDA:853,69,0,0
BRDA:853,69,1,0
BRDA:853,70,0,0
BRDA:853,70,1,0
BRDA:856,71,0,0
BRDA:856,71,1,0
BRDA:857,72,0,0
BRDA:857,72,1,0
BRDA:857,72,2,0
BRDA:874,73,0,0
BRDA:874,73,1,0
BRDA:874,73,2,0
BRDA:969,74,0,0
BRDA:969,74,1,0
BRDA:982,75,0,0
BRDA:982,75,1,0
BRDA:988,76,0,0
BRDA:988,76,1,0
BRF:169
BRH:0
end_of_record
TN:
SF:app/(onboarding)/profile-completion.tsx
FN:10,ProfileCompletion
FN:15,(anonymous_1)
FN:17,(anonymous_2)
FN:37,(anonymous_3)
FN:90,(anonymous_4)
FNF:5
FNH:0
FNDA:0,ProfileCompletion
FNDA:0,(anonymous_1)
FNDA:0,(anonymous_2)
FNDA:0,(anonymous_3)
FNDA:0,(anonymous_4)
DA:11,0
DA:12,0
DA:13,0
DA:15,0
DA:16,0
DA:17,0
DA:18,0
DA:19,0
DA:20,0
DA:21,0
DA:26,0
DA:37,0
DA:90,0
LF:13
LH:0
BRDA:19,0,0,0
BRDA:19,0,1,0
BRDA:21,1,0,0
BRDA:21,1,1,0
BRDA:60,2,0,0
BRDA:60,2,1,0
BRF:6
BRH:0
end_of_record
TN:
SF:app/(onboarding)/profile-setup.tsx
FN:11,ProfileSetup
FN:17,(anonymous_1)
FN:20,next
FN:34,(anonymous_3)
FN:37,back
FN:42,(anonymous_5)
FN:134,(anonymous_6)
FN:148,(anonymous_7)
FN:209,(anonymous_8)
FNF:9
FNH:0
FNDA:0,ProfileSetup
FNDA:0,(anonymous_1)
FNDA:0,next
FNDA:0,(anonymous_3)
FNDA:0,back
FNDA:0,(anonymous_5)
FNDA:0,(anonymous_6)
FNDA:0,(anonymous_7)
FNDA:0,(anonymous_8)
DA:9,0
DA:12,0
DA:13,0
DA:14,0
DA:15,0
DA:17,0
DA:18,0
DA:21,0
DA:22,0
DA:31,0
DA:32,0
DA:34,0
DA:38,0
DA:39,0
DA:40,0
DA:42,0
DA:45,0
DA:134,0
DA:148,0
DA:209,0
LF:20
LH:0
BRDA:21,0,0,0
BRDA:21,0,1,0
BRDA:25,1,0,0
BRDA:25,1,1,0
BRDA:26,2,0,0
BRDA:26,2,1,0
BRDA:27,3,0,0
BRDA:27,3,1,0
BRDA:38,4,0,0
BRDA:38,4,1,0
BRDA:90,5,0,0
BRDA:90,5,1,0
BRDA:101,6,0,0
BRDA:101,6,1,0
BRDA:125,7,0,0
BRDA:125,7,1,0
BRDA:139,8,0,0
BRDA:139,8,1,0
BRDA:153,9,0,0
BRDA:153,9,1,0
BRDA:171,10,0,0
BRDA:171,10,1,0
BRDA:174,11,0,0
BRDA:174,11,1,0
BRDA:177,12,0,0
BRDA:177,12,1,0
BRDA:202,13,0,0
BRDA:202,13,1,0
BRF:28
BRH:0
end_of_record
TN:
SF:app/(onboarding)/splash-loading.tsx
FN:8,SplashLoading
FN:22,(anonymous_1)
FN:29,(anonymous_2)
FN:30,(anonymous_3)
FN:31,(anonymous_4)
FN:32,(anonymous_5)
FN:40,(anonymous_6)
FN:49,(anonymous_7)
FN:72,(anonymous_8)
FN:77,(anonymous_9)
FN:84,(anonymous_10)
FN:94,(anonymous_11)
FN:99,(anonymous_12)
FN:109,transitionTo
FN:110,(anonymous_14)
FN:130,SplashStage
FN:138,QuoteStage
FN:153,LoadingStage
FN:168,GrainOverlay
FNF:19
FNH:0
FNDA:0,SplashLoading
FNDA:0,(anonymous_1)
FNDA:0,(anonymous_2)
FNDA:0,(anonymous_3)
FNDA:0,(anonymous_4)
FNDA:0,(anonymous_5)
FNDA:0,(anonymous_6)
FNDA:0,(anonymous_7)
FNDA:0,(anonymous_8)
FNDA:0,(anonymous_9)
FNDA:0,(anonymous_10)
FNDA:0,(anonymous_11)
FNDA:0,(anonymous_12)
FNDA:0,transitionTo
FNDA:0,(anonymous_14)
FNDA:0,SplashStage
FNDA:0,QuoteStage
FNDA:0,LoadingStage
FNDA:0,GrainOverlay
DA:9,0
DA:11,0
DA:12,0
DA:14,0
DA:17,0
DA:20,0
DA:22,0
DA:23,0
DA:24,0
DA:25,0
DA:29,0
DA:30,0
DA:31,0
DA:32,0
DA:33,0
DA:34,0
DA:40,0
DA:41,0
DA:43,0
DA:44,0
DA:45,0
DA:46,0
DA:49,0
DA:51,0
DA:52,0
DA:56,0
DA:64,0
DA:72,0
DA:75,0
DA:77,0
DA:78,0
DA:79,0
DA:84,0
DA:85,0
DA:86,0
DA:89,0
DA:95,0
DA:96,0
DA:99,0
DA:100,0
DA:101,0
DA:103,0
DA:110,0
DA:111,0
DA:112,0
DA:116,0
DA:131,0
DA:139,0
DA:154,0
DA:169,0
DA:178,0
DA:184,0
DA:231,0
LF:53
LH:0
BRDA:23,0,0,0
BRDA:23,0,1,0
BRDA:24,1,0,0
BRDA:24,1,1,0
BRDA:41,2,0,0
BRDA:41,2,1,0
BRDA:85,3,0,0
BRDA:85,3,1,0
BRDA:86,4,0,0
BRDA:86,4,1,0
BRDA:95,5,0,0
BRDA:95,5,1,0
BRDA:100,6,0,0
BRDA:100,6,1,0
BRDA:122,7,0,0
BRDA:122,7,1,0
BRDA:123,8,0,0
BRDA:123,8,1,0
BRDA:124,9,0,0
BRDA:124,9,1,0
BRDA:173,10,0,0
BRDA:173,10,1,0
BRF:22
BRH:0
end_of_record
TN:
SF:app/(onboarding)/suggested-categories.tsx
FN:8,SuggestedCategories
FN:14,(anonymous_1)
FN:15,(anonymous_2)
FN:20,(anonymous_3)
FN:24,(anonymous_4)
FN:26,onContinue
FN:42,(anonymous_6)
FN:72,(anonymous_7)
FN:74,(anonymous_8)
FN:79,(anonymous_9)
FN:80,(anonymous_10)
FN:114,(anonymous_11)
FNF:12
FNH:0
FNDA:0,SuggestedCategories
FNDA:0,(anonymous_1)
FNDA:0,(anonymous_2)
FNDA:0,(anonymous_3)
FNDA:0,(anonymous_4)
FNDA:0,onContinue
FNDA:0,(anonymous_6)
FNDA:0,(anonymous_7)
FNDA:0,(anonymous_8)
FNDA:0,(anonymous_9)
FNDA:0,(anonymous_10)
FNDA:0,(anonymous_11)
DA:9,0
DA:12,0
DA:14,0
DA:15,0
DA:16,0
DA:17,0
DA:18,0
DA:19,0
DA:20,0
DA:24,0
DA:27,0
DA:28,0
DA:31,0
DA:42,0
DA:73,0
DA:74,0
DA:76,0
DA:80,0
DA:81,0
DA:82,0
DA:83,0
DA:84,0
DA:115,0
LF:23
LH:0
BRDA:17,0,0,0
BRDA:17,0,1,0
BRDA:82,1,0,0
BRDA:82,1,1,0
BRDA:90,2,0,0
BRDA:90,2,1,0
BRDA:93,3,0,0
BRDA:93,3,1,0
BRDA:102,4,0,0
BRDA:102,4,1,0
BRF:10
BRH:0
end_of_record
TN:
SF:app/(onboarding)/welcome.tsx
FN:48,Welcome
FN:52,(anonymous_1)
FN:61,(anonymous_2)
FNF:3
FNH:3
FNDA:8,Welcome
FNDA:7,(anonymous_1)
FNDA:1,(anonymous_2)
DA:6,1
DA:39,1
DA:49,8
DA:50,8
DA:52,8
DA:53,7
DA:54,6
DA:56,1
DA:57,1
DA:61,8
DA:62,1
DA:63,1
DA:67,8
LF:13
LH:13
BRDA:53,0,0,6
BRDA:53,0,1,1
BRDA:62,1,0,1
BRDA:62,1,1,0
BRDA:73,2,0,6
BRDA:73,2,1,2
BRF:6
BRH:5
end_of_record
TN:
SF:app/(tabs)/_layout.tsx
FN:6,TabsLayout
FNF:1
FNH:0
FNDA:0,TabsLayout
DA:7,0
DA:8,0
DA:10,0
LF:3
LH:0
BRDA:7,0,0,0
BRDA:7,0,1,0
BRF:2
BRH:0
end_of_record
TN:
SF:app/(tabs)/chat.tsx
FN:12,Chatbot
FN:32,(anonymous_1)
FN:34,(anonymous_2)
FN:36,(anonymous_3)
FN:44,(anonymous_4)
FNF:5
FNH:0
FNDA:0,Chatbot
FNDA:0,(anonymous_1)
FNDA:0,(anonymous_2)
FNDA:0,(anonymous_3)
FNDA:0,(anonymous_4)
DA:13,0
DA:14,0
DA:15,0
DA:16,0
DA:18,0
DA:32,0
DA:35,0
DA:37,0
DA:38,0
DA:44,0
DA:48,0
DA:50,0
LF:12
LH:0
BRDA:14,0,0,0
BRDA:14,0,1,0
BRDA:37,1,0,0
BRDA:37,1,1,0
BRDA:59,2,0,0
BRDA:59,2,1,0
BRF:6
BRH:0
end_of_record
TN:
SF:app/(tabs)/home.tsx
FN:16,Home
FN:21,(anonymous_1)
FN:22,(anonymous_2)
FN:24,(anonymous_3)
FN:26,(anonymous_4)
FN:33,(anonymous_5)
FN:45,(anonymous_6)
FN:49,(anonymous_7)
FN:56,(anonymous_8)
FN:63,(anonymous_9)
FN:70,(anonymous_10)
FN:95,(anonymous_11)
FN:194,(anonymous_12)
FN:215,(anonymous_13)
FN:275,(anonymous_14)
FN:292,MiniStat
FNF:16
FNH:11
FNDA:3,Home
FNDA:6,(anonymous_1)
FNDA:6,(anonymous_2)
FNDA:6,(anonymous_3)
FNDA:3,(anonymous_4)
FNDA:3,(anonymous_5)
FNDA:3,(anonymous_6)
FNDA:1,(anonymous_7)
FNDA:0,(anonymous_8)
FNDA:0,(anonymous_9)
FNDA:0,(anonymous_10)
FNDA:1,(anonymous_11)
FNDA:0,(anonymous_12)
FNDA:12,(anonymous_13)
FNDA:0,(anonymous_14)
FNDA:6,MiniStat
DA:17,3
DA:18,3
DA:19,3
DA:20,3
DA:21,6
DA:22,6
DA:23,3
DA:24,6
DA:26,3
DA:27,3
DA:30,3
DA:31,3
DA:33,3
DA:34,3
DA:36,3
DA:37,3
DA:38,45
DA:40,3
DA:41,3
DA:44,3
DA:45,3
DA:49,1
DA:56,0
DA:63,0
DA:70,0
DA:78,3
DA:95,1
DA:194,0
DA:216,12
DA:275,0
DA:293,6
DA:294,6
DA:296,6
LF:33
LH:28
BRDA:18,0,0,3
BRDA:18,0,1,0
BRDA:93,1,0,3
BRDA:93,1,1,1
BRDA:192,2,0,3
BRDA:192,2,1,0
BRDA:293,3,0,6
BRDA:293,3,1,0
BRF:8
BRH:5
end_of_record
TN:
SF:app/(tabs)/journal.tsx
FN:12,formatDate
FN:20,Journal
FN:25,(anonymous_2)
FN:27,(anonymous_3)
FN:45,(anonymous_4)
FN:62,(anonymous_5)
FN:70,(anonymous_6)
FN:94,(anonymous_7)
FN:102,(anonymous_8)
FN:150,(anonymous_9)
FN:152,(anonymous_10)
FN:154,(anonymous_11)
FN:186,(anonymous_12)
FNF:13
FNH:0
FNDA:0,formatDate
FNDA:0,Journal
FNDA:0,(anonymous_2)
FNDA:0,(anonymous_3)
FNDA:0,(anonymous_4)
FNDA:0,(anonymous_5)
FNDA:0,(anonymous_6)
FNDA:0,(anonymous_7)
FNDA:0,(anonymous_8)
FNDA:0,(anonymous_9)
FNDA:0,(anonymous_10)
FNDA:0,(anonymous_11)
FNDA:0,(anonymous_12)
DA:13,0
DA:14,0
DA:16,0
DA:21,0
DA:22,0
DA:23,0
DA:24,0
DA:25,0
DA:27,0
DA:28,0
DA:31,0
DA:45,0
DA:63,0
DA:64,0
DA:70,0
DA:74,0
DA:76,0
DA:95,0
DA:96,0
DA:102,0
DA:106,0
DA:108,0
DA:150,0
DA:153,0
DA:155,0
DA:186,0
LF:26
LH:0
BRDA:22,0,0,0
BRDA:22,0,1,0
BRDA:63,1,0,0
BRDA:63,1,1,0
BRDA:84,2,0,0
BRDA:84,2,1,0
BRDA:95,3,0,0
BRDA:95,3,1,0
BRDA:116,4,0,0
BRDA:116,4,1,0
BRDA:129,5,0,0
BRDA:129,5,1,0
BRDA:161,6,0,0
BRDA:161,6,1,0
BRDA:163,7,0,0
BRDA:163,7,1,0
BRDA:182,8,0,0
BRDA:182,8,1,0
BRDA:182,9,0,0
BRDA:182,9,1,0
BRDA:184,10,0,0
BRDA:184,10,1,0
BRDA:188,11,0,0
BRDA:188,11,1,0
BRDA:188,12,0,0
BRDA:188,12,1,0
BRF:26
BRH:0
end_of_record
TN:
SF:app/(tabs)/profile.tsx
FN:13,signOut
FN:18,Profile
FN:23,(anonymous_2)
FN:26,(anonymous_3)
FN:28,(anonymous_4)
FN:87,(anonymous_5)
FN:154,(anonymous_6)
FN:176,(anonymous_7)
FN:181,(anonymous_8)
FN:186,(anonymous_9)
FNF:10
FNH:0
FNDA:0,signOut
FNDA:0,Profile
FNDA:0,(anonymous_2)
FNDA:0,(anonymous_3)
FNDA:0,(anonymous_4)
FNDA:0,(anonymous_5)
FNDA:0,(anonymous_6)
FNDA:0,(anonymous_7)
FNDA:0,(anonymous_8)
FNDA:0,(anonymous_9)
DA:14,0
DA:15,0
DA:19,0
DA:20,0
DA:21,0
DA:22,0
DA:23,0
DA:24,0
DA:26,0
DA:27,0
DA:28,0
DA:29,0
DA:30,0
DA:34,0
DA:46,0
DA:56,0
DA:64,0
DA:87,0
DA:154,0
DA:176,0
DA:181,0
DA:186,0
LF:22
LH:0
BRDA:21,0,0,0
BRDA:21,0,1,0
BRDA:30,1,0,0
BRDA:30,1,1,0
BRDA:30,2,0,0
BRDA:30,2,1,0
BRDA:56,3,0,0
BRDA:56,3,1,0
BRDA:58,4,0,0
BRDA:58,4,1,0
BRDA:60,5,0,0
BRDA:60,5,1,0
BRDA:76,6,0,0
BRDA:76,6,1,0
BRDA:84,7,0,0
BRDA:84,7,1,0
BRDA:112,8,0,0
BRDA:112,8,1,0
BRDA:127,9,0,0
BRDA:127,9,1,0
BRDA:145,10,0,0
BRDA:145,10,1,0
BRDA:145,10,2,0
BRDA:147,11,0,0
BRDA:147,11,1,0
BRDA:152,12,0,0
BRDA:152,12,1,0
BRDA:195,13,0,0
BRDA:195,13,1,0
BRDA:198,14,0,0
BRDA:198,14,1,0
BRF:31
BRH:0
end_of_record
TN:
SF:app/(tabs)/(app)/_layout.tsx
FN:2,AppStack
FNF:1
FNH:0
FNDA:0,AppStack
DA:3,0
LF:1
LH:0
BRF:0
BRH:0
end_of_record
TN:
SF:app/(tabs)/(app)/community.tsx
FN:6,Screen
FN:15,(anonymous_1)
FNF:2
FNH:0
FNDA:0,Screen
FNDA:0,(anonymous_1)
DA:7,0
DA:15,0
DA:23,0
LF:3
LH:0
BRF:0
BRH:0
end_of_record
TN:
SF:app/(tabs)/(app)/mindful-hours.tsx
FN:15,MindfulHours
FN:23,(anonymous_1)
FN:25,(anonymous_2)
FN:26,(anonymous_3)
FN:63,(anonymous_4)
FN:68,(anonymous_5)
FN:74,(anonymous_6)
FN:76,(anonymous_7)
FN:117,(anonymous_8)
FN:120,(anonymous_9)
FN:165,(anonymous_10)
FN:179,(anonymous_11)
FNF:12
FNH:0
FNDA:0,MindfulHours
FNDA:0,(anonymous_1)
FNDA:0,(anonymous_2)
FNDA:0,(anonymous_3)
FNDA:0,(anonymous_4)
FNDA:0,(anonymous_5)
FNDA:0,(anonymous_6)
FNDA:0,(anonymous_7)
FNDA:0,(anonymous_8)
FNDA:0,(anonymous_9)
FNDA:0,(anonymous_10)
FNDA:0,(anonymous_11)
DA:8,0
DA:16,0
DA:17,0
DA:18,0
DA:19,0
DA:20,0
DA:21,0
DA:23,0
DA:24,0
DA:25,0
DA:26,0
DA:29,0
DA:46,0
DA:47,0
DA:48,0
DA:50,0
DA:51,0
DA:52,0
DA:53,0
DA:54,0
DA:63,0
DA:64,0
DA:68,0
DA:69,0
DA:70,0
DA:71,0
DA:74,0
DA:76,0
DA:77,0
DA:78,0
DA:79,0
DA:82,0
DA:118,0
DA:120,0
DA:165,0
DA:179,0
LF:36
LH:0
BRDA:24,0,0,0
BRDA:24,0,1,0
BRDA:24,1,0,0
BRDA:24,1,1,0
BRDA:46,2,0,0
BRDA:46,2,1,0
BRDA:50,3,0,0
BRDA:50,3,1,0
BRDA:50,4,0,0
BRDA:50,4,1,0
BRDA:57,5,0,0
BRDA:57,5,1,0
BRDA:64,6,0,0
BRDA:64,6,1,0
BRDA:71,7,0,0
BRDA:71,7,1,0
BRDA:112,8,0,0
BRDA:112,8,1,0
BRDA:126,9,0,0
BRDA:126,9,1,0
BRDA:137,10,0,0
BRDA:137,10,1,0
BRDA:151,11,0,0
BRDA:151,11,1,0
BRDA:160,12,0,0
BRDA:160,12,1,0
BRF:26
BRH:0
end_of_record
TN:
SF:app/(tabs)/(app)/notifications.tsx
FN:13,Notifications
FN:41,(anonymous_1)
FN:41,(anonymous_2)
FN:58,(anonymous_3)
FN:60,(anonymous_4)
FN:75,(anonymous_5)
FN:76,(anonymous_6)
FN:77,(anonymous_7)
FN:87,(anonymous_8)
FNF:9
FNH:0
FNDA:0,Notifications
FNDA:0,(anonymous_1)
FNDA:0,(anonymous_2)
FNDA:0,(anonymous_3)
FNDA:0,(anonymous_4)
FNDA:0,(anonymous_5)
FNDA:0,(anonymous_6)
FNDA:0,(anonymous_7)
FNDA:0,(anonymous_8)
DA:14,0
DA:41,0
DA:43,0
DA:58,0
DA:61,0
DA:76,0
DA:77,0
DA:87,0
LF:8
LH:0
BRDA:77,0,0,0
BRDA:77,0,1,0
BRF:2
BRH:0
end_of_record
TN:
SF:app/(tabs)/(app)/profile-edit.tsx
FN:10,RadioOption
FN:78,ProfileEdit
FN:82,(anonymous_2)
FN:88,(anonymous_3)
FN:96,handleSave
FN:115,(anonymous_5)
FN:144,(anonymous_6)
FN:149,(anonymous_7)
FN:156,(anonymous_8)
FN:161,(anonymous_9)
FNF:10
FNH:0
FNDA:0,RadioOption
FNDA:0,ProfileEdit
FNDA:0,(anonymous_2)
FNDA:0,(anonymous_3)
FNDA:0,handleSave
FNDA:0,(anonymous_5)
FNDA:0,(anonymous_6)
FNDA:0,(anonymous_7)
FNDA:0,(anonymous_8)
FNDA:0,(anonymous_9)
DA:19,0
DA:20,0
DA:22,0
DA:79,0
DA:80,0
DA:81,0
DA:82,0
DA:84,0
DA:85,0
DA:86,0
DA:88,0
DA:89,0
DA:90,0
DA:91,0
DA:92,0
DA:97,0
DA:105,0
DA:106,0
DA:107,0
DA:110,0
DA:115,0
DA:145,0
DA:149,0
DA:157,0
DA:161,0
DA:184,0
LF:26
LH:0
BRDA:19,0,0,0
BRDA:19,0,1,0
BRDA:29,1,0,0
BRDA:29,1,1,0
BRDA:45,2,0,0
BRDA:45,2,1,0
BRDA:57,3,0,0
BRDA:57,3,1,0
BRDA:60,4,0,0
BRDA:60,4,1,0
BRDA:63,5,0,0
BRDA:63,5,1,0
BRDA:80,6,0,0
BRDA:80,6,1,0
BRDA:84,7,0,0
BRDA:84,7,1,0
BRDA:85,8,0,0
BRDA:85,8,1,0
BRDA:86,9,0,0
BRDA:86,9,1,0
BRDA:89,10,0,0
BRDA:89,10,1,0
BRDA:90,11,0,0
BRDA:90,11,1,0
BRDA:91,12,0,0
BRDA:91,12,1,0
BRDA:92,13,0,0
BRDA:92,13,1,0
BRDA:99,14,0,0
BRDA:99,14,1,0
BRDA:100,15,0,0
BRDA:100,15,1,0
BRDA:101,16,0,0
BRDA:101,16,1,0
BRF:34
BRH:0
end_of_record
TN:
SF:app/(tabs)/(app)/profile-overview.tsx
FN:7,ProfileOverview
FN:10,(anonymous_1)
FN:11,(anonymous_2)
FN:49,(anonymous_3)
FNF:4
FNH:0
FNDA:0,ProfileOverview
FNDA:0,(anonymous_1)
FNDA:0,(anonymous_2)
FNDA:0,(anonymous_3)
DA:8,0
DA:10,0
DA:11,0
DA:12,0
DA:13,0
DA:14,0
DA:15,0
DA:20,0
DA:49,0
LF:9
LH:0
BRDA:13,0,0,0
BRDA:13,0,1,0
BRDA:15,1,0,0
BRDA:15,1,1,0
BRDA:24,2,0,0
BRDA:24,2,1,0
BRF:6
BRH:0
end_of_record
TN:
SF:app/(tabs)/(app)/settings.tsx
FN:10,Settings
FN:14,(anonymous_1)
FN:15,(anonymous_2)
FN:21,(anonymous_3)
FN:23,save
FN:47,(anonymous_5)
FN:49,(anonymous_6)
FN:53,(anonymous_7)
FN:54,(anonymous_8)
FNF:9
FNH:0
FNDA:0,Settings
FNDA:0,(anonymous_1)
FNDA:0,(anonymous_2)
FNDA:0,(anonymous_3)
FNDA:0,save
FNDA:0,(anonymous_5)
FNDA:0,(anonymous_6)
FNDA:0,(anonymous_7)
FNDA:0,(anonymous_8)
DA:11,0
DA:12,0
DA:14,0
DA:15,0
DA:16,0
DA:17,0
DA:21,0
DA:24,0
DA:25,0
DA:31,0
DA:33,0
DA:34,0
DA:35,0
DA:38,0
DA:47,0
DA:50,0
DA:51,0
DA:54,0
DA:55,0
DA:56,0
DA:57,0
DA:58,0
LF:22
LH:0
BRDA:17,0,0,0
BRDA:17,0,1,0
BRDA:24,1,0,0
BRDA:24,1,1,0
BRDA:56,2,0,0
BRDA:56,2,1,0
BRDA:64,3,0,0
BRDA:64,3,1,0
BRDA:69,4,0,0
BRDA:69,4,1,0
BRF:10
BRH:0
end_of_record
TN:
SF:app/(tabs)/(app)/chat/[issueKey].tsx
FN:21,Chat
FN:23,(anonymous_1)
FN:23,(anonymous_2)
FN:27,(anonymous_3)
FN:29,(anonymous_4)
FN:30,(anonymous_5)
FN:37,(anonymous_6)
FN:44,handleSend
FN:96,(anonymous_8)
FN:106,(anonymous_9)
FN:125,(anonymous_10)
FN:143,(anonymous_11)
FN:146,(anonymous_12)
FN:181,(anonymous_13)
FNF:14
FNH:0
FNDA:0,Chat
FNDA:0,(anonymous_1)
FNDA:0,(anonymous_2)
FNDA:0,(anonymous_3)
FNDA:0,(anonymous_4)
FNDA:0,(anonymous_5)
FNDA:0,(anonymous_6)
FNDA:0,handleSend
FNDA:0,(anonymous_8)
FNDA:0,(anonymous_9)
FNDA:0,(anonymous_10)
FNDA:0,(anonymous_11)
FNDA:0,(anonymous_12)
FNDA:0,(anonymous_13)
DA:22,0
DA:23,0
DA:25,0
DA:26,0
DA:27,0
DA:29,0
DA:30,0
DA:32,0
DA:33,0
DA:34,0
DA:35,0
DA:37,0
DA:38,0
DA:40,0
DA:45,0
DA:47,0
DA:48,0
DA:50,0
DA:59,0
DA:60,0
DA:71,0
DA:97,0
DA:106,0
DA:125,0
DA:143,0
DA:146,0
DA:182,0
DA:183,0
LF:28
LH:0
BRDA:27,0,0,0
BRDA:27,0,1,0
BRDA:27,1,0,0
BRDA:27,1,1,0
BRDA:34,2,0,0
BRDA:34,2,1,0
BRDA:38,3,0,0
BRDA:38,3,1,0
BRDA:45,4,0,0
BRDA:45,4,1,0
BRDA:45,5,0,0
BRDA:45,5,1,0
BRDA:52,6,0,0
BRDA:52,6,1,0
BRDA:59,7,0,0
BRDA:59,7,1,0
BRDA:62,8,0,0
BRDA:62,8,1,0
BRDA:73,9,0,0
BRDA:73,9,1,0
BRDA:87,10,0,0
BRDA:87,10,1,0
BRDA:94,11,0,0
BRDA:94,11,1,0
BRDA:106,12,0,0
BRDA:106,12,1,0
BRDA:116,13,0,0
BRDA:116,13,1,0
BRDA:121,14,0,0
BRDA:121,14,1,0
BRDA:176,15,0,0
BRDA:176,15,1,0
BRDA:186,16,0,0
BRDA:186,16,1,0
BRDA:188,17,0,0
BRDA:188,17,1,0
BRDA:192,18,0,0
BRDA:192,18,1,0
BRDA:193,19,0,0
BRDA:193,19,1,0
BRDA:203,20,0,0
BRDA:203,20,1,0
BRDA:215,21,0,0
BRDA:215,21,1,0
BRDA:219,22,0,0
BRDA:219,22,1,0
BRDA:226,23,0,0
BRDA:226,23,1,0
BRDA:236,24,0,0
BRDA:236,24,1,0
BRDA:256,25,0,0
BRDA:256,25,1,0
BRDA:280,26,0,0
BRDA:280,26,1,0
BRDA:285,27,0,0
BRDA:285,27,1,0
BRDA:285,28,0,0
BRDA:285,28,1,0
BRDA:293,29,0,0
BRDA:293,29,1,0
BRDA:293,30,0,0
BRDA:293,30,1,0
BRF:62
BRH:0
end_of_record
TN:
SF:app/(tabs)/(app)/journal/[id].tsx
FN:19,EditJournalEntry
FN:21,(anonymous_1)
FN:26,(anonymous_2)
FN:27,(anonymous_3)
FN:35,save
FN:41,remove
FN:51,(anonymous_6)
FN:61,addTag
FN:88,(anonymous_8)
FN:98,(anonymous_9)
FN:106,(anonymous_10)
FN:135,(anonymous_11)
FN:138,(anonymous_12)
FN:139,(anonymous_13)
FN:185,(anonymous_14)
FNF:15
FNH:0
FNDA:0,EditJournalEntry
FNDA:0,(anonymous_1)
FNDA:0,(anonymous_2)
FNDA:0,(anonymous_3)
FNDA:0,save
FNDA:0,remove
FNDA:0,(anonymous_6)
FNDA:0,addTag
FNDA:0,(anonymous_8)
FNDA:0,(anonymous_9)
FNDA:0,(anonymous_10)
FNDA:0,(anonymous_11)
FNDA:0,(anonymous_12)
FNDA:0,(anonymous_13)
FNDA:0,(anonymous_14)
DA:17,0
DA:20,0
DA:21,0
DA:22,0
DA:23,0
DA:24,0
DA:26,0
DA:27,0
DA:28,0
DA:29,0
DA:31,0
DA:36,0
DA:37,0
DA:38,0
DA:42,0
DA:52,0
DA:53,0
DA:62,0
DA:63,0
DA:64,0
DA:65,0
DA:66,0
DA:67,0
DA:68,0
DA:71,0
DA:72,0
DA:79,0
DA:88,0
DA:98,0
DA:106,0
DA:136,0
DA:139,0
DA:185,0
DA:195,0
LF:34
LH:0
BRDA:28,0,0,0
BRDA:28,0,1,0
BRDA:36,1,0,0
BRDA:36,1,1,0
BRDA:62,2,0,0
BRDA:62,2,1,0
BRDA:64,3,0,0
BRDA:64,3,1,0
BRDA:65,4,0,0
BRDA:65,4,1,0
BRDA:66,5,0,0
BRDA:66,5,1,0
BRDA:71,6,0,0
BRDA:71,6,1,0
BRDA:97,7,0,0
BRDA:97,7,1,0
BRDA:135,8,0,0
BRDA:135,8,1,0
BRDA:139,9,0,0
BRDA:139,9,1,0
BRDA:151,10,0,0
BRDA:151,10,1,0
BRDA:151,11,0,0
BRDA:151,11,1,0
BRF:24
BRH:0
end_of_record
TN:
SF:app/(tabs)/(app)/journal/_layout.tsx
FN:2,JournalStack
FNF:1
FNH:0
FNDA:0,JournalStack
DA:3,0
LF:1
LH:0
BRF:0
BRH:0
end_of_record
TN:
SF:app/(tabs)/(app)/journal/history.tsx
FN:16,JournalHistory
FN:20,(anonymous_1)
FN:23,(anonymous_2)
FN:27,(anonymous_3)
FN:28,(anonymous_4)
FN:31,(anonymous_5)
FN:33,(anonymous_6)
FN:36,formatDate
FN:59,(anonymous_8)
FN:104,(anonymous_9)
FN:130,(anonymous_10)
FN:133,(anonymous_11)
FNF:12
FNH:0
FNDA:0,JournalHistory
FNDA:0,(anonymous_1)
FNDA:0,(anonymous_2)
FNDA:0,(anonymous_3)
FNDA:0,(anonymous_4)
FNDA:0,(anonymous_5)
FNDA:0,(anonymous_6)
FNDA:0,formatDate
FNDA:0,(anonymous_8)
FNDA:0,(anonymous_9)
FNDA:0,(anonymous_10)
FNDA:0,(anonymous_11)
DA:17,0
DA:18,0
DA:19,0
DA:20,0
DA:21,0
DA:23,0
DA:24,0
DA:27,0
DA:28,0
DA:31,0
DA:32,0
DA:33,0
DA:37,0
DA:38,0
DA:40,0
DA:44,0
DA:59,0
DA:105,0
DA:131,0
DA:134,0
LF:20
LH:0
BRDA:18,0,0,0
BRDA:18,0,1,0
BRDA:99,1,0,0
BRDA:99,1,1,0
BRDA:123,2,0,0
BRDA:123,2,1,0
BRDA:128,3,0,0
BRDA:128,3,1,0
BRDA:151,4,0,0
BRDA:151,4,1,0
BRDA:153,5,0,0
BRDA:153,5,1,0
BRF:12
BRH:0
end_of_record
TN:
SF:app/(tabs)/(app)/journal/new.tsx
FN:13,NewJournalEntry
FN:16,(anonymous_1)
FN:16,(anonymous_2)
FN:24,save
FN:43,addTag
FN:47,(anonymous_5)
FN:77,(anonymous_6)
FN:114,(anonymous_7)
FN:117,(anonymous_8)
FN:117,(anonymous_9)
FN:117,(anonymous_10)
FN:146,(anonymous_11)
FNF:12
FNH:0
FNDA:0,NewJournalEntry
FNDA:0,(anonymous_1)
FNDA:0,(anonymous_2)
FNDA:0,save
FNDA:0,addTag
FNDA:0,(anonymous_5)
FNDA:0,(anonymous_6)
FNDA:0,(anonymous_7)
FNDA:0,(anonymous_8)
FNDA:0,(anonymous_9)
FNDA:0,(anonymous_10)
FNDA:0,(anonymous_11)
DA:11,0
DA:14,0
DA:15,0
DA:16,0
DA:18,0
DA:19,0
DA:20,0
DA:21,0
DA:22,0
DA:25,0
DA:28,0
DA:29,0
DA:39,0
DA:40,0
DA:44,0
DA:45,0
DA:46,0
DA:47,0
DA:48,0
DA:51,0
DA:77,0
DA:115,0
DA:117,0
DA:146,0
DA:163,0
LF:25
LH:0
BRDA:18,0,0,0
BRDA:18,0,1,0
BRDA:19,1,0,0
BRDA:19,1,1,0
BRDA:25,2,0,0
BRDA:25,2,1,0
BRDA:33,3,0,0
BRDA:33,3,1,0
BRDA:37,4,0,0
BRDA:37,4,1,0
BRDA:45,5,0,0
BRDA:45,5,1,0
BRDA:46,6,0,0
BRDA:46,6,1,0
BRDA:56,7,0,0
BRDA:56,7,1,0
BRDA:58,8,0,0
BRDA:58,8,1,0
BRDA:77,9,0,0
BRDA:77,9,1,0
BRDA:128,10,0,0
BRDA:128,10,1,0
BRF:22
BRH:0
end_of_record
TN:
SF:app/(tabs)/(app)/journal/prompts.tsx
FN:7,JournalPrompts
FN:10,(anonymous_1)
FN:13,(anonymous_2)
FN:32,(anonymous_3)
FN:34,(anonymous_4)
FN:36,(anonymous_5)
FN:51,(anonymous_6)
FNF:7
FNH:0
FNDA:0,JournalPrompts
FNDA:0,(anonymous_1)
FNDA:0,(anonymous_2)
FNDA:0,(anonymous_3)
FNDA:0,(anonymous_4)
FNDA:0,(anonymous_5)
FNDA:0,(anonymous_6)
DA:8,0
DA:10,0
DA:11,0
DA:12,0
DA:13,0
DA:14,0
DA:18,0
DA:32,0
DA:35,0
DA:37,0
DA:51,0
LF:11
LH:0
BRDA:12,0,0,0
BRDA:12,0,1,0
BRF:2
BRH:0
end_of_record
TN:
SF:app/(tabs)/(app)/mood/_layout.tsx
FN:2,MoodLayout
FNF:1
FNH:0
FNDA:0,MoodLayout
DA:3,0
LF:1
LH:0
BRF:0
BRH:0
end_of_record
TN:
SF:app/(tabs)/(app)/mood/history.tsx
FN:12,MoodHistory
FN:16,(anonymous_1)
FN:19,(anonymous_2)
FN:23,(anonymous_3)
FN:24,(anonymous_4)
FN:27,(anonymous_5)
FN:29,(anonymous_6)
FN:32,remove
FN:42,(anonymous_8)
FN:66,(anonymous_9)
FN:107,(anonymous_10)
FN:110,(anonymous_11)
FN:138,(anonymous_12)
FNF:13
FNH:0
FNDA:0,MoodHistory
FNDA:0,(anonymous_1)
FNDA:0,(anonymous_2)
FNDA:0,(anonymous_3)
FNDA:0,(anonymous_4)
FNDA:0,(anonymous_5)
FNDA:0,(anonymous_6)
FNDA:0,remove
FNDA:0,(anonymous_8)
FNDA:0,(anonymous_9)
FNDA:0,(anonymous_10)
FNDA:0,(anonymous_11)
FNDA:0,(anonymous_12)
DA:13,0
DA:14,0
DA:15,0
DA:16,0
DA:17,0
DA:19,0
DA:20,0
DA:23,0
DA:24,0
DA:27,0
DA:28,0
DA:29,0
DA:33,0
DA:43,0
DA:51,0
DA:66,0
DA:108,0
DA:110,0
DA:138,0
LF:19
LH:0
BRDA:14,0,0,0
BRDA:14,0,1,0
BRDA:97,1,0,0
BRDA:97,1,1,0
BRDA:102,2,0,0
BRDA:102,2,1,0
BRDA:105,3,0,0
BRDA:105,3,1,0
BRDA:129,4,0,0
BRDA:129,4,1,0
BRDA:134,5,0,0
BRDA:134,5,1,0
BRDA:134,6,0,0
BRDA:134,6,1,0
BRDA:136,7,0,0
BRDA:136,7,1,0
BRF:16
BRH:0
end_of_record
TN:
SF:app/(tabs)/(app)/mood/index.tsx
FN:17,(anonymous_0)
FN:19,moodToScore
FN:27,Mood
FN:32,(anonymous_3)
FN:47,(anonymous_4)
FN:51,(anonymous_5)
FN:54,(anonymous_6)
FN:55,(anonymous_7)
FN:56,(anonymous_8)
FN:60,addTag
FN:64,(anonymous_10)
FN:68,saveCheckIn
FN:76,(anonymous_12)
FN:119,(anonymous_13)
FN:164,(anonymous_14)
FN:171,(anonymous_15)
FN:178,(anonymous_16)
FN:218,(anonymous_17)
FN:221,(anonymous_18)
FN:221,(anonymous_19)
FN:221,(anonymous_20)
FNF:21
FNH:0
FNDA:0,(anonymous_0)
FNDA:0,moodToScore
FNDA:0,Mood
FNDA:0,(anonymous_3)
FNDA:0,(anonymous_4)
FNDA:0,(anonymous_5)
FNDA:0,(anonymous_6)
FNDA:0,(anonymous_7)
FNDA:0,(anonymous_8)
FNDA:0,addTag
FNDA:0,(anonymous_10)
FNDA:0,saveCheckIn
FNDA:0,(anonymous_12)
FNDA:0,(anonymous_13)
FNDA:0,(anonymous_14)
FNDA:0,(anonymous_15)
FNDA:0,(anonymous_16)
FNDA:0,(anonymous_17)
FNDA:0,(anonymous_18)
FNDA:0,(anonymous_19)
FNDA:0,(anonymous_20)
DA:15,0
DA:16,0
DA:17,0
DA:20,0
DA:21,0
DA:22,0
DA:23,0
DA:24,0
DA:28,0
DA:29,0
DA:30,0
DA:31,0
DA:32,0
DA:33,0
DA:34,0
DA:35,0
DA:36,0
DA:37,0
DA:38,0
DA:40,0
DA:47,0
DA:48,0
DA:51,0
DA:52,0
DA:53,0
DA:54,0
DA:55,0
DA:56,0
DA:57,0
DA:61,0
DA:62,0
DA:63,0
DA:64,0
DA:65,0
DA:69,0
DA:70,0
DA:76,0
DA:80,0
DA:82,0
DA:84,0
DA:93,0
DA:94,0
DA:95,0
DA:96,0
DA:97,0
DA:100,0
DA:119,0
DA:164,0
DA:171,0
DA:178,0
DA:219,0
DA:221,0
LF:52
LH:0
BRDA:20,0,0,0
BRDA:20,0,1,0
BRDA:21,1,0,0
BRDA:21,1,1,0
BRDA:22,2,0,0
BRDA:22,2,1,0
BRDA:23,3,0,0
BRDA:23,3,1,0
BRDA:29,4,0,0
BRDA:29,4,1,0
BRDA:52,5,0,0
BRDA:52,5,1,0
BRDA:62,6,0,0
BRDA:62,6,1,0
BRDA:63,7,0,0
BRDA:63,7,1,0
BRDA:69,8,0,0
BRDA:69,8,1,0
BRDA:90,9,0,0
BRDA:90,9,1,0
BRDA:91,10,0,0
BRDA:91,10,1,0
BRDA:137,11,0,0
BRDA:137,11,1,0
BRDA:232,12,0,0
BRDA:232,12,1,0
BRF:26
BRH:0
end_of_record
TN:
SF:app/(tabs)/(app)/sleep/_layout.tsx
FN:2,SleepLayout
FNF:1
FNH:0
FNDA:0,SleepLayout
DA:3,0
LF:1
LH:0
BRF:0
BRH:0
end_of_record
TN:
SF:app/(tabs)/(app)/sleep/index.tsx
FN:6,Screen
FN:15,(anonymous_1)
FNF:2
FNH:0
FNDA:0,Screen
FNDA:0,(anonymous_1)
DA:7,0
DA:15,0
DA:23,0
LF:3
LH:0
BRF:0
BRH:0
end_of_record
TN:
SF:app/(tabs)/(app)/stress/_layout.tsx
FN:2,StressLayout
FNF:1
FNH:0
FNDA:0,StressLayout
DA:3,0
LF:1
LH:0
BRF:0
BRH:0
end_of_record
TN:
SF:app/(tabs)/(app)/stress/breathing.tsx
FN:8,Breathing
FN:19,(anonymous_1)
FN:25,(anonymous_2)
FN:53,(anonymous_3)
FN:54,(anonymous_4)
FN:57,(anonymous_5)
FN:59,(anonymous_6)
FN:60,(anonymous_7)
FN:63,(anonymous_8)
FN:69,stop
FN:147,(anonymous_10)
FN:161,(anonymous_11)
FNF:12
FNH:0
FNDA:0,Breathing
FNDA:0,(anonymous_1)
FNDA:0,(anonymous_2)
FNDA:0,(anonymous_3)
FNDA:0,(anonymous_4)
FNDA:0,(anonymous_5)
FNDA:0,(anonymous_6)
FNDA:0,(anonymous_7)
FNDA:0,(anonymous_8)
FNDA:0,stop
FNDA:0,(anonymous_10)
FNDA:0,(anonymous_11)
DA:9,0
DA:10,0
DA:11,0
DA:12,0
DA:13,0
DA:14,0
DA:15,0
DA:17,0
DA:19,0
DA:20,0
DA:21,0
DA:22,0
DA:25,0
DA:26,0
DA:28,0
DA:30,0
DA:31,0
DA:37,0
DA:38,0
DA:45,0
DA:53,0
DA:54,0
DA:57,0
DA:58,0
DA:59,0
DA:60,0
DA:63,0
DA:64,0
DA:65,0
DA:70,0
DA:71,0
DA:72,0
DA:73,0
DA:76,0
DA:147,0
DA:162,0
DA:163,0
LF:37
LH:0
BRDA:10,0,0,0
BRDA:10,0,1,0
BRDA:20,1,0,0
BRDA:20,1,1,0
BRDA:21,2,0,0
BRDA:21,2,1,0
BRDA:26,3,0,0
BRDA:26,3,1,0
BRDA:30,4,0,0
BRDA:30,4,1,0
BRDA:37,5,0,0
BRDA:37,5,1,0
BRDA:54,6,0,0
BRDA:54,6,1,0
BRDA:59,7,0,0
BRDA:59,7,1,0
BRDA:59,8,0,0
BRDA:59,8,1,0
BRDA:60,9,0,0
BRDA:60,9,1,0
BRDA:105,10,0,0
BRDA:105,10,1,0
BRDA:126,11,0,0
BRDA:126,11,1,0
BRDA:132,12,0,0
BRDA:132,12,1,0
BRF:26
BRH:0
end_of_record
TN:
SF:app/(tabs)/(app)/stress/grounding.tsx
FN:8,Grounding
FN:19,done
FN:55,(anonymous_2)
FN:59,(anonymous_3)
FN:59,(anonymous_4)
FN:59,(anonymous_5)
FN:68,(anonymous_6)
FN:72,(anonymous_7)
FN:72,(anonymous_8)
FN:72,(anonymous_9)
FN:81,(anonymous_10)
FN:85,(anonymous_11)
FN:85,(anonymous_12)
FN:85,(anonymous_13)
FN:94,(anonymous_14)
FN:98,(anonymous_15)
FN:98,(anonymous_16)
FN:98,(anonymous_17)
FN:130,(anonymous_18)
FN:147,Block
FNF:20
FNH:0
FNDA:0,Grounding
FNDA:0,done
FNDA:0,(anonymous_2)
FNDA:0,(anonymous_3)
FNDA:0,(anonymous_4)
FNDA:0,(anonymous_5)
FNDA:0,(anonymous_6)
FNDA:0,(anonymous_7)
FNDA:0,(anonymous_8)
FNDA:0,(anonymous_9)
FNDA:0,(anonymous_10)
FNDA:0,(anonymous_11)
FNDA:0,(anonymous_12)
FNDA:0,(anonymous_13)
FNDA:0,(anonymous_14)
FNDA:0,(anonymous_15)
FNDA:0,(anonymous_16)
FNDA:0,(anonymous_17)
FNDA:0,(anonymous_18)
FNDA:0,Block
DA:9,0
DA:10,0
DA:11,0
DA:13,0
DA:14,0
DA:15,0
DA:16,0
DA:17,0
DA:20,0
DA:21,0
DA:24,0
DA:31,0
DA:56,0
DA:59,0
DA:69,0
DA:72,0
DA:82,0
DA:85,0
DA:95,0
DA:98,0
DA:130,0
DA:148,0
DA:149,0
DA:151,0
LF:24
LH:0
BRDA:10,0,0,0
BRDA:10,0,1,0
BRDA:59,1,0,0
BRDA:59,1,1,0
BRDA:72,2,0,0
BRDA:72,2,1,0
BRDA:85,3,0,0
BRDA:85,3,1,0
BRDA:98,4,0,0
BRDA:98,4,1,0
BRDA:148,5,0,0
BRDA:148,5,1,0
BRF:12
BRH:0
end_of_record
TN:
SF:app/(tabs)/(app)/stress/index.tsx
FN:12,StressHub
FN:18,(anonymous_1)
FN:38,(anonymous_2)
FN:45,(anonymous_3)
FN:54,(anonymous_4)
FN:63,(anonymous_5)
FN:71,(anonymous_6)
FN:124,Card
FN:145,(anonymous_8)
FN:153,(anonymous_9)
FNF:10
FNH:0
FNDA:0,StressHub
FNDA:0,(anonymous_1)
FNDA:0,(anonymous_2)
FNDA:0,(anonymous_3)
FNDA:0,(anonymous_4)
FNDA:0,(anonymous_5)
FNDA:0,(anonymous_6)
FNDA:0,Card
FNDA:0,(anonymous_8)
FNDA:0,(anonymous_9)
DA:13,0
DA:14,0
DA:15,0
DA:16,0
DA:17,0
DA:18,0
DA:20,0
DA:38,0
DA:46,0
DA:55,0
DA:63,0
DA:71,0
DA:139,0
DA:140,0
DA:141,0
DA:143,0
DA:146,0
DA:147,0
DA:153,0
DA:157,0
DA:159,0
LF:21
LH:0
BRDA:15,0,0,0
BRDA:15,0,1,0
BRDA:116,1,0,0
BRDA:116,1,1,0
BRDA:128,2,0,0
BRDA:140,3,0,0
BRDA:140,3,1,0
BRDA:146,4,0,0
BRDA:146,4,1,0
BRDA:165,5,0,0
BRDA:165,5,1,0
BRDA:188,6,0,0
BRDA:188,6,1,0
BRF:13
BRH:0
end_of_record
TN:
SF:app/(tabs)/(app)/stress/plan.tsx
FN:12,StressPlan
FN:17,(anonymous_1)
FN:27,(anonymous_2)
FN:31,(anonymous_3)
FN:34,(anonymous_4)
FN:41,(anonymous_5)
FN:42,(anonymous_6)
FN:44,(anonymous_7)
FN:52,save
FN:99,(anonymous_9)
FN:99,(anonymous_10)
FN:112,(anonymous_11)
FN:116,(anonymous_12)
FN:126,(anonymous_13)
FN:130,(anonymous_14)
FN:140,(anonymous_15)
FN:144,(anonymous_16)
FN:151,(anonymous_17)
FN:151,(anonymous_18)
FN:173,(anonymous_19)
FN:190,Block
FN:220,EditableList
FN:249,(anonymous_22)
FN:297,(anonymous_23)
FN:311,(anonymous_24)
FNF:25
FNH:0
FNDA:0,StressPlan
FNDA:0,(anonymous_1)
FNDA:0,(anonymous_2)
FNDA:0,(anonymous_3)
FNDA:0,(anonymous_4)
FNDA:0,(anonymous_5)
FNDA:0,(anonymous_6)
FNDA:0,(anonymous_7)
FNDA:0,save
FNDA:0,(anonymous_9)
FNDA:0,(anonymous_10)
FNDA:0,(anonymous_11)
FNDA:0,(anonymous_12)
FNDA:0,(anonymous_13)
FNDA:0,(anonymous_14)
FNDA:0,(anonymous_15)
FNDA:0,(anonymous_16)
FNDA:0,(anonymous_17)
FNDA:0,(anonymous_18)
FNDA:0,(anonymous_19)
FNDA:0,Block
FNDA:0,EditableList
FNDA:0,(anonymous_22)
FNDA:0,(anonymous_23)
FNDA:0,(anonymous_24)
DA:13,0
DA:14,0
DA:15,0
DA:16,0
DA:17,0
DA:18,0
DA:20,0
DA:27,0
DA:28,0
DA:31,0
DA:32,0
DA:33,0
DA:34,0
DA:35,0
DA:36,0
DA:37,0
DA:41,0
DA:42,0
DA:43,0
DA:44,0
DA:48,0
DA:49,0
DA:50,0
DA:53,0
DA:60,0
DA:61,0
DA:67,0
DA:70,0
DA:99,0
DA:113,0
DA:114,0
DA:116,0
DA:127,0
DA:128,0
DA:130,0
DA:141,0
DA:142,0
DA:144,0
DA:151,0
DA:173,0
DA:199,0
DA:200,0
DA:202,0
DA:239,0
DA:240,0
DA:242,0
DA:249,0
DA:250,0
DA:251,0
DA:255,0
DA:298,0
DA:311,0
LF:52
LH:0
BRDA:14,0,0,0
BRDA:14,0,1,0
BRDA:33,1,0,0
BRDA:33,1,1,0
BRDA:35,2,0,0
BRDA:35,2,1,0
BRDA:36,3,0,0
BRDA:36,3,1,0
BRDA:43,4,0,0
BRDA:43,4,1,0
BRDA:54,5,0,0
BRDA:54,5,1,0
BRDA:55,6,0,0
BRDA:55,6,1,0
BRDA:56,7,0,0
BRDA:56,7,1,0
BRDA:57,8,0,0
BRDA:57,8,1,0
BRDA:58,9,0,0
BRDA:58,9,1,0
BRDA:98,10,0,0
BRDA:98,10,1,0
BRDA:109,11,0,0
BRDA:109,11,1,0
BRDA:123,12,0,0
BRDA:123,12,1,0
BRDA:137,13,0,0
BRDA:137,13,1,0
BRDA:150,14,0,0
BRDA:150,14,1,0
BRDA:199,15,0,0
BRDA:199,15,1,0
BRDA:212,16,0,0
BRDA:212,16,1,0
BRDA:239,17,0,0
BRDA:239,17,1,0
BRDA:250,18,0,0
BRDA:250,18,1,0
BRDA:265,19,0,0
BRDA:265,19,1,0
BRDA:292,20,0,0
BRDA:292,20,1,0
BRF:42
BRH:0
end_of_record
TN:
SF:app/(tabs)/(app)/stress/videos.tsx
FN:10,StressVideosScreen
FN:15,(anonymous_1)
FN:41,(anonymous_2)
FN:60,(anonymous_3)
FN:62,(anonymous_4)
FN:69,VideoCard
FN:72,(anonymous_6)
FN:100,(anonymous_7)
FNF:8
FNH:0
FNDA:0,StressVideosScreen
FNDA:0,(anonymous_1)
FNDA:0,(anonymous_2)
FNDA:0,(anonymous_3)
FNDA:0,(anonymous_4)
FNDA:0,VideoCard
FNDA:0,(anonymous_6)
FNDA:0,(anonymous_7)
DA:11,0
DA:12,0
DA:13,0
DA:15,0
DA:16,0
DA:18,0
DA:22,0
DA:41,0
DA:60,0
DA:62,0
DA:70,0
DA:71,0
DA:72,0
DA:73,0
DA:76,0
DA:101,0
DA:102,0
DA:104,0
LF:18
LH:0
BRDA:12,0,0,0
BRDA:12,0,1,0
BRDA:16,1,0,0
BRDA:16,1,1,0
BRDA:18,2,0,0
BRDA:18,2,1,0
BRDA:70,3,0,0
BRDA:70,3,1,0
BRDA:101,4,0,0
BRDA:101,4,1,0
BRDA:120,5,0,0
BRDA:120,5,1,0
BRDA:125,6,0,0
BRDA:125,6,1,0
BRF:14
BRH:0
end_of_record
TN:
SF:app/(utils)/_layout.tsx
FN:2,UtilsLayout
FNF:1
FNH:0
FNDA:0,UtilsLayout
DA:3,0
LF:1
LH:0
BRF:0
BRH:0
end_of_record
TN:
SF:app/(utils)/empty.tsx
FN:5,Screen
FN:12,(anonymous_1)
FNF:2
FNH:0
FNDA:0,Screen
FNDA:0,(anonymous_1)
DA:6,0
DA:12,0
DA:20,0
LF:3
LH:0
BRF:0
BRH:0
end_of_record
TN:
SF:app/(utils)/error.tsx
FN:5,Screen
FN:12,(anonymous_1)
FNF:2
FNH:0
FNDA:0,Screen
FNDA:0,(anonymous_1)
DA:6,0
DA:12,0
DA:20,0
LF:3
LH:0
BRF:0
BRH:0
end_of_record
TN:
SF:app/(utils)/help-center.tsx
FN:5,Screen
FN:12,(anonymous_1)
FN:15,(anonymous_2)
FNF:3
FNH:0
FNDA:0,Screen
FNDA:0,(anonymous_1)
FNDA:0,(anonymous_2)
DA:6,0
DA:12,0
DA:15,0
DA:23,0
LF:4
LH:0
BRF:0
BRH:0
end_of_record
TN:
SF:app/(utils)/offline.tsx
FN:5,Screen
FN:12,(anonymous_1)
FNF:2
FNH:0
FNDA:0,Screen
FNDA:0,(anonymous_1)
DA:6,0
DA:12,0
DA:20,0
LF:3
LH:0
BRF:0
BRH:0
end_of_record
TN:
SF:app/(utils)/utilities.tsx
FN:5,Screen
FN:14,(anonymous_1)
FN:17,(anonymous_2)
FN:20,(anonymous_3)
FNF:4
FNH:0
FNDA:0,Screen
FNDA:0,(anonymous_1)
FNDA:0,(anonymous_2)
FNDA:0,(anonymous_3)
DA:6,0
DA:14,0
DA:17,0
DA:20,0
DA:28,0
LF:5
LH:0
BRF:0
BRH:0
end_of_record
TN:
SF:components/AlertModal.tsx
FN:6,(anonymous_0)
FN:7,(anonymous_1)
FN:17,(anonymous_2)
FN:24,(anonymous_3)
FN:33,(anonymous_4)
FNF:5
FNH:0
FNDA:0,(anonymous_0)
FNDA:0,(anonymous_1)
FNDA:0,(anonymous_2)
FNDA:0,(anonymous_3)
FNDA:0,(anonymous_4)
DA:6,0
DA:7,0
DA:8,0
DA:10,0
DA:12,0
DA:17,0
DA:25,0
DA:34,0
DA:35,0
DA:56,0
LF:10
LH:0
BRDA:10,0,0,0
BRDA:10,0,1,0
BRDA:29,1,0,0
BRDA:29,1,1,0
BRDA:30,2,0,0
BRDA:30,2,1,0
BRDA:31,3,0,0
BRDA:31,3,1,0
BRDA:41,4,0,0
BRDA:41,4,1,0
BRDA:42,5,0,0
BRDA:42,5,1,0
BRF:12
BRH:0
end_of_record
TN:
SF:components/Calendar.tsx
FN:12,Calendar
FN:16,(anonymous_1)
FN:39,(anonymous_2)
FN:45,(anonymous_3)
FN:50,(anonymous_4)
FN:59,(anonymous_5)
FN:71,(anonymous_6)
FN:77,(anonymous_7)
FN:83,(anonymous_8)
FN:91,(anonymous_9)
FN:101,(anonymous_10)
FNF:11
FNH:0
FNDA:0,Calendar
FNDA:0,(anonymous_1)
FNDA:0,(anonymous_2)
FNDA:0,(anonymous_3)
FNDA:0,(anonymous_4)
FNDA:0,(anonymous_5)
FNDA:0,(anonymous_6)
FNDA:0,(anonymous_7)
FNDA:0,(anonymous_8)
FNDA:0,(anonymous_9)
FNDA:0,(anonymous_10)
DA:13,0
DA:14,0
DA:16,0
DA:17,0
DA:18,0
DA:20,0
DA:21,0
DA:23,0
DA:25,0
DA:26,0
DA:29,0
DA:30,0
DA:33,0
DA:36,0
DA:37,0
DA:39,0
DA:40,0
DA:41,0
DA:42,0
DA:45,0
DA:46,0
DA:50,0
DA:51,0
DA:52,0
DA:59,0
DA:60,0
DA:61,0
DA:62,0
DA:64,0
DA:68,0
DA:71,0
DA:77,0
DA:84,0
DA:92,0
DA:94,0
DA:95,0
DA:96,0
DA:98,0
DA:101,0
DA:129,0
LF:40
LH:0
BRDA:12,0,0,0
BRDA:13,1,0,0
BRDA:13,1,1,0
BRDA:46,2,0,0
BRDA:46,2,1,0
BRDA:46,2,2,0
BRDA:53,3,0,0
BRDA:53,3,1,0
BRDA:53,3,2,0
BRDA:92,4,0,0
BRDA:92,4,1,0
BRDA:104,5,0,0
BRDA:104,5,1,0
BRDA:105,6,0,0
BRDA:105,6,1,0
BRDA:105,6,2,0
BRDA:112,7,0,0
BRDA:112,7,1,0
BRDA:113,8,0,0
BRDA:113,8,1,0
BRDA:118,9,0,0
BRDA:118,9,1,0
BRDA:118,9,2,0
BRF:23
BRH:0
end_of_record
TN:
SF:components/CarouselDots.tsx
FN:4,CarouselDots
FN:10,(anonymous_1)
FNF:2
FNH:0
FNDA:0,CarouselDots
FNDA:0,(anonymous_1)
DA:8,0
DA:11,0
LF:2
LH:0
BRDA:14,0,0,0
BRDA:14,0,1,0
BRDA:17,1,0,0
BRDA:17,1,1,0
BRF:4
BRH:0
end_of_record
TN:
SF:components/Chips.tsx
FN:13,Chips
FN:21,toggle
FN:23,(anonymous_2)
FN:32,(anonymous_3)
FN:35,(anonymous_4)
FN:42,Chip
FN:51,pressIn
FN:54,pressOut
FNF:8
FNH:0
FNDA:0,Chips
FNDA:0,toggle
FNDA:0,(anonymous_2)
FNDA:0,(anonymous_3)
FNDA:0,(anonymous_4)
FNDA:0,Chip
FNDA:0,pressIn
FNDA:0,pressOut
DA:19,0
DA:22,0
DA:23,0
DA:24,0
DA:26,0
DA:30,0
DA:33,0
DA:34,0
DA:35,0
DA:47,0
DA:48,0
DA:49,0
DA:52,0
DA:55,0
DA:58,0
DA:80,0
LF:16
LH:0
BRDA:17,0,0,0
BRDA:19,1,0,0
BRDA:19,1,1,0
BRDA:19,2,0,0
BRDA:19,2,1,0
BRDA:22,3,0,0
BRDA:22,3,1,0
BRDA:23,4,0,0
BRDA:23,4,1,0
BRDA:47,5,0,0
BRDA:47,5,1,0
BRDA:67,6,0,0
BRDA:67,6,1,0
BRDA:72,7,0,0
BRDA:72,7,1,0
BRF:15
BRH:0
end_of_record
TN:
SF:components/MenuButton.tsx
FN:5,MenuButton
FN:8,(anonymous_1)
FNF:2
FNH:0
FNDA:0,MenuButton
FNDA:0,(anonymous_1)
DA:6,0
DA:8,0
LF:2
LH:0
BRF:0
BRH:0
end_of_record
TN:
SF:components/MoodChart.tsx
FN:13,dayKey
FN:21,labelFromKey
FN:22,(anonymous_2)
FN:27,MoodChart
FN:28,(anonymous_4)
FN:43,(anonymous_5)
FN:53,(anonymous_6)
FN:54,(anonymous_7)
FN:68,(anonymous_8)
FNF:9
FNH:0
FNDA:0,dayKey
FNDA:0,labelFromKey
FNDA:0,(anonymous_2)
FNDA:0,MoodChart
FNDA:0,(anonymous_4)
FNDA:0,(anonymous_5)
FNDA:0,(anonymous_6)
FNDA:0,(anonymous_7)
FNDA:0,(anonymous_8)
DA:5,0
DA:14,0
DA:15,0
DA:16,0
DA:17,0
DA:18,0
DA:22,0
DA:23,0
DA:24,0
DA:28,0
DA:29,0
DA:30,0
DA:31,0
DA:32,0
DA:33,0
DA:34,0
DA:37,0
DA:38,0
DA:39,0
DA:40,0
DA:43,0
DA:44,0
DA:45,0
DA:46,0
DA:53,0
DA:54,0
DA:55,0
DA:59,0
DA:60,0
DA:62,0
DA:69,0
DA:71,0
DA:72,0
LF:33
LH:0
BRDA:40,0,0,0
BRDA:40,0,1,0
BRDA:44,1,0,0
BRDA:44,1,1,0
BRDA:45,2,0,0
BRDA:45,2,1,0
BRDA:69,3,0,0
BRDA:69,3,1,0
BRDA:71,4,0,0
BRDA:71,4,1,0
BRDA:75,5,0,0
BRDA:75,5,1,0
BRDA:94,6,0,0
BRDA:94,6,1,0
BRF:14
BRH:0
end_of_record
TN:
SF:components/ProfileProgressRing.tsx
FN:4,ProfileProgressRing
FNF:1
FNH:0
FNDA:0,ProfileProgressRing
DA:5,0
LF:1
LH:0
BRF:0
BRH:0
end_of_record
TN:
SF:components/ScoreCard.tsx
FN:4,ScoreCard
FNF:1
FNH:1
FNDA:11,ScoreCard
DA:15,11
LF:1
LH:1
BRF:0
BRH:0
end_of_record
TN:
SF:components/ScreenHeader.tsx
FN:7,ScreenHeader
FNF:1
FNH:0
FNDA:0,ScreenHeader
DA:12,0
DA:13,0
DA:15,0
LF:3
LH:0
BRDA:12,0,0,0
BRDA:12,0,1,0
BRDA:24,1,0,0
BRDA:24,1,1,0
BRF:4
BRH:0
end_of_record
TN:
SF:components/SelectField.tsx
FN:6,SelectField
FN:26,(anonymous_1)
FN:28,(anonymous_2)
FN:32,(anonymous_3)
FN:42,(anonymous_4)
FN:53,(anonymous_5)
FN:72,(anonymous_6)
FN:79,(anonymous_7)
FN:81,(anonymous_8)
FN:85,(anonymous_9)
FN:116,(anonymous_10)
FNF:11
FNH:0
FNDA:0,SelectField
FNDA:0,(anonymous_1)
FNDA:0,(anonymous_2)
FNDA:0,(anonymous_3)
FNDA:0,(anonymous_4)
FNDA:0,(anonymous_5)
FNDA:0,(anonymous_6)
FNDA:0,(anonymous_7)
FNDA:0,(anonymous_8)
FNDA:0,(anonymous_9)
FNDA:0,(anonymous_10)
DA:23,0
DA:24,0
DA:26,0
DA:27,0
DA:28,0
DA:29,0
DA:32,0
DA:33,0
DA:34,0
DA:35,0
DA:38,0
DA:42,0
DA:53,0
DA:72,0
DA:79,0
DA:82,0
DA:83,0
DA:86,0
DA:87,0
DA:117,0
DA:118,0
DA:119,0
DA:120,0
DA:121,0
LF:24
LH:0
BRDA:9,0,0,0
BRDA:11,1,0,0
BRDA:12,2,0,0
BRDA:27,3,0,0
BRDA:27,3,1,0
BRDA:29,4,0,0
BRDA:29,4,1,0
BRDA:34,5,0,0
BRDA:34,5,1,0
BRDA:50,6,0,0
BRDA:50,6,1,0
BRDA:82,7,0,0
BRDA:82,7,1,0
BRDA:92,8,0,0
BRDA:92,8,1,0
BRDA:100,9,0,0
BRDA:100,9,1,0
BRDA:118,10,0,0
BRDA:118,10,1,0
BRF:19
BRH:0
end_of_record
TN:
SF:components/SoundPulse.tsx
FN:4,SoundPulse
FN:9,loop
FN:19,(anonymous_2)
FN:35,(anonymous_3)
FN:42,(anonymous_4)
FNF:5
FNH:0
FNDA:0,SoundPulse
FNDA:0,loop
FNDA:0,(anonymous_2)
FNDA:0,(anonymous_3)
FNDA:0,(anonymous_4)
DA:5,0
DA:6,0
DA:7,0
DA:10,0
DA:11,0
DA:19,0
DA:20,0
DA:21,0
DA:22,0
DA:23,0
DA:24,0
DA:25,0
DA:26,0
DA:27,0
DA:29,0
DA:30,0
DA:31,0
DA:32,0
DA:33,0
DA:34,0
DA:35,0
DA:36,0
DA:37,0
DA:38,0
DA:42,0
DA:52,0
LF:26
LH:0
BRDA:20,0,0,0
BRDA:20,0,1,0
BRF:2
BRH:0
end_of_record
TN:
SF:components/TypingBubble.tsx
FN:4,TypingBubble
FN:6,(anonymous_1)
FN:7,(anonymous_2)
FN:7,(anonymous_3)
FN:8,(anonymous_4)
FN:13,(anonymous_5)
FNF:6
FNH:0
FNDA:0,TypingBubble
FNDA:0,(anonymous_1)
FNDA:0,(anonymous_2)
FNDA:0,(anonymous_3)
FNDA:0,(anonymous_4)
FNDA:0,(anonymous_5)
DA:5,0
DA:6,0
DA:7,0
DA:8,0
DA:11,0
DA:14,0
LF:6
LH:0
BRDA:21,0,0,0
BRDA:21,0,1,0
BRF:2
BRH:0
end_of_record
TN:
SF:components/Welcome.tsx
FN:26,WelcomeComp
FN:37,(anonymous_1)
FN:74,(anonymous_2)
FNF:3
FNH:0
FNDA:0,WelcomeComp
FNDA:0,(anonymous_1)
FNDA:0,(anonymous_2)
DA:33,0
DA:34,0
DA:35,0
DA:37,0
DA:39,0
DA:42,0
DA:74,0
DA:98,0
DA:99,0
DA:100,0
DA:101,0
DA:103,0
LF:12
LH:0
BRDA:33,0,0,0
BRDA:33,0,1,0
BRDA:46,1,0,0
BRDA:46,1,1,0
BRDA:58,2,0,0
BRDA:58,2,1,0
BRDA:68,3,0,0
BRDA:68,3,1,0
BRDA:69,4,0,0
BRDA:69,4,1,0
BRDA:74,5,0,0
BRDA:74,5,1,0
BRF:12
BRH:0
end_of_record
TN:
SF:components/collapsible.tsx
FN:10,Collapsible
FN:18,(anonymous_1)
FN:18,(anonymous_2)
FNF:3
FNH:0
FNDA:0,Collapsible
FNDA:0,(anonymous_1)
FNDA:0,(anonymous_2)
DA:11,0
DA:12,0
DA:14,0
DA:18,0
DA:36,0
LF:5
LH:0
BRDA:12,0,0,0
BRDA:12,0,1,0
BRDA:25,1,0,0
BRDA:25,1,1,0
BRDA:26,2,0,0
BRDA:26,2,1,0
BRDA:31,3,0,0
BRDA:31,3,1,0
BRF:8
BRH:0
end_of_record
TN:
SF:components/external-link.tsx
FN:7,ExternalLink
FN:13,(anonymous_1)
FNF:2
FNH:0
FNDA:0,ExternalLink
FNDA:0,(anonymous_1)
DA:8,0
DA:14,0
DA:16,0
DA:18,0
LF:4
LH:0
BRDA:14,0,0,0
BRDA:14,0,1,0
BRF:2
BRH:0
end_of_record
TN:
SF:components/haptic-tab.tsx
FN:5,HapticTab
FN:9,(anonymous_1)
FNF:2
FNH:0
FNDA:0,HapticTab
FNDA:0,(anonymous_1)
DA:6,0
DA:10,0
DA:12,0
DA:14,0
LF:4
LH:0
BRDA:10,0,0,0
BRDA:10,0,1,0
BRF:2
BRH:0
end_of_record
TN:
SF:components/hello-wave.tsx
FN:3,HelloWave
FNF:1
FNH:0
FNDA:0,HelloWave
DA:4,0
LF:1
LH:0
BRF:0
BRH:0
end_of_record
TN:
SF:components/icon-symbol.ios.tsx
FN:4,IconSymbol
FNF:1
FNH:0
FNDA:0,IconSymbol
DA:17,0
LF:1
LH:0
BRDA:6,0,0,0
BRDA:9,1,0,0
BRF:2
BRH:0
end_of_record
TN:
SF:components/icon-symbol.tsx
FN:37,IconSymbol
FNF:1
FNH:0
FNDA:0,IconSymbol
DA:15,0
DA:51,0
LF:2
LH:0
BRDA:39,0,0,0
BRF:1
BRH:0
end_of_record
TN:
SF:components/parallax-scroll-view.tsx
FN:21,ParallaxScrollView
FN:30,(anonymous_1)
FNF:2
FNH:0
FNDA:0,ParallaxScrollView
FNDA:0,(anonymous_1)
DA:14,0
DA:26,0
DA:27,0
DA:28,0
DA:29,0
DA:30,0
DA:31,0
DA:47,0
DA:67,0
LF:9
LH:0
BRDA:27,0,0,0
BRDA:27,0,1,0
BRF:2
BRH:0
end_of_record
TN:
SF:components/themed-text.tsx
FN:11,ThemedText
FNF:1
FNH:0
FNDA:0,ThemedText
DA:18,0
DA:20,0
DA:36,0
LF:3
LH:0
BRDA:15,0,0,0
BRDA:24,1,0,0
BRDA:24,1,1,0
BRDA:25,2,0,0
BRDA:25,2,1,0
BRDA:26,3,0,0
BRDA:26,3,1,0
BRDA:27,4,0,0
BRDA:27,4,1,0
BRDA:28,5,0,0
BRDA:28,5,1,0
BRF:11
BRH:0
end_of_record
TN:
SF:components/themed-view.tsx
FN:10,ThemedView
FNF:1
FNH:0
FNDA:0,ThemedView
DA:11,0
DA:13,0
LF:2
LH:0
BRF:0
BRH:0
end_of_record
TN:
SF:hooks/use-color-scheme.ts
FNF:0
FNH:0
LF:0
LH:0
BRF:0
BRH:0
end_of_record
TN:
SF:hooks/use-color-scheme.web.ts
FN:7,useColorScheme
FN:10,(anonymous_1)
FNF:2
FNH:0
FNDA:0,useColorScheme
FNDA:0,(anonymous_1)
DA:8,0
DA:10,0
DA:11,0
DA:14,0
DA:16,0
DA:17,0
DA:20,0
LF:7
LH:0
BRDA:16,0,0,0
BRDA:16,0,1,0
BRF:2
BRH:0
end_of_record
TN:
SF:hooks/use-theme-color.ts
FN:9,useThemeColor
FNF:1
FNH:0
FNDA:0,useThemeColor
DA:13,0
DA:14,0
DA:16,0
DA:17,0
DA:19,0
LF:5
LH:0
BRDA:13,0,0,0
BRDA:13,0,1,0
BRDA:16,1,0,0
BRDA:16,1,1,0
BRF:4
BRH:0
end_of_record
TN:
SF:hooks/useSubscription.ts
FN:4,useSubscription
FN:5,(anonymous_1)
FNF:2
FNH:0
FNDA:0,useSubscription
FNDA:0,(anonymous_1)
DA:5,0
DA:8,0
DA:12,0
DA:15,0
DA:17,0
LF:5
LH:0
BRDA:8,0,0,0
BRDA:8,0,1,0
BRDA:8,0,2,0
BRDA:15,1,0,0
BRDA:15,1,1,0
BRDA:15,1,2,0
BRF:6
BRH:0
end_of_record
TN:
SF:lib/api.ts
FN:5,sendChat
FNF:1
FNH:0
FNDA:0,sendChat
DA:3,2
DA:11,0
DA:17,0
DA:18,0
LF:4
LH:1
BRDA:17,0,0,0
BRDA:17,0,1,0
BRF:2
BRH:0
end_of_record
TN:
SF:lib/journal.ts
FN:16,listEntries
FN:19,(anonymous_1)
FN:22,getEntry
FN:25,(anonymous_3)
FN:28,upsertEntry
FN:31,(anonymous_5)
FN:37,deleteEntry
FN:40,(anonymous_7)
FNF:8
FNH:1
FNDA:3,listEntries
FNDA:0,(anonymous_1)
FNDA:0,getEntry
FNDA:0,(anonymous_3)
FNDA:0,upsertEntry
FNDA:0,(anonymous_5)
FNDA:0,deleteEntry
FNDA:0,(anonymous_7)
DA:14,2
DA:17,3
DA:18,3
DA:19,3
DA:23,0
DA:24,0
DA:25,0
DA:29,0
DA:30,0
DA:31,0
DA:32,0
DA:33,0
DA:34,0
DA:38,0
DA:39,0
DA:40,0
LF:16
LH:4
BRDA:18,0,0,0
BRDA:18,0,1,3
BRDA:19,1,0,0
BRDA:19,1,1,0
BRDA:24,2,0,0
BRDA:24,2,1,0
BRDA:25,3,0,0
BRDA:25,3,1,0
BRDA:30,4,0,0
BRDA:30,4,1,0
BRDA:32,5,0,0
BRDA:32,5,1,0
BRDA:39,6,0,0
BRDA:39,6,1,0
BRF:14
BRH:1
end_of_record
TN:
SF:lib/mood.ts
FN:15,listMoodCheckIns
FN:18,(anonymous_1)
FN:21,addMoodCheckIn
FN:28,deleteMoodCheckIn
FN:31,(anonymous_4)
FN:34,clearMoodCheckIns
FNF:6
FNH:1
FNDA:3,listMoodCheckIns
FNDA:0,(anonymous_1)
FNDA:0,addMoodCheckIn
FNDA:0,deleteMoodCheckIn
FNDA:0,(anonymous_4)
FNDA:0,clearMoodCheckIns
DA:13,2
DA:16,3
DA:17,3
DA:18,3
DA:22,0
DA:23,0
DA:24,0
DA:25,0
DA:29,0
DA:30,0
DA:31,0
DA:35,0
LF:12
LH:4
BRDA:17,0,0,0
BRDA:17,0,1,3
BRDA:18,1,0,0
BRDA:18,1,1,0
BRDA:23,2,0,0
BRDA:23,2,1,0
BRDA:30,3,0,0
BRDA:30,3,1,0
BRF:8
BRH:1
end_of_record
TN:
SF:lib/recorder.ts
FN:11,useRecorder
FN:15,(anonymous_1)
FN:16,(anonymous_2)
FN:27,startRecording
FN:32,stopRecording
FN:51,usePlayer
FN:55,(anonymous_6)
FN:56,(anonymous_7)
FN:59,(anonymous_8)
FN:63,(anonymous_9)
FN:64,(anonymous_10)
FN:70,computeVoiceMetrics
FNF:12
FNH:0
FNDA:0,useRecorder
FNDA:0,(anonymous_1)
FNDA:0,(anonymous_2)
FNDA:0,startRecording
FNDA:0,stopRecording
FNDA:0,usePlayer
FNDA:0,(anonymous_6)
FNDA:0,(anonymous_7)
FNDA:0,(anonymous_8)
FNDA:0,(anonymous_9)
FNDA:0,(anonymous_10)
FNDA:0,computeVoiceMetrics
DA:12,0
DA:13,0
DA:15,0
DA:16,0
DA:17,0
DA:18,0
DA:20,0
DA:28,0
DA:29,0
DA:33,0
DA:35,0
DA:36,0
DA:38,0
DA:39,0
DA:42,0
DA:52,0
DA:53,0
DA:55,0
DA:56,0
DA:57,0
DA:59,0
DA:62,0
DA:63,0
DA:64,0
DA:71,0
DA:72,0
DA:73,0
DA:74,0
DA:75,0
LF:29
LH:0
BRDA:11,0,0,0
BRDA:18,1,0,0
BRDA:18,1,1,0
BRDA:36,2,0,0
BRDA:36,2,1,0
BRDA:38,3,0,0
BRDA:38,3,1,0
BRDA:44,4,0,0
BRDA:44,4,1,0
BRDA:45,5,0,0
BRDA:45,5,1,0
BRDA:74,6,0,0
BRDA:74,6,1,0
BRF:13
BRH:0
end_of_record
TN:
SF:lib/sleep.ts
FN:15,listSleepEntries
FN:18,(anonymous_1)
FN:21,saveSleepEntries
FNF:3
FNH:1
FNDA:3,listSleepEntries
FNDA:0,(anonymous_1)
FNDA:0,saveSleepEntries
DA:13,2
DA:16,3
DA:17,3
DA:18,3
DA:22,0
LF:5
LH:4
BRDA:17,0,0,0
BRDA:17,0,1,3
BRDA:18,1,0,0
BRDA:18,1,1,0
BRF:4
BRH:1
end_of_record
TN:
SF:lib/stress.ts
FN:21,getStressKit
FN:26,saveStressKit
FNF:2
FNH:1
FNDA:3,getStressKit
FNDA:0,saveStressKit
DA:3,2
DA:13,2
DA:22,3
DA:23,3
DA:27,0
LF:5
LH:4
BRDA:23,0,0,0
BRDA:23,0,1,3
BRF:2
BRH:1
end_of_record
TN:
SF:lib/suggestCategories.ts
FN:3,suggestWithReasons
FN:8,add
FN:40,(anonymous_2)
FN:41,(anonymous_3)
FNF:4
FNH:0
FNDA:0,suggestWithReasons
FNDA:0,add
FNDA:0,(anonymous_2)
FNDA:0,(anonymous_3)
DA:6,0
DA:9,0
DA:10,0
DA:11,0
DA:12,0
DA:15,0
DA:16,0
DA:17,0
DA:19,0
DA:20,0
DA:21,0
DA:24,0
DA:25,0
DA:26,0
DA:29,0
DA:30,0
DA:31,0
DA:32,0
DA:33,0
DA:34,0
DA:35,0
DA:37,0
DA:39,0
DA:40,0
DA:41,0
LF:25
LH:0
BRDA:9,0,0,0
BRDA:9,0,1,0
BRDA:15,1,0,0
BRDA:15,1,1,0
BRDA:16,2,0,0
BRDA:16,2,1,0
BRDA:17,3,0,0
BRDA:17,3,1,0
BRDA:19,4,0,0
BRDA:19,4,1,0
BRDA:20,5,0,0
BRDA:20,5,1,0
BRDA:21,6,0,0
BRDA:21,6,1,0
BRDA:24,7,0,0
BRDA:24,7,1,0
BRDA:25,8,0,0
BRDA:25,8,1,0
BRDA:26,9,0,0
BRDA:26,9,1,0
BRDA:29,10,0,0
BRDA:29,10,1,0
BRDA:30,11,0,0
BRDA:30,11,1,0
BRDA:31,12,0,0
BRDA:31,12,1,0
BRDA:32,13,0,0
BRDA:32,13,1,0
BRDA:33,14,0,0
BRDA:33,14,1,0
BRDA:35,15,0,0
BRDA:35,15,1,0
BRDA:37,16,0,0
BRDA:37,16,1,0
BRF:34
BRH:0
end_of_record
TN:
SF:lib/wakeDetection.ts
FN:11,setupWakeDetection
FN:28,(anonymous_1)
FN:47,(anonymous_2)
FNF:3
FNH:0
FNDA:0,setupWakeDetection
FNDA:0,(anonymous_1)
FNDA:0,(anonymous_2)
DA:24,0
DA:26,0
DA:28,0
DA:29,0
DA:30,0
DA:32,0
DA:34,0
DA:35,0
DA:36,0
DA:38,0
DA:39,0
DA:40,0
DA:42,0
DA:43,0
DA:47,0
LF:15
LH:0
BRDA:22,0,0,0
BRDA:23,1,0,0
BRDA:29,2,0,0
BRDA:29,2,1,0
BRDA:32,3,0,0
BRDA:32,3,1,0
BRDA:36,4,0,0
BRDA:36,4,1,0
BRDA:42,5,0,0
BRDA:42,5,1,0
BRDA:42,6,0,0
BRDA:42,6,1,0
BRF:12
BRH:0
end_of_record
TN:
SF:store/chat.ts
FN:18,(anonymous_0)
FN:40,(anonymous_1)
FN:62,(anonymous_2)
FN:66,(anonymous_3)
FN:68,(anonymous_4)
FN:75,(anonymous_5)
FN:79,(anonymous_6)
FN:87,(anonymous_7)
FNF:8
FNH:1
FNDA:0,(anonymous_0)
FNDA:0,(anonymous_1)
FNDA:0,(anonymous_2)
FNDA:2,(anonymous_3)
FNDA:0,(anonymous_4)
FNDA:0,(anonymous_5)
FNDA:0,(anonymous_6)
FNDA:0,(anonymous_7)
DA:10,2
DA:16,2
DA:27,0
DA:28,0
DA:29,0
DA:31,0
DA:32,0
DA:34,0
DA:38,2
DA:46,0
DA:47,0
DA:54,0
DA:58,2
DA:63,0
DA:67,2
DA:69,0
DA:70,0
DA:71,0
DA:73,0
DA:76,0
DA:77,0
DA:80,0
DA:81,0
DA:82,0
DA:83,0
DA:85,0
DA:88,0
DA:89,0
DA:94,2
LF:29
LH:6
BRDA:29,0,0,0
BRDA:29,0,1,0
BRDA:70,1,0,0
BRDA:70,1,1,0
BRDA:82,2,0,0
BRDA:82,2,1,0
BRDA:89,3,0,0
BRDA:89,3,1,0
BRF:8
BRH:0
end_of_record
TN:
SF:store/index.ts
FN:30,(anonymous_0)
FNF:1
FNH:1
FNDA:2,(anonymous_0)
DA:19,2
DA:31,2
LF:2
LH:2
BRF:0
BRH:0
end_of_record
TN:
SF:store/journal.ts
FN:17,(anonymous_0)
FN:23,(anonymous_1)
FN:31,(anonymous_2)
FN:41,(anonymous_3)
FN:42,(anonymous_4)
FNF:5
FNH:2
FNDA:3,(anonymous_0)
FNDA:0,(anonymous_1)
FNDA:0,(anonymous_2)
FNDA:2,(anonymous_3)
FNDA:0,(anonymous_4)
DA:13,2
DA:17,2
DA:18,3
DA:21,2
DA:24,0
DA:25,0
DA:29,2
DA:32,0
DA:33,0
DA:37,2
DA:42,2
DA:43,0
LF:12
LH:7
BRF:0
BRH:0
end_of_record
TN:
SF:store/mindfulness.ts
FN:17,(anonymous_0)
FN:21,(anonymous_1)
FNF:2
FNH:0
FNDA:0,(anonymous_0)
FNDA:0,(anonymous_1)
DA:8,2
DA:13,2
DA:18,0
DA:19,0
DA:21,0
DA:22,0
DA:23,0
DA:25,0
DA:31,2
LF:9
LH:3
BRDA:22,0,0,0
BRDA:22,0,1,0
BRF:2
BRH:0
end_of_record
TN:
SF:store/mood.ts
FN:17,(anonymous_0)
FN:23,(anonymous_1)
FN:31,(anonymous_2)
FN:41,(anonymous_3)
FN:42,(anonymous_4)
FNF:5
FNH:2
FNDA:3,(anonymous_0)
FNDA:0,(anonymous_1)
FNDA:0,(anonymous_2)
FNDA:2,(anonymous_3)
FNDA:0,(anonymous_4)
DA:13,2
DA:17,2
DA:18,3
DA:21,2
DA:24,0
DA:25,0
DA:29,2
DA:32,0
DA:33,0
DA:37,2
DA:42,2
DA:43,0
LF:12
LH:7
BRF:0
BRH:0
end_of_record
TN:
SF:store/reduxHooks.ts
FNF:0
FNH:0
DA:4,0
DA:5,0
LF:2
LH:0
BRF:0
BRH:0
end_of_record
TN:
SF:store/selectors.ts
FN:3,selectMindMateWellnessScore
FN:53,(anonymous_1)
FN:54,(anonymous_2)
FNF:3
FNH:0
FNDA:0,selectMindMateWellnessScore
FNDA:0,(anonymous_1)
FNDA:0,(anonymous_2)
DA:4,0
DA:5,0
DA:6,0
DA:7,0
DA:9,0
DA:12,0
DA:13,0
DA:14,0
DA:15,0
DA:16,0
DA:17,0
DA:18,0
DA:25,0
DA:29,0
DA:30,0
DA:31,0
DA:32,0
DA:33,0
DA:34,0
DA:38,0
DA:39,0
DA:40,0
DA:41,0
DA:42,0
DA:46,0
DA:50,0
DA:53,0
DA:54,0
DA:55,0
DA:58,0
DA:66,0
LF:31
LH:0
BRDA:13,0,0,0
BRDA:13,0,1,0
BRDA:16,1,0,0
BRDA:16,1,1,0
BRDA:17,2,0,0
BRDA:17,2,1,0
BRDA:25,3,0,0
BRDA:25,3,1,0
BRDA:30,4,0,0
BRDA:30,4,1,0
BRDA:32,5,0,0
BRDA:32,5,1,0
BRDA:33,6,0,0
BRDA:33,6,1,0
BRDA:39,7,0,0
BRDA:39,7,1,0
BRDA:42,8,0,0
BRDA:42,8,1,0
BRDA:43,9,0,0
BRDA:43,9,1,0
BRDA:55,10,0,0
BRDA:55,10,1,0
BRDA:55,11,0,0
BRDA:55,11,1,0
BRF:24
BRH:0
end_of_record
TN:
SF:store/sleep.ts
FN:16,(anonymous_0)
FN:22,(anonymous_1)
FN:24,(anonymous_2)
FN:34,(anonymous_3)
FN:38,(anonymous_4)
FN:41,(anonymous_5)
FN:44,(anonymous_6)
FN:49,(anonymous_7)
FN:50,(anonymous_8)
FNF:9
FNH:2
FNDA:3,(anonymous_0)
FNDA:0,(anonymous_1)
FNDA:0,(anonymous_2)
FNDA:0,(anonymous_3)
FNDA:0,(anonymous_4)
FNDA:0,(anonymous_5)
FNDA:0,(anonymous_6)
FNDA:2,(anonymous_7)
FNDA:0,(anonymous_8)
DA:10,2
DA:16,2
DA:17,3
DA:20,2
DA:23,0
DA:24,0
DA:25,0
DA:26,0
DA:30,2
DA:35,0
DA:36,0
DA:39,0
DA:42,0
DA:45,0
DA:46,0
DA:50,2
DA:51,0
DA:61,2
LF:18
LH:7
BRDA:24,0,0,0
BRDA:24,0,1,0
BRDA:35,1,0,0
BRDA:35,1,1,0
BRF:4
BRH:0
end_of_record
TN:
SF:store/stress.ts
FN:12,(anonymous_0)
FN:16,(anonymous_1)
FN:25,(anonymous_2)
FN:27,(anonymous_3)
FN:30,(anonymous_4)
FNF:5
FNH:2
FNDA:3,(anonymous_0)
FNDA:0,(anonymous_1)
FNDA:2,(anonymous_2)
FNDA:0,(anonymous_3)
FNDA:0,(anonymous_4)
DA:8,2
DA:12,2
DA:13,3
DA:16,2
DA:17,0
DA:18,0
DA:21,2
DA:26,2
DA:28,0
DA:31,0
LF:10
LH:6
BRF:0
BRH:0
end_of_record
TN:
SF:store/ui.ts
FN:36,(anonymous_0)
FN:51,(anonymous_1)
FN:62,(anonymous_2)
FN:66,(anonymous_3)
FN:68,(anonymous_4)
FN:71,(anonymous_5)
FN:74,(anonymous_6)
FNF:7
FNH:2
FNDA:3,(anonymous_0)
FNDA:0,(anonymous_1)
FNDA:0,(anonymous_2)
FNDA:2,(anonymous_3)
FNDA:0,(anonymous_4)
FNDA:0,(anonymous_5)
FNDA:0,(anonymous_6)
DA:26,2
DA:36,2
DA:37,3
DA:47,2
DA:55,0
DA:63,0
DA:67,2
DA:69,0
DA:72,0
DA:75,0
DA:80,2
LF:11
LH:6
BRDA:59,0,0,0
BRDA:59,0,1,0
BRF:2
BRH:0
end_of_record
TN:
SF:store/user.ts
FN:19,(anonymous_0)
FN:26,(anonymous_1)
FN:32,(anonymous_2)
FN:37,(anonymous_3)
FN:42,(anonymous_4)
FN:47,(anonymous_5)
FN:56,(anonymous_6)
FN:58,(anonymous_7)
FN:61,(anonymous_8)
FN:64,(anonymous_9)
FN:67,(anonymous_10)
FN:70,(anonymous_11)
FN:73,(anonymous_12)
FNF:13
FNH:5
FNDA:0,(anonymous_0)
FNDA:3,(anonymous_1)
FNDA:3,(anonymous_2)
FNDA:3,(anonymous_3)
FNDA:0,(anonymous_4)
FNDA:0,(anonymous_5)
FNDA:2,(anonymous_6)
FNDA:0,(anonymous_7)
FNDA:0,(anonymous_8)
FNDA:0,(anonymous_9)
FNDA:0,(anonymous_10)
FNDA:0,(anonymous_11)
FNDA:3,(anonymous_12)
DA:13,2
DA:19,2
DA:20,0
DA:21,0
DA:24,2
DA:27,3
DA:28,3
DA:32,2
DA:33,3
DA:34,3
DA:37,2
DA:38,3
DA:39,3
DA:42,2
DA:43,0
DA:44,0
DA:47,2
DA:48,0
DA:49,0
DA:52,2
DA:57,2
DA:59,0
DA:62,0
DA:65,0
DA:68,0
DA:71,0
DA:74,3
LF:27
LH:16
BRDA:21,0,0,0
BRDA:21,0,1,0
BRDA:34,1,0,0
BRDA:34,1,1,3
BRDA:39,2,0,0
BRDA:39,2,1,3
BRF:6
BRH:2
end_of_record
